Eliminado; 2026-03-03 15:27:43; Préstamo: 254 Abono del cliente: hugo rodriguez  monto PAGO IRREGULAR $5000
Eliminado; 2026-03-03 15:27:43; Transacción: 2130 
Eliminado; 2026-03-03 15:27:43; amortización: 254 
Eliminado; 2026-03-03 15:27:43; Préstamo:  Abono del cliente:  monto  $
Eliminado; 2026-03-03 15:27:43; Transacción:  
Eliminado; 2026-03-03 15:27:43; amortización:  
Eliminado; 2026-03-03 15:28:08; Préstamo: 254 Abono del cliente: hugo rodriguez  monto PAGO IRREGULAR $30000
Eliminado; 2026-03-03 15:28:08; Transacción: 2126 
Eliminado; 2026-03-03 15:28:08; amortización: 254 
Eliminado; 2026-03-03 15:28:08; Préstamo:  Abono del cliente:  monto  $
Eliminado; 2026-03-03 15:28:08; Transacción:  
Eliminado; 2026-03-03 15:28:08; amortización:  
Agregado; 2026-03-03 15:28:30; PAGO IRREGULAR
Actualizado; 2026-03-03 15:29:45; Préstamo cliente: hugo rodriguez  monto prestado $415000.00 duración: 10 semanas interes: 35000.00
Eliminado; 2026-03-03 16:00:43; Préstamo: 237 Cliente: Leonel Almonte ortega  monto $78000.00 duración: 10 semanas interes: 6000.00
Eliminado; 2026-03-03 16:00:43; Préstamo: 237 
Eliminado; 2026-03-03 16:00:43; transacciones del préstamo: 237 
Eliminado; 2026-03-03 16:00:43; amortización: 237 
Agregado; 2026-03-03 16:32:13; Nuevo préstamo cliente: maria lopez mejia  monto prestado $35000 duración: 10 semanas interes: 1500
Actualizado; 2026-03-03 16:32:56; Préstamo cliente: maria lopez mejia  monto prestado $35000.00 duración: 10 semanas interes: 2500
