Agregado; 2024-12-19 13:47:48; PAGO IRREGULAR
Agregado; 2024-12-19 13:54:44; PAGO IRREGULAR
Agregado; 2024-12-19 14:02:27; PAGO IRREGULAR
Agregado; 2024-12-19 14:05:24; PAGO IRREGULAR
Agregado; 2024-12-19 14:09:05; PAGO IRREGULAR
Agregado; 2024-12-19 14:10:16; PAGO IRREGULAR
Agregado; 2024-12-19 14:32:18; Nuevo préstamo cliente: ramon lopez fabian monto prestado $40000 duración: 10 semanas interes: 6000
Eliminado; 2024-12-19 14:44:03; Préstamo: 129 Cliente: ramon lopez fabian monto $53000.00 duración: 10 meses interes: 6000.00
Eliminado; 2024-12-19 14:44:03; Préstamo: 129 
Eliminado; 2024-12-19 14:44:03; transacciones del préstamo: 129 
Eliminado; 2024-12-19 14:44:03; amortización: 129 
Agregado; 2024-12-19 14:46:36; Nuevo préstamo cliente: julio rodriguez sanchez  monto prestado $70500 duración: 10 semanas interes: 5000
Eliminado; 2024-12-19 14:46:46; Préstamo: 108 Cliente: julio rodriguez sanchez  monto $60500.00 duración: 10 meses interes: 5000.00
Eliminado; 2024-12-19 14:46:46; Préstamo: 108 
Eliminado; 2024-12-19 14:46:46; transacciones del préstamo: 108 
Eliminado; 2024-12-19 14:46:46; amortización: 108 
Eliminado; 2024-12-19 15:30:03; Préstamo: 112 Cliente: juan ulloa altagracia  monto $43500.00 duración: 15 meses interes: 2000.00
Eliminado; 2024-12-19 15:30:03; Préstamo: 112 
Eliminado; 2024-12-19 15:30:03; transacciones del préstamo: 112 
Eliminado; 2024-12-19 15:30:03; amortización: 112 
