Agregado; 2025-02-26 18:57:05; PAGO IRREGULAR
Agregado; 2025-02-26 18:58:02; PAGO IRREGULAR
Agregado; 2025-02-26 18:59:42; PAGO IRREGULAR
Agregado; 2025-02-26 19:00:06; PAGO IRREGULAR
Agregado; 2025-02-26 19:00:16; PAGO IRREGULAR
Agregado; 2025-02-26 19:00:26; PAGO IRREGULAR
Eliminado; 2025-02-26 19:00:58; Préstamo: 178 Abono del cliente: buenaventura diaz calcaño monto CUOTA $2600
Eliminado; 2025-02-26 19:00:58; Transacción: 1513 
Eliminado; 2025-02-26 19:00:58; amortización: 178 
Eliminado; 2025-02-26 19:00:59; Préstamo:  Abono del cliente:  monto  $
Eliminado; 2025-02-26 19:00:59; Transacción:  
Eliminado; 2025-02-26 19:00:59; amortización:  
Eliminado; 2025-02-26 19:01:23; Préstamo: 178 Abono del cliente: buenaventura diaz calcaño monto CUOTA $2600
Eliminado; 2025-02-26 19:01:23; Transacción: 1512 
Eliminado; 2025-02-26 19:01:23; amortización: 178 
Eliminado; 2025-02-26 19:01:24; Préstamo:  Abono del cliente:  monto  $
Eliminado; 2025-02-26 19:01:24; Transacción:  
Eliminado; 2025-02-26 19:01:24; amortización:  
Agregado; 2025-02-26 19:11:24; PAGO IRREGULAR
Agregado; 2025-02-26 19:12:10; PAGO IRREGULAR
Agregado; 2025-02-26 19:12:57; PAGO IRREGULAR
Agregado; 2025-02-26 19:22:57; Nuevo préstamo cliente: teresa morel gabino monto prestado $25000 duración: 10 semanas interes: 2700
Agregado; 2025-02-26 19:23:34; PAGO IRREGULAR
Agregado; 2025-02-26 19:24:20; PAGO IRREGULAR
Agregado; 2025-02-26 19:24:38; PAGO IRREGULAR
Agregado; 2025-02-26 19:25:17; PAGO IRREGULAR
Agregado; 2025-02-26 19:26:44; PAGO IRREGULAR
Agregado; 2025-02-26 19:29:05; PAGO IRREGULAR
Agregado; 2025-02-26 19:30:58; PAGO IRREGULAR
Agregado; 2025-02-26 19:31:27; PAGO IRREGULAR
Agregado; 2025-02-26 19:38:23; PAGO IRREGULAR
Agregado; 2025-02-26 19:38:54; PAGO IRREGULAR
Agregado; 2025-02-26 19:41:30; PAGO IRREGULAR
Agregado; 2025-02-26 19:41:30; Préstamo: 142 Abono al capital de cliente: alba daniela roque osorio $1000 
Agregado; 2025-02-26 20:46:41; PAGO IRREGULAR
