Agregado; 2024-03-23 08:44:55; PAGO IRREGULAR
Agregado; 2024-03-23 08:45:17; PAGO IRREGULAR
Agregado; 2024-03-23 08:45:54; PAGO IRREGULAR
Agregado; 2024-03-23 08:46:16; PAGO IRREGULAR
Agregado; 2024-03-23 08:48:08; PAGO IRREGULAR
Agregado; 2024-03-23 08:49:45; PAGO IRREGULAR
Agregado; 2024-03-23 08:50:34; PAGO IRREGULAR
Agregado; 2024-03-23 08:51:10; PAGO IRREGULAR
Agregado; 2024-03-23 08:51:40; PAGO IRREGULAR
Agregado; 2024-03-23 08:52:03; PAGO IRREGULAR
Agregado; 2024-03-23 08:52:37; PAGO IRREGULAR
Agregado; 2024-03-23 08:52:56; PAGO IRREGULAR
Agregado; 2024-03-23 08:53:31; PAGO IRREGULAR
Agregado; 2024-03-23 08:54:14; Préstamo: 99 Abono al capital de cliente: tomas gonzalez nolazco $900 
Agregado; 2024-03-23 08:55:33; PAGO IRREGULAR
Agregado; 2024-03-23 08:56:04; PAGO IRREGULAR
Agregado; 2024-03-23 08:56:53; PAGO IRREGULAR
Agregado; 2024-03-23 08:57:47; PAGO IRREGULAR
Agregado; 2024-03-23 08:59:01; PAGO IRREGULAR
Agregado; 2024-03-23 08:59:49; PAGO IRREGULAR
Agregado; 2024-03-23 08:59:49; Préstamo: 31 Abono pago irregular - cliente: emiterio medina acosta $300 ABONO PAGO IRREGULAR
Agregado; 2024-03-23 09:01:04; PAGO IRREGULAR
Agregado; 2024-03-23 09:02:27; PAGO IRREGULAR
Agregado; 2024-03-23 09:03:11; PAGO IRREGULAR
Agregado; 2024-03-23 09:03:36; PAGO IRREGULAR
Agregado; 2024-03-23 09:03:58; PAGO IRREGULAR
Agregado; 2024-03-23 10:03:16; Nuevo préstamo cliente: yaneri francisca lantigua estevez monto prestado $100000 duración: 15 meses interes: 8000
Agregado; 2024-03-23 12:46:35; Préstamo: 119 Adicional al capital, cliente:  $4000
Agregado; 2024-03-23 13:33:17; Nuevo préstamo cliente: marino martinez trinidad monto prestado $200000 duración: 10 semanas interes: 20000
Actualizado; 2024-03-23 13:36:10; Préstamo cliente: marino martinez trinidad monto prestado $200000.00 duración: 10 semanas interes: 20000.00
