Agregado; 2023-05-25 17:08:04; PAGO IRREGULAR
Agregado; 2023-05-25 17:08:06; PAGO IRREGULAR
Eliminado; 2023-05-25 17:10:10; Abono del cliente:  monto  $
Eliminado; 2023-05-25 17:10:10; Transacción:  
Eliminado; 2023-05-25 17:10:10; amortización:  
Eliminado; 2023-05-25 17:10:10; Abono del cliente: nelson villa espinal monto CUOTA $3000
Eliminado; 2023-05-25 17:10:10; Transacción: 355 
Eliminado; 2023-05-25 17:10:10; amortización: 25 
Eliminado; 2023-05-25 17:10:20; Abono del cliente:  monto  $
Eliminado; 2023-05-25 17:10:20; Transacción:  
Eliminado; 2023-05-25 17:10:20; amortización:  
Eliminado; 2023-05-25 17:10:20; Abono del cliente: nelson villa espinal monto CUOTA $3000
Eliminado; 2023-05-25 17:10:20; Transacción: 354 
Eliminado; 2023-05-25 17:10:20; amortización: 25 
Actualizado; 2023-05-25 17:10:58; Préstamo cliente: nelson villa espinal monto prestado $30000 duración: 20 meses interes: 6000
Actualizado; 2023-05-25 17:11:18; Préstamo cliente: nelson villa espinal monto prestado $30000 duración: 20 meses interes: 6000.00
Agregado; 2023-05-25 17:13:10; PAGO IRREGULAR
Agregado; 2023-05-25 17:13:41; PAGO IRREGULAR
Agregado; 2023-05-25 17:14:04; PAGO IRREGULAR
Agregado; 2023-05-25 17:14:18; PAGO IRREGULAR
Agregado; 2023-05-25 17:14:44; PAGO IRREGULAR
Agregado; 2023-05-25 17:15:39; PAGO IRREGULAR
Agregado; 2023-05-25 17:16:16; PAGO IRREGULAR
Agregado; 2023-05-25 17:16:45; PAGO IRREGULAR
Agregado; 2023-05-25 17:17:01; PAGO IRREGULAR
Agregado; 2023-05-25 17:17:22; PAGO IRREGULAR
Agregado; 2023-05-25 17:18:10; PAGO IRREGULAR
Agregado; 2023-05-25 17:18:26; PAGO IRREGULAR
Agregado; 2023-05-25 17:19:04; PAGO IRREGULAR
Agregado; 2023-05-25 17:19:22; PAGO IRREGULAR
Agregado; 2023-05-25 17:20:26; PAGO IRREGULAR
Agregado; 2023-05-25 17:21:13; PAGO IRREGULAR
Agregado; 2023-05-25 17:21:36; PAGO IRREGULAR
Agregado; 2023-05-25 17:21:51; PAGO IRREGULAR
Agregado; 2023-05-25 17:22:42; PAGO IRREGULAR
Agregado; 2023-05-25 17:23:55; PAGO IRREGULAR
Agregado; 2023-05-25 17:24:06; adicional al capital, cliente:  $11500
Agregado; 2023-05-25 17:24:20; PAGO IRREGULAR
Agregado; 2023-05-25 17:24:39; PAGO IRREGULAR
Agregado; 2023-05-25 17:24:54; PAGO IRREGULAR
Agregado; 2023-05-25 17:28:17; PAGO IRREGULAR
Agregado; 2023-05-25 17:28:59; PAGO IRREGULAR
