Agregado; 2023-11-30 08:17:18; Préstamo: 81 Pago irregular - cliente: rafael gil ureña $400 PAGO IRREGULAR
Agregado; 2023-11-30 08:17:21; Nuevo préstamo cliente: yadixa garcia lopez monto prestado $89000 duración: 15 semanas interes: 7500
Eliminado; 2023-11-30 08:18:08; Préstamo: 81 Abono del cliente: rafael gil ureña monto PAGO IRREGULAR $400
Eliminado; 2023-11-30 08:18:08; Transacción: 663 
Eliminado; 2023-11-30 08:18:08; amortización: 81 
Eliminado; 2023-11-30 08:18:08; Préstamo:  Abono del cliente:  monto  $
Eliminado; 2023-11-30 08:18:08; Transacción:  
Eliminado; 2023-11-30 08:18:08; amortización:  
Agregado; 2023-11-30 08:27:25; Préstamo: 57 Pago irregular - cliente: angel jimenez paniagua $400 PAGO IRREGULAR
Eliminado; 2023-11-30 08:28:15; Préstamo: 57 Abono del cliente: angel jimenez paniagua monto PAGO IRREGULAR $400
Eliminado; 2023-11-30 08:28:15; Transacción: 663 
Eliminado; 2023-11-30 08:28:15; amortización: 57 
Eliminado; 2023-11-30 08:28:16; Préstamo:  Abono del cliente:  monto  $
Eliminado; 2023-11-30 08:28:16; Transacción:  
Eliminado; 2023-11-30 08:28:16; amortización:  
Agregado; 2023-11-30 08:31:35; Préstamo: 57 Pago irregular - cliente: angel jimenez paniagua $400 PAGO IRREGULAR
Eliminado; 2023-11-30 08:33:58; Préstamo: 57 Abono del cliente: angel jimenez paniagua monto PAGO IRREGULAR $400
Eliminado; 2023-11-30 08:33:58; Transacción: 663 
Eliminado; 2023-11-30 08:33:58; amortización: 57 
Eliminado; 2023-11-30 08:33:58; Préstamo:  Abono del cliente:  monto  $
Eliminado; 2023-11-30 08:33:58; Transacción:  
Eliminado; 2023-11-30 08:33:58; amortización:  
Agregado; 2023-11-30 08:34:21; PAGO IRREGULAR
Agregado; 2023-11-30 08:34:21; Préstamo: 57 Abono pago irregular - cliente: angel jimenez paniagua $400 ABONO PAGO IRREGULAR
Eliminado; 2023-11-30 08:35:01; Préstamo:  Abono del cliente:  monto  $
Eliminado; 2023-11-30 08:35:01; Transacción:  
Eliminado; 2023-11-30 08:35:01; amortización:  
Eliminado; 2023-11-30 08:35:02; Préstamo: 57 Abono del cliente: angel jimenez paniagua monto CUOTA $6000
Eliminado; 2023-11-30 08:35:02; Transacción: 663 
Eliminado; 2023-11-30 08:35:02; amortización: 57 
Eliminado; 2023-11-30 08:35:30; Préstamo: 57 Abono del cliente: angel jimenez paniagua monto PAGO IRREGULAR $400
Eliminado; 2023-11-30 08:35:30; Transacción: 664 
Eliminado; 2023-11-30 08:35:30; amortización: 57 
Eliminado; 2023-11-30 08:35:30; Préstamo:  Abono del cliente:  monto  $
Eliminado; 2023-11-30 08:35:30; Transacción:  
Eliminado; 2023-11-30 08:35:30; amortización:  
Agregado; 2023-11-30 10:41:11; Préstamo: 57 Abono pago irregular - cliente: angel jimenez paniagua $400 ABONO PAGO IRREGULAR
Eliminado; 2023-11-30 10:41:46; Préstamo: 57 Abono del cliente: angel jimenez paniagua monto PAGO IRREGULAR $-400
Eliminado; 2023-11-30 10:41:46; Transacción: 663 
Eliminado; 2023-11-30 10:41:46; amortización: 57 
Eliminado; 2023-11-30 10:41:46; Préstamo:  Abono del cliente:  monto  $
Eliminado; 2023-11-30 10:41:46; Transacción:  
Eliminado; 2023-11-30 10:41:46; amortización:  
Agregado; 2023-11-30 10:57:14; Préstamo: 57 Abono pago irregular - cliente: angel jimenez paniagua $400 ABONO PAGO IRREGULAR
Eliminado; 2023-11-30 11:09:59; Préstamo: 57 Abono del cliente: angel jimenez paniagua monto PAGO IRREGULAR $400
Eliminado; 2023-11-30 11:09:59; Transacción: 663 
Eliminado; 2023-11-30 11:09:59; amortización: 57 
Eliminado; 2023-11-30 11:10:00; Préstamo:  Abono del cliente:  monto  $
Eliminado; 2023-11-30 11:10:00; Transacción:  
Eliminado; 2023-11-30 11:10:00; amortización:  
Agregado; 2023-11-30 11:31:15; Préstamo: 57 Abono pago irregular - cliente: angel jimenez paniagua $400 ABONO PAGO IRREGULAR
Eliminado; 2023-11-30 11:31:35; Préstamo: 57 Abono del cliente: angel jimenez paniagua monto PAGO IRREGULAR $400
Eliminado; 2023-11-30 11:31:35; Transacción: 663 
Eliminado; 2023-11-30 11:31:35; amortización: 57 
Eliminado; 2023-11-30 11:31:35; Préstamo:  Abono del cliente:  monto  $
Eliminado; 2023-11-30 11:31:35; Transacción:  
Eliminado; 2023-11-30 11:31:35; amortización:  
Agregado; 2023-11-30 13:37:02; Préstamo: 244 Abono pago irregular - cliente: ambiorix almanzar castro $3200 PAGO IRREGULAR
