Agregado; 2023-08-24 09:53:52; PAGO IRREGULAR
Agregado; 2023-08-24 09:54:01; PAGO IRREGULAR
Agregado; 2023-08-24 09:54:14; PAGO IRREGULAR
Agregado; 2023-08-24 12:01:16; Nuevo préstamo cliente: roberto rosa polonia monto prestado $40000 duración: 20 semanas interes: 4000
Actualizado; 2023-08-24 12:01:30; Préstamo cliente: roberto rosa polonia monto prestado $40000.00 duración: 20 meses interes: 4000.00
Actualizado; 2023-08-24 16:08:38; Préstamo cliente: angel jimenez paniagua monto prestado $60000.00 duración: 16 meses interes: 6000.00
Edicion; 2023-08-24 16:08:53; Transaccion: 444 nuevo valor interes: 3000 nuevo valor capital: 3000
Edicion; 2023-08-24 16:09:37; Transaccion: 365 nuevo valor interes: 2000 nuevo valor capital: 1000
Edicion; 2023-08-24 16:09:50; Transaccion: 400 nuevo valor interes: 2000 nuevo valor capital: 1000
Edicion; 2023-08-24 16:10:02; Transaccion: 452 nuevo valor interes: 2000 nuevo valor capital: 1000
Actualizado; 2023-08-24 16:10:13; Préstamo cliente: angel luis moris echavarria monto prestado $47500.00 duración: 20 meses interes: 3000.00
Edicion; 2023-08-24 16:10:32; Transaccion: 366 nuevo valor interes: 2000 nuevo valor capital: 1000
Edicion; 2023-08-24 16:11:26; Transaccion: 411 nuevo valor interes: 2000 nuevo valor capital: 500
Actualizado; 2023-08-24 16:11:39; Préstamo cliente: arleny dominga jazmin de peña monto prestado $45000.00 duración: 10 meses interes: 3000.00
Actualizado; 2023-08-24 16:12:35; Préstamo cliente: emiterio medina acosta  monto prestado $76000.00 duración: 20 meses interes: 4000.00
Actualizado; 2023-08-24 16:12:54; Préstamo cliente: fatima altagracia martinez dishmey  monto prestado $60000.00 duración: 15 meses interes: 6000.00
Edicion; 2023-08-24 16:14:15; Transaccion: 363 nuevo valor interes: 1250 nuevo valor capital: 1250
Edicion; 2023-08-24 16:14:37; Transaccion: 393 nuevo valor interes: 1250 nuevo valor capital: 1250
Edicion; 2023-08-24 16:14:54; Transaccion: 435 nuevo valor interes: 1250 nuevo valor capital: 1250
Edicion; 2023-08-24 16:15:08; Transaccion: 482 nuevo valor interes: 1250 nuevo valor capital: 1250
Actualizado; 2023-08-24 16:15:21; Préstamo cliente: jose orlando vasquez payano monto prestado $25000.00 duración: 15 meses interes: 2500.00
Edicion; 2023-08-24 16:16:49; Transaccion: 373 nuevo valor interes: 1750 nuevo valor capital: 550
Actualizado; 2023-08-24 16:17:06; Préstamo cliente: luis alfredo bruno morel monto prestado $46500.00 duración: 18 meses interes: 2300.00
Edicion; 2023-08-24 16:17:30; Transaccion: 406 nuevo valor interes: 1750 nuevo valor capital: 550
Edicion; 2023-08-24 16:17:44; Transaccion: 442 nuevo valor interes: 1750 nuevo valor capital: 550
Edicion; 2023-08-24 16:23:19; Transaccion: 372 nuevo valor interes: 5500 nuevo valor capital: 1300
Edicion; 2023-08-24 16:23:46; Transaccion: 397 nuevo valor interes: 5500 nuevo valor capital: 1300
Edicion; 2023-08-24 16:24:03; Transaccion: 446 nuevo valor interes: 5500 nuevo valor capital: 1400
Actualizado; 2023-08-24 16:24:29; Préstamo cliente: maria lopez mejia  monto prestado $110000.00 duración: 21 meses interes: 6900.00
Actualizado; 2023-08-24 16:24:44; Préstamo cliente: mariano de peña miguel monto prestado $60000.00 duración: 15 meses interes: 6000.00
Edicion; 2023-08-24 16:24:56; Transaccion: 368 nuevo valor interes: 3000 nuevo valor capital: 3000
Edicion; 2023-08-24 16:25:08; Transaccion: 402 nuevo valor interes: 3000 nuevo valor capital: 3000
Edicion; 2023-08-24 16:25:19; Transaccion: 447 nuevo valor interes: 3000 nuevo valor capital: 3000
Actualizado; 2023-08-24 16:25:52; Préstamo cliente: marlene rafaela lopez pichardo monto prestado $40000.00 duración: 14 quincenas interes: 4000.00
Edicion; 2023-08-24 16:28:46; Transaccion: 361 nuevo valor interes: 2500 nuevo valor capital: 1500
Edicion; 2023-08-24 16:28:59; Transaccion: 401 nuevo valor interes: 2500 nuevo valor capital: 1500
Edicion; 2023-08-24 16:29:11; Transaccion: 457 nuevo valor interes: 2500 nuevo valor capital: 1500
Actualizado; 2023-08-24 16:29:23; Préstamo cliente: victoria bueno de peña monto prestado $50000.00 duración: 18 meses interes: 4000.00
Actualizado; 2023-08-24 16:29:45; Préstamo cliente: virking yanet sierra moya monto prestado $30000.00 duración: 15 meses interes: 3000.00
