Agregado; 2024-11-26 14:34:28; Préstamo: 122 Adicional al capital, cliente:  $3000
Agregado; 2024-11-26 22:11:01; Préstamo: 187 Adicional al capital, cliente:  $0
Agregado; 2024-11-26 22:11:26; PAGO IRREGULAR
Agregado; 2024-11-26 22:12:42; PAGO IRREGULAR
Agregado; 2024-11-26 22:15:23; PAGO IRREGULAR
Agregado; 2024-11-26 22:16:21; PAGO IRREGULAR
Agregado; 2024-11-26 22:17:24; PAGO IRREGULAR
Agregado; 2024-11-26 22:18:38; PAGO IRREGULAR
Agregado; 2024-11-26 22:19:40; PAGO IRREGULAR
Agregado; 2024-11-26 22:20:02; PAGO IRREGULAR
Agregado; 2024-11-26 22:20:24; PAGO IRREGULAR
Agregado; 2024-11-26 22:20:38; PAGO IRREGULAR
Agregado; 2024-11-26 22:20:54; PAGO IRREGULAR
Agregado; 2024-11-26 22:21:10; PAGO IRREGULAR
Agregado; 2024-11-26 22:21:49; PAGO IRREGULAR
Agregado; 2024-11-26 22:21:49; Préstamo: 152 Abono pago irregular - cliente: isaias antigua rodriguez $1200 ABONO PAGO IRREGULAR
Eliminado; 2024-11-26 22:22:25; Préstamo:  Abono del cliente:  monto  $
Eliminado; 2024-11-26 22:22:25; Transacción:  
Eliminado; 2024-11-26 22:22:25; amortización:  
Eliminado; 2024-11-26 22:22:25; Préstamo: 152 Abono del cliente: isaias antigua rodriguez monto PAGO IRREGULAR $1200
Eliminado; 2024-11-26 22:22:25; Transacción: 1341 
Eliminado; 2024-11-26 22:22:25; amortización: 152 
Agregado; 2024-11-26 22:22:47; PAGO IRREGULAR
Agregado; 2024-11-26 22:22:47; Préstamo: 152 Abono al capital de cliente: isaias antigua rodriguez $1200 
Eliminado; 2024-11-26 22:23:11; Préstamo: 152 Abono del cliente: isaias antigua rodriguez monto CUOTA $2300
Eliminado; 2024-11-26 22:23:11; Transacción: 1340 
Eliminado; 2024-11-26 22:23:11; amortización: 152 
Eliminado; 2024-11-26 22:23:11; Préstamo:  Abono del cliente:  monto  $
Eliminado; 2024-11-26 22:23:11; Transacción:  
Eliminado; 2024-11-26 22:23:11; amortización:  
Agregado; 2024-11-26 22:23:48; PAGO IRREGULAR
Agregado; 2024-11-26 22:24:05; PAGO IRREGULAR
Agregado; 2024-11-26 22:24:23; PAGO IRREGULAR
Agregado; 2024-11-26 22:24:39; PAGO IRREGULAR
Agregado; 2024-11-26 22:25:56; PAGO IRREGULAR
Agregado; 2024-11-26 22:26:11; PAGO IRREGULAR
Agregado; 2024-11-26 22:26:28; PAGO IRREGULAR
Eliminado; 2024-11-26 22:27:15; Préstamo:  Abono del cliente:  monto  $
Eliminado; 2024-11-26 22:27:15; Transacción:  
Eliminado; 2024-11-26 22:27:15; amortización:  
Eliminado; 2024-11-26 22:27:16; Préstamo: 103 Abono del cliente: nelson villa espinal monto PAGO IRREGULAR $5000
Eliminado; 2024-11-26 22:27:16; Transacción: 1349 
Eliminado; 2024-11-26 22:27:16; amortización: 103 
Agregado; 2024-11-26 22:27:29; PAGO IRREGULAR
Agregado; 2024-11-26 22:28:32; PAGO IRREGULAR
Agregado; 2024-11-26 22:28:43; PAGO IRREGULAR
Agregado; 2024-11-26 22:34:47; PAGO IRREGULAR
Agregado; 2024-11-26 22:35:48; PAGO IRREGULAR
Agregado; 2024-11-26 22:36:06; PAGO IRREGULAR
Agregado; 2024-11-26 22:37:03; PAGO IRREGULAR
Agregado; 2024-11-26 22:52:26; PAGO IRREGULAR
Agregado; 2024-11-26 22:53:09; PAGO IRREGULAR
Eliminado; 2024-11-26 22:54:01; Préstamo: 49 Cliente: alexis paredes faña monto $45000.00 duración: 10 meses interes: 4000.00
Eliminado; 2024-11-26 22:54:01; Préstamo: 49 
Eliminado; 2024-11-26 22:54:01; transacciones del préstamo: 49 
Eliminado; 2024-11-26 22:54:01; amortización: 49 
Agregado; 2024-11-26 22:58:08; PAGO IRREGULAR
Agregado; 2024-11-26 22:58:55; PAGO IRREGULAR
Agregado; 2024-11-26 23:19:26; PAGO IRREGULAR
Agregado; 2024-11-26 23:19:41; PAGO IRREGULAR
Agregado; 2024-11-26 23:24:11; PAGO IRREGULAR
