Agregado; 2024-06-25 01:40:55; PAGO IRREGULAR
Agregado; 2024-06-25 01:44:13; PAGO IRREGULAR
Agregado; 2024-06-25 01:49:58; PAGO IRREGULAR
Agregado; 2024-06-25 01:53:42; PAGO IRREGULAR
Agregado; 2024-06-25 01:56:52; PAGO IRREGULAR
Agregado; 2024-06-25 02:01:02; PAGO IRREGULAR
Agregado; 2024-06-25 02:01:28; PAGO IRREGULAR
Agregado; 2024-06-25 02:07:00; PAGO IRREGULAR
Agregado; 2024-06-25 02:09:03; PAGO IRREGULAR
Agregado; 2024-06-25 02:12:11; PAGO IRREGULAR
Agregado; 2024-06-25 02:16:21; PAGO IRREGULAR
Agregado; 2024-06-25 02:18:04; PAGO IRREGULAR
Agregado; 2024-06-25 02:21:01; PAGO IRREGULAR
Agregado; 2024-06-25 02:23:56; PAGO IRREGULAR
Agregado; 2024-06-25 02:24:12; PAGO IRREGULAR
Agregado; 2024-06-25 02:30:59; PAGO IRREGULAR
Agregado; 2024-06-25 02:34:54; PAGO IRREGULAR
Agregado; 2024-06-25 03:21:01; PAGO IRREGULAR
Agregado; 2024-06-25 03:21:17; PAGO IRREGULAR
Agregado; 2024-06-25 03:21:45; PAGO IRREGULAR
Agregado; 2024-06-25 03:22:53; PAGO IRREGULAR
Agregado; 2024-06-25 03:23:10; PAGO IRREGULAR
Agregado; 2024-06-25 03:24:34; PAGO IRREGULAR
Agregado; 2024-06-25 03:24:51; PAGO IRREGULAR
Agregado; 2024-06-25 03:25:08; PAGO IRREGULAR
Agregado; 2024-06-25 03:25:37; PAGO IRREGULAR
Agregado; 2024-06-25 03:25:57; PAGO IRREGULAR
Agregado; 2024-06-25 03:29:35; PAGO IRREGULAR
Agregado; 2024-06-25 03:29:35; Préstamo: 99 Abono al capital de cliente: tomas gonzalez nolazco $900 
Agregado; 2024-06-25 03:31:35; PAGO IRREGULAR
Agregado; 2024-06-25 03:32:34; PAGO IRREGULAR
Agregado; 2024-06-25 03:33:07; PAGO IRREGULAR
Agregado; 2024-06-25 03:33:26; PAGO IRREGULAR
Agregado; 2024-06-25 03:33:45; PAGO IRREGULAR
Agregado; 2024-06-25 03:34:08; PAGO IRREGULAR
Agregado; 2024-06-25 03:34:39; PAGO IRREGULAR
Agregado; 2024-06-25 03:35:04; PAGO IRREGULAR
Agregado; 2024-06-25 03:35:33; PAGO IRREGULAR
Agregado; 2024-06-25 03:35:52; PAGO IRREGULAR
Agregado; 2024-06-25 03:36:52; PAGO IRREGULAR
Agregado; 2024-06-25 03:37:21; PAGO IRREGULAR
Agregado; 2024-06-25 03:37:48; PAGO IRREGULAR
Actualizado; 2024-06-25 14:43:09; Préstamo cliente: juan ulloa altagracia  monto prestado $25000.00 duración: 15 meses interes: 2000.00
Agregado; 2024-06-25 14:48:43; Préstamo: 112 Adicional al capital, cliente:  $1500
Agregado; 2024-06-25 16:04:09; Préstamo: 158 Adicional al capital, cliente:  $5000
Actualizado; 2024-06-25 17:30:11; Préstamo cliente: epifanio cortorreal balbuena monto prestado $55000.00 duración: 15 meses interes: 3000.00
Actualizado; 2024-06-25 17:31:28; Préstamo cliente: epifanio cortorreal balbuena monto prestado $55000.00 duración: 15 meses interes: 4000.00
