Agregado; 2024-08-03 15:21:35; Préstamo: 162 Abono pago irregular - cliente: margarita disla gonzalez $300 ABONO PAGO IRREGULAR
Agregado; 2024-08-03 15:24:10; PAGO IRREGULAR
Eliminado; 2024-08-03 15:24:35; Préstamo: 162 Abono del cliente: margarita disla gonzalez monto PAGO IRREGULAR $13100
Eliminado; 2024-08-03 15:24:35; Transacción: 1084 
Eliminado; 2024-08-03 15:24:35; amortización: 162 
Eliminado; 2024-08-03 15:24:35; Préstamo:  Abono del cliente:  monto  $
Eliminado; 2024-08-03 15:24:35; Transacción:  
Eliminado; 2024-08-03 15:24:35; amortización:  
Eliminado; 2024-08-03 15:24:46; Préstamo: 162 Abono del cliente: margarita disla gonzalez monto PAGO IRREGULAR $10000
Eliminado; 2024-08-03 15:24:46; Transacción: 1091 
Eliminado; 2024-08-03 15:24:46; amortización: 162 
Eliminado; 2024-08-03 15:24:47; Préstamo:  Abono del cliente:  monto  $
Eliminado; 2024-08-03 15:24:47; Transacción:  
Eliminado; 2024-08-03 15:24:47; amortización:  
Eliminado; 2024-08-03 15:24:59; Préstamo:  Abono del cliente:  monto  $
Eliminado; 2024-08-03 15:24:59; Transacción:  
Eliminado; 2024-08-03 15:24:59; amortización:  
Eliminado; 2024-08-03 15:24:59; Préstamo: 162 Abono del cliente: margarita disla gonzalez monto PAGO IRREGULAR $300
Eliminado; 2024-08-03 15:24:59; Transacción: 1129 
Eliminado; 2024-08-03 15:24:59; amortización: 162 
