Agregado; 2023-07-24 09:45:07; PAGO IRREGULAR
Eliminado; 2023-07-24 09:46:00; Prestamo del cliente: timmy daniel martinez vilorio monto $30000.00 duración: 15 meses interes: 3000.00
Eliminado; 2023-07-24 09:46:00; Préstamo: 82 
Eliminado; 2023-07-24 09:46:00; transacciones del préstamo: 82 
Eliminado; 2023-07-24 09:46:00; amortización: 82 
Agregado; 2023-07-24 12:47:07; PAGO IRREGULAR
Agregado; 2023-07-24 13:21:01; PAGO IRREGULAR
Agregado; 2023-07-24 13:21:25; PAGO IRREGULAR
Agregado; 2023-07-24 13:21:37; PAGO IRREGULAR
Agregado; 2023-07-24 13:22:08; PAGO IRREGULAR
Agregado; 2023-07-24 13:23:27; PAGO IRREGULAR
Agregado; 2023-07-24 13:24:00; PAGO IRREGULAR
Agregado; 2023-07-24 13:24:15; PAGO IRREGULAR
Agregado; 2023-07-24 13:24:32; PAGO IRREGULAR
Agregado; 2023-07-24 13:24:43; PAGO IRREGULAR
Agregado; 2023-07-24 13:25:02; PAGO IRREGULAR
Agregado; 2023-07-24 13:25:42; PAGO IRREGULAR
Agregado; 2023-07-24 13:26:06; PAGO IRREGULAR
Agregado; 2023-07-24 13:26:38; PAGO IRREGULAR
Agregado; 2023-07-24 13:27:09; PAGO IRREGULAR
Actualizado; 2023-07-24 13:34:14; Préstamo cliente: justo santos monto prestado $34000 duración: 15 meses interes: 3500
Agregado; 2023-07-24 13:34:33; PAGO IRREGULAR
Agregado; 2023-07-24 13:35:16; PAGO IRREGULAR
Agregado; 2023-07-24 13:35:37; PAGO IRREGULAR
Agregado; 2023-07-24 13:36:32; PAGO IRREGULAR
Agregado; 2023-07-24 13:36:57; PAGO IRREGULAR
Agregado; 2023-07-24 13:37:08; PAGO IRREGULAR
Agregado; 2023-07-24 13:37:30; PAGO IRREGULAR
Agregado; 2023-07-24 13:37:44; PAGO IRREGULAR
Agregado; 2023-07-24 13:38:00; PAGO IRREGULAR
Agregado; 2023-07-24 13:45:30; abono al capital de cliente: reyna compres diez $4500 
Eliminado; 2023-07-24 15:01:15; Prestamo del cliente: luis alberto matias sanchez monto $36300.00 duración: 14 meses interes: 3000.00
Eliminado; 2023-07-24 15:01:15; Préstamo: 6 
Eliminado; 2023-07-24 15:01:15; transacciones del préstamo: 6 
Eliminado; 2023-07-24 15:01:15; amortización: 6 
Agregado; 2023-07-24 15:07:59; Nuevo préstamo cliente: luis alberto matias sanchez monto prestado $28000 duración: 10 semanas interes: 3500
