Agregado; 2024-02-23 07:56:21; Nuevo préstamo cliente: ramon lopez fabian monto prestado $40000 duración: 10 meses interes: 6000
Eliminado; 2024-02-23 08:00:19; Préstamo: 117 Cliente: ramon lopez fabian monto $36000.00 duración: 4 meses interes: 6000.00
Eliminado; 2024-02-23 08:00:19; Préstamo: 117 
Eliminado; 2024-02-23 08:00:19; transacciones del préstamo: 117 
Eliminado; 2024-02-23 08:00:19; amortización: 117 
Agregado; 2024-02-23 19:40:22; PAGO IRREGULAR
Agregado; 2024-02-23 19:40:55; PAGO IRREGULAR
Agregado; 2024-02-23 19:41:22; PAGO IRREGULAR
Agregado; 2024-02-23 19:41:40; PAGO IRREGULAR
Agregado; 2024-02-23 19:44:49; Nuevo préstamo cliente: maria hisabeth garcia lantigua monto prestado $131000 duración: 20 meses interes: 8000
Agregado; 2024-02-23 19:45:05; PAGO IRREGULAR
Agregado; 2024-02-23 19:55:10; PAGO IRREGULAR
Agregado; 2024-02-23 19:57:28; PAGO IRREGULAR
Agregado; 2024-02-23 19:57:48; PAGO IRREGULAR
Agregado; 2024-02-23 19:58:08; PAGO IRREGULAR
Agregado; 2024-02-23 19:58:52; PAGO IRREGULAR
Agregado; 2024-02-23 19:59:07; PAGO IRREGULAR
Agregado; 2024-02-23 19:59:31; PAGO IRREGULAR
Agregado; 2024-02-23 19:59:41; PAGO IRREGULAR
Agregado; 2024-02-23 20:00:49; PAGO IRREGULAR
Agregado; 2024-02-23 20:01:43; PAGO IRREGULAR
Agregado; 2024-02-23 20:01:58; PAGO IRREGULAR
Agregado; 2024-02-23 20:02:11; PAGO IRREGULAR
Agregado; 2024-02-23 20:02:25; PAGO IRREGULAR
Agregado; 2024-02-23 20:02:40; PAGO IRREGULAR
Agregado; 2024-02-23 20:02:58; PAGO IRREGULAR
Agregado; 2024-02-23 20:03:17; PAGO IRREGULAR
Agregado; 2024-02-23 20:03:42; PAGO IRREGULAR
Agregado; 2024-02-23 20:03:54; PAGO IRREGULAR
Agregado; 2024-02-23 20:04:22; PAGO IRREGULAR
Agregado; 2024-02-23 20:05:22; PAGO IRREGULAR
Agregado; 2024-02-23 20:05:46; PAGO IRREGULAR
Agregado; 2024-02-23 20:05:58; PAGO IRREGULAR
Agregado; 2024-02-23 20:06:06; PAGO IRREGULAR
Agregado; 2024-02-23 20:06:38; PAGO IRREGULAR
