Agregado; 2023-10-24 10:38:14; PAGO IRREGULAR
Agregado; 2023-10-24 10:39:49; PAGO IRREGULAR
Eliminado; 2023-10-24 10:43:58; Abono del cliente:  monto  $
Eliminado; 2023-10-24 10:43:58; Transacción:  
Eliminado; 2023-10-24 10:43:58; amortización:  
Eliminado; 2023-10-24 10:43:59; Abono del cliente: jose orlando vasquez payano monto CUOTA $2500
Eliminado; 2023-10-24 10:43:59; Transacción: 571 
Eliminado; 2023-10-24 10:43:59; amortización: 43 
Agregado; 2023-10-24 10:44:19; PAGO IRREGULAR
Agregado; 2023-10-24 11:49:03; PAGO IRREGULAR
Agregado; 2023-10-24 12:31:27; PAGO IRREGULAR
Agregado; 2023-10-24 12:32:15; PAGO IRREGULAR
Agregado; 2023-10-24 12:33:55; PAGO IRREGULAR
Agregado; 2023-10-24 12:34:57; PAGO IRREGULAR
Agregado; 2023-10-24 12:35:10; PAGO IRREGULAR
Agregado; 2023-10-24 12:37:51; PAGO IRREGULAR
Agregado; 2023-10-24 12:38:25; PAGO IRREGULAR
Agregado; 2023-10-24 12:39:43; PAGO IRREGULAR
Agregado; 2023-10-24 12:40:32; PAGO IRREGULAR
Agregado; 2023-10-24 12:41:16; PAGO IRREGULAR
Agregado; 2023-10-24 12:45:42; PAGO IRREGULAR
Agregado; 2023-10-24 12:47:46; PAGO IRREGULAR
Agregado; 2023-10-24 12:49:35; PAGO IRREGULAR
Agregado; 2023-10-24 12:51:53; PAGO IRREGULAR
Agregado; 2023-10-24 12:53:10; PAGO IRREGULAR
Agregado; 2023-10-24 12:53:14; PAGO IRREGULAR
Agregado; 2023-10-24 12:53:53; PAGO IRREGULAR
Agregado; 2023-10-24 12:54:46; PAGO IRREGULAR
Agregado; 2023-10-24 12:54:49; PAGO IRREGULAR
Agregado; 2023-10-24 12:55:48; PAGO IRREGULAR
Agregado; 2023-10-24 12:57:37; PAGO IRREGULAR
Agregado; 2023-10-24 12:58:20; PAGO IRREGULAR
Agregado; 2023-10-24 12:59:19; PAGO IRREGULAR
Agregado; 2023-10-24 13:38:09; PAGO IRREGULAR
Agregado; 2023-10-24 13:38:09; abono al capital de cliente: sebastiana tirado melo $3200 
Eliminado; 2023-10-24 13:38:51; Abono del cliente:  monto  $
Eliminado; 2023-10-24 13:38:51; Transacción:  
Eliminado; 2023-10-24 13:38:51; amortización:  
Eliminado; 2023-10-24 13:38:51; Abono del cliente: sebastiana tirado melo monto CAPITAL $3200
Eliminado; 2023-10-24 13:38:51; Transacción: 597 
Actualizado; 2023-10-24 13:38:51; Préstamo: 80 
Eliminado; 2023-10-24 13:38:51; amortización: 80 
Agregado; 2023-10-24 13:39:21; PAGO IRREGULAR
Agregado; 2023-10-24 13:39:21; abono al capital de cliente: sebastiana tirado melo $2500 
Eliminado; 2023-10-24 13:40:03; Prestamo del cliente: sebastiana tirado melo monto $3500.00 duración: 10 meses interes: 1000.00
Eliminado; 2023-10-24 13:40:03; Préstamo: 80 
Eliminado; 2023-10-24 13:40:03; transacciones del préstamo: 80 
Eliminado; 2023-10-24 13:40:03; amortización: 80 
Agregado; 2023-10-24 13:40:36; Nuevo préstamo cliente: sebastiana tirado melo monto prestado $6000 duración: 10 semanas interes: 000
Agregado; 2023-10-24 13:40:59; abono al capital de cliente: sebastiana tirado melo $6000 
Agregado; 2023-10-24 13:45:58; PAGO IRREGULAR
