Agregado; 2026-02-25 13:31:33; PAGO IRREGULAR
Agregado; 2026-02-25 13:32:01; PAGO IRREGULAR
Agregado; 2026-02-25 13:33:10; PAGO IRREGULAR
Agregado; 2026-02-25 13:33:31; PAGO IRREGULAR
Agregado; 2026-02-25 13:33:55; PAGO IRREGULAR
Agregado; 2026-02-25 13:34:22; PAGO IRREGULAR
Agregado; 2026-02-25 13:34:46; PAGO IRREGULAR
Eliminado; 2026-02-25 13:35:59; Préstamo: 200 Abono del cliente: yareni francisca lantigua estevez monto PAGO IRREGULAR $15000
Eliminado; 2026-02-25 13:35:59; Transacción: 2150 
Eliminado; 2026-02-25 13:35:59; amortización: 200 
Eliminado; 2026-02-25 13:35:59; Préstamo:  Abono del cliente:  monto  $
Eliminado; 2026-02-25 13:35:59; Transacción:  
Eliminado; 2026-02-25 13:35:59; amortización:  
Agregado; 2026-02-25 13:36:36; PAGO IRREGULAR
Agregado; 2026-02-25 13:39:25; PAGO IRREGULAR
Agregado; 2026-02-25 13:40:00; PAGO IRREGULAR
Agregado; 2026-02-25 13:41:30; PAGO IRREGULAR
Agregado; 2026-02-25 13:41:54; PAGO IRREGULAR
Agregado; 2026-02-25 13:43:25; PAGO IRREGULAR
Agregado; 2026-02-25 13:43:59; PAGO IRREGULAR
Agregado; 2026-02-25 13:44:26; PAGO IRREGULAR
Agregado; 2026-02-25 13:45:04; PAGO IRREGULAR
Agregado; 2026-02-25 13:45:31; PAGO IRREGULAR
Agregado; 2026-02-25 13:49:06; PAGO IRREGULAR
Agregado; 2026-02-25 13:51:27; PAGO IRREGULAR
Agregado; 2026-02-25 13:51:53; PAGO IRREGULAR
Agregado; 2026-02-25 13:52:46; PAGO IRREGULAR
Agregado; 2026-02-25 13:53:08; PAGO IRREGULAR
Agregado; 2026-02-25 13:53:43; PAGO IRREGULAR
Agregado; 2026-02-25 13:55:02; PAGO IRREGULAR
Agregado; 2026-02-25 13:55:25; PAGO IRREGULAR
Agregado; 2026-02-25 13:56:55; PAGO IRREGULAR
Agregado; 2026-02-25 13:57:13; PAGO IRREGULAR
Agregado; 2026-02-25 13:58:05; PAGO IRREGULAR
Agregado; 2026-02-25 14:00:18; PAGO IRREGULAR
Agregado; 2026-02-25 14:01:19; PAGO IRREGULAR
Agregado; 2026-02-25 14:03:29; PAGO IRREGULAR
Agregado; 2026-02-25 14:03:48; PAGO IRREGULAR
Agregado; 2026-02-25 14:04:10; PAGO IRREGULAR
Agregado; 2026-02-25 14:10:20; PAGO IRREGULAR
Agregado; 2026-02-25 14:12:40; PAGO IRREGULAR
Agregado; 2026-02-25 14:13:24; PAGO IRREGULAR
