Agregado; 2025-08-22 14:07:03; PAGO IRREGULAR
Agregado; 2025-08-22 14:07:18; PAGO IRREGULAR
Agregado; 2025-08-22 14:08:31; PAGO IRREGULAR
Agregado; 2025-08-22 14:08:44; PAGO IRREGULAR
Agregado; 2025-08-22 14:09:41; PAGO IRREGULAR
Agregado; 2025-08-22 14:10:04; PAGO IRREGULAR
Agregado; 2025-08-22 14:10:04; Préstamo: 120 Abono pago irregular - cliente: juana martinez frias $100 ABONO PAGO IRREGULAR
Agregado; 2025-08-22 14:10:56; PAGO IRREGULAR
Agregado; 2025-08-22 14:11:50; PAGO IRREGULAR
Agregado; 2025-08-22 14:12:12; PAGO IRREGULAR
Agregado; 2025-08-22 14:13:09; PAGO IRREGULAR
Agregado; 2025-08-22 14:13:27; PAGO IRREGULAR
Agregado; 2025-08-22 14:13:41; PAGO IRREGULAR
Agregado; 2025-08-22 14:14:08; PAGO IRREGULAR
Agregado; 2025-08-22 14:14:24; PAGO IRREGULAR
Agregado; 2025-08-22 14:14:49; Préstamo: 101 Abono al capital de cliente: nicolas morel toribio $2300 
Agregado; 2025-08-22 14:16:45; PAGO IRREGULAR
Agregado; 2025-08-22 14:16:57; PAGO IRREGULAR
Agregado; 2025-08-22 14:17:20; PAGO IRREGULAR
Agregado; 2025-08-22 14:18:25; PAGO IRREGULAR
Agregado; 2025-08-22 14:18:40; PAGO IRREGULAR
Agregado; 2025-08-22 14:27:14; PAGO IRREGULAR
Agregado; 2025-08-22 14:28:20; PAGO IRREGULAR
Agregado; 2025-08-22 14:28:37; PAGO IRREGULAR
Agregado; 2025-08-22 14:28:55; PAGO IRREGULAR
Agregado; 2025-08-22 20:28:31; PAGO IRREGULAR
Eliminado; 2025-08-22 20:29:03; Préstamo: 196 Abono del cliente: julio rodriguez sanchez  monto PAGO IRREGULAR $2000
Eliminado; 2025-08-22 20:29:03; Transacción: 1819 
Eliminado; 2025-08-22 20:29:03; amortización: 196 
Eliminado; 2025-08-22 20:29:03; Préstamo:  Abono del cliente:  monto  $
Eliminado; 2025-08-22 20:29:03; Transacción:  
Eliminado; 2025-08-22 20:29:03; amortización:  
Agregado; 2025-08-22 20:29:49; Préstamo: 196 Abono al capital de cliente: julio rodriguez sanchez $2000 
Eliminado; 2025-08-22 20:30:22; Préstamo: 196 Abono del cliente: julio rodriguez sanchez  monto CAPITAL $2000
Eliminado; 2025-08-22 20:30:22; Transacción: 1819 
Actualizado; 2025-08-22 20:30:22; Préstamo: 196 
Eliminado; 2025-08-22 20:30:22; amortización: 196 
Eliminado; 2025-08-22 20:30:23; Préstamo:  Abono del cliente:  monto  $
Eliminado; 2025-08-22 20:30:23; Transacción:  
Eliminado; 2025-08-22 20:30:23; amortización:  
