Agregado; 2023-11-25 08:07:40; PAGO IRREGULAR
Agregado; 2023-11-25 09:51:55; PAGO IRREGULAR
Agregado; 2023-11-25 09:52:49; PAGO IRREGULAR
Agregado; 2023-11-25 09:53:26; PAGO IRREGULAR
Agregado; 2023-11-25 09:54:51; PAGO IRREGULAR
Agregado; 2023-11-25 09:55:13; PAGO IRREGULAR
Agregado; 2023-11-25 09:58:44; PAGO IRREGULAR
Agregado; 2023-11-25 10:00:10; PAGO IRREGULAR
Agregado; 2023-11-25 10:00:45; PAGO IRREGULAR
Agregado; 2023-11-25 10:01:04; PAGO IRREGULAR
Agregado; 2023-11-25 10:01:53; PAGO IRREGULAR
Agregado; 2023-11-25 10:02:28; PAGO IRREGULAR
Agregado; 2023-11-25 10:02:29; abono al capital de cliente: juana martinez frias $800 
Agregado; 2023-11-25 10:03:09; abono al capital de cliente: reyna compres diez $500 
Agregado; 2023-11-25 10:04:13; PAGO IRREGULAR
Agregado; 2023-11-25 10:04:13; abono al capital de cliente: amadito del rosario tejada $500 
Agregado; 2023-11-25 10:06:58; abono al capital de cliente: yolanda mercedes calcaño miguel $200 
Agregado; 2023-11-25 10:08:30; PAGO IRREGULAR
Agregado; 2023-11-25 10:09:05; PAGO IRREGULAR
Agregado; 2023-11-25 10:09:31; PAGO IRREGULAR
Agregado; 2023-11-25 10:10:07; PAGO IRREGULAR
Agregado; 2023-11-25 10:11:19; PAGO IRREGULAR
Agregado; 2023-11-25 10:12:48; PAGO IRREGULAR
Agregado; 2023-11-25 10:13:58; PAGO IRREGULAR
Agregado; 2023-11-25 10:14:55; PAGO IRREGULAR
Agregado; 2023-11-25 10:19:42; PAGO IRREGULAR
Agregado; 2023-11-25 10:21:34; PAGO IRREGULAR
Agregado; 2023-11-25 10:22:33; PAGO IRREGULAR
Agregado; 2023-11-25 10:23:25; PAGO IRREGULAR
Agregado; 2023-11-25 10:38:27; PAGO IRREGULAR
Agregado; 2023-11-25 10:38:44; PAGO IRREGULAR
