Agregado; 2023-03-24 09:59:37; PAGO IRREGULAR
Agregado; 2023-03-24 10:32:43; PAGO IRREGULAR
Agregado; 2023-03-24 10:33:11; PAGO IRREGULAR
Agregado; 2023-03-24 10:33:34; PAGO IRREGULAR
Agregado; 2023-03-24 10:33:58; PAGO IRREGULAR
Agregado; 2023-03-24 10:46:38; PAGO IRREGULAR
Agregado; 2023-03-24 10:48:18; PAGO IRREGULAR
Agregado; 2023-03-24 10:48:41; PAGO IRREGULAR
Agregado; 2023-03-24 10:49:08; PAGO IRREGULAR
Agregado; 2023-03-24 10:49:29; PAGO IRREGULAR
Agregado; 2023-03-24 10:50:55; PAGO IRREGULAR
Agregado; 2023-03-24 10:51:20; PAGO IRREGULAR
Agregado; 2023-03-24 10:51:37; PAGO IRREGULAR
Agregado; 2023-03-24 10:52:49; PAGO IRREGULAR
Agregado; 2023-03-24 10:53:04; PAGO IRREGULAR
Agregado; 2023-03-24 10:53:25; PAGO IRREGULAR
Agregado; 2023-03-24 10:53:43; PAGO IRREGULAR
Agregado; 2023-03-24 10:54:00; PAGO IRREGULAR
Agregado; 2023-03-24 10:54:16; PAGO IRREGULAR
Agregado; 2023-03-24 10:54:38; PAGO IRREGULAR
Agregado; 2023-03-24 10:56:13; PAGO IRREGULAR
Agregado; 2023-03-24 10:56:43; PAGO IRREGULAR
Agregado; 2023-03-24 14:49:43; adicional al capital, cliente:  $10500
Agregado; 2023-03-24 15:01:51; adicional al capital, cliente:  $14500
Actualizado; 2023-03-24 15:02:49; Préstamo cliente: alexis paredes faña monto prestado $45000.00 duración: 10 meses interes: 2000.00
Actualizado; 2023-03-24 15:03:32; Préstamo cliente: alexis paredes faña monto prestado $45000.00 duración: 10 meses interes: 4000
Agregado; 2023-03-24 15:34:55; Nuevo préstamo cliente: ernesto moris geronimo monto prestado $40000 duración: 10 meses interes: 4500
Agregado; 2023-03-24 15:35:51; Nuevo préstamo cliente: mariano de peña miguel monto prestado $60000 duración: 10 meses interes: 6000
Actualizado; 2023-03-24 15:55:16; Préstamo cliente: mariano de peña miguel monto prestado $60000.00 duración: 15 meses interes: 6000.00
Agregado; 2023-03-24 16:18:56; PAGO IRREGULAR
Agregado; 2023-03-24 16:19:12; PAGO IRREGULAR
