Agregado; 2023-12-26 09:01:36; PAGO IRREGULAR
Agregado; 2023-12-26 09:01:47; PAGO IRREGULAR
Agregado; 2023-12-26 09:02:30; PAGO IRREGULAR
Agregado; 2023-12-26 09:02:40; PAGO IRREGULAR
Agregado; 2023-12-26 09:02:57; PAGO IRREGULAR
Agregado; 2023-12-26 09:03:12; PAGO IRREGULAR
Agregado; 2023-12-26 09:04:08; PAGO IRREGULAR
Agregado; 2023-12-26 09:04:29; PAGO IRREGULAR
Agregado; 2023-12-26 09:04:50; PAGO IRREGULAR
Agregado; 2023-12-26 09:05:02; PAGO IRREGULAR
Agregado; 2023-12-26 09:05:40; PAGO IRREGULAR
Agregado; 2023-12-26 09:05:56; PAGO IRREGULAR
Agregado; 2023-12-26 09:06:10; PAGO IRREGULAR
Agregado; 2023-12-26 09:06:44; PAGO IRREGULAR
Agregado; 2023-12-26 09:07:01; PAGO IRREGULAR
Agregado; 2023-12-26 09:07:12; PAGO IRREGULAR
Agregado; 2023-12-26 09:07:31; PAGO IRREGULAR
Agregado; 2023-12-26 09:07:45; PAGO IRREGULAR
Agregado; 2023-12-26 09:07:58; PAGO IRREGULAR
Agregado; 2023-12-26 09:08:35; PAGO IRREGULAR
Eliminado; 2023-12-26 09:09:02; Préstamo: 26 Abono del cliente: placido binet caraballo monto PAGO IRREGULAR $30000
Eliminado; 2023-12-26 09:09:02; Transacción: 708 
Eliminado; 2023-12-26 09:09:02; amortización: 26 
Eliminado; 2023-12-26 09:09:02; Préstamo: 26 Abono del cliente: placido binet caraballo monto  $30000
Eliminado; 2023-12-26 09:09:02; Transacción: 708 
Eliminado; 2023-12-26 09:09:02; amortización: 26 
Eliminado; 2023-12-26 09:09:02; Préstamo:  Abono del cliente:  monto  $
Eliminado; 2023-12-26 09:09:02; Transacción:  
Eliminado; 2023-12-26 09:09:02; amortización:  
Agregado; 2023-12-26 09:09:50; PAGO IRREGULAR
Agregado; 2023-12-26 09:10:18; PAGO IRREGULAR
Agregado; 2023-12-26 09:10:34; PAGO IRREGULAR
Agregado; 2023-12-26 09:10:46; PAGO IRREGULAR
Agregado; 2023-12-26 09:36:06; Préstamo: 64 Adicional al capital, cliente:  $3000
Agregado; 2023-12-26 11:53:37; Préstamo: 103 Adicional al capital, cliente:  $3000
