Agregado; 2025-12-27 14:46:48; PAGO IRREGULAR
Agregado; 2025-12-27 14:49:08; Préstamo: 216 Adicional al capital, cliente:  $8000
Agregado; 2025-12-27 14:55:59; PAGO IRREGULAR
Agregado; 2025-12-27 14:56:21; PAGO IRREGULAR
Agregado; 2025-12-27 14:58:16; PAGO IRREGULAR
Agregado; 2025-12-27 14:58:54; PAGO IRREGULAR
Agregado; 2025-12-27 14:59:14; PAGO IRREGULAR
Agregado; 2025-12-27 15:00:47; PAGO IRREGULAR
Agregado; 2025-12-27 15:01:03; PAGO IRREGULAR
Agregado; 2025-12-27 15:03:07; PAGO IRREGULAR
Agregado; 2025-12-27 15:03:29; PAGO IRREGULAR
Agregado; 2025-12-27 15:03:48; PAGO IRREGULAR
Agregado; 2025-12-27 15:04:14; PAGO IRREGULAR
Agregado; 2025-12-27 15:04:33; PAGO IRREGULAR
Agregado; 2025-12-27 15:05:21; PAGO IRREGULAR
Agregado; 2025-12-27 15:05:39; PAGO IRREGULAR
Agregado; 2025-12-27 15:05:58; PAGO IRREGULAR
Agregado; 2025-12-27 15:06:28; PAGO IRREGULAR
Agregado; 2025-12-27 15:09:02; PAGO IRREGULAR
Agregado; 2025-12-27 15:09:25; PAGO IRREGULAR
Agregado; 2025-12-27 15:10:24; PAGO IRREGULAR
Agregado; 2025-12-27 15:10:48; PAGO IRREGULAR
Agregado; 2025-12-27 15:19:11; PAGO IRREGULAR
Agregado; 2025-12-27 15:19:36; PAGO IRREGULAR
Agregado; 2025-12-27 15:20:02; PAGO IRREGULAR
Agregado; 2025-12-27 15:20:22; PAGO IRREGULAR
Agregado; 2025-12-27 15:20:40; PAGO IRREGULAR
Agregado; 2025-12-27 15:21:09; PAGO IRREGULAR
Agregado; 2025-12-27 15:21:29; PAGO IRREGULAR
Agregado; 2025-12-27 15:21:48; PAGO IRREGULAR
Agregado; 2025-12-27 15:22:17; PAGO IRREGULAR
Agregado; 2025-12-27 15:22:31; PAGO IRREGULAR
Agregado; 2025-12-27 15:22:56; PAGO IRREGULAR
Agregado; 2025-12-27 15:24:14; PAGO IRREGULAR
Agregado; 2025-12-27 15:24:42; PAGO IRREGULAR
Eliminado; 2025-12-27 15:37:26; Préstamo: 213 Abono del cliente: alba daniela roque osorio monto CUOTA $4000
Eliminado; 2025-12-27 15:37:26; Transacción: 2028 
Eliminado; 2025-12-27 15:37:26; amortización: 213 
Eliminado; 2025-12-27 15:37:26; Préstamo:  Abono del cliente:  monto  $
Eliminado; 2025-12-27 15:37:26; Transacción:  
Eliminado; 2025-12-27 15:37:26; amortización:  
