Eliminado; 2025-08-06 19:02:45; Préstamo: 170 Cliente: antonio ventura hilario monto $30000.00 duración: 10 meses interes: 2500.00
Eliminado; 2025-08-06 19:02:45; Préstamo: 170 
Eliminado; 2025-08-06 19:02:45; transacciones del préstamo: 170 
Eliminado; 2025-08-06 19:02:45; amortización: 170 
Eliminado; 2025-08-06 19:03:12; Préstamo: 31 Cliente: emiterio medina acosta  monto $56300.00 duración: 20 meses interes: 4000.00
Eliminado; 2025-08-06 19:03:12; Préstamo: 31 
Eliminado; 2025-08-06 19:03:12; transacciones del préstamo: 31 
Eliminado; 2025-08-06 19:03:12; amortización: 31 
Eliminado; 2025-08-06 19:03:27; Préstamo: 202 Cliente: fautino urbano duran  monto $35000.00 duración: 10 quincenas interes: 2500.00
Eliminado; 2025-08-06 19:03:27; Préstamo: 202 
Eliminado; 2025-08-06 19:03:27; transacciones del préstamo: 202 
Eliminado; 2025-08-06 19:03:27; amortización: 202 
Eliminado; 2025-08-06 19:04:03; Préstamo: 175 Cliente: ernesto moris geronimo monto $65000.00 duración: 11 meses interes: 7500.00
Eliminado; 2025-08-06 19:04:03; Préstamo: 175 
Eliminado; 2025-08-06 19:04:03; transacciones del préstamo: 175 
Eliminado; 2025-08-06 19:04:03; amortización: 175 
Eliminado; 2025-08-06 19:04:26; Préstamo: 38 Cliente: inmaculada concepcion peña monto $95000.00 duración: 25 meses interes: 5000.00
Eliminado; 2025-08-06 19:04:26; Préstamo: 38 
Eliminado; 2025-08-06 19:04:26; transacciones del préstamo: 38 
Eliminado; 2025-08-06 19:04:26; amortización: 38 
Eliminado; 2025-08-06 19:05:21; Préstamo: 3 Cliente: luis german parra monto $35000.00 duración: 20 meses interes: 2600.00
Eliminado; 2025-08-06 19:05:21; Préstamo: 3 
Eliminado; 2025-08-06 19:05:21; transacciones del préstamo: 3 
Eliminado; 2025-08-06 19:05:21; amortización: 3 
Eliminado; 2025-08-06 19:06:43; Préstamo: 118 Cliente: nancy garcia monto $44300.00 duración: 15 semanas interes: 3000.00
Eliminado; 2025-08-06 19:06:43; Préstamo: 118 
Eliminado; 2025-08-06 19:06:43; transacciones del préstamo: 118 
Eliminado; 2025-08-06 19:06:43; amortización: 118 
Eliminado; 2025-08-06 19:07:14; Préstamo: 177 Cliente: tomas gonzalez nolazco  monto $6700.00 duración: 14 quincenas interes: 2500.00
Eliminado; 2025-08-06 19:07:14; Préstamo: 177 
Eliminado; 2025-08-06 19:07:14; transacciones del préstamo: 177 
Eliminado; 2025-08-06 19:07:14; amortización: 177 
Eliminado; 2025-08-06 19:07:24; Préstamo: 26 Cliente: placido binet caraballo monto $62500.00 duración: 15 meses interes: 4500.00
Eliminado; 2025-08-06 19:07:24; Préstamo: 26 
Eliminado; 2025-08-06 19:07:24; transacciones del préstamo: 26 
Eliminado; 2025-08-06 19:07:24; amortización: 26 
Eliminado; 2025-08-06 19:07:33; Préstamo: 81 Cliente: rafael gil ureña monto $89300.00 duración: 8 meses interes: 4300.00
Eliminado; 2025-08-06 19:07:33; Préstamo: 81 
Eliminado; 2025-08-06 19:07:33; transacciones del préstamo: 81 
Eliminado; 2025-08-06 19:07:33; amortización: 81 
