Agregado; 2023-04-25 18:14:27; PAGO IRREGULAR
Agregado; 2023-04-25 18:41:53; PAGO IRREGULAR
Actualizado; 2023-04-25 18:51:37; Préstamo cliente: ruddy morales fernandez monto prestado $12000.00 duración: 8 meses interes: 2400.00
Agregado; 2023-04-25 18:51:46; PAGO IRREGULAR
Agregado; 2023-04-25 18:52:02; PAGO IRREGULAR
Agregado; 2023-04-25 18:54:54; PAGO IRREGULAR
Agregado; 2023-04-25 18:55:32; PAGO IRREGULAR
Agregado; 2023-04-25 18:55:58; PAGO IRREGULAR
Agregado; 2023-04-25 18:56:38; PAGO IRREGULAR
Agregado; 2023-04-25 18:57:08; PAGO IRREGULAR
Agregado; 2023-04-25 18:57:36; PAGO IRREGULAR
Agregado; 2023-04-25 18:58:01; PAGO IRREGULAR
Agregado; 2023-04-25 18:58:27; PAGO IRREGULAR
Agregado; 2023-04-25 18:58:46; PAGO IRREGULAR
Agregado; 2023-04-25 18:59:04; PAGO IRREGULAR
Agregado; 2023-04-25 18:59:37; PAGO IRREGULAR
Agregado; 2023-04-25 19:00:13; PAGO IRREGULAR
Agregado; 2023-04-25 19:00:47; PAGO IRREGULAR
Agregado; 2023-04-25 19:01:36; PAGO IRREGULAR
Agregado; 2023-04-25 19:01:50; PAGO IRREGULAR
Agregado; 2023-04-25 19:02:08; PAGO IRREGULAR
Eliminado; 2023-04-25 19:02:39; Prestamo del cliente: angel paredes  monto $20000.00 duración: 16 meses interes: 6000.00
Eliminado; 2023-04-25 19:02:39; Préstamo: 58 
Eliminado; 2023-04-25 19:02:39; transacciones del préstamo: 58 
Eliminado; 2023-04-25 19:02:39; amortización: 58 
Agregado; 2023-04-25 19:03:13; PAGO IRREGULAR
Agregado; 2023-04-25 19:03:33; PAGO IRREGULAR
