Agregado; 2025-05-28 13:28:41; PAGO IRREGULAR
Agregado; 2025-05-28 13:29:00; PAGO IRREGULAR
Agregado; 2025-05-28 13:29:40; Préstamo: 7 Abono al capital de cliente: arcenio perez $3000 
Agregado; 2025-05-28 13:29:57; PAGO IRREGULAR
Agregado; 2025-05-28 13:30:27; PAGO IRREGULAR
Agregado; 2025-05-28 13:30:43; PAGO IRREGULAR
Agregado; 2025-05-28 13:31:34; PAGO IRREGULAR
Agregado; 2025-05-28 13:33:12; PAGO IRREGULAR
Agregado; 2025-05-28 13:34:19; PAGO IRREGULAR
Agregado; 2025-05-28 13:35:43; PAGO IRREGULAR
Agregado; 2025-05-28 13:36:49; PAGO IRREGULAR
Agregado; 2025-05-28 13:37:22; PAGO IRREGULAR
Agregado; 2025-05-28 13:37:47; PAGO IRREGULAR
Agregado; 2025-05-28 13:38:35; PAGO IRREGULAR
Agregado; 2025-05-28 13:38:50; PAGO IRREGULAR
Agregado; 2025-05-28 13:39:45; PAGO IRREGULAR
Agregado; 2025-05-28 13:39:57; PAGO IRREGULAR
Agregado; 2025-05-28 13:40:17; PAGO IRREGULAR
Agregado; 2025-05-28 13:40:33; PAGO IRREGULAR
Agregado; 2025-05-28 13:40:45; PAGO IRREGULAR
Agregado; 2025-05-28 13:41:00; PAGO IRREGULAR
Agregado; 2025-05-28 13:41:48; PAGO IRREGULAR
Agregado; 2025-05-28 13:43:39; PAGO IRREGULAR
Agregado; 2025-05-28 13:43:54; PAGO IRREGULAR
Agregado; 2025-05-28 13:47:14; PAGO IRREGULAR
Agregado; 2025-05-28 19:02:35; Nuevo préstamo cliente: jorge luis zorrilla jimenez monto prestado $6280 duración: 10 semanas interes: 4400
Actualizado; 2025-05-28 19:02:55; Préstamo cliente: jorge luis zorrilla jimenez monto prestado $62800.00 duración: 10 semanas interes: 4400.00
Agregado; 2025-05-28 20:01:27; Nuevo préstamo cliente: maribel guillen bonilla monto prestado $15000 duración: 10 semanas interes: 
Actualizado; 2025-05-28 20:02:33; Préstamo cliente: maribel guillen bonilla monto prestado $15000.00 duración: 10 semanas interes: 1300
Actualizado; 2025-05-28 20:03:11; Préstamo cliente: maribel guillen bonilla monto prestado $15000.00 duración: 10 semanas interes: 1300.00
Agregado; 2025-05-28 20:39:08; PAGO IRREGULAR
