Eliminado; 2026-03-19 19:43:42; Préstamo: 259 Cliente: adonis taveras garcia  monto $30000.00 duración: 10 meses interes: 3000.00
Eliminado; 2026-03-19 19:43:42; Préstamo: 259 
Eliminado; 2026-03-19 19:43:42; transacciones del préstamo: 259 
Eliminado; 2026-03-19 19:43:42; amortización: 259 
Eliminado; 2026-03-19 19:44:55; Préstamo: 9 Cliente: darlin de jesus hernandez de la rosa  monto $26900.00 duración: 10 meses interes: 2000.00
Eliminado; 2026-03-19 19:44:55; Préstamo: 9 
Eliminado; 2026-03-19 19:44:55; transacciones del préstamo: 9 
Eliminado; 2026-03-19 19:44:55; amortización: 9 
Eliminado; 2026-03-19 19:44:56; Préstamo:  Cliente:  monto $ duración:  meses interes: 
Eliminado; 2026-03-19 19:44:56; Préstamo: 9 
Eliminado; 2026-03-19 19:44:56; transacciones del préstamo: 9 
Eliminado; 2026-03-19 19:44:56; amortización: 9 
Eliminado; 2026-03-19 19:44:56; Préstamo:  Cliente:  monto $ duración:  meses interes: 
Eliminado; 2026-03-19 19:44:56; Préstamo: 9 
Eliminado; 2026-03-19 19:44:56; transacciones del préstamo: 9 
Eliminado; 2026-03-19 19:44:56; amortización: 9 
Eliminado; 2026-03-19 19:45:04; Préstamo: 213 Cliente: alba daniela roque osorio monto $35900.00 duración: 10 semanas interes: 4000.00
Eliminado; 2026-03-19 19:45:04; Préstamo: 213 
Eliminado; 2026-03-19 19:45:04; transacciones del préstamo: 213 
Eliminado; 2026-03-19 19:45:04; amortización: 213 
Eliminado; 2026-03-19 19:48:43; Préstamo: 121 Cliente: junior nuñez paredes monto $103000.00 duración: 10 semanas interes: 8000.00
Eliminado; 2026-03-19 19:48:43; Préstamo: 121 
Eliminado; 2026-03-19 19:48:43; transacciones del préstamo: 121 
Eliminado; 2026-03-19 19:48:43; amortización: 121 
Eliminado; 2026-03-19 19:48:56; Préstamo: 182 Cliente: katherine maria abreu mendoza monto $100000.00 duración: 10 meses interes: 10000.00
Eliminado; 2026-03-19 19:48:56; Préstamo: 182 
Eliminado; 2026-03-19 19:48:56; transacciones del préstamo: 182 
Eliminado; 2026-03-19 19:48:56; amortización: 182 
Eliminado; 2026-03-19 19:50:20; Préstamo: 50 Cliente: luis ramon pereyra paredes monto $71000.00 duración: 15 meses interes: 3500.00
Eliminado; 2026-03-19 19:50:20; Préstamo: 50 
Eliminado; 2026-03-19 19:50:20; transacciones del préstamo: 50 
Eliminado; 2026-03-19 19:50:20; amortización: 50 
Eliminado; 2026-03-19 19:51:30; Préstamo: 193 Cliente: miguelin eusebio dishmey monto $46500.00 duración: 10 meses interes: 2000.00
Eliminado; 2026-03-19 19:51:30; Préstamo: 193 
Eliminado; 2026-03-19 19:51:30; transacciones del préstamo: 193 
Eliminado; 2026-03-19 19:51:30; amortización: 193 
