Agregado; 2024-07-23 13:42:50; PAGO IRREGULAR
Agregado; 2024-07-23 13:43:17; PAGO IRREGULAR
Agregado; 2024-07-23 13:43:35; PAGO IRREGULAR
Agregado; 2024-07-23 13:44:08; PAGO IRREGULAR
Agregado; 2024-07-23 13:44:09; PAGO IRREGULAR
Agregado; 2024-07-23 13:44:33; PAGO IRREGULAR
Agregado; 2024-07-23 13:44:52; PAGO IRREGULAR
Agregado; 2024-07-23 13:45:53; PAGO IRREGULAR
Agregado; 2024-07-23 13:46:40; PAGO IRREGULAR
Agregado; 2024-07-23 13:47:08; PAGO IRREGULAR
Agregado; 2024-07-23 13:48:13; PAGO IRREGULAR
Eliminado; 2024-07-23 13:50:58; Préstamo: 159 Abono del cliente: epifanio cortorreal balbuena monto CUOTA $4000
Eliminado; 2024-07-23 13:50:58; Transacción: 1080 
Eliminado; 2024-07-23 13:50:58; amortización: 159 
Eliminado; 2024-07-23 13:50:59; Préstamo:  Abono del cliente:  monto  $
Eliminado; 2024-07-23 13:50:59; Transacción:  
Eliminado; 2024-07-23 13:50:59; amortización:  
Agregado; 2024-07-23 15:01:38; PAGO IRREGULAR
Agregado; 2024-07-23 15:11:11; PAGO IRREGULAR
Agregado; 2024-07-23 15:12:29; PAGO IRREGULAR
Eliminado; 2024-07-23 17:21:04; Préstamo:  Abono del cliente:  monto  $
Eliminado; 2024-07-23 17:21:04; Transacción:  
Eliminado; 2024-07-23 17:21:04; amortización:  
Eliminado; 2024-07-23 17:21:05; Préstamo: 170 Abono del cliente: antonio ventura hilario monto PAGO IRREGULAR $1600
Eliminado; 2024-07-23 17:21:05; Transacción: 1083 
Eliminado; 2024-07-23 17:21:05; amortización: 170 
Agregado; 2024-07-23 17:21:27; PAGO IRREGULAR
