Agregado; 2025-04-01 14:08:53; Préstamo: 122 Adicional al capital, cliente:  $5000
Agregado; 2025-04-01 19:56:24; PAGO IRREGULAR
Agregado; 2025-04-01 19:57:12; PAGO IRREGULAR
Agregado; 2025-04-01 19:57:12; Préstamo: 182 Abono pago irregular - cliente: katherine maria abreu mendoza $1900 ABONO PAGO IRREGULAR
Agregado; 2025-04-01 19:57:31; PAGO IRREGULAR
Agregado; 2025-04-01 19:57:52; PAGO IRREGULAR
Agregado; 2025-04-01 19:58:10; PAGO IRREGULAR
Agregado; 2025-04-01 19:58:25; PAGO IRREGULAR
Agregado; 2025-04-01 19:58:46; PAGO IRREGULAR
Agregado; 2025-04-01 20:00:00; PAGO IRREGULAR
Agregado; 2025-04-01 20:00:16; PAGO IRREGULAR
Agregado; 2025-04-01 20:00:32; PAGO IRREGULAR
Agregado; 2025-04-01 20:05:15; PAGO IRREGULAR
Agregado; 2025-04-01 20:05:43; PAGO IRREGULAR
Agregado; 2025-04-01 20:05:45; PAGO IRREGULAR
Agregado; 2025-04-01 20:06:03; PAGO IRREGULAR
Agregado; 2025-04-01 20:06:18; PAGO IRREGULAR
Agregado; 2025-04-01 20:06:37; PAGO IRREGULAR
Agregado; 2025-04-01 20:07:44; PAGO IRREGULAR
Eliminado; 2025-04-01 20:08:24; Préstamo: 194 Cliente: angel luis moris echavarria monto $5400.00 duración: 3 semanas interes: 1800.00
Eliminado; 2025-04-01 20:08:24; Préstamo: 194 
Eliminado; 2025-04-01 20:08:24; transacciones del préstamo: 194 
Eliminado; 2025-04-01 20:08:24; amortización: 194 
Agregado; 2025-04-01 20:09:16; PAGO IRREGULAR
Agregado; 2025-04-01 20:09:43; Préstamo: 31 Abono al capital de cliente: emiterio medina acosta $3000 
Agregado; 2025-04-01 20:16:55; PAGO IRREGULAR
Agregado; 2025-04-01 20:17:57; PAGO IRREGULAR
Agregado; 2025-04-01 20:18:56; PAGO IRREGULAR
Agregado; 2025-04-01 20:19:23; PAGO IRREGULAR
