Agregado; 2023-11-16 08:49:44; PAGO IRREGULAR
Eliminado; 2023-11-16 08:56:19; Prestamo del cliente: junior nuñez paredes monto $80000.00 duración: 30 quincenas interes: 4000.00
Eliminado; 2023-11-16 08:56:19; Préstamo: 56 
Eliminado; 2023-11-16 08:56:19; transacciones del préstamo: 56 
Eliminado; 2023-11-16 08:56:19; amortización: 56 
Agregado; 2023-11-16 08:59:45; Nuevo préstamo cliente: junior nuñez paredes monto prestado $90000 duración: 12 meses interes: 8000
Agregado; 2023-11-16 08:59:46; Nuevo préstamo cliente: junior nuñez paredes monto prestado $90000 duración: 12 meses interes: 8000
Eliminado; 2023-11-16 09:02:46; Prestamo del cliente: junior nuñez paredes monto $90000.00 duración: 12 meses interes: 8000.00
Eliminado; 2023-11-16 09:02:46; Préstamo: 106 
Eliminado; 2023-11-16 09:02:46; transacciones del préstamo: 106 
Eliminado; 2023-11-16 09:02:46; amortización: 106 
Agregado; 2023-11-16 09:14:18; PAGO IRREGULAR
Agregado; 2023-11-16 09:14:59; PAGO IRREGULAR
Eliminado; 2023-11-16 09:24:54; Abono del cliente:  monto  $
Eliminado; 2023-11-16 09:24:54; Transacción:  
Eliminado; 2023-11-16 09:24:54; amortización:  
Eliminado; 2023-11-16 09:24:57; Abono del cliente: junior nuñez paredes monto CUOTA $8000
Eliminado; 2023-11-16 09:24:57; Transacción: 621 
Eliminado; 2023-11-16 09:24:57; amortización: 107 
Agregado; 2023-11-16 09:29:48; PAGO IRREGULAR
Agregado; 2023-11-16 12:24:10; PAGO IRREGULAR
