Agregado; 2024-08-23 12:51:44; PAGO IRREGULAR
Eliminado; 2024-08-23 13:28:30; Préstamo: 159 Cliente: epifanio cortorreal balbuena monto $25000.00 duración: 15 meses interes: 4000.00
Eliminado; 2024-08-23 13:28:30; Préstamo: 159 
Eliminado; 2024-08-23 13:28:30; transacciones del préstamo: 159 
Eliminado; 2024-08-23 13:28:30; amortización: 159 
Agregado; 2024-08-23 13:32:36; PAGO IRREGULAR
Agregado; 2024-08-23 13:32:51; PAGO IRREGULAR
Agregado; 2024-08-23 13:33:06; PAGO IRREGULAR
Agregado; 2024-08-23 13:33:21; PAGO IRREGULAR
Agregado; 2024-08-23 13:33:34; PAGO IRREGULAR
Agregado; 2024-08-23 13:33:44; PAGO IRREGULAR
Agregado; 2024-08-23 13:33:58; PAGO IRREGULAR
Agregado; 2024-08-23 13:34:13; PAGO IRREGULAR
Agregado; 2024-08-23 13:34:24; PAGO IRREGULAR
Agregado; 2024-08-23 13:34:53; PAGO IRREGULAR
Agregado; 2024-08-23 13:56:13; PAGO IRREGULAR
Agregado; 2024-08-23 13:56:26; PAGO IRREGULAR
Agregado; 2024-08-23 13:56:41; PAGO IRREGULAR
Agregado; 2024-08-23 13:57:15; Préstamo: 165 Abono al capital de cliente: tomas gonzalez nolazco $500 
Agregado; 2024-08-23 13:57:32; PAGO IRREGULAR
Agregado; 2024-08-23 13:57:52; PAGO IRREGULAR
Agregado; 2024-08-23 13:58:11; PAGO IRREGULAR
Agregado; 2024-08-23 13:58:21; PAGO IRREGULAR
Agregado; 2024-08-23 13:58:33; PAGO IRREGULAR
Agregado; 2024-08-23 13:58:49; PAGO IRREGULAR
Agregado; 2024-08-23 13:59:48; PAGO IRREGULAR
Agregado; 2024-08-23 14:00:40; PAGO IRREGULAR
Agregado; 2024-08-23 14:00:56; PAGO IRREGULAR
Agregado; 2024-08-23 14:01:08; PAGO IRREGULAR
Agregado; 2024-08-23 14:01:23; PAGO IRREGULAR
Agregado; 2024-08-23 14:01:35; PAGO IRREGULAR
Agregado; 2024-08-23 14:02:00; PAGO IRREGULAR
Agregado; 2024-08-23 14:02:12; PAGO IRREGULAR
Agregado; 2024-08-23 14:02:55; PAGO IRREGULAR
Agregado; 2024-08-23 14:03:08; PAGO IRREGULAR
Agregado; 2024-08-23 14:03:24; PAGO IRREGULAR
Agregado; 2024-08-23 14:03:37; PAGO IRREGULAR
Agregado; 2024-08-23 14:03:52; PAGO IRREGULAR
Agregado; 2024-08-23 14:04:05; PAGO IRREGULAR
Agregado; 2024-08-23 14:12:57; PAGO IRREGULAR
Agregado; 2024-08-23 14:16:26; PAGO IRREGULAR
Agregado; 2024-08-23 14:16:37; PAGO IRREGULAR
Agregado; 2024-08-23 14:16:51; PAGO IRREGULAR
Agregado; 2024-08-23 14:18:56; PAGO IRREGULAR
Agregado; 2024-08-23 14:19:11; PAGO IRREGULAR
Agregado; 2024-08-23 15:01:47; Préstamo: 81 Abono pago irregular - cliente: rafael gil ureña $300 ABONO PAGO IRREGULAR
Agregado; 2024-08-23 15:02:27; Préstamo: 146 Abono pago irregular - cliente: jorge luis zorrilla jimenez $300 ABONO PAGO IRREGULAR
Agregado; 2024-08-23 18:58:04; PAGO IRREGULAR
