Agregado; 2023-09-23 10:24:07; PAGO IRREGULAR
Agregado; 2023-09-23 10:24:21; PAGO IRREGULAR
Agregado; 2023-09-23 10:24:58; PAGO IRREGULAR
Agregado; 2023-09-23 10:34:57; PAGO IRREGULAR
Agregado; 2023-09-23 10:35:28; PAGO IRREGULAR
Agregado; 2023-09-23 10:35:58; PAGO IRREGULAR
Agregado; 2023-09-23 10:36:24; PAGO IRREGULAR
Agregado; 2023-09-23 10:37:16; PAGO IRREGULAR
Agregado; 2023-09-23 10:37:58; PAGO IRREGULAR
Agregado; 2023-09-23 10:38:34; PAGO IRREGULAR
Agregado; 2023-09-23 10:39:39; PAGO IRREGULAR
Agregado; 2023-09-23 10:40:00; PAGO IRREGULAR
Agregado; 2023-09-23 10:40:27; PAGO IRREGULAR
Agregado; 2023-09-23 10:41:07; abono al capital de cliente: adonis taveras garcia $1000 
Eliminado; 2023-09-23 10:41:16; Prestamo del cliente: adonis taveras garcia  monto $53000.00 duración: 18 meses interes: 4000.00
Eliminado; 2023-09-23 10:41:16; Préstamo: 45 
Eliminado; 2023-09-23 10:41:16; transacciones del préstamo: 45 
Eliminado; 2023-09-23 10:41:16; amortización: 45 
Agregado; 2023-09-23 10:41:54; PAGO IRREGULAR
Agregado; 2023-09-23 10:42:20; PAGO IRREGULAR
Agregado; 2023-09-23 10:42:52; PAGO IRREGULAR
Agregado; 2023-09-23 10:43:12; PAGO IRREGULAR
Agregado; 2023-09-23 10:43:44; PAGO IRREGULAR
Agregado; 2023-09-23 10:44:06; PAGO IRREGULAR
Agregado; 2023-09-23 10:44:50; PAGO IRREGULAR
Agregado; 2023-09-23 10:45:04; PAGO IRREGULAR
Agregado; 2023-09-23 10:45:42; PAGO IRREGULAR
Agregado; 2023-09-23 10:46:22; PAGO IRREGULAR
Agregado; 2023-09-23 10:46:43; PAGO IRREGULAR
Agregado; 2023-09-23 10:47:22; PAGO IRREGULAR
Agregado; 2023-09-23 11:01:32; PAGO IRREGULAR
Agregado; 2023-09-23 11:01:44; PAGO IRREGULAR
Agregado; 2023-09-23 12:28:21; PAGO IRREGULAR
Agregado; 2023-09-23 13:04:23; PAGO IRREGULAR
