Eliminado; 2024-03-12 10:21:32; Préstamo: 126 Cliente: dionisio castillo lora monto $180000.00 duración: 18 meses interes: 10000.00
Eliminado; 2024-03-12 10:21:32; Préstamo: 126 
Eliminado; 2024-03-12 10:21:32; transacciones del préstamo: 126 
Eliminado; 2024-03-12 10:21:32; amortización: 126 
Eliminado; 2024-03-12 16:43:35; Préstamo: 97 Cliente: jose francisco lopez fermin monto $150000.00 duración: 10 meses interes: 9000.00
Eliminado; 2024-03-12 16:43:35; Préstamo: 97 
Eliminado; 2024-03-12 16:43:35; transacciones del préstamo: 97 
Eliminado; 2024-03-12 16:43:35; amortización: 97 
Actualizado; 2024-03-12 16:45:41; Préstamo cliente: nelson villa espinal monto prestado $50000.00 duración: 10 meses interes: 6000
Agregado; 2024-03-12 16:47:54; Préstamo: 119 Adicional al capital, cliente:  $5000
Eliminado; 2024-03-12 16:48:18; Préstamo:  Adicional del cliente:  monto  $
Eliminado; 2024-03-12 16:48:18; adicional del présamo:  
Actualizado; 2024-03-12 16:48:18; Préstamo:  
Eliminado; 2024-03-12 16:48:18; Préstamo: 119 Adicional del cliente: adonis taveras garcia  monto ADICIONAL $5000
Eliminado; 2024-03-12 16:48:18; adicional del présamo: 119 
Actualizado; 2024-03-12 16:48:18; Préstamo: 119 
Actualizado; 2024-03-12 16:49:35; Préstamo cliente: adonis taveras garcia  monto prestado $72000.00 duración: 15 semanas interes: 5000
Agregado; 2024-03-12 16:54:08; Préstamo: 119 Adicional al capital, cliente:  $3000
Eliminado; 2024-03-12 16:54:32; Préstamo: 119 Adicional del cliente: adonis taveras garcia  monto ADICIONAL $3000
Eliminado; 2024-03-12 16:54:32; adicional del présamo: 119 
Actualizado; 2024-03-12 16:54:32; Préstamo: 119 
Eliminado; 2024-03-12 16:54:32; Préstamo:  Adicional del cliente:  monto  $
Eliminado; 2024-03-12 16:54:32; adicional del présamo:  
Actualizado; 2024-03-12 16:54:32; Préstamo:  
Agregado; 2024-03-12 17:02:11; Préstamo: 119 Adicional al capital, cliente:  $5000
Eliminado; 2024-03-12 17:03:11; Préstamo: 119 Adicional del cliente: adonis taveras garcia  monto ADICIONAL $5000
Eliminado; 2024-03-12 17:03:11; adicional del présamo: 119 
Actualizado; 2024-03-12 17:03:11; Préstamo: 119 
Eliminado; 2024-03-12 17:03:11; Préstamo:  Adicional del cliente:  monto  $
Eliminado; 2024-03-12 17:03:11; adicional del présamo:  
Actualizado; 2024-03-12 17:03:11; Préstamo:  
Agregado; 2024-03-12 17:15:59; Préstamo: 119 Adicional al capital, cliente:  $5000
Eliminado; 2024-03-12 17:16:35; Préstamo: 119 Adicional del cliente: adonis taveras garcia  monto ADICIONAL $5000
Eliminado; 2024-03-12 17:16:35; adicional del présamo: 119 
Actualizado; 2024-03-12 17:16:35; Préstamo: 119 
Eliminado; 2024-03-12 17:16:35; Préstamo:  Adicional del cliente:  monto  $
Eliminado; 2024-03-12 17:16:35; adicional del présamo:  
Actualizado; 2024-03-12 17:16:35; Préstamo:  
Agregado; 2024-03-12 17:20:45; Préstamo: 119 Adicional al capital, cliente:  $5000
Eliminado; 2024-03-12 17:30:02; Préstamo: 119 Adicional del cliente: adonis taveras garcia  monto ADICIONAL $5000
Eliminado; 2024-03-12 17:30:02; adicional del présamo: 119 
Actualizado; 2024-03-12 17:30:02; Préstamo: 119 
Eliminado; 2024-03-12 17:30:03; Préstamo:  Adicional del cliente:  monto  $
Eliminado; 2024-03-12 17:30:03; adicional del présamo:  
Actualizado; 2024-03-12 17:30:03; Préstamo:  
Actualizado; 2024-03-12 17:36:05; Préstamo cliente: adonis taveras garcia  monto prestado $72000.00 duración: 15 semanas interes: 5000.00
Agregado; 2024-03-12 17:36:36; Préstamo: 119 Adicional al capital, cliente:  $1000
Agregado; 2024-03-12 17:36:55; Préstamo: 119 Adicional al capital, cliente:  $1000
Eliminado; 2024-03-12 17:37:07; Préstamo: 119 Adicional del cliente: adonis taveras garcia  monto ADICIONAL $1000
Eliminado; 2024-03-12 17:37:07; adicional del présamo: 119 
Actualizado; 2024-03-12 17:37:07; Préstamo: 119 
Eliminado; 2024-03-12 17:37:07; Préstamo:  Adicional del cliente:  monto  $
Eliminado; 2024-03-12 17:37:07; adicional del présamo:  
Actualizado; 2024-03-12 17:37:07; Préstamo:  
Eliminado; 2024-03-12 17:37:24; Préstamo: 119 Adicional del cliente: adonis taveras garcia  monto ADICIONAL $1000
Eliminado; 2024-03-12 17:37:24; adicional del présamo: 119 
Actualizado; 2024-03-12 17:37:24; Préstamo: 119 
Eliminado; 2024-03-12 17:37:24; Préstamo:  Adicional del cliente:  monto  $
Eliminado; 2024-03-12 17:37:24; adicional del présamo:  
Actualizado; 2024-03-12 17:37:24; Préstamo:  
