Agregado; 2024-07-25 12:55:11; PAGO IRREGULAR
Agregado; 2024-07-25 12:56:36; PAGO IRREGULAR
Agregado; 2024-07-25 12:56:53; PAGO IRREGULAR
Agregado; 2024-07-25 12:58:30; PAGO IRREGULAR
Agregado; 2024-07-25 12:59:50; PAGO IRREGULAR
Agregado; 2024-07-25 13:00:17; PAGO IRREGULAR
Agregado; 2024-07-25 13:01:19; PAGO IRREGULAR
Agregado; 2024-07-25 13:02:02; PAGO IRREGULAR
Agregado; 2024-07-25 13:02:44; PAGO IRREGULAR
Agregado; 2024-07-25 13:03:06; PAGO IRREGULAR
Agregado; 2024-07-25 13:03:25; PAGO IRREGULAR
Agregado; 2024-07-25 13:09:00; PAGO IRREGULAR
Agregado; 2024-07-25 13:09:00; Préstamo: 99 Abono al capital de cliente: tomas gonzalez nolazco $900 
Agregado; 2024-07-25 13:09:27; PAGO IRREGULAR
Agregado; 2024-07-25 13:09:48; PAGO IRREGULAR
Agregado; 2024-07-25 13:10:12; PAGO IRREGULAR
Agregado; 2024-07-25 13:10:35; PAGO IRREGULAR
Agregado; 2024-07-25 13:11:14; PAGO IRREGULAR
Agregado; 2024-07-25 13:12:03; PAGO IRREGULAR
Agregado; 2024-07-25 13:12:24; PAGO IRREGULAR
Agregado; 2024-07-25 13:13:00; PAGO IRREGULAR
Agregado; 2024-07-25 13:13:31; PAGO IRREGULAR
Agregado; 2024-07-25 13:13:55; PAGO IRREGULAR
Agregado; 2024-07-25 13:14:27; PAGO IRREGULAR
Agregado; 2024-07-25 13:14:48; PAGO IRREGULAR
Agregado; 2024-07-25 13:15:09; PAGO IRREGULAR
Agregado; 2024-07-25 13:15:53; PAGO IRREGULAR
Agregado; 2024-07-25 13:16:19; PAGO IRREGULAR
Agregado; 2024-07-25 13:16:50; PAGO IRREGULAR
Agregado; 2024-07-25 13:17:16; PAGO IRREGULAR
Agregado; 2024-07-25 13:17:29; PAGO IRREGULAR
Agregado; 2024-07-25 13:53:38; Préstamo: 129 Adicional al capital, cliente:  $4000
Agregado; 2024-07-25 14:09:32; Préstamo: 94 Adicional al capital, cliente:  $3000
Agregado; 2024-07-25 14:11:36; Nuevo préstamo cliente: tomas de aza martinez monto prestado $30000 duración: 15 meses interes: 2500
Agregado; 2024-07-25 14:13:38; Nuevo préstamo cliente: tomas de aza martinez monto prestado $30000 duración: 15 meses interes: 2500
Eliminado; 2024-07-25 14:13:52; Préstamo: 172 Cliente: tomas de aza martinez monto $30000.00 duración: 15 meses interes: 2500.00
Eliminado; 2024-07-25 14:13:52; Préstamo: 172 
Eliminado; 2024-07-25 14:13:52; transacciones del préstamo: 172 
Eliminado; 2024-07-25 14:13:52; amortización: 172 
Agregado; 2024-07-25 18:22:38; Préstamo: 146 Adicional al capital, cliente:  $10000
