Agregado; 2023-09-18 09:34:30; PAGO IRREGULAR
Agregado; 2023-09-18 09:34:42; PAGO IRREGULAR
Agregado; 2023-09-18 11:28:23; PAGO IRREGULAR
Agregado; 2023-09-18 11:28:38; PAGO IRREGULAR
Eliminado; 2023-09-18 11:28:51; Abono del cliente: estanislao peña monto PAGO IRREGULAR $3000
Eliminado; 2023-09-18 11:28:51; Transacción: 526 
Eliminado; 2023-09-18 11:28:51; amortización: 71 
Eliminado; 2023-09-18 11:28:51; Abono del cliente:  monto  $
Eliminado; 2023-09-18 11:28:51; Transacción:  
Eliminado; 2023-09-18 11:28:51; amortización:  
Eliminado; 2023-09-18 11:29:21; Abono del cliente: estanislao peña monto CUOTA $5750
Eliminado; 2023-09-18 11:29:21; Transacción: 525 
Eliminado; 2023-09-18 11:29:21; amortización: 71 
Eliminado; 2023-09-18 11:29:21; Abono del cliente:  monto  $
Eliminado; 2023-09-18 11:29:21; Transacción:  
Eliminado; 2023-09-18 11:29:21; amortización:  
Eliminado; 2023-09-18 12:01:09; Prestamo del cliente: estanislao peña monto $20000.00 duración: 4 meses interes: 5750.00
Eliminado; 2023-09-18 12:01:09; Préstamo: 71 
Eliminado; 2023-09-18 12:01:09; transacciones del préstamo: 71 
Eliminado; 2023-09-18 12:01:09; amortización: 71 
Agregado; 2023-09-18 12:57:42; PAGO IRREGULAR
