Actualizado; 2023-04-12 10:12:13; Préstamo cliente: jose alberto rodriguez de aza monto prestado $44500 duración: 11 quincenas interes: 4000.00
Actualizado; 2023-04-12 10:12:33; Préstamo cliente: jose alberto rodriguez de aza monto prestado $44500 duración: 11 quincenas interes: 4000.00
Eliminado; 2023-04-12 10:13:49; Préstamo: 54 
Eliminado; 2023-04-12 10:13:49; amortización: 54 
Agregado; 2023-04-12 10:15:30; Nuevo préstamo cliente: jose alberto rodriguez de aza monto prestado $70500 duración: 10 meses interes: 4000
Actualizado; 2023-04-12 10:15:56; Préstamo cliente: jose alberto rodriguez de aza monto prestado $70500.00 duración: 11 meses interes: 4000.00
Eliminado; 2023-04-12 10:17:20; Préstamo: 67 
Eliminado; 2023-04-12 10:17:20; amortización: 67 
Agregado; 2023-04-12 12:17:33; Nuevo préstamo cliente: ana yasmin monto prestado $46000 duración: 10 semanas interes: 1500
Agregado; 2023-04-12 12:25:07; Nuevo préstamo cliente: ana yasmin monto prestado $46000 duración: 10 semanas interes: 1500
Agregado; 2023-04-12 12:30:06; Nuevo préstamo cliente: ana yasmin monto prestado $46000 duración: 10 semanas interes: 3000
Eliminado; 2023-04-12 12:59:03; Préstamo: 67 
Eliminado; 2023-04-12 12:59:03; amortización: 67 
Agregado; 2023-04-12 14:02:59; Nuevo préstamo cliente: jose alberto rodriguez de aza monto prestado $70500 duración: 11 semanas interes: 8000
Actualizado; 2023-04-12 14:03:44; Préstamo cliente: jose alberto rodriguez de aza monto prestado $70500.00 duración: 22 quincenas interes: 4000
Agregado; 2023-04-12 14:12:12; PAGO IRREGULAR
Actualizado; 2023-04-12 14:33:20; Préstamo cliente: yeraldin paulino bonilla monto prestado $40000.00 duración: 20 quincenas interes: 2000.00
Actualizado; 2023-04-12 16:24:45; Préstamo cliente: yeraldin paulino bonilla monto prestado $40000.00 duración: 20 quincenas interes: 2000.00
Eliminado; 2023-04-12 16:41:14; Prestamo del cliente: jose alberto rodriguez de aza monto $70500.00 duración: 22 quincenas interes: 4000.00
Eliminado; 2023-04-12 16:41:14; Préstamo: 67 
Eliminado; 2023-04-12 16:41:14; transacciones del préstamo: 67 
Eliminado; 2023-04-12 16:41:14; amortización: 67 
Agregado; 2023-04-12 16:45:39; Nuevo préstamo cliente: jose alberto rodriguez de aza monto prestado $70500 duración: 10 quincenas interes: 4000
Actualizado; 2023-04-12 17:09:36; Préstamo cliente: jose alberto rodriguez de aza monto prestado $70500.00 duración: 22 quincenas interes: 4000.00
Agregado; 2023-04-12 17:52:10; PAGO IRREGULAR
