Agregado; 2024-04-24 00:42:36; PAGO IRREGULAR
Agregado; 2024-04-24 01:12:11; PAGO IRREGULAR
Agregado; 2024-04-24 01:12:28; PAGO IRREGULAR
Agregado; 2024-04-24 01:13:13; PAGO IRREGULAR
Agregado; 2024-04-24 01:13:32; PAGO IRREGULAR
Agregado; 2024-04-24 01:14:50; PAGO IRREGULAR
Agregado; 2024-04-24 01:15:29; PAGO IRREGULAR
Agregado; 2024-04-24 01:18:11; PAGO IRREGULAR
Agregado; 2024-04-24 01:18:34; PAGO IRREGULAR
Agregado; 2024-04-24 01:19:02; PAGO IRREGULAR
Agregado; 2024-04-24 01:19:24; PAGO IRREGULAR
Agregado; 2024-04-24 01:19:37; PAGO IRREGULAR
Agregado; 2024-04-24 01:20:25; PAGO IRREGULAR
Agregado; 2024-04-24 01:20:25; Préstamo: 26 Abono pago irregular - cliente: placido binet caraballo $500 ABONO PAGO IRREGULAR
Agregado; 2024-04-24 01:21:12; PAGO IRREGULAR
Agregado; 2024-04-24 01:21:12; Préstamo: 120 Abono pago irregular - cliente: juana martinez frias $500 ABONO PAGO IRREGULAR
Agregado; 2024-04-24 01:21:24; PAGO IRREGULAR
Agregado; 2024-04-24 01:21:24; Préstamo: 139 Abono pago irregular - cliente: isaias antigua rodriguez $500 ABONO PAGO IRREGULAR
Eliminado; 2024-04-24 01:21:40; Préstamo: 120 Abono del cliente: juana martinez frias  monto PAGO IRREGULAR $500
Eliminado; 2024-04-24 01:21:40; Transacción: 906 
Eliminado; 2024-04-24 01:21:40; amortización: 120 
Eliminado; 2024-04-24 01:21:41; Préstamo:  Abono del cliente:  monto  $
Eliminado; 2024-04-24 01:21:41; Transacción:  
Eliminado; 2024-04-24 01:21:41; amortización:  
Eliminado; 2024-04-24 01:22:07; Préstamo: 139 Abono del cliente: isaias antigua rodriguez monto PAGO IRREGULAR $500
Eliminado; 2024-04-24 01:22:07; Transacción: 908 
Eliminado; 2024-04-24 01:22:07; amortización: 139 
Eliminado; 2024-04-24 01:22:07; Préstamo:  Abono del cliente:  monto  $
Eliminado; 2024-04-24 01:22:07; Transacción:  
Eliminado; 2024-04-24 01:22:07; amortización:  
Agregado; 2024-04-24 01:22:39; PAGO IRREGULAR
Agregado; 2024-04-24 01:22:47; PAGO IRREGULAR
Agregado; 2024-04-24 01:23:09; PAGO IRREGULAR
Agregado; 2024-04-24 01:24:35; PAGO IRREGULAR
Agregado; 2024-04-24 01:25:08; PAGO IRREGULAR
Agregado; 2024-04-24 01:25:44; PAGO IRREGULAR
Agregado; 2024-04-24 01:26:10; PAGO IRREGULAR
Agregado; 2024-04-24 01:26:35; PAGO IRREGULAR
Agregado; 2024-04-24 01:26:46; PAGO IRREGULAR
Agregado; 2024-04-24 01:27:49; PAGO IRREGULAR
Agregado; 2024-04-24 01:28:04; PAGO IRREGULAR
Agregado; 2024-04-24 01:28:28; PAGO IRREGULAR
Agregado; 2024-04-24 01:29:16; PAGO IRREGULAR
Agregado; 2024-04-24 01:29:53; PAGO IRREGULAR
Agregado; 2024-04-24 01:29:53; Préstamo: 99 Abono pago irregular - cliente: tomas gonzalez nolazco $900 ABONO PAGO IRREGULAR
Agregado; 2024-04-24 01:30:32; PAGO IRREGULAR
Agregado; 2024-04-24 01:30:32; Préstamo: 143 Abono pago irregular - cliente: katherine maria abreu mendoza $900 ABONO PAGO IRREGULAR
Eliminado; 2024-04-24 01:30:47; Préstamo:  Abono del cliente:  monto  $
Eliminado; 2024-04-24 01:30:47; Transacción:  
Eliminado; 2024-04-24 01:30:47; amortización:  
Eliminado; 2024-04-24 01:30:47; Préstamo: 143 Abono del cliente: katherine maria abreu mendoza monto PAGO IRREGULAR $900
Eliminado; 2024-04-24 01:30:47; Transacción: 924 
Eliminado; 2024-04-24 01:30:47; amortización: 143 
Agregado; 2024-04-24 01:31:03; PAGO IRREGULAR
Agregado; 2024-04-24 01:31:40; PAGO IRREGULAR
Agregado; 2024-04-24 01:31:59; PAGO IRREGULAR
Agregado; 2024-04-24 13:26:05; Nuevo préstamo cliente: bienvenido amparo padilla monto prestado $30000 duración: 10 meses interes: 3000
Agregado; 2024-04-24 17:23:43; PAGO IRREGULAR
