Agregado; 2025-10-24 13:33:34; PAGO IRREGULAR
Eliminado; 2025-10-24 13:34:19; Préstamo: 179 Cliente: eliane elizabeth gomez padilla monto $40000.00 duración: 10 meses interes: 4000.00
Eliminado; 2025-10-24 13:34:19; Préstamo: 179 
Eliminado; 2025-10-24 13:34:19; transacciones del préstamo: 179 
Eliminado; 2025-10-24 13:34:19; amortización: 179 
Agregado; 2025-10-24 13:34:31; PAGO IRREGULAR
Agregado; 2025-10-24 13:36:54; PAGO IRREGULAR
Agregado; 2025-10-24 13:37:59; PAGO IRREGULAR
Agregado; 2025-10-24 13:41:03; PAGO IRREGULAR
Agregado; 2025-10-24 13:41:22; PAGO IRREGULAR
Agregado; 2025-10-24 13:42:21; PAGO IRREGULAR
Agregado; 2025-10-24 13:43:04; PAGO IRREGULAR
Agregado; 2025-10-24 13:43:27; PAGO IRREGULAR
Agregado; 2025-10-24 13:47:40; PAGO IRREGULAR
Agregado; 2025-10-24 13:48:30; PAGO IRREGULAR
Agregado; 2025-10-24 13:49:01; PAGO IRREGULAR
Agregado; 2025-10-24 13:49:29; PAGO IRREGULAR
Agregado; 2025-10-24 13:52:24; PAGO IRREGULAR
Agregado; 2025-10-24 13:52:46; PAGO IRREGULAR
Agregado; 2025-10-24 13:55:51; PAGO IRREGULAR
Agregado; 2025-10-24 13:57:36; PAGO IRREGULAR
Agregado; 2025-10-24 13:58:42; PAGO IRREGULAR
Agregado; 2025-10-24 14:01:12; PAGO IRREGULAR
Agregado; 2025-10-24 14:02:34; PAGO IRREGULAR
Agregado; 2025-10-24 14:04:40; PAGO IRREGULAR
Agregado; 2025-10-24 14:06:00; PAGO IRREGULAR
Agregado; 2025-10-24 14:07:53; PAGO IRREGULAR
Agregado; 2025-10-24 14:09:31; PAGO IRREGULAR
Agregado; 2025-10-24 14:12:54; PAGO IRREGULAR
Agregado; 2025-10-24 14:13:20; PAGO IRREGULAR
Agregado; 2025-10-24 14:14:39; PAGO IRREGULAR
Agregado; 2025-10-24 14:14:58; PAGO IRREGULAR
Agregado; 2025-10-24 14:15:25; PAGO IRREGULAR
Agregado; 2025-10-24 14:16:31; PAGO IRREGULAR
Agregado; 2025-10-24 14:17:04; PAGO IRREGULAR
Eliminado; 2025-10-24 14:24:01; Préstamo:  Abono del cliente:  monto  $
Eliminado; 2025-10-24 14:24:01; Transacción:  
Eliminado; 2025-10-24 14:24:01; amortización:  
Eliminado; 2025-10-24 14:24:01; Préstamo: 178 Abono del cliente: buenaventura diaz calcaño monto PAGO IRREGULAR $2500
Eliminado; 2025-10-24 14:24:01; Transacción: 1912 
Eliminado; 2025-10-24 14:24:01; amortización: 178 
Agregado; 2025-10-24 14:24:33; PAGO IRREGULAR
Agregado; 2025-10-24 14:26:21; PAGO IRREGULAR
Agregado; 2025-10-24 16:01:53; Nuevo préstamo cliente: teresa adaldenia paula monto prestado $70000 duración: 10 meses interes: 5000
