Agregado; 2023-12-19 07:40:06; PAGO IRREGULAR
Agregado; 2023-12-19 07:48:37; PAGO IRREGULAR
Eliminado; 2023-12-19 07:48:47; Préstamo: 97 Abono del cliente: jose francisco lopez fermin monto CUOTA $9000
Eliminado; 2023-12-19 07:48:47; Transacción: 675 
Eliminado; 2023-12-19 07:48:47; amortización: 97 
Eliminado; 2023-12-19 07:48:47; Préstamo:  Abono del cliente:  monto  $
Eliminado; 2023-12-19 07:48:47; Transacción:  
Eliminado; 2023-12-19 07:48:47; amortización:  
Agregado; 2023-12-19 07:49:01; PAGO IRREGULAR
Agregado; 2023-12-19 07:49:29; PAGO IRREGULAR
Eliminado; 2023-12-19 09:09:11; Préstamo:  Abono del cliente:  monto  $
Eliminado; 2023-12-19 09:09:11; Transacción:  
Eliminado; 2023-12-19 09:09:11; amortización:  
Eliminado; 2023-12-19 09:09:11; Préstamo: 97 Abono del cliente: jose francisco lopez fermin monto PAGO IRREGULAR $7500
Eliminado; 2023-12-19 09:09:11; Transacción: 675 
Eliminado; 2023-12-19 09:09:11; amortización: 97 
Agregado; 2023-12-19 09:09:20; PAGO IRREGULAR
Agregado; 2023-12-19 09:45:21; Préstamo: 95 Adicional al capital, cliente:  $15000
Agregado; 2023-12-19 09:48:04; Préstamo: 95 Adicional al capital, cliente:  $7000
Agregado; 2023-12-19 12:27:29; Préstamo: 8 Adicional al capital, cliente:  $5000
