Agregado; 2024-10-23 12:53:44; PAGO IRREGULAR
Agregado; 2024-10-23 12:58:12; PAGO IRREGULAR
Agregado; 2024-10-23 13:07:56; PAGO IRREGULAR
Agregado; 2024-10-23 13:15:24; PAGO IRREGULAR
Agregado; 2024-10-23 13:24:41; PAGO IRREGULAR
Agregado; 2024-10-23 14:02:56; Préstamo: 145 Adicional al capital, cliente:  $7000
Agregado; 2024-10-23 14:12:37; Préstamo: 130 Adicional al capital, cliente:  $40000
Actualizado; 2024-10-23 14:16:27; Préstamo cliente: maria hisabeth garcia lantigua monto prestado $131000.00 duración: 20 meses interes: 8000.00
Agregado; 2024-10-23 14:36:41; PAGO IRREGULAR
Agregado; 2024-10-23 14:37:01; PAGO IRREGULAR
Agregado; 2024-10-23 14:39:21; PAGO IRREGULAR
Agregado; 2024-10-23 14:56:25; PAGO IRREGULAR
Agregado; 2024-10-23 15:05:37; PAGO IRREGULAR
Agregado; 2024-10-23 15:11:47; PAGO IRREGULAR
Eliminado; 2024-10-23 15:24:01; Préstamo: 130 Cliente: maria hisabeth garcia lantigua monto $171000.00 duración: 20 meses interes: 8000.00
Eliminado; 2024-10-23 15:24:01; Préstamo: 130 
Eliminado; 2024-10-23 15:24:01; transacciones del préstamo: 130 
Eliminado; 2024-10-23 15:24:01; amortización: 130 
Agregado; 2024-10-23 15:25:06; Nuevo préstamo cliente: maria hisabeth garcia lantigua monto prestado $160000 duración: 10 semanas interes: 12000
Agregado; 2024-10-23 15:25:21; PAGO IRREGULAR
