Agregado; 2024-12-21 11:50:20; PAGO IRREGULAR
Agregado; 2024-12-21 11:50:52; PAGO IRREGULAR
Agregado; 2024-12-21 11:53:31; PAGO IRREGULAR
Agregado; 2024-12-21 11:55:53; PAGO IRREGULAR
Agregado; 2024-12-21 11:59:00; PAGO IRREGULAR
Agregado; 2024-12-21 12:02:59; PAGO IRREGULAR
Agregado; 2024-12-21 12:04:52; PAGO IRREGULAR
Agregado; 2024-12-21 12:25:09; PAGO IRREGULAR
Agregado; 2024-12-21 12:28:57; PAGO IRREGULAR
Agregado; 2024-12-21 13:18:45; PAGO IRREGULAR
Agregado; 2024-12-21 13:26:42; PAGO IRREGULAR
Agregado; 2024-12-21 13:26:54; PAGO IRREGULAR
Agregado; 2024-12-21 13:27:04; PAGO IRREGULAR
Agregado; 2024-12-21 13:27:15; PAGO IRREGULAR
Eliminado; 2024-12-21 13:27:54; Préstamo: 142 Abono del cliente: alba daniela roque osorio monto PAGO IRREGULAR $4900
Eliminado; 2024-12-21 13:27:54; Transacción: 1390 
Eliminado; 2024-12-21 13:27:54; amortización: 142 
Eliminado; 2024-12-21 13:27:54; Préstamo:  Abono del cliente:  monto  $
Eliminado; 2024-12-21 13:27:54; Transacción:  
Eliminado; 2024-12-21 13:27:54; amortización:  
Eliminado; 2024-12-21 13:28:26; Préstamo:  Abono del cliente:  monto  $
Eliminado; 2024-12-21 13:28:26; Transacción:  
Eliminado; 2024-12-21 13:28:26; amortización:  
Eliminado; 2024-12-21 13:28:27; Préstamo: 142 Abono del cliente: alba daniela roque osorio monto PAGO IRREGULAR $4985
Eliminado; 2024-12-21 13:28:27; Transacción: 1388 
Eliminado; 2024-12-21 13:28:27; amortización: 142 
Eliminado; 2024-12-21 13:28:53; Préstamo: 142 Abono del cliente: alba daniela roque osorio monto CUOTA $5000
Eliminado; 2024-12-21 13:28:53; Transacción: 1391 
Eliminado; 2024-12-21 13:28:53; amortización: 142 
Eliminado; 2024-12-21 13:28:53; Préstamo:  Abono del cliente:  monto  $
Eliminado; 2024-12-21 13:28:53; Transacción:  
Eliminado; 2024-12-21 13:28:53; amortización:  
Agregado; 2024-12-21 13:29:28; PAGO IRREGULAR
Agregado; 2024-12-21 13:29:44; PAGO IRREGULAR
Agregado; 2024-12-21 13:30:01; PAGO IRREGULAR
Agregado; 2024-12-21 13:31:44; PAGO IRREGULAR
Agregado; 2024-12-21 13:32:38; PAGO IRREGULAR
Agregado; 2024-12-21 13:33:00; PAGO IRREGULAR
Agregado; 2024-12-21 13:33:34; PAGO IRREGULAR
Agregado; 2024-12-21 13:34:01; PAGO IRREGULAR
Agregado; 2024-12-21 13:34:45; PAGO IRREGULAR
Agregado; 2024-12-21 13:36:06; PAGO IRREGULAR
Agregado; 2024-12-21 13:37:04; PAGO IRREGULAR
Agregado; 2024-12-21 13:37:04; Préstamo: 177 Abono pago irregular - cliente: tomas gonzalez nolazco $1300 ABONO PAGO IRREGULAR
Agregado; 2024-12-21 13:37:04; Préstamo: 177 Abono al capital de cliente: tomas gonzalez nolazco $3800 
Agregado; 2024-12-21 13:39:54; PAGO IRREGULAR
Agregado; 2024-12-21 13:40:11; PAGO IRREGULAR
Agregado; 2024-12-21 13:40:50; PAGO IRREGULAR
Agregado; 2024-12-21 13:43:49; PAGO IRREGULAR
Agregado; 2024-12-21 13:44:41; PAGO IRREGULAR
Agregado; 2024-12-21 13:46:17; PAGO IRREGULAR
Agregado; 2024-12-21 13:49:56; PAGO IRREGULAR
Agregado; 2024-12-21 13:51:00; PAGO IRREGULAR
Agregado; 2024-12-21 13:51:22; PAGO IRREGULAR
Agregado; 2024-12-21 13:51:34; PAGO IRREGULAR
Agregado; 2024-12-21 13:52:20; PAGO IRREGULAR
Agregado; 2024-12-21 13:54:48; PAGO IRREGULAR
Agregado; 2024-12-21 13:57:56; PAGO IRREGULAR
Agregado; 2024-12-21 14:11:49; Préstamo: 122 Adicional al capital, cliente:  $3000
Eliminado; 2024-12-21 15:04:58; Préstamo: 174 Cliente: epifanio cortorreal balbuena monto $82500.00 duración: 10 meses interes: 5000.00
Eliminado; 2024-12-21 15:04:58; Préstamo: 174 
Eliminado; 2024-12-21 15:04:58; transacciones del préstamo: 174 
Eliminado; 2024-12-21 15:04:59; amortización: 174 
Agregado; 2024-12-21 16:29:21; Préstamo: 166 Adicional al capital, cliente:  $30000
