Actualizado; 2024-05-22 13:09:02; Préstamo cliente: romely acosta nuñez monto prestado $100000.00 duración: 15 meses interes: 10000.00
Agregado; 2024-05-22 13:37:50; Nuevo préstamo cliente: yadira margarita taveras taveras monto prestado $150000 duración: 18 meses interes: 10000
Actualizado; 2024-05-22 13:38:36; Préstamo cliente: yadira margarita taveras taveras monto prestado $150000.00 duración: 18 meses interes: 10000.00
Actualizado; 2024-05-22 13:41:07; Préstamo cliente: romely acosta nuñez monto prestado $100000.00 duración: 15 meses interes: 10000.00
Agregado; 2024-05-22 18:47:38; PAGO IRREGULAR
Agregado; 2024-05-22 18:48:45; PAGO IRREGULAR
Agregado; 2024-05-22 18:49:18; PAGO IRREGULAR
Agregado; 2024-05-22 18:53:04; PAGO IRREGULAR
Agregado; 2024-05-22 18:53:32; PAGO IRREGULAR
Agregado; 2024-05-22 18:55:19; PAGO IRREGULAR
Agregado; 2024-05-22 18:56:22; PAGO IRREGULAR
Agregado; 2024-05-22 18:56:52; PAGO IRREGULAR
Agregado; 2024-05-22 20:40:05; PAGO IRREGULAR
Agregado; 2024-05-22 20:40:23; PAGO IRREGULAR
Agregado; 2024-05-22 20:40:42; PAGO IRREGULAR
Agregado; 2024-05-22 20:41:06; PAGO IRREGULAR
Agregado; 2024-05-22 20:41:38; PAGO IRREGULAR
Agregado; 2024-05-22 20:41:55; PAGO IRREGULAR
Agregado; 2024-05-22 20:42:10; PAGO IRREGULAR
Agregado; 2024-05-22 20:42:35; PAGO IRREGULAR
Agregado; 2024-05-22 20:42:58; PAGO IRREGULAR
Agregado; 2024-05-22 20:43:06; PAGO IRREGULAR
Agregado; 2024-05-22 20:43:20; PAGO IRREGULAR
Agregado; 2024-05-22 20:43:45; PAGO IRREGULAR
Agregado; 2024-05-22 20:44:02; PAGO IRREGULAR
Agregado; 2024-05-22 20:44:53; PAGO IRREGULAR
Agregado; 2024-05-22 20:45:37; PAGO IRREGULAR
Agregado; 2024-05-22 20:46:04; PAGO IRREGULAR
Agregado; 2024-05-22 20:46:35; PAGO IRREGULAR
Agregado; 2024-05-22 20:46:59; PAGO IRREGULAR
Agregado; 2024-05-22 20:47:21; PAGO IRREGULAR
Agregado; 2024-05-22 20:47:38; PAGO IRREGULAR
Agregado; 2024-05-22 20:47:51; PAGO IRREGULAR
Agregado; 2024-05-22 20:49:20; PAGO IRREGULAR
Agregado; 2024-05-22 20:49:20; Préstamo: 99 Abono pago irregular - cliente: tomas gonzalez nolazco $600 ABONO PAGO IRREGULAR
Agregado; 2024-05-22 20:50:10; PAGO IRREGULAR
Agregado; 2024-05-22 20:50:18; PAGO IRREGULAR
Agregado; 2024-05-22 20:50:42; PAGO IRREGULAR
Agregado; 2024-05-22 20:51:07; PAGO IRREGULAR
Agregado; 2024-05-22 20:51:26; PAGO IRREGULAR
Agregado; 2024-05-22 20:51:46; PAGO IRREGULAR
Agregado; 2024-05-22 20:52:01; PAGO IRREGULAR
Agregado; 2024-05-22 20:52:22; PAGO IRREGULAR
Agregado; 2024-05-22 20:53:05; PAGO IRREGULAR
Agregado; 2024-05-22 20:54:28; PAGO IRREGULAR
Eliminado; 2024-05-22 21:04:29; Préstamo: 143 Abono del cliente: katherine maria abreu mendoza monto CUOTA $6500
Eliminado; 2024-05-22 21:04:29; Transacción: 981 
Eliminado; 2024-05-22 21:04:29; amortización: 143 
Eliminado; 2024-05-22 21:04:29; Préstamo:  Abono del cliente:  monto  $
Eliminado; 2024-05-22 21:04:29; Transacción:  
Eliminado; 2024-05-22 21:04:29; amortización:  
