Agregado; 2025-07-25 13:53:23; PAGO IRREGULAR
Agregado; 2025-07-25 13:56:30; PAGO IRREGULAR
Agregado; 2025-07-25 13:58:10; PAGO IRREGULAR
Agregado; 2025-07-25 13:58:59; PAGO IRREGULAR
Agregado; 2025-07-25 13:59:27; PAGO IRREGULAR
Agregado; 2025-07-25 14:00:06; PAGO IRREGULAR
Agregado; 2025-07-25 14:00:38; PAGO IRREGULAR
Agregado; 2025-07-25 14:01:04; PAGO IRREGULAR
Agregado; 2025-07-25 14:03:20; PAGO IRREGULAR
Agregado; 2025-07-25 14:03:39; PAGO IRREGULAR
Agregado; 2025-07-25 14:04:11; PAGO IRREGULAR
Agregado; 2025-07-25 14:06:29; PAGO IRREGULAR
Agregado; 2025-07-25 14:07:01; PAGO IRREGULAR
Agregado; 2025-07-25 14:07:32; PAGO IRREGULAR
Agregado; 2025-07-25 14:09:05; PAGO IRREGULAR
Agregado; 2025-07-25 14:11:43; PAGO IRREGULAR
Agregado; 2025-07-25 14:12:20; PAGO IRREGULAR
Agregado; 2025-07-25 14:13:13; PAGO IRREGULAR
Agregado; 2025-07-25 14:16:00; PAGO IRREGULAR
Agregado; 2025-07-25 14:17:17; PAGO IRREGULAR
Agregado; 2025-07-25 14:17:45; PAGO IRREGULAR
Agregado; 2025-07-25 14:18:22; PAGO IRREGULAR
Agregado; 2025-07-25 14:19:14; PAGO IRREGULAR
Agregado; 2025-07-25 14:19:53; PAGO IRREGULAR
Agregado; 2025-07-25 14:20:30; PAGO IRREGULAR
Agregado; 2025-07-25 20:04:50; PAGO IRREGULAR
Agregado; 2025-07-25 20:05:13; PAGO IRREGULAR
Eliminado; 2025-07-25 20:06:06; Préstamo:  Abono del cliente:  monto  $
Eliminado; 2025-07-25 20:06:06; Transacción:  
Eliminado; 2025-07-25 20:06:06; amortización:  
Eliminado; 2025-07-25 20:06:06; Préstamo: 213 Abono del cliente: alba daniela roque osorio monto CUOTA $4000
Eliminado; 2025-07-25 20:06:06; Transacción: 1778 
Eliminado; 2025-07-25 20:06:06; amortización: 213 
Agregado; 2025-07-25 20:06:46; PAGO IRREGULAR
