Agregado; 2026-03-25 12:42:11; PAGO IRREGULAR
Agregado; 2026-03-25 12:43:36; PAGO IRREGULAR
Eliminado; 2026-03-25 12:44:21; Préstamo: 269 Cliente: tomas de aza martinez monto $46000.00 duración: 10 semanas interes: 2300.00
Eliminado; 2026-03-25 12:44:21; Préstamo: 269 
Eliminado; 2026-03-25 12:44:21; transacciones del préstamo: 269 
Eliminado; 2026-03-25 12:44:21; amortización: 269 
Agregado; 2026-03-25 12:47:00; Nuevo préstamo cliente: tomas de aza martinez monto prestado $46000 duración: 10 semanas interes: 2300
Agregado; 2026-03-25 12:49:24; PAGO IRREGULAR
Agregado; 2026-03-25 12:50:00; PAGO IRREGULAR
Agregado; 2026-03-25 12:50:40; PAGO IRREGULAR
Agregado; 2026-03-25 12:51:09; PAGO IRREGULAR
Agregado; 2026-03-25 12:52:45; PAGO IRREGULAR
Agregado; 2026-03-25 12:53:55; PAGO IRREGULAR
Agregado; 2026-03-25 12:56:28; PAGO IRREGULAR
Agregado; 2026-03-25 12:57:01; PAGO IRREGULAR
Agregado; 2026-03-25 12:57:35; PAGO IRREGULAR
Agregado; 2026-03-25 12:58:11; PAGO IRREGULAR
Agregado; 2026-03-25 12:58:51; PAGO IRREGULAR
Agregado; 2026-03-25 12:59:46; PAGO IRREGULAR
Agregado; 2026-03-25 13:04:28; PAGO IRREGULAR
Agregado; 2026-03-25 13:05:10; PAGO IRREGULAR
Agregado; 2026-03-25 13:05:33; PAGO IRREGULAR
Agregado; 2026-03-25 13:08:18; PAGO IRREGULAR
Agregado; 2026-03-25 13:08:50; PAGO IRREGULAR
Agregado; 2026-03-25 13:10:27; PAGO IRREGULAR
Agregado; 2026-03-25 13:10:55; PAGO IRREGULAR
Agregado; 2026-03-25 13:12:29; PAGO IRREGULAR
Agregado; 2026-03-25 13:14:58; PAGO IRREGULAR
Agregado; 2026-03-25 13:15:26; PAGO IRREGULAR
Agregado; 2026-03-25 13:15:53; PAGO IRREGULAR
Agregado; 2026-03-25 13:17:08; PAGO IRREGULAR
Agregado; 2026-03-25 13:17:36; PAGO IRREGULAR
Agregado; 2026-03-25 13:18:00; PAGO IRREGULAR
Agregado; 2026-03-25 13:19:48; PAGO IRREGULAR
Agregado; 2026-03-25 13:20:15; PAGO IRREGULAR
Agregado; 2026-03-25 13:21:01; PAGO IRREGULAR
Agregado; 2026-03-25 19:37:34; PAGO IRREGULAR
Agregado; 2026-03-25 20:33:29; Préstamo: 263 Adicional al capital, cliente:  $1000
