Eliminado; 2024-03-11 16:20:26; Préstamo: 21 Adicional del cliente: luis alfredo bruno morel monto ADICIONAL $8000
Eliminado; 2024-03-11 16:20:26; adicional del présamo: 21 
Actualizado; 2024-03-11 16:20:26; Préstamo: 21 
Eliminado; 2024-03-11 16:20:26; Préstamo:  Adicional del cliente:  monto  $
Eliminado; 2024-03-11 16:20:26; adicional del présamo:  
Actualizado; 2024-03-11 16:20:26; Préstamo:  
Eliminado; 2024-03-11 16:21:44; Préstamo: 84 Cliente: luis alberto matias sanchez monto $40000.00 duración: 10 semanas interes: 3500.00
Eliminado; 2024-03-11 16:21:44; Préstamo: 84 
Eliminado; 2024-03-11 16:21:44; transacciones del préstamo: 84 
Eliminado; 2024-03-11 16:21:44; amortización: 84 
Eliminado; 2024-03-11 16:24:21; Préstamo: 21 Cliente: luis alfredo bruno morel monto $46500.00 duración: 18 meses interes: 813750.00
Eliminado; 2024-03-11 16:24:21; Préstamo: 21 
Eliminado; 2024-03-11 16:24:21; transacciones del préstamo: 21 
Eliminado; 2024-03-11 16:24:21; amortización: 21 
Agregado; 2024-03-11 16:28:22; Nuevo préstamo cliente: luis alfredo bruno morel monto prestado $45500 duración: 10 meses interes: 2300
Agregado; 2024-03-11 16:28:39; PAGO IRREGULAR
Agregado; 2024-03-11 16:29:01; PAGO IRREGULAR
Eliminado; 2024-03-11 16:29:45; Préstamo: 31 Adicional del cliente: emiterio medina acosta  monto ADICIONAL $4000
Eliminado; 2024-03-11 16:29:45; adicional del présamo: 31 
Actualizado; 2024-03-11 16:29:45; Préstamo: 31 
Eliminado; 2024-03-11 16:29:46; Préstamo:  Adicional del cliente:  monto  $
Eliminado; 2024-03-11 16:29:46; adicional del présamo:  
Actualizado; 2024-03-11 16:29:46; Préstamo:  
