Eliminado; 2023-07-27 08:44:35; Prestamo del cliente: masiel marte morillo monto $72000.00 duración: 23 meses interes: 4000.00
Eliminado; 2023-07-27 08:44:35; Préstamo: 29 
Eliminado; 2023-07-27 08:44:35; transacciones del préstamo: 29 
Eliminado; 2023-07-27 08:44:35; amortización: 29 
Edicion; 2023-07-27 09:27:33; Transaccion: 59 nuevo valor interes: 3000 nuevo valor capital: 1000
Edicion; 2023-07-27 09:27:49; Transaccion: 60 nuevo valor interes: 3000 nuevo valor capital: 1000
Edicion; 2023-07-27 09:28:02; Transaccion: 61 nuevo valor interes: 3000 nuevo valor capital: 1000
Edicion; 2023-07-27 09:30:07; Transaccion: 62 nuevo valor interes: 3000 nuevo valor capital: 1000
Edicion; 2023-07-27 09:30:23; Transaccion: 102 nuevo valor interes: 3000 nuevo valor capital: 1000
Edicion; 2023-07-27 09:30:34; Transaccion: 137 nuevo valor interes: 3000 nuevo valor capital: 1000
Edicion; 2023-07-27 09:30:53; Transaccion: 169 nuevo valor interes: 3000 nuevo valor capital: 1000
Edicion; 2023-07-27 09:31:06; Transaccion: 188 nuevo valor interes: 3000 nuevo valor capital: 1000
Edicion; 2023-07-27 09:31:21; Transaccion: 237 nuevo valor interes: 3000 nuevo valor capital: 1000
Edicion; 2023-07-27 09:31:37; Transaccion: 281 nuevo valor interes: 3000 nuevo valor capital: 1000
Edicion; 2023-07-27 09:31:50; Transaccion: 391 nuevo valor interes: 3000 nuevo valor capital: 1000
Edicion; 2023-07-27 09:32:04; Transaccion: 390 nuevo valor interes: 3000 nuevo valor capital: 1000
Edicion; 2023-07-27 09:32:19; Transaccion: 394 nuevo valor interes: 3000 nuevo valor capital: 1000
Edicion; 2023-07-27 09:32:33; Transaccion: 453 nuevo valor interes: 3000 nuevo valor capital: 1000
Agregado; 2023-07-27 14:29:39; PAGO IRREGULAR
Agregado; 2023-07-27 14:31:02; PAGO IRREGULAR
