Actualizado; 2024-10-18 13:24:32; Cliente: justo rafael dipuglia rosario 081-0008104-4
Actualizado; 2024-10-18 13:25:10; Cliente: roberto flores acosta 065-0036575-1
Actualizado; 2024-10-18 13:25:37; Cliente: rafael regalado del orbe 057-0000266-9
Actualizado; 2024-10-18 13:26:14; Cliente: roberto hernandez sanchez 071-0027681-0
Actualizado; 2024-10-18 13:26:44; Cliente: ramon quiro melo 060-0011910-4
Actualizado; 2024-10-18 13:27:06; Cliente: rosa lidia paredes miguel 066-0003272-3
Actualizado; 2024-10-18 13:27:27; Cliente: orlando nuñez sanchez 136-0017919-9
Actualizado; 2024-10-18 13:27:44; Cliente: nolberto joel lopez de jesus 060-0018085-8
Actualizado; 2024-10-18 13:28:24; Cliente: yvelisse alcala pool 065-0016464-2
Actualizado; 2024-10-18 13:28:41; Cliente: santo benigno rosario 081-0010924-1
Actualizado; 2024-10-18 13:28:59; Cliente: sebastiana tirado melo 071-0031516-2
Actualizado; 2024-10-18 13:29:17; Cliente: martir carolina hernandez valdez  066-0018652-9
Actualizado; 2024-10-18 13:29:39; Cliente: pedro castillo peralta 060-0005040-8
Actualizado; 2024-10-18 13:30:49; Cliente: amarilis lora alonzo de capellan 071-0004066-1
Actualizado; 2024-10-18 13:31:15; Cliente: justo rafael dipuglia rosario 081-0008104-4
Actualizado; 2024-10-18 13:31:36; Cliente: margarita disla gonzalez 071-0038263-4
Actualizado; 2024-10-18 13:32:17; Cliente: marino martinez trinidad 134-0000191-6
Actualizado; 2024-10-18 13:32:57; Cliente: marino martinez trinidad 134-0000191-6
Actualizado; 2024-10-18 13:33:18; Cliente: marino martinez trinidad 134-0000191-6
Actualizado; 2024-10-18 13:33:47; Cliente: masiell alejandra lopez gil 071-0050864-2
Actualizado; 2024-10-18 13:34:15; Cliente: maria hisabeth garcia lantigua 060-0010854-5
Actualizado; 2024-10-18 13:40:11; Cliente: santo benigno rosario 081-0010924-1
Actualizado; 2024-10-18 13:46:05; Cliente: esperanza yanilca amparo castillo 065-0023555-8
Actualizado; 2024-10-18 13:46:28; Cliente: raul caraballo liranzo 071-0026726-4
Actualizado; 2024-10-18 13:46:49; Cliente: raul caraballo liranzo 071-0026726-4
Actualizado; 2024-10-18 13:47:14; Cliente: jorge luis cepeda martinez 071-0024337-2
Actualizado; 2024-10-18 13:47:31; Cliente: rhoneer guzman ozoria 060-0019196-2
Actualizado; 2024-10-18 13:47:54; Cliente: ROSALY ULLOA  071-0003788-1
Actualizado; 2024-10-18 13:48:11; Cliente: rhoneer guzman ozoria 060-0019196-2
Actualizado; 2024-10-18 13:48:30; Cliente: marilyn antonia jimenez de santana  001-1519064-7
Actualizado; 2024-10-18 13:48:47; Cliente: lisette zaiz ventura 060-0023765-8
Actualizado; 2024-10-18 13:49:38; Cliente: yoseli pamela calcaño lopez 071-0063693-0
Actualizado; 2024-10-18 13:50:10; Cliente: alba caroligia hernandez rodriguez  071-0045258-5
Actualizado; 2024-10-18 13:50:28; Cliente: alba gervancia de la cruz acosta 066-0018508-3
Actualizado; 2024-10-18 13:50:50; Cliente: angel lorenzo breton castillo 071-0027777-6
Actualizado; 2024-10-18 13:51:12; Cliente: angel lorenzo breton castillo 071-0027777-6
Actualizado; 2024-10-18 13:51:57; Cliente: antonio ventura hilario 071-0026997-1
Actualizado; 2024-10-18 13:52:14; Cliente: antonio ventura hilario 071-0026997-1
Actualizado; 2024-10-18 13:52:36; Cliente: ambiorix almanzar castro 071-0041944-4
Actualizado; 2024-10-18 13:56:10; Cliente: vianela almonte lopez 060-0021206-5
Actualizado; 2024-10-18 13:56:28; Cliente: alciviades paredes javier 071-0042668-8
Actualizado; 2024-10-18 13:57:15; Cliente: brahian canot 402-1174976-3
Actualizado; 2024-10-18 13:57:30; Cliente: brahian canot 402-1174976-3
Actualizado; 2024-10-18 13:57:45; Cliente: vianely trinidad paulino 071-0030427-3
Actualizado; 2024-10-18 13:58:14; Cliente: basilia rodriguez altagracia  066-0015281-0
Actualizado; 2024-10-18 13:58:45; Cliente: dorothy cleopatra adolfina vanderhorst almeyda 065-0000419-4
Actualizado; 2024-10-18 13:59:03; Cliente: dorothy cleopatra adolfina vanderhorst almeyda 065-0000419-4
Actualizado; 2024-10-18 13:59:21; Cliente: dannessa deyanara rodriguez  065-0016774-4
Actualizado; 2024-10-18 13:59:44; Cliente: daniela de leon de rodriguez 066-0020557-6
Actualizado; 2024-10-18 14:00:00; Cliente: delva altagracia vanderhorst almeyda 065-0023496-5
Actualizado; 2024-10-18 14:00:17; Cliente: celso garcia castillo 093-0015850-9
Actualizado; 2024-10-18 14:00:31; Cliente: enrique perez peña 071-0024691-2
Actualizado; 2024-10-18 14:01:15; Cliente: emilia almanzar de la cruz  001-1389309-3
Actualizado; 2024-10-18 14:01:30; Cliente: emilia almanzar de la cruz  001-1389309-3
Actualizado; 2024-10-18 14:01:47; Cliente: edilcia encarnacion encarnacion  031-0521378-3
Actualizado; 2024-10-18 14:02:25; Cliente: edward alexander polanco alvarado 060-0016164-3
Actualizado; 2024-10-18 14:03:03; Cliente: francisco paulino esteban 066-0014671-3
Actualizado; 2024-10-18 14:03:21; Cliente: erika gonzalez ramirez  071-0058275-3
Actualizado; 2024-10-18 14:03:59; Cliente: francisco lopez cross 060-0016453-0
Actualizado; 2024-10-18 14:04:19; Cliente: felix alberto campo 060-0010743-0
Actualizado; 2024-10-18 14:04:35; Cliente: gricelida tavarez drullard  065-0013307-6
Actualizado; 2024-10-18 14:04:53; Cliente: gloria tatiana fermin de la rosa 065-0034721-3
Actualizado; 2024-10-18 14:05:43; Cliente: dionisio castillo lora 066-0005708-4
Actualizado; 2024-10-18 14:05:57; Cliente: colombino mata juma 060-0003740-5
Actualizado; 2024-10-18 14:06:12; Cliente: claribel altagracia mendoza hernandez 001-0615395-0
Actualizado; 2024-10-18 14:06:35; Cliente: epifanio cortorreal balbuena 066-0010619-6
Actualizado; 2024-10-18 14:07:09; Cliente: eugenio ernesto marchena fermin 065-0014778-7
Actualizado; 2024-10-18 14:07:41; Cliente: eugenio ernesto marchena fermin 065-0014778-7
Actualizado; 2024-10-18 14:08:09; Cliente: rafael guzman ragalado 071-0002664-5
Actualizado; 2024-10-18 14:08:23; Cliente: marcia martinez y adames de ferrera 066-0012869-5
Actualizado; 2024-10-18 14:08:39; Cliente: pedro garcia reyes 071-0001626-5
Actualizado; 2024-10-18 14:09:12; Cliente: jose francisco lopez fermin 065-0019122-3
Actualizado; 2024-10-18 14:09:36; Cliente: hugo rodriguez  071-0032540-1
Actualizado; 2024-10-18 14:09:53; Cliente: dulce maria olivo cheriz 066-0015821-3
Actualizado; 2024-10-18 14:10:21; Cliente: angela frias genao 136-0006689-1
Actualizado; 2024-10-18 14:10:53; Cliente: josefa rosario bonilla de ureña 081-0001686-7
Actualizado; 2024-10-18 14:12:53; Cliente: altagracia de la rosa castillo 004-0009106-2
Actualizado; 2024-10-18 14:13:13; Cliente: altagracia de la rosa castillo 004-0009106-2
Actualizado; 2024-10-18 14:20:30; Cliente: altagracia de la rosa castillo 004-0009106-2
Actualizado; 2024-10-18 14:20:43; Cliente: nidia elsa ramona oller javier 071-0005325-0
Actualizado; 2024-10-18 14:21:11; Cliente: nidia elsa ramona oller javier 071-0005325-0
Actualizado; 2024-10-18 14:21:27; Cliente: modesta crecencia paredes pierrot 065-0014222-6
Actualizado; 2024-10-18 14:21:40; Cliente: luisa kery 065-0002765-8
Actualizado; 2024-10-18 14:21:56; Cliente: ligia maria dolores alvarado de pereyra 060-0000880-2
Actualizado; 2024-10-18 14:22:29; Cliente: hector bienvenido maria liranzo  071-0024035-2
Actualizado; 2024-10-18 14:22:49; Cliente: hector bienvenido maria liranzo  071-0024035-2
Actualizado; 2024-10-18 14:24:37; Cliente: hector bienvenido maria liranzo  071-0024035-2
Actualizado; 2024-10-18 14:25:02; Cliente: miguel hilario pichardo 071-0007828-1
Actualizado; 2024-10-18 14:25:20; Cliente: leoncia de jesus adames 066-0015423-8
Actualizado; 2024-10-18 14:25:34; Cliente: natividad maldonado de los santos  065-0011998-4
Actualizado; 2024-10-18 14:27:50; Cliente: winny esther mercado palomino 402-2049889-9
Actualizado; 2024-10-18 14:28:07; Cliente: sara felipe kery 066-0012627-7
Actualizado; 2024-10-18 14:28:24; Cliente: ruddy morales fernandez 066-0018717-0
Actualizado; 2024-10-18 14:28:42; Cliente: juan alfonso concepcion vazquez 071-0032092-3
Actualizado; 2024-10-18 14:29:01; Cliente: magaly rivas tejada 071-0041766-1
Actualizado; 2024-10-18 14:30:54; Cliente: jack michael morillo  071-0053215-4
Actualizado; 2024-10-18 14:31:09; Cliente: Marcelino Maldonado Fernández 006-0018010-0
Actualizado; 2024-10-18 14:31:31; Cliente: maribel maria gil 071-0048136-0
Actualizado; 2024-10-18 14:32:04; Cliente: timmy daniel martinez vilorio 060-0016960-4
Actualizado; 2024-10-18 14:32:57; Cliente: timmy daniel martinez vilorio 060-0016960-4
Actualizado; 2024-10-18 14:33:09; Cliente: timmy daniel martinez vilorio 060-0016960-4
Actualizado; 2024-10-18 14:33:33; Cliente: yovanni acosta  garcia de frias 065-0020226-9
Actualizado; 2024-10-18 14:33:54; Cliente: mily cuevas sosa 071-0029559-6
Actualizado; 2024-10-18 14:34:08; Cliente: yadixa garcia lopez 402-2052620-2
Actualizado; 2024-10-18 14:34:23; Cliente: ysidora altagracia minaya duran 066-0006871-9
Actualizado; 2024-10-18 14:34:44; Cliente: josefina rojas mercedes de garcia 071-0027205-8
Actualizado; 2024-10-18 14:35:06; Cliente: nicaurys fermin fermin 065-0037542-0
Actualizado; 2024-10-18 14:35:31; Cliente: yuderky ramona gama olivo 071-0001610-9
Actualizado; 2024-10-18 14:36:00; Cliente: luisa yanelsi then molina 071-0046256-8
Actualizado; 2024-10-18 14:36:41; Cliente: marino candelario compres 136-0007720-3
Actualizado; 2024-10-18 14:36:55; Cliente: yulizan encarnacion crooke 066-0022171-4
Actualizado; 2024-10-18 14:37:41; Cliente: yesenia de los santos marte 065-0024412-1
Actualizado; 2024-10-18 14:38:08; Cliente: yadira margarita taveras taveras 012-0108591-5
Actualizado; 2024-10-18 14:38:26; Cliente: juana  yesenia facenda hernandez 071-0032075-8
Actualizado; 2024-10-18 14:38:54; Cliente: nestor pablo perreaux hernandez 402-2035668-3
Actualizado; 2024-10-18 14:39:09; Cliente: nestor pablo perreaux hernandez 402-2035668-3
Actualizado; 2024-10-18 14:39:37; Cliente: lorenza maria jose avelino 066-0013831-4
Actualizado; 2024-10-18 14:39:59; Cliente: lucas de la rosa mercado 136-0001722-5
Actualizado; 2024-10-18 14:40:49; Cliente: ramon garcia 066-0018142-1
Actualizado; 2024-10-18 14:41:22; Cliente: jack michael morillo  071-0053215-4
Actualizado; 2024-10-18 14:41:43; Cliente: jack michael morillo  071-0053215-4
Actualizado; 2024-10-18 14:42:17; Cliente: luisa yanelsi then molina 071-0046256-8
Actualizado; 2024-10-18 14:42:33; Cliente: luisa yanelsi then molina 071-0046256-8
Actualizado; 2024-10-18 14:43:13; Cliente: nestor pablo perreaux hernandez 402-2035668-3
Actualizado; 2024-10-18 14:43:25; Cliente: nestor pablo perreaux hernandez 402-2035668-3
Actualizado; 2024-10-18 14:44:18; Cliente: bienvenido amparo padilla 066-0005637-5
Actualizado; 2024-10-18 14:44:43; Cliente: fabio rafael moris geronimo 065-0031393-4
Actualizado; 2024-10-18 14:45:04; Cliente: tomas de aza martinez 071-0052322-9
Actualizado; 2024-10-18 14:45:19; Cliente: teresa morel gabino 065-0014836-3
Actualizado; 2024-10-18 14:45:52; Cliente: tomas gonzalez nolazco  071-0026804-9
Actualizado; 2024-10-18 14:46:06; Cliente: tomas gonzalez nolazco  071-0026804-9
Actualizado; 2024-10-18 14:47:01; Cliente: reina camilo reyes 071-0045315-3
Actualizado; 2024-10-18 14:47:32; Cliente: ulfralina gonzalez de la rosa 071-0051085-3
Actualizado; 2024-10-18 14:47:53; Cliente: jorge luis zorrilla jimenez 071-0060850-9
Actualizado; 2024-10-18 14:48:20; Cliente: rafael gil ureña 071-0023933-9
Actualizado; 2024-10-18 14:48:38; Cliente: romely acosta nuñez 065-0042018-4
Actualizado; 2024-10-18 14:48:53; Cliente: yareni francisca lantigua estevez 071-0054489-4
Actualizado; 2024-10-18 14:49:14; Cliente: yolanda mercedes calcaño miguel  065-0018199-2
Actualizado; 2024-10-18 14:49:48; Cliente: adonis taveras garcia  402-2566881-9
Actualizado; 2024-10-18 14:51:22; Cliente: juana martinez frias  071-0040781-1
Actualizado; 2024-10-18 14:52:24; Cliente: eliane elizabeth gomez padilla 060-0023830-0
Actualizado; 2024-10-18 14:53:04; Cliente: reyna compres diez 136-0018325-8
Actualizado; 2024-10-18 14:53:39; Cliente: reyna compres diez 136-0018325-8
Actualizado; 2024-10-18 14:54:09; Cliente: jose hernandez 058-0014704-2
Actualizado; 2024-10-18 14:54:23; Cliente: ernesto moris geronimo 065-0015193-8
Actualizado; 2024-10-18 14:54:57; Cliente: elisabeth serrano 071-0041929-5
Actualizado; 2024-10-18 14:55:15; Cliente: angel jimenez paniagua 071-0023066-8
Actualizado; 2024-10-18 14:55:38; Cliente: isaias antigua rodriguez 071-0035996-2
Actualizado; 2024-10-18 14:56:16; Cliente: angel luis hernandez alcequiez 071-0045785-7
Actualizado; 2024-10-18 14:56:44; Cliente: angel luis moris echavarria 065-0032264-6
Actualizado; 2024-10-18 14:57:12; Cliente: alba daniela roque osorio 402-1184452-3
Actualizado; 2024-10-18 14:59:08; Cliente: juan ulloa altagracia  071-0022487-7
Actualizado; 2024-10-18 14:59:35; Cliente: katherine maria abreu mendoza 001-1885850-5
Actualizado; 2024-10-18 15:00:01; Cliente: justo santos 065-0018569-6
Actualizado; 2024-10-18 15:00:18; Cliente: alba daniela roque osorio 402-1184452-3
Actualizado; 2024-10-18 15:01:10; Cliente: emiterio medina acosta  066-0018807-9
Actualizado; 2024-10-18 15:01:34; Cliente: francisco calcaño boyer 402-2341572-6
Actualizado; 2024-10-18 15:02:00; Cliente: luis alberto matias sanchez 402-2701376-6
Actualizado; 2024-10-18 15:02:22; Cliente: luis alfredo bruno morel 402-2775760-2
Actualizado; 2024-10-18 15:03:06; Cliente: felicia lorenny benjamin serra 402-3370835-9
Actualizado; 2024-10-18 15:03:23; Cliente: miguelina alonzo paulino 402-1198068-1
Actualizado; 2024-10-18 15:03:43; Cliente: maria lopez mejia  136-0013301-4
Actualizado; 2024-10-18 15:04:09; Cliente: mercedes michell concepcion 071-0052899-6
Actualizado; 2024-10-18 15:04:26; Cliente: nelson villa espinal 060-0015359-0
Actualizado; 2024-10-18 15:04:47; Cliente: nicolas morel toribio  071-0041178-9
Actualizado; 2024-10-18 15:05:01; Cliente: nancy garcia 071-0033758-8
Actualizado; 2024-10-18 15:05:21; Cliente: julio francisco rosario serrano 059-0009348-4
Actualizado; 2024-10-18 15:08:16; Cliente: buenaventura diaz calcaño 071-0018369-3
Actualizado; 2024-10-18 15:10:20; Cliente: ana maria gonzalez peña 071-0009842-0
Actualizado; 2024-10-18 15:11:10; Cliente: modesto gonzalez lopez 071-0024453-7
Actualizado; 2024-10-18 15:11:59; Cliente: junior nuñez paredes 071-0055884-5
Actualizado; 2024-10-18 15:12:25; Cliente: jose francisco lopez fermin 065-0019122-3
Actualizado; 2024-10-18 15:12:44; Cliente: yeraldin paulino bonilla 071-0055263-2
Actualizado; 2024-10-18 15:13:00; Cliente: perla massiel acosta faña 402-1521290-9
Actualizado; 2024-10-18 15:13:20; Cliente: juan carlos medina osorio 066-0022516-0
Actualizado; 2024-10-18 15:13:47; Cliente: tomas gonzalez nolazco  071-0026804-9
Actualizado; 2024-10-18 15:14:08; Cliente: tomas gonzalez nolazco  071-0026804-9
Actualizado; 2024-10-18 15:14:40; Cliente: jose alberto rodriguez de aza 071-0026701-7
Actualizado; 2024-10-18 15:17:29; Cliente: luz estel palomino de capois 066-0015149-9
Actualizado; 2024-10-18 15:17:44; Cliente: julio rodriguez sanchez  071-0035422-9
Actualizado; 2024-10-18 15:18:01; Cliente: ramon lopez fabian 071-0004476-2
Actualizado; 2024-10-18 15:18:19; Cliente: pedro pablo valdez sanchez 071-0014776-3
Actualizado; 2024-10-18 15:19:03; Cliente: eugenio ernesto marchena fermin 065-0014778-7
Actualizado; 2024-10-18 15:19:27; Cliente: amadito del rosario tejada 060-0015000-0
Actualizado; 2024-10-18 15:20:46; Cliente: dionisio castillo lora 066-0005708-4
Actualizado; 2024-10-18 15:20:58; Cliente: yina maria hernandez 065-0001375-7
Actualizado; 2024-10-18 15:21:49; Cliente: santa cruceta lantigua de garcia 136-0014442-5
Actualizado; 2024-10-18 15:22:29; Cliente: mauricio calcaño genao 067-0003079-1
Actualizado; 2024-10-18 15:23:13; Cliente: yina maria hernandez 065-0001375-7
Actualizado; 2024-10-18 15:23:35; Cliente: yina maria hernandez 065-0001375-7
Actualizado; 2024-10-18 15:24:16; Cliente: dionisio castillo lora 066-0005708-4
Actualizado; 2024-10-18 15:24:40; Cliente: joselisa maridrea payano reyes 402-2158626-2
Actualizado; 2024-10-18 15:25:04; Cliente: bernarda garcia andujar 066-0018028-2
Actualizado; 2024-10-18 15:25:41; Cliente: roberto rosa polonia 071-0027931-9
Actualizado; 2024-10-18 15:25:58; Cliente: concepcion jazmin ramon 065-0023467-6
Actualizado; 2024-10-18 15:26:32; Cliente: ambiorix almanzar castro 071-0041944-4
Actualizado; 2024-10-18 15:27:21; Cliente: yissel de jesus 071-0052733-7
Actualizado; 2024-10-18 15:27:36; Cliente: jorge chavez  066-0016676-0
Actualizado; 2024-10-18 15:28:02; Cliente: dianelba gizeh mercedes de castillo 071-0041796-8
Actualizado; 2024-10-18 15:29:00; Cliente: francisco humberto lorenzo flores 001-1691984-6
Actualizado; 2024-10-18 15:29:23; Cliente: jose orlando vasquez payano 071-0004153-7
Actualizado; 2024-10-18 15:29:42; Cliente: arcenio perez 066-0006414-8
Actualizado; 2024-10-18 15:30:00; Cliente: victor alberto garcia andujar  066-0016919-4
Actualizado; 2024-10-18 15:30:22; Cliente: luis german parra 071-0012447-3
Actualizado; 2024-10-18 15:30:58; Cliente: wilfry lantigua 071-0061560-3
Actualizado; 2024-10-18 15:31:53; Cliente: wilfry lantigua 071-0061560-3
Actualizado; 2024-10-18 15:32:16; Cliente: wilfry lantigua 071-0061560-3
Actualizado; 2024-10-18 15:32:33; Cliente: inmaculada concepcion peña 066-0018630-5
Actualizado; 2024-10-18 15:32:49; Cliente: juan carlos garcia tirado 060-0020350-2
Actualizado; 2024-10-18 15:33:08; Cliente: juan carlos medina osorio 066-0022516-0
Actualizado; 2024-10-18 15:34:06; Cliente: raquel mercedes marte ferreyra de rodriguez 071-0032998-1
Actualizado; 2024-10-18 15:35:20; Cliente: sonia martinez 071-0025073-2
Actualizado; 2024-10-18 15:36:00; Cliente: mary cruz henriquez mercedes 065-0005506-3
Actualizado; 2024-10-18 15:36:31; Cliente: leonidas alvarado rodriguez 071-0029353-4
Actualizado; 2024-10-18 15:37:01; Cliente: leoncia de jesus adames 066-0015423-8
Actualizado; 2024-10-18 15:37:32; Cliente: leonidas alvarado rodriguez 071-0029353-4
Actualizado; 2024-10-18 15:37:55; Cliente: leonidas alvarado rodriguez 071-0029353-4
Actualizado; 2024-10-18 15:38:35; Cliente: juan carlos garcia tirado 060-0020350-2
