Actualizado; 2023-05-19 09:54:24; Cliente: ruddy morales fernandez 066-0018717-0
Actualizado; 2023-05-19 09:54:37; Cliente: miguela dippiton dippiton  060-0014791-5
Actualizado; 2023-05-19 09:54:49; Cliente: dannessa deyanara rodriguez  065-0016114-4
Actualizado; 2023-05-19 09:55:02; Cliente: edilcia encarnacion encarnacion  031-0521378-3
Actualizado; 2023-05-19 09:55:21; Cliente: yesenia de los santos marte 065-0024412-1
Actualizado; 2023-05-19 09:55:51; Cliente: leoncia de jesus adames 066-0015423-8
Actualizado; 2023-05-19 09:56:03; Cliente: edward alexander polanco alvarado 060-0016164-3
Actualizado; 2023-05-19 09:56:33; Cliente: alexander reyes 060-0016765-7
Actualizado; 2023-05-19 09:57:30; Cliente: francisco paulino esteban 066-0014671-3
Actualizado; 2023-05-19 10:06:13; Cliente: esperanza yanilca amparo castillo 065-0023555-8
Actualizado; 2023-05-19 10:06:46; Cliente: nestor pablo perreaux hernandez 402-2035668-3
Actualizado; 2023-05-19 10:07:02; Cliente: ramon garcia 066-0018142-1
Actualizado; 2023-05-19 10:07:32; Cliente: juana  yesenia facenda hernandez 071-0032075-8
Actualizado; 2023-05-19 10:07:44; Cliente: JUAN ALFONSO CONCEPCION VAZQUEZ 071-0032092-3
Actualizado; 2023-05-19 10:07:57; Cliente: rhoneer guzman ozoria 060-0019196-2
Actualizado; 2023-05-19 10:08:17; Cliente: erika gonzalez ramirez  071-0058275-3
Actualizado; 2023-05-19 10:08:31; Cliente: alba gervancia de la cruz acosta 066-0018508-3
Actualizado; 2023-05-19 10:08:52; Cliente: ambiorix almanzar castro 071-0041944-4
Actualizado; 2023-05-19 10:09:09; Cliente: marino candelario compres 136-0007720-3
Actualizado; 2023-05-19 10:09:22; Cliente: yissel de jesus 071-0052733-7
Actualizado; 2023-05-19 10:09:54; Cliente: marilyn antonia jimenez de santana  001-1519064-7
Actualizado; 2023-05-19 10:10:11; Cliente: luisa yanelsi then molina 071-0046256-8
Actualizado; 2023-05-19 10:10:45; Cliente: maribel maria gil 071-0048136-0
Actualizado; 2023-05-19 10:11:00; Cliente: ysidora altagracia minaya duran 066-0006871-9
Actualizado; 2023-05-19 10:11:12; Cliente: rosa lidia paredes miguel 066-0003272-3
Actualizado; 2023-05-19 10:12:05; Cliente: hugo rodriguez  071-0032540-1
Actualizado; 2023-05-19 10:12:14; Cliente: margarita disla gonzalez 071-0038263-4
Actualizado; 2023-05-19 10:12:22; Cliente: yolanda mercedes calcaño miguel  065-0018199-2
Actualizado; 2023-05-19 10:12:35; Cliente: ulfralina gonzalez de la rosa 071-0051085-3
Actualizado; 2023-05-19 10:13:21; Cliente: rafael regalado del orbe 057-0000266-9
Actualizado; 2023-05-19 10:14:19; Cliente: erika gonzalez ramirez  071-0058275-3
Actualizado; 2023-05-19 10:15:00; Cliente: basilia rodriguez altagracia  066-0015281-0
Actualizado; 2023-05-19 10:15:18; Cliente: concepcion jazmin ramon 065-0023467-6
Actualizado; 2023-05-19 10:15:49; Cliente: gricelida tavarez drullard  065-0013307-6
Actualizado; 2023-05-19 10:32:26; Cliente: adonis taveras garcia  402-2566881-9
Actualizado; 2023-05-19 10:32:41; Cliente: justo santos 065-0018569-6
Actualizado; 2023-05-19 10:32:54; Cliente: wilfry lantigua 071-0061560-3
Actualizado; 2023-05-19 10:33:03; Cliente: albania polanco sanchez 071-0052303-9
Actualizado; 2023-05-19 10:33:14; Cliente: buenaventura diaz calcaño 071-0018369-3
Actualizado; 2023-05-19 10:33:33; Cliente: amadito del rosario tejada 060-0015000-0
Actualizado; 2023-05-19 10:33:43; Cliente: mariano de peña miguel 065-0005394-4
Actualizado; 2023-05-19 10:33:54; Cliente: ernesto moris geronimo 065-0015193-8
Actualizado; 2023-05-19 10:34:07; Cliente: rafael gil ureña 071-0023933-9
Actualizado; 2023-05-19 10:34:53; Cliente: luis alberto matias sanchez 402-2701376-6
Actualizado; 2023-05-19 10:35:03; Cliente: luis alfredo bruno morel 402-2775760-2
Actualizado; 2023-05-19 10:35:49; Cliente: arleny dominga jazmin de peña 065-0042958-1
Actualizado; 2023-05-19 10:36:02; Cliente: felicia lorenny benjamin serra 402-3370835-9
Actualizado; 2023-05-19 10:36:17; Cliente: victoria bueno de peña 066-0023719-9
Actualizado; 2023-05-19 10:36:28; Cliente: juana martinez frias  071-0040781-1
Actualizado; 2023-05-19 10:36:36; Cliente: rosmelin garcia taveras 402-2365787-1
Actualizado; 2023-05-19 10:36:47; Cliente: juan ulloa altagracia  071-0022487-7
Actualizado; 2023-05-19 10:37:29; Cliente: angel paredes  071-0022745-8
Actualizado; 2023-05-19 10:39:27; Cliente: reyna compres diez 136-0018325-8
Actualizado; 2023-05-19 10:39:39; Cliente: maria lopez mejia  136-0013301-4
Actualizado; 2023-05-19 10:40:17; Cliente: angel luis moris echavarria 065-0032264-6
Actualizado; 2023-05-19 10:40:27; Cliente: inmaculada concepcion peña 066-0018630-5
Actualizado; 2023-05-19 10:40:37; Cliente: angel jimenez paniagua 071-0023066-8
Actualizado; 2023-05-19 10:40:50; Cliente: nicolas morel toribio  071-0041178-9
Actualizado; 2023-05-19 10:41:06; Cliente: lesly miguel silverio 071-0045609-9
Actualizado; 2023-05-19 10:41:15; Cliente: jose hernandez 058-0014704-2
Actualizado; 2023-05-19 10:41:25; Cliente: VIRKING YANET SIERRA MOYA 071-0034049-1
Actualizado; 2023-05-19 10:41:35; Cliente: luis ramon pereyra paredes 060-0007010-_
Actualizado; 2023-05-19 10:41:42; Cliente: liliana nin guzman 071-0063436-4
Actualizado; 2023-05-19 10:52:00; Cliente: jose lucas de jesus rodriguez 071-0023994-1
Actualizado; 2023-05-19 10:52:13; Cliente: jose anibal david polanco  071-0007132-8
Actualizado; 2023-05-19 10:52:25; Cliente: ligia maria dolores alvarado de pereyra 060-0000880-2
Actualizado; 2023-05-19 10:52:38; Cliente: nidia elsa ramona oller javier 071-0005325-0
Actualizado; 2023-05-19 10:52:48; Cliente: pedro pablo valdez sanchez 071-0014776-3
Actualizado; 2023-05-19 10:52:55; Cliente: luisa kery 065-0002765-8
Actualizado; 2023-05-19 10:53:07; Cliente: julio rodriguez sanchez  071-0035422-9
Actualizado; 2023-05-19 10:53:14; Cliente: modesta crecencia paredes pierrot 065-0014222-6
Actualizado; 2023-05-19 10:53:29; Cliente: pedro garcia reyes 071-0001626-5
