Actualizado; 2024-11-20 17:34:33; Cliente: vianela almonte lopez 060-0021206-5
Actualizado; 2024-11-20 17:35:03; Cliente: juan alfonso concepcion vazquez 071-0032092-3
Actualizado; 2024-11-20 17:35:31; Cliente: francisco lopez cross 060-0016453-0
Actualizado; 2024-11-20 17:35:44; Cliente: ysidora altagracia minaya duran 066-0006871-9
Actualizado; 2024-11-20 17:35:58; Cliente: yadira margarita taveras taveras 012-0108591-5
Actualizado; 2024-11-20 17:36:12; Cliente: nestor pablo perreaux hernandez 402-2035668-3
Actualizado; 2024-11-20 17:36:26; Cliente: pedro castillo peralta 060-0005040-8
Actualizado; 2024-11-20 17:36:43; Cliente: jorge luis cepeda martinez 071-0024337-2
Actualizado; 2024-11-20 17:36:57; Cliente: basilia rodriguez altagracia  066-0015281-0
Actualizado; 2024-11-20 17:37:13; Cliente: juana  yesenia facenda hernandez 071-0032075-8
Actualizado; 2024-11-20 17:37:30; Cliente: rhoneer guzman ozoria 060-0019196-2
Actualizado; 2024-11-20 17:37:41; Cliente: nicaurys fermin fermin 065-0037542-0
Actualizado; 2024-11-20 17:38:02; Cliente: maria hisabeth garcia lantigua 060-0010854-5
Actualizado; 2024-11-20 17:38:20; Cliente: dannessa deyanara rodriguez  065-0016774-4
Actualizado; 2024-11-20 17:38:36; Cliente: margarita disla gonzalez 071-0038263-4
Actualizado; 2024-11-20 17:39:00; Cliente: marino martinez trinidad 134-0000191-6
Actualizado; 2024-11-20 17:39:20; Cliente: daniela de leon de rodriguez 066-0020557-6
Actualizado; 2024-11-20 17:39:31; Cliente: ambiorix almanzar castro 071-0041944-4
Actualizado; 2024-11-20 17:39:45; Cliente: alba caroligia hernandez rodriguez  071-0045258-5
Actualizado; 2024-11-20 17:40:03; Cliente: dorothy cleopatra adolfina vanderhorst almeyda 065-0000419-4
Actualizado; 2024-11-20 17:40:16; Cliente: lorenza maria jose avelino 066-0013831-4
Actualizado; 2024-11-20 17:41:09; Cliente: edilcia encarnacion encarnacion  031-0521378-3
Actualizado; 2024-11-20 17:41:23; Cliente: brahian canot 402-1174976-3
Actualizado; 2024-11-20 17:41:43; Cliente: maribel maria gil 071-0048136-0
Actualizado; 2024-11-20 17:41:55; Cliente: ruddy morales fernandez 066-0018717-0
Actualizado; 2024-11-20 17:42:15; Cliente: gricelida tavarez drullard  065-0013307-6
Actualizado; 2024-11-20 17:42:30; Cliente: luisa yanelsi then molina 071-0046256-8
Actualizado; 2024-11-20 17:42:43; Cliente: yadixa garcia lopez 402-2052620-2
Actualizado; 2024-11-20 17:42:55; Cliente: jack michael morillo  071-0053215-4
Actualizado; 2024-11-20 17:43:07; Cliente: erika gonzalez ramirez  071-0058275-3
Actualizado; 2024-11-20 17:43:24; Cliente: yesenia de los santos marte 065-0024412-1
Actualizado; 2024-11-20 17:43:37; Cliente: esperanza yanilca amparo castillo 065-0023555-8
Actualizado; 2024-11-20 17:43:48; Cliente: raul caraballo liranzo 071-0026726-4
Actualizado; 2024-11-20 17:44:04; Cliente: winny esther mercado palomino 402-2049889-9
Actualizado; 2024-11-20 17:44:21; Cliente: roberto hernandez sanchez 071-0027681-0
Actualizado; 2024-11-20 17:44:36; Cliente: timmy daniel martinez vilorio 060-0016960-4
Actualizado; 2024-11-20 17:45:10; Cliente: edward alexander polanco alvarado 060-0016164-3
Actualizado; 2024-11-20 17:46:19; Cliente: mercedes michell concepcion 071-0052899-6
Actualizado; 2024-11-20 17:46:32; Cliente: jorge luis zorrilla jimenez 071-0060850-9
Actualizado; 2024-11-20 17:46:45; Cliente: julio francisco rosario serrano 059-0009348-4
Actualizado; 2024-11-20 17:47:04; Cliente: luis alberto matias sanchez 402-2701376-6
Actualizado; 2024-11-20 17:47:19; Cliente: emiterio medina acosta  066-0018807-9
Actualizado; 2024-11-20 17:48:29; Cliente: eliane elizabeth gomez padilla 060-0023830-0
Actualizado; 2024-11-20 17:48:42; Cliente: bienvenido amparo padilla 066-0005637-5
Actualizado; 2024-11-20 17:48:55; Cliente: amadito del rosario tejada 060-0015000-0
Actualizado; 2024-11-20 17:49:21; Cliente: rafael gil ureña 071-0023933-9
Actualizado; 2024-11-20 17:49:35; Cliente: nicolas morel toribio  071-0041178-9
Actualizado; 2024-11-20 17:49:48; Cliente: nelson villa espinal 060-0015359-0
Actualizado; 2024-11-20 17:50:02; Cliente: romely acosta nuñez 065-0042018-4
Actualizado; 2024-11-20 17:50:13; Cliente: ulfralina gonzalez de la rosa 071-0051085-3
Actualizado; 2024-11-20 17:50:36; Cliente: alba daniela roque osorio 402-1184452-3
Actualizado; 2024-11-20 17:50:56; Cliente: angel jimenez paniagua 071-0023066-8
Actualizado; 2024-11-20 17:51:08; Cliente: ernesto moris geronimo 065-0015193-8
Actualizado; 2024-11-20 17:51:39; Cliente: maria lopez mejia  136-0013301-4
Actualizado; 2024-11-20 17:51:50; Cliente: nancy garcia 071-0033758-8
Actualizado; 2024-11-20 17:52:06; Cliente: katherine maria abreu mendoza 001-1885850-5
Actualizado; 2024-11-20 18:07:26; Cliente: yolanda mercedes calcaño miguel  065-0018199-2
Actualizado; 2024-11-20 18:07:42; Cliente: ROSALY ULLOA  071-0003788-1
