Agregado; 2023-07-24 08:44:36; PAGO IRREGULAR
Agregado; 2023-07-24 09:02:27; adicional al capital, cliente:  $58000
Agregado; 2023-07-24 09:47:17; Nuevo préstamo cliente: timmy daniel martinez vilorio monto prestado $60000 duración: 10 meses interes: 3000
Agregado; 2023-07-24 10:34:07; PAGO IRREGULAR
Agregado; 2023-07-24 12:47:37; PAGO IRREGULAR
Agregado; 2023-07-24 12:47:58; PAGO IRREGULAR
Agregado; 2023-07-24 12:48:16; PAGO IRREGULAR
Agregado; 2023-07-24 12:48:39; PAGO IRREGULAR
Agregado; 2023-07-24 12:48:52; PAGO IRREGULAR
Agregado; 2023-07-24 12:50:44; PAGO IRREGULAR
Agregado; 2023-07-24 12:51:45; PAGO IRREGULAR
Agregado; 2023-07-24 12:52:36; PAGO IRREGULAR
Agregado; 2023-07-24 12:53:00; PAGO IRREGULAR
Agregado; 2023-07-24 12:53:19; PAGO IRREGULAR
Agregado; 2023-07-24 12:53:31; PAGO IRREGULAR
Agregado; 2023-07-24 12:53:57; PAGO IRREGULAR
Agregado; 2023-07-24 12:54:18; PAGO IRREGULAR
Agregado; 2023-07-24 12:54:51; PAGO IRREGULAR
Agregado; 2023-07-24 12:55:25; PAGO IRREGULAR
Agregado; 2023-07-24 12:56:18; PAGO IRREGULAR
Agregado; 2023-07-24 12:56:41; PAGO IRREGULAR
Agregado; 2023-07-24 12:57:21; PAGO IRREGULAR
Agregado; 2023-07-24 12:57:45; PAGO IRREGULAR
Agregado; 2023-07-24 13:00:08; PAGO IRREGULAR
Agregado; 2023-07-24 13:00:26; PAGO IRREGULAR
Agregado; 2023-07-24 13:00:49; PAGO IRREGULAR
Agregado; 2023-07-24 13:01:14; PAGO IRREGULAR
Agregado; 2023-07-24 13:01:35; PAGO IRREGULAR
Agregado; 2023-07-24 13:01:51; PAGO IRREGULAR
Agregado; 2023-07-24 13:03:10; PAGO IRREGULAR
Agregado; 2023-07-24 13:03:34; PAGO IRREGULAR
Agregado; 2023-07-24 13:04:08; PAGO IRREGULAR
Agregado; 2023-07-24 13:05:34; PAGO IRREGULAR
Agregado; 2023-07-24 13:06:35; PAGO IRREGULAR
Agregado; 2023-07-24 13:06:49; PAGO IRREGULAR
Agregado; 2023-07-24 13:07:18; PAGO IRREGULAR
Agregado; 2023-07-24 13:07:38; PAGO IRREGULAR
Agregado; 2023-07-24 13:09:32; PAGO IRREGULAR
Agregado; 2023-07-24 13:10:04; PAGO IRREGULAR
Agregado; 2023-07-24 13:11:13; PAGO IRREGULAR
Agregado; 2023-07-24 13:13:50; PAGO IRREGULAR
Agregado; 2023-07-24 13:14:08; PAGO IRREGULAR
Agregado; 2023-07-24 13:15:22; PAGO IRREGULAR
Eliminado; 2023-07-24 13:15:57; Adicional del cliente: lorenza maria jose avelino monto ADICIONAL $58000
Eliminado; 2023-07-24 13:15:57; adicional del présamo: 252 
Actualizado; 2023-07-24 13:15:57; Préstamo: 252 
Eliminado; 2023-07-24 13:15:58; Adicional del cliente:  monto  $
Eliminado; 2023-07-24 13:15:58; adicional del présamo:  
Actualizado; 2023-07-24 13:15:58; Préstamo:  
Agregado; 2023-07-24 13:16:12; PAGO IRREGULAR
Agregado; 2023-07-24 13:16:31; adicional al capital, cliente:  $58000
Agregado; 2023-07-24 13:16:58; PAGO IRREGULAR
Agregado; 2023-07-24 13:17:14; PAGO IRREGULAR
Agregado; 2023-07-24 13:17:30; PAGO IRREGULAR
Agregado; 2023-07-24 13:17:46; PAGO IRREGULAR
Agregado; 2023-07-24 13:18:02; PAGO IRREGULAR
Agregado; 2023-07-24 13:18:16; PAGO IRREGULAR
Agregado; 2023-07-24 13:18:34; PAGO IRREGULAR
Agregado; 2023-07-24 13:19:00; PAGO IRREGULAR
Agregado; 2023-07-24 13:19:15; PAGO IRREGULAR
Agregado; 2023-07-24 13:19:31; PAGO IRREGULAR
Agregado; 2023-07-24 13:19:51; PAGO IRREGULAR
Agregado; 2023-07-24 13:36:02; PAGO IRREGULAR
Agregado; 2023-07-24 13:44:46; PAGO IRREGULAR
Agregado; 2023-07-24 13:44:46; abono al capital de cliente: maria hisabeth garcia lantigua $3000 
Agregado; 2023-07-24 13:47:07; PAGO IRREGULAR
Agregado; 2023-07-24 14:24:20; PAGO IRREGULAR
Agregado; 2023-07-24 15:22:44; adicional al capital, cliente:  $2000
