Agregado; 2024-04-17 16:57:03; PAGO IRREGULAR
Agregado; 2024-04-17 16:57:31; PAGO IRREGULAR
Agregado; 2024-04-17 16:58:00; PAGO IRREGULAR
Agregado; 2024-04-17 16:58:14; PAGO IRREGULAR
Agregado; 2024-04-17 16:58:48; PAGO IRREGULAR
Agregado; 2024-04-17 16:59:11; PAGO IRREGULAR
Agregado; 2024-04-17 16:59:37; PAGO IRREGULAR
Actualizado; 2024-04-17 16:59:59; Préstamo cliente: rafael guzman ragalado monto prestado $50000.00 duración: 10 meses interes: 3000
Agregado; 2024-04-17 17:00:06; PAGO IRREGULAR
Agregado; 2024-04-17 17:00:27; PAGO IRREGULAR
Actualizado; 2024-04-17 17:00:55; Préstamo cliente: pedro pablo valdez sanchez monto prestado $200000.00 duración: 10 meses interes: 10300
Agregado; 2024-04-17 17:01:02; PAGO IRREGULAR
Agregado; 2024-04-17 17:01:26; PAGO IRREGULAR
Agregado; 2024-04-17 17:01:46; PAGO IRREGULAR
Agregado; 2024-04-17 17:02:08; PAGO IRREGULAR
Agregado; 2024-04-17 17:03:04; PAGO IRREGULAR
Eliminado; 2024-04-17 17:03:24; Préstamo: 262 Cliente: pedro garcia reyes monto $50000.00 duración: 10 meses interes: 2500.00
Eliminado; 2024-04-17 17:03:24; Préstamo: 262 
Eliminado; 2024-04-17 17:03:24; amortización: 262 
Agregado; 2024-04-17 17:03:34; PAGO IRREGULAR
Agregado; 2024-04-17 17:03:44; PAGO IRREGULAR
Actualizado; 2024-04-17 17:04:12; Préstamo cliente: miguel hilario pichardo monto prestado $100000.00 duración: 10 meses interes: 6000
Agregado; 2024-04-17 17:04:18; PAGO IRREGULAR
Agregado; 2024-04-17 17:04:37; PAGO IRREGULAR
