Eliminado; 2024-12-17 12:54:37; Préstamo: 432 Cliente: raul caraballo liranzo monto $158000.00 duración: 10 meses interes: 8650.00
Eliminado; 2024-12-17 12:54:37; Préstamo: 432 
Eliminado; 2024-12-17 12:54:37; amortización: 432 
Actualizado; 2024-12-17 13:00:10; Préstamo cliente: alba caroligia hernandez rodriguez  monto prestado $350000.00 duración: 10 meses interes: 15700
Actualizado; 2024-12-17 13:06:38; Préstamo cliente: martir carolina hernandez valdez  monto prestado $65000 duración: 10 meses interes: 36250
Actualizado; 2024-12-17 13:14:42; Préstamo cliente: jose miguel ozoria acosta monto prestado $275000.00 duración: 10 meses interes: 13750
Eliminado; 2024-12-17 13:14:52; Préstamo: 472 Cliente: jose miguel ozoria acosta monto $75000.00 duración: 10 meses interes: 3750.00
Eliminado; 2024-12-17 13:14:52; Préstamo: 472 
Eliminado; 2024-12-17 13:14:52; amortización: 472 
Agregado; 2024-12-17 13:22:44; Préstamo: 462 Abono al capital de cliente: juana  yesenia facenda hernandez $25000 
Actualizado; 2024-12-17 13:25:13; Préstamo cliente: rafael regalado del orbe monto prestado $150000.00 duración: 10 meses interes: 7500
Actualizado; 2024-12-17 13:54:02; Préstamo cliente: yordany ribota peña monto prestado $25000.00 duración: 10 meses interes: 1250
Eliminado; 2024-12-17 13:56:02; Préstamo: 356 Cliente: angela frias genao monto $90000.00 duración: 10 meses interes: 5000.00
Eliminado; 2024-12-17 13:56:02; Préstamo: 356 
Eliminado; 2024-12-17 13:56:02; amortización: 356 
Agregado; 2024-12-17 13:57:30; Préstamo: 221 Adicional al capital, cliente:  $7300
Agregado; 2024-12-17 14:25:17; Préstamo: 454 Adicional al capital, cliente:  $6100
Agregado; 2024-12-17 14:49:47; Préstamo: 338 Adicional al capital, cliente:  $8500
Agregado; 2024-12-17 14:51:05; Préstamo: 345 Adicional al capital, cliente:  $21800
Agregado; 2024-12-17 14:52:55; Préstamo: 373 Adicional al capital, cliente:  $6000
