Agregado; 2024-05-27 19:42:29; Préstamo: 364 Adicional al capital, cliente:  $15000
Actualizado; 2024-05-27 19:49:01; Préstamo cliente: gloria tatiana fermin de la rosa monto prestado $75000.00 duración: 10 meses interes: 4350
Actualizado; 2024-05-27 20:03:34; Préstamo cliente: jorge luis cepeda martinez monto prestado $208000.00 duración: 10 meses interes: 11600
Actualizado; 2024-05-27 20:21:00; Préstamo cliente: ruddy morales fernandez monto prestado $60000.00 duración: 10 meses interes: 6000
Actualizado; 2024-05-27 20:24:23; Préstamo cliente: timmy daniel martinez vilorio monto prestado $123000.00 duración: 10 meses interes: 6750
Agregado; 2024-05-27 20:26:04; Préstamo: 372 Adicional al capital, cliente:  $3000
Actualizado; 2024-05-27 20:30:17; Préstamo cliente: yuderky ramona gama olivo monto prestado $130000.00 duración: 10 meses interes: 7525
Actualizado; 2024-05-27 20:33:53; Préstamo cliente: jose francisco lopez fermin monto prestado $170000.00 duración: 10 meses interes: 9250
Eliminado; 2024-05-27 20:36:31; Préstamo:  Adicional del cliente:  monto  $
Eliminado; 2024-05-27 20:36:31; adicional del présamo:  
Actualizado; 2024-05-27 20:36:31; Préstamo:  
Eliminado; 2024-05-27 20:36:31; Préstamo: 342 Adicional del cliente: natividad maldonado de los santos  monto ADICIONAL $20000
Eliminado; 2024-05-27 20:36:31; adicional del présamo: 342 
Actualizado; 2024-05-27 20:36:31; Préstamo: 342 
Agregado; 2024-05-27 20:38:55; Préstamo: 378 Adicional al capital, cliente:  $10000
Eliminado; 2024-05-27 20:39:30; Préstamo:  Adicional del cliente:  monto  $
Eliminado; 2024-05-27 20:39:30; adicional del présamo:  
Actualizado; 2024-05-27 20:39:30; Préstamo:  
Eliminado; 2024-05-27 20:39:30; Préstamo: 378 Adicional del cliente: marcia martinez y adames de ferrera monto ADICIONAL $10000
Eliminado; 2024-05-27 20:39:30; adicional del présamo: 378 
Actualizado; 2024-05-27 20:39:30; Préstamo: 378 
