Agregado; 2025-08-23 13:00:55; Préstamo: 332 Pago de cliente: ambiorix almanzar castro Balance anterior $215000.00 Monto pagado $10750.00 INTERES $215000.00 BALANCE ACTUAL
Agregado; 2025-08-23 13:03:40; Préstamo: 571 Pago de cliente: norkelys  faña santos de roman Balance anterior $100000.00 Monto pagado $5000.00 INTERES $100000.00 BALANCE ACTUAL
Agregado; 2025-08-23 13:04:01; Préstamo: 622 Pago de cliente: masiell alejandra lopez gil Balance anterior $166000.00 Monto pagado $8300.00 INTERES $166000.00 BALANCE ACTUAL
Agregado; 2025-08-23 13:04:32; Préstamo: 557 Pago de cliente: alba gervancia de la cruz acosta Balance anterior $40000.00 Monto pagado $2000.00 INTERES $40000.00 BALANCE ACTUAL
Agregado; 2025-08-23 13:05:17; Préstamo: 616 Pago de cliente: angel lorenzo breton castillo Balance anterior $160000.00 Monto pagado $8000.00 INTERES $160000.00 BALANCE ACTUAL
Agregado; 2025-08-23 13:05:51; Préstamo: 413 Pago de cliente: yovanni acosta  garcia de frias Balance anterior $121200.00 Monto pagado $6000.00 PAGO IRREGULAR $121200.00 BALANCE ACTUAL
Agregado; 2025-08-23 13:06:06; Préstamo: 498 Pago de cliente: felix alberto campo Balance anterior $110000.00 Monto pagado $5500.00 INTERES $110000.00 BALANCE ACTUAL
Agregado; 2025-08-23 13:06:28; Préstamo: 518 Pago de cliente: roberto flores acosta Balance anterior $110000.00 Monto pagado $5500.00 INTERES $110000.00 BALANCE ACTUAL
Agregado; 2025-08-23 13:06:56; Préstamo: 573 Pago de cliente: pedro castillo peralta Balance anterior $175000.00 Monto pagado $7000.00 INTERES $175000.00 BALANCE ACTUAL
Agregado; 2025-08-23 13:07:45; Préstamo: 312 Pago de cliente: vianely trinidad paulino Balance anterior $15000.00 Monto pagado $750.00 INTERES $15000.00 BALANCE ACTUAL
Agregado; 2025-08-23 13:08:44; Préstamo: 601 Pago de cliente: justo rafael dipuglia rosario Balance anterior $225500.00 Monto pagado $11275.00 INTERES $225500.00 BALANCE ACTUAL
Agregado; 2025-08-23 13:13:30; Préstamo: 481 Pago de cliente: marilyn antonia jimenez de santana Balance anterior $92000.00 Monto pagado $4600.00 INTERES $92000.00 BALANCE ACTUAL
Agregado; 2025-08-23 13:13:45; Préstamo: 427 Pago de cliente: celso garcia castillo Balance anterior $60000.00 Monto pagado $3000.00 INTERES $60000.00 BALANCE ACTUAL
Agregado; 2025-08-23 13:14:36; Préstamo: 508 Pago de cliente: juana  yesenia facenda hernandez Balance anterior $352000.00 Monto pagado $11800.00 PAGO IRREGULAR $352000.00 BALANCE ACTUAL
Agregado; 2025-08-23 13:15:12; Préstamo: 530 Pago de cliente: Marcelino Maldonado Fernández Balance anterior $200000.00 Monto pagado $8300.00 PAGO IRREGULAR $200000.00 BALANCE ACTUAL
Agregado; 2025-08-23 13:15:40; Préstamo: 178 Pago de cliente: gricelida tavarez drullard Balance anterior $203000.00 Monto pagado $9100.00 PAGO IRREGULAR $203000.00 BALANCE ACTUAL
Agregado; 2025-08-23 13:15:56; Préstamo: 606 Pago de cliente: victor martinez Balance anterior $100000.00 Monto pagado $4500.00 INTERES $100000.00 BALANCE ACTUAL
Agregado; 2025-08-23 13:16:28; Préstamo: 618 Pago de cliente: eni maria reynoso aquino Balance anterior $100000.00 Monto pagado $5000.00 INTERES $100000.00 BALANCE ACTUAL
Agregado; 2025-08-23 13:17:07; Préstamo: 575 Pago de cliente: maria yocasta tejada martinez de guzman Balance anterior $200000.00 Monto pagado $8000.00 INTERES $200000.00 BALANCE ACTUAL
Agregado; 2025-08-23 13:17:32; Préstamo: 473 Pago de cliente: alexander reyes Balance anterior $75000.00 Monto pagado $3750.00 INTERES $75000.00 BALANCE ACTUAL
Agregado; 2025-08-23 13:18:03; Préstamo: 443 Pago de cliente: basilia rodriguez altagracia Balance anterior $300000.00 Monto pagado $15000.00 INTERES $300000.00 BALANCE ACTUAL
Agregado; 2025-08-23 13:19:16; Préstamo: 135 Pago de cliente: mily cuevas sosa Balance anterior $203000.00 Monto pagado $10150.00 INTERES $203000.00 BALANCE ACTUAL
Agregado; 2025-08-23 13:19:35; Préstamo: 587 Pago de cliente: amancia king green Balance anterior $30000.00 Monto pagado $1500.00 INTERES $30000.00 BALANCE ACTUAL
Agregado; 2025-08-23 13:21:09; Préstamo: 477 Pago de cliente: jose miguel ozoria acosta Balance anterior $154000.00 Monto pagado $7700.00 INTERES $154000.00 BALANCE ACTUAL
Agregado; 2025-08-23 13:22:14; Préstamo: 551 Pago de cliente: yesenia de los santos marte Balance anterior $370000.00 Monto pagado $18500.00 INTERES $370000.00 BALANCE ACTUAL
Agregado; 2025-08-23 13:23:05; Préstamo: 415 Pago de cliente: dorothy cleopatra adolfina vanderhorst almeyda Balance anterior $335000.00 Monto pagado $14400 PAGO IRREGULAR $335000.00 BALANCE ACTUAL
Agregado; 2025-08-23 13:23:37; Préstamo: 612 Pago de cliente: raul caraballo liranzo Balance anterior $319000.00 Monto pagado $15950.00 INTERES $319000.00 BALANCE ACTUAL
Agregado; 2025-08-23 13:24:53; Préstamo: 447 Pago de cliente: brahian canot Balance anterior $170000.00 Monto pagado $8500.00 INTERES $170000.00 BALANCE ACTUAL
Agregado; 2025-08-23 13:25:12; Préstamo: 512 Pago de cliente: maribel maria gil Balance anterior $100000.00 Monto pagado $10000.00 INTERES $100000.00 BALANCE ACTUAL
Agregado; 2025-08-23 13:25:44; Préstamo: 489 Pago de cliente: rosa lidia paredes miguel Balance anterior $50000.00 Monto pagado $2500.00 INTERES $50000.00 BALANCE ACTUAL
Agregado; 2025-08-23 13:26:00; Préstamo: 574 Pago de cliente: maria teresa javiar rodriguez Balance anterior $72000.00 Monto pagado $3600.00 INTERES $72000.00 BALANCE ACTUAL
Agregado; 2025-08-23 13:27:43; Préstamo: 586 Pago de cliente: daniel gonzalez vasquez Balance anterior $100000.00 Monto pagado $5000.00 INTERES $100000.00 BALANCE ACTUAL
Agregado; 2025-08-23 13:29:02; Préstamo: 588 Pago de cliente: martir carolina hernandez valdez Balance anterior $205000.00 Monto pagado $10250.00 INTERES $205000.00 BALANCE ACTUAL
Agregado; 2025-08-23 13:29:23; Préstamo: 526 Pago de cliente: sara felipe kery Balance anterior $53000.00 Monto pagado $2650.00 INTERES $53000.00 BALANCE ACTUAL
Agregado; 2025-08-23 13:29:50; Préstamo: 425 Pago de cliente: jack michael morillo Balance anterior $193500.00 Monto pagado $1800.00 PAGO IRREGULAR $193500.00 BALANCE ACTUAL
Agregado; 2025-08-23 13:30:52; Préstamo: 369 Pago de cliente: marino candelario compres Balance anterior $159000.00 Monto pagado $7950.00 INTERES $159000.00 BALANCE ACTUAL
Agregado; 2025-08-23 13:31:38; Préstamo: 617 Pago de cliente: roberto hernandez sanchez Balance anterior $200000.00 Monto pagado $8000.00 INTERES $200000.00 BALANCE ACTUAL
Agregado; 2025-08-23 13:32:48; Préstamo: 215 Pago de cliente: lisette zaiz ventura Balance anterior $237200.00 Monto pagado $5900.00 PAGO IRREGULAR $237200.00 BALANCE ACTUAL
Agregado; 2025-08-23 13:34:16; Préstamo: 613 Pago de cliente: elvin jose del orbe peguero Balance anterior $80000.00 Monto pagado $4000.00 INTERES $80000.00 BALANCE ACTUAL
Agregado; 2025-08-23 13:34:40; Préstamo: 621 Pago de cliente: yoseli pamela calcaño lopez Balance anterior $50000.00 Monto pagado $1300.00 PAGO IRREGULAR $50000.00 BALANCE ACTUAL
Agregado; 2025-08-23 13:35:16; Préstamo: 594 Pago de cliente: juan alfonso concepcion vazquez Balance anterior $150000.00 Monto pagado $6000.00 INTERES $150000.00 BALANCE ACTUAL
Agregado; 2025-08-23 13:40:05; Préstamo: 369 Adicional al capital, cliente:  $14000
Agregado; 2025-08-23 13:44:29; Préstamo: 534 Pago de cliente: sebastiana tirado melo Balance anterior $120000.00 Monto pagado $6000.00 INTERES $120000.00 BALANCE ACTUAL
Agregado; 2025-08-23 13:45:18; Préstamo: 534 Pago de cliente: sebastiana tirado melo Balance anterior $120000.00 Monto pagado $6000.00 INTERES $120000.00 BALANCE ACTUAL
Agregado; 2025-08-23 13:46:33; Préstamo: 564 Pago de cliente: esperanza yanilca amparo castillo Balance anterior $172000.00 Monto pagado $8600.00 INTERES $172000.00 BALANCE ACTUAL
Agregado; 2025-08-23 13:47:12; Préstamo: 509 Pago de cliente: dannessa deyanara rodriguez Balance anterior $326000.00 Monto pagado $15000.00 PAGO IRREGULAR $326000.00 BALANCE ACTUAL
Agregado; 2025-08-23 13:48:11; Préstamo: 596 Pago de cliente: lorenza maria jose avelino Balance anterior $240000.00 Monto pagado $12000.00 INTERES $240000.00 BALANCE ACTUAL
Agregado; 2025-08-23 13:48:29; Préstamo: 559 Pago de cliente: antonio ventura hilario Balance anterior $75000.00 Monto pagado $3750.00 INTERES $75000.00 BALANCE ACTUAL
Agregado; 2025-08-23 13:49:54; Préstamo: 539 Pago de cliente: edward alexander polanco alvarado Balance anterior $298000.00 Monto pagado $14900.00 INTERES $298000.00 BALANCE ACTUAL
Agregado; 2025-08-23 13:51:37; Préstamo: 345 Pago de cliente: nicaurys fermin fermin Balance anterior $281800.00 Monto pagado $9800.00 PAGO IRREGULAR $281800.00 BALANCE ACTUAL
Agregado; 2025-08-23 13:52:18; Préstamo: 597 Pago de cliente: yuderky ramona gama olivo Balance anterior $235000.00 Monto pagado $11750.00 INTERES $235000.00 BALANCE ACTUAL
Agregado; 2025-08-23 13:53:42; Préstamo: 598 Pago de cliente: nolberto joel lopez de jesus Balance anterior $44000.00 Monto pagado $2200.00 INTERES $44000.00 BALANCE ACTUAL
Agregado; 2025-08-23 13:54:11; Préstamo: 607 Pago de cliente: emmanuel medina lopez Balance anterior $100000.00 Monto pagado $5000.00 INTERES $100000.00 BALANCE ACTUAL
Agregado; 2025-08-23 13:56:13; Préstamo: 547 Pago de cliente: rhoneer guzman ozoria Balance anterior $161500.00 Monto pagado $6460.00 INTERES $161500.00 BALANCE ACTUAL
Agregado; 2025-08-23 13:56:57; Préstamo: 112 Pago de cliente: ysidora altagracia minaya duran Balance anterior $387000.00 Monto pagado $8000.00 PAGO IRREGULAR $387000.00 BALANCE ACTUAL
Agregado; 2025-08-23 13:57:15; Préstamo: 483 Pago de cliente: gloria tatiana fermin de la rosa Balance anterior $200000.00 Monto pagado $10000.00 INTERES $200000.00 BALANCE ACTUAL
Agregado; 2025-08-23 13:58:32; Préstamo: 439 Pago de cliente: erika gonzalez ramirez Balance anterior $200000.00 Monto pagado $8000.00 INTERES $200000.00 BALANCE ACTUAL
Eliminado; 2025-08-23 14:00:40; Préstamo: 615 Adicional del cliente: lowels jhonson mejia monto ADICIONAL $40000
Eliminado; 2025-08-23 14:00:40; adicional del présamo: 615 
Eliminado; 2025-08-23 14:00:40; Préstamo:  Adicional del cliente:  monto  $
Eliminado; 2025-08-23 14:00:40; adicional del présamo:  
Actualizado; 2025-08-23 14:00:40; Préstamo:  
Actualizado; 2025-08-23 14:00:40; Préstamo: 615 
Eliminado; 2025-08-23 14:01:07; Préstamo:  Adicional del cliente:  monto  $
Eliminado; 2025-08-23 14:01:07; adicional del présamo:  
Actualizado; 2025-08-23 14:01:07; Préstamo:  
Eliminado; 2025-08-23 14:01:07; Préstamo: 615 Adicional del cliente: lowels jhonson mejia monto ADICIONAL $40000
Eliminado; 2025-08-23 14:01:07; adicional del présamo: 615 
Actualizado; 2025-08-23 14:01:07; Préstamo: 615 
Eliminado; 2025-08-23 14:01:58; Préstamo:  Adicional del cliente:  monto  $
Eliminado; 2025-08-23 14:01:58; adicional del présamo:  
Actualizado; 2025-08-23 14:01:58; Préstamo:  
Eliminado; 2025-08-23 14:01:58; Préstamo: 615 Adicional del cliente: lowels jhonson mejia monto ADICIONAL $40000
Eliminado; 2025-08-23 14:01:58; adicional del présamo: 615 
Actualizado; 2025-08-23 14:01:58; Préstamo: 615 
Agregado; 2025-08-23 14:02:33; Préstamo: 615 Pago de cliente: lowels jhonson mejia Balance anterior $190000.00 Monto pagado $7500.00 PAGO IRREGULAR $190000.00 BALANCE ACTUAL
Agregado; 2025-08-23 14:02:48; Préstamo: 341 Pago de cliente: alba caroligia hernandez rodriguez Balance anterior $392500.00 Monto pagado $15700.00 INTERES $392500.00 BALANCE ACTUAL
Agregado; 2025-08-23 14:03:31; Préstamo: 627 Pago de cliente: irvin francisco de leon javier Balance anterior $150000.00 Monto pagado $7500.00 INTERES $150000.00 BALANCE ACTUAL
Agregado; 2025-08-23 14:04:46; Préstamo: 324 Pago de cliente: luisa yanelsi then molina Balance anterior $195500.00 Monto pagado $9775.00 INTERES $195500.00 BALANCE ACTUAL
Agregado; 2025-08-23 14:05:13; Préstamo: 521 Pago de cliente: orlando nuñez sanchez Balance anterior $155500.00 Monto pagado $7775.00 INTERES $155500.00 BALANCE ACTUAL
Agregado; 2025-08-23 14:06:33; Préstamo: 610 Pago de cliente: josefina rojas mercedes de garcia Balance anterior $135000.00 Monto pagado $6750.00 INTERES $135000.00 BALANCE ACTUAL
Agregado; 2025-08-23 14:06:51; Préstamo: 373 Pago de cliente: ramon garcia Balance anterior $137000.00 Monto pagado $6850.00 INTERES $137000.00 BALANCE ACTUAL
Agregado; 2025-08-23 14:59:53; Préstamo: 597 Adicional al capital, cliente:  $15000
Agregado; 2025-08-23 15:01:42; Préstamo: 597 Adicional al capital, cliente:  $5000
Agregado; 2025-08-23 15:29:38; Préstamo: 612 Adicional al capital, cliente:  $1000
Agregado; 2025-08-23 15:34:32; Préstamo: 612 Adicional al capital, cliente:  $2000
