Actualizado; 2025-08-19 15:13:55; Préstamo cliente: elvin jose del orbe peguero monto prestado $80000.00 duración: 10 meses interes: 4000
Agregado; 2025-08-19 15:16:04; Nuevo préstamo cliente: irvin francisco de leon javier monto prestado $150000 duración: 10 meses interes: 7500
Eliminado; 2025-08-19 15:16:16; Préstamo: 517 Cliente: irvin francisco de leon javier monto $150000.00 duración: 10 meses interes: 7500.00
Eliminado; 2025-08-19 15:16:16; Préstamo: 517 
Eliminado; 2025-08-19 15:16:16; amortización: 517 
Actualizado; 2025-08-19 15:16:48; Préstamo cliente: josefina rojas mercedes de garcia monto prestado $135000.00 duración: 10 meses interes: 6750
Eliminado; 2025-08-19 15:18:25; Préstamo: 544 Cliente: masiell alejandra lopez gil monto $126000.00 duración: 10 meses interes: 6300.00
Eliminado; 2025-08-19 15:18:25; Préstamo: 544 
Eliminado; 2025-08-19 15:18:25; amortización: 544 
Actualizado; 2025-08-19 15:19:04; Préstamo cliente: raul caraballo liranzo monto prestado $319000.00 duración: 10 meses interes: 15950
Actualizado; 2025-08-19 15:35:35; Préstamo cliente: eni maria reynoso aquino monto prestado $100000.00 duración: 10 meses interes: 5000
Agregado; 2025-08-19 15:48:18; Préstamo: 615 Adicional al capital, cliente:  $40000
Agregado; 2025-08-19 15:48:19; Préstamo: 615 Adicional al capital, cliente:  $40000
Agregado; 2025-08-19 15:48:21; Préstamo: 615 Adicional al capital, cliente:  $40000
Agregado; 2025-08-19 15:48:22; Préstamo: 615 Adicional al capital, cliente:  $40000
Agregado; 2025-08-19 18:36:20; Préstamo: 558 Pago de cliente: claribel altagracia mendoza hernandez Balance anterior $123100.00 Monto pagado $6155.00 INTERES $123100.00 BALANCE ACTUAL
Agregado; 2025-08-19 18:36:41; Préstamo: 609 Pago de cliente: ana maria gonzalez peña Balance anterior $100000.00 Monto pagado $5000.00 INTERES $100000.00 BALANCE ACTUAL
Agregado; 2025-08-19 18:41:53; Préstamo: 605 Pago de cliente: ana rosa paredes liriano Balance anterior $100000.00 Monto pagado $5000.00 INTERES $100000.00 BALANCE ACTUAL
Agregado; 2025-08-19 18:42:15; Préstamo: 549 Pago de cliente: aracelis jimenez peña de hernandez Balance anterior $156000.00 Monto pagado $7800.00 INTERES $156000.00 BALANCE ACTUAL
Agregado; 2025-08-19 18:43:53; Préstamo: 535 Pago de cliente: jose francisco lopez fermin Balance anterior $150000.00 Monto pagado $7200.00 PAGO IRREGULAR $150000.00 BALANCE ACTUAL
Agregado; 2025-08-19 18:44:25; Préstamo: 463 Pago de cliente: amarilis lora alonzo de capellan Balance anterior $50000.00 Monto pagado $2500.00 INTERES $50000.00 BALANCE ACTUAL
Agregado; 2025-08-19 18:45:01; Préstamo: 592 Pago de cliente: rafael guzman ragalado Balance anterior $80000.00 Monto pagado $4000.00 INTERES $80000.00 BALANCE ACTUAL
Agregado; 2025-08-19 18:45:44; Préstamo: 599 Pago de cliente: modesto gonzalez lopez Balance anterior $186200.00 Monto pagado $5000 PAGO IRREGULAR $186200.00 BALANCE ACTUAL
Agregado; 2025-08-19 18:47:00; Préstamo: 556 Pago de cliente: pedro pablo valdez sanchez Balance anterior $316000.00 Monto pagado $7100 PAGO IRREGULAR $316000.00 BALANCE ACTUAL
Agregado; 2025-08-19 18:49:11; Préstamo: 516 Pago de cliente: nidia elsa ramona oller javier Balance anterior $180000.00 Monto pagado $8500.00 PAGO IRREGULAR $180000.00 BALANCE ACTUAL
Agregado; 2025-08-19 18:49:29; Préstamo: 620 Pago de cliente: epifanio cortorreal balbuena Balance anterior $280000.00 Monto pagado $14000.00 INTERES $280000.00 BALANCE ACTUAL
Agregado; 2025-08-19 18:50:13; Préstamo: 444 Pago de cliente: miguel hilario pichardo Balance anterior $120000.00 Monto pagado $6000.00 INTERES $120000.00 BALANCE ACTUAL
Agregado; 2025-08-19 18:51:10; Préstamo: 127 Pago de cliente: ligia maria dolores alvarado de pereyra Balance anterior $205000.00 Monto pagado $6500.00 INTERES $205000.00 BALANCE ACTUAL
Agregado; 2025-08-19 18:54:33; Préstamo: 595 Pago de cliente: carmen lopez fermin Balance anterior $40000.00 Monto pagado $2000.00 INTERES $40000.00 BALANCE ACTUAL
Agregado; 2025-08-19 18:55:15; Préstamo: 619 Pago de cliente: angela frias genao Balance anterior $100000.00 Monto pagado $5000.00 INTERES $100000.00 BALANCE ACTUAL
Agregado; 2025-08-19 18:57:02; Préstamo: 497 Pago de cliente: dionisio castillo lora Balance anterior $403000.00 Monto pagado $15000 PAGO IRREGULAR $403000.00 BALANCE ACTUAL
Agregado; 2025-08-19 18:58:35; Préstamo: 437 Pago de cliente: eugenio ernesto marchena fermin Balance anterior $188000.00 Monto pagado $9400.00 INTERES $188000.00 BALANCE ACTUAL
Agregado; 2025-08-19 18:59:03; Préstamo: 590 Pago de cliente: pedro garcia reyes Balance anterior $50000.00 Monto pagado $2500.00 INTERES $50000.00 BALANCE ACTUAL
Actualizado; 2025-08-19 18:59:34; Préstamo cliente: ana cristina maloon echavarria monto prestado $126600.00 duración: 10 meses interes: 6330
Agregado; 2025-08-19 18:59:45; Préstamo: 623 Pago de cliente: ana cristina maloon echavarria Balance anterior $126600.00 Monto pagado $6330.00 INTERES $126600.00 BALANCE ACTUAL
Agregado; 2025-08-19 19:00:16; Préstamo: 527 Pago de cliente: colombino mata juma Balance anterior $127000.00 Monto pagado $6350.00 INTERES $127000.00 BALANCE ACTUAL
Agregado; 2025-08-19 19:01:11; Préstamo: 408 Pago de cliente: leoncia de jesus adames Balance anterior $180000.00 Monto pagado $9000.00 INTERES $180000.00 BALANCE ACTUAL
Agregado; 2025-08-19 19:01:57; Préstamo: 486 Pago de cliente: belgica acosta de fernandez Balance anterior $100000.00 Monto pagado $5000.00 INTERES $100000.00 BALANCE ACTUAL
Agregado; 2025-08-19 19:02:49; Préstamo: 378 Pago de cliente: marcia martinez y adames de ferrera Balance anterior $212000.00 Monto pagado $7500.00 PAGO IRREGULAR $212000.00 BALANCE ACTUAL
Agregado; 2025-08-19 19:03:57; Préstamo: 524 Pago de cliente: natividad maldonado de los santos Balance anterior $265700.00 Monto pagado $12000 PAGO IRREGULAR $265700.00 BALANCE ACTUAL
Agregado; 2025-08-19 19:06:58; Préstamo: 589 Pago de cliente: modesta crecencia paredes pierrot Balance anterior $197000.00 Monto pagado $7880.00 INTERES $197000.00 BALANCE ACTUAL
Agregado; 2025-08-19 19:07:31; Préstamo: 388 Pago de cliente: dulce maria olivo cheriz Balance anterior $180000.00 Monto pagado $9000.00 INTERES $180000.00 BALANCE ACTUAL
