Agregado; 2024-12-21 11:48:54; Préstamo: 439 Pago de cliente: erika gonzalez ramirez Balance anterior $200000.00 Monto pagado $8000.00 INTERES $200000.00 BALANCE ACTUAL
Agregado; 2024-12-21 11:49:32; Préstamo: 462 Pago de cliente: juana  yesenia facenda hernandez Balance anterior $300000.00 Monto pagado $12000.00 INTERES $300000.00 BALANCE ACTUAL
Agregado; 2024-12-21 11:51:11; Préstamo: 329 Pago de cliente: angel lorenzo breton castillo Balance anterior $80000.00 Monto pagado $4000.00 INTERES $80000.00 BALANCE ACTUAL
Agregado; 2024-12-21 11:52:33; Préstamo: 429 Pago de cliente: maribel maria gil Balance anterior $165000.00 Monto pagado $8250.00 INTERES $165000.00 BALANCE ACTUAL
Agregado; 2024-12-21 11:53:02; Préstamo: 332 Pago de cliente: ambiorix almanzar castro Balance anterior $205000.00 Monto pagado $6700.00 PAGO IRREGULAR $205000.00 BALANCE ACTUAL
Agregado; 2024-12-21 11:53:53; Préstamo: 461 Pago de cliente: winny esther mercado palomino Balance anterior $170000.00 Monto pagado $8500.00 INTERES $170000.00 BALANCE ACTUAL
Agregado; 2024-12-21 11:55:16; Préstamo: 484 Pago de cliente: rafael regalado del orbe Balance anterior $150000.00 Monto pagado $6500.00 PAGO IRREGULAR $150000.00 BALANCE ACTUAL
Agregado; 2024-12-21 11:56:18; Préstamo: 415 Pago de cliente: dorothy cleopatra adolfina vanderhorst almeyda Balance anterior $335000.00 Monto pagado $14700.00 PAGO IRREGULAR $335000.00 BALANCE ACTUAL
Agregado; 2024-12-21 11:57:51; Préstamo: 215 Pago de cliente: lisette zaiz ventura Balance anterior $237200.00 Monto pagado $5000.00 PAGO IRREGULAR $237200.00 BALANCE ACTUAL
Agregado; 2024-12-21 11:58:16; Préstamo: 324 Pago de cliente: luisa yanelsi then molina Balance anterior $163000.00 Monto pagado $2500.00 PAGO IRREGULAR $163000.00 BALANCE ACTUAL
Agregado; 2024-12-21 11:58:30; Préstamo: 413 Pago de cliente: yovanni acosta  garcia de frias Balance anterior $81200.00 Monto pagado $4060.00 INTERES $81200.00 BALANCE ACTUAL
Agregado; 2024-12-21 12:01:51; Préstamo: 433 Pago de cliente: edilcia encarnacion encarnacion Balance anterior $120000.00 Monto pagado $6000.00 INTERES $120000.00 BALANCE ACTUAL
Agregado; 2024-12-21 12:02:16; Préstamo: 178 Pago de cliente: gricelida tavarez drullard Balance anterior $196000.00 Monto pagado $9800.00 INTERES $196000.00 BALANCE ACTUAL
Agregado; 2024-12-21 12:03:38; Préstamo: 201 Pago de cliente: martir carolina hernandez valdez Balance anterior $140000.00 Monto pagado $7000.00 INTERES $140000.00 BALANCE ACTUAL
Agregado; 2024-12-21 12:04:06; Préstamo: 452 Pago de cliente: felix alberto campo Balance anterior $75000.00 Monto pagado $3750.00 INTERES $75000.00 BALANCE ACTUAL
Agregado; 2024-12-21 12:05:40; Préstamo: 318 Pago de cliente: masiell alejandra lopez gil Balance anterior $96000.00 Monto pagado $4800.00 INTERES $96000.00 BALANCE ACTUAL
Agregado; 2024-12-21 12:06:03; Préstamo: 112 Pago de cliente: ysidora altagracia minaya duran Balance anterior $387000.00 Monto pagado $8000.00 PAGO IRREGULAR $387000.00 BALANCE ACTUAL
Agregado; 2024-12-21 12:06:53; Préstamo: 137 Pago de cliente: ramon quiro melo Balance anterior $90000.00 Monto pagado $4500.00 INTERES $90000.00 BALANCE ACTUAL
Agregado; 2024-12-21 12:07:22; Préstamo: 459 Pago de cliente: rhoneer guzman ozoria Balance anterior $318500.00 Monto pagado $15925.00 INTERES $318500.00 BALANCE ACTUAL
Agregado; 2024-12-21 12:10:09; Préstamo: 425 Pago de cliente: jack michael morillo Balance anterior $189500.00 Monto pagado $7200.00 PAGO IRREGULAR $189500.00 BALANCE ACTUAL
Agregado; 2024-12-21 12:11:19; Préstamo: 454 Pago de cliente: yuderky ramona gama olivo Balance anterior $192100.00 Monto pagado $9605.00 INTERES $192100.00 BALANCE ACTUAL
Agregado; 2024-12-21 12:12:55; Préstamo: 443 Pago de cliente: basilia rodriguez altagracia Balance anterior $350000.00 Monto pagado $17500.00 INTERES $350000.00 BALANCE ACTUAL
Eliminado; 2024-12-21 12:13:21; Préstamo: 362 Cliente: jorge luis cepeda martinez monto $270000.00 duración: 10 meses interes: 13500.00
Eliminado; 2024-12-21 12:13:21; Préstamo: 362 
Eliminado; 2024-12-21 12:13:21; amortización: 362 
Agregado; 2024-12-21 12:13:46; Préstamo: 478 Pago de cliente: jorge luis cepeda martinez Balance anterior $350000.00 Monto pagado $94000.00 PAGO IRREGULAR $350000.00 BALANCE ACTUAL
Agregado; 2024-12-21 12:14:08; Préstamo: 477 Pago de cliente: jose miguel ozoria acosta Balance anterior $275000.00 Monto pagado $13750.00 INTERES $275000.00 BALANCE ACTUAL
Agregado; 2024-12-21 12:14:34; Préstamo: 412 Pago de cliente: roberto flores acosta Balance anterior $50000.00 Monto pagado $2500.00 INTERES $50000.00 BALANCE ACTUAL
Agregado; 2024-12-21 12:25:51; Préstamo: 371 Pago de cliente: nestor pablo perreaux hernandez Balance anterior $254000.00 Monto pagado $12700.00 INTERES $254000.00 BALANCE ACTUAL
Agregado; 2024-12-21 12:26:17; Préstamo: 346 Pago de cliente: alba gervancia de la cruz acosta Balance anterior $86000.00 Monto pagado $400.00 PAGO IRREGULAR $86000.00 BALANCE ACTUAL
Agregado; 2024-12-21 12:26:34; Préstamo: 489 Pago de cliente: rosa lidia paredes miguel Balance anterior $50000.00 Monto pagado $2500.00 INTERES $50000.00 BALANCE ACTUAL
Agregado; 2024-12-21 12:26:54; Préstamo: 135 Pago de cliente: mily cuevas sosa Balance anterior $184000.00 Monto pagado $8000.00 PAGO IRREGULAR $184000.00 BALANCE ACTUAL
Agregado; 2024-12-21 12:27:28; Préstamo: 460 Pago de cliente: yesenia de los santos marte Balance anterior $191000.00 Monto pagado $9550.00 INTERES $191000.00 BALANCE ACTUAL
Agregado; 2024-12-21 12:27:55; Préstamo: 191 Pago de cliente: esperanza yanilca amparo castillo Balance anterior $132000.00 Monto pagado $6500.00 PAGO IRREGULAR $132000.00 BALANCE ACTUAL
Agregado; 2024-12-21 12:28:31; Préstamo: 373 Pago de cliente: ramon garcia Balance anterior $106000.00 Monto pagado $5300.00 INTERES $106000.00 BALANCE ACTUAL
Agregado; 2024-12-21 12:31:55; Préstamo: 481 Pago de cliente: marilyn antonia jimenez de santana Balance anterior $180000.00 Monto pagado $9000.00 INTERES $180000.00 BALANCE ACTUAL
Agregado; 2024-12-21 12:32:09; Préstamo: 479 Pago de cliente: josefina rojas mercedes de garcia Balance anterior $60000.00 Monto pagado $3000.00 INTERES $60000.00 BALANCE ACTUAL
Agregado; 2024-12-21 12:32:32; Préstamo: 111 Pago de cliente: edward alexander polanco alvarado Balance anterior $190500.00 Monto pagado $6000.00 PAGO IRREGULAR $190500.00 BALANCE ACTUAL
Agregado; 2024-12-21 12:33:00; Préstamo: 483 Pago de cliente: gloria tatiana fermin de la rosa Balance anterior $200000.00 Monto pagado $6500.00 PAGO IRREGULAR $200000.00 BALANCE ACTUAL
Agregado; 2024-12-21 12:33:49; Préstamo: 409 Pago de cliente: roberto hernandez sanchez Balance anterior $204000.00 Monto pagado $9000.00 PAGO IRREGULAR $204000.00 BALANCE ACTUAL
Agregado; 2024-12-21 12:34:13; Préstamo: 488 Pago de cliente: raul caraballo liranzo Balance anterior $195000.00 Monto pagado $9750.00 INTERES $195000.00 BALANCE ACTUAL
Agregado; 2024-12-21 12:35:09; Préstamo: 341 Pago de cliente: alba caroligia hernandez rodriguez Balance anterior $392500.00 Monto pagado $15700.00 INTERES $392500.00 BALANCE ACTUAL
Agregado; 2024-12-21 12:35:45; Préstamo: 447 Pago de cliente: brahian canot Balance anterior $170000.00 Monto pagado $8500.00 INTERES $170000.00 BALANCE ACTUAL
Agregado; 2024-12-21 12:36:11; Préstamo: 411 Pago de cliente: dannessa deyanara rodriguez Balance anterior $327000.00 Monto pagado $11000.00 PAGO IRREGULAR $327000.00 BALANCE ACTUAL
Agregado; 2024-12-21 12:36:31; Préstamo: 361 Pago de cliente: orlando nuñez sanchez Balance anterior $135000.00 Monto pagado $6750.00 INTERES $135000.00 BALANCE ACTUAL
Agregado; 2024-12-21 12:36:54; Préstamo: 426 Pago de cliente: delva altagracia vanderhorst almeyda Balance anterior $115000.00 Monto pagado $4600.00 INTERES $115000.00 BALANCE ACTUAL
Agregado; 2024-12-21 12:37:38; Préstamo: 451 Pago de cliente: justo rafael dipuglia rosario Balance anterior $100000.00 Monto pagado $5000.00 INTERES $100000.00 BALANCE ACTUAL
Agregado; 2024-12-21 12:38:04; Préstamo: 464 Pago de cliente: Marcelino Maldonado Fernández Balance anterior $75000.00 Monto pagado $3750.00 INTERES $75000.00 BALANCE ACTUAL
Agregado; 2024-12-21 12:38:43; Préstamo: 163 Pago de cliente: yulizan encarnacion crooke Balance anterior $40000.00 Monto pagado $2000.00 INTERES $40000.00 BALANCE ACTUAL
Agregado; 2024-12-21 12:39:01; Préstamo: 174 Pago de cliente: jesus de la cruz amparo Balance anterior $20000.00 Monto pagado $1000.00 INTERES $20000.00 BALANCE ACTUAL
Agregado; 2024-12-21 12:39:17; Préstamo: 473 Pago de cliente: alexander reyes Balance anterior $50000.00 Monto pagado $2500.00 INTERES $50000.00 BALANCE ACTUAL
Agregado; 2024-12-21 12:39:39; Préstamo: 440 Pago de cliente: nolberto joel lopez de jesus Balance anterior $131000.00 Monto pagado $6550.00 INTERES $131000.00 BALANCE ACTUAL
Agregado; 2024-12-21 12:40:16; Préstamo: 312 Pago de cliente: vianely trinidad paulino Balance anterior $15000.00 Monto pagado $750.00 INTERES $15000.00 BALANCE ACTUAL
Agregado; 2024-12-21 12:40:33; Préstamo: 252 Pago de cliente: lorenza maria jose avelino Balance anterior $185850.00 Monto pagado $10000.00 INTERES $185850.00 BALANCE ACTUAL
Agregado; 2024-12-21 12:41:32; Préstamo: 427 Pago de cliente: celso garcia castillo Balance anterior $60000.00 Monto pagado $3000.00 INTERES $60000.00 BALANCE ACTUAL
Agregado; 2024-12-21 13:19:22; Préstamo: 345 Pago de cliente: nicaurys fermin fermin Balance anterior $281800.00 Monto pagado $9000.00 PAGO IRREGULAR $281800.00 BALANCE ACTUAL
Agregado; 2024-12-21 13:20:10; Préstamo: 467 Pago de cliente: ruddy morales fernandez Balance anterior $121000.00 Monto pagado $6050.00 INTERES $121000.00 BALANCE ACTUAL
Agregado; 2024-12-21 13:20:45; Préstamo: 383 Pago de cliente: juan alfonso concepcion vazquez Balance anterior $251500.00 Monto pagado $12575.00 INTERES $251500.00 BALANCE ACTUAL
Agregado; 2024-12-21 13:21:22; Préstamo: 369 Pago de cliente: marino candelario compres Balance anterior $142000.00 Monto pagado $7100.00 INTERES $142000.00 BALANCE ACTUAL
Agregado; 2024-12-21 13:30:36; Préstamo: 376 Pago de cliente: elisabeth serrano Balance anterior $60000.00 Monto pagado $2700.00 PAGO IRREGULAR $60000.00 BALANCE ACTUAL
Agregado; 2024-12-21 13:41:22; Préstamo: 487 Pago de cliente: yordany ribota peña Balance anterior $25000.00 Monto pagado $1250.00 INTERES $25000.00 BALANCE ACTUAL
Agregado; 2024-12-21 13:46:40; Préstamo: 453 Pago de cliente: reyna compres diez Balance anterior $57100.00 Monto pagado $2855.00 INTERES $57100.00 BALANCE ACTUAL
Agregado; 2024-12-21 13:47:05; Préstamo: 448 Pago de cliente: jose hernandez Balance anterior $89000.00 Monto pagado $2300.00 PAGO IRREGULAR $89000.00 BALANCE ACTUAL
Agregado; 2024-12-21 13:49:15; Préstamo: 124 Pago de cliente: mercedes michell concepcion Balance anterior $102000.00 Monto pagado $5100.00 INTERES $102000.00 BALANCE ACTUAL
Agregado; 2024-12-21 13:49:15; Préstamo: 124 Abono pago irregular - cliente: mercedes michell concepcion $6900 PAGO IRREGULAR $102000.00 BALANCE ACTUAL
Agregado; 2024-12-21 13:50:25; Préstamo: 474 Pago de cliente: florentino Hernández Balance anterior $32000.00 Monto pagado $1600.00 INTERES $32000.00 BALANCE ACTUAL
Agregado; 2024-12-21 13:52:00; Préstamo: 357 Pago de cliente: teresa morel gabino Balance anterior $53000.00 Monto pagado $2650.00 INTERES $53000.00 BALANCE ACTUAL
Agregado; 2024-12-21 13:52:46; Préstamo: 221 Pago de cliente: ulfralina gonzalez de la rosa Balance anterior $129300.00 Monto pagado $6465.00 INTERES $129300.00 BALANCE ACTUAL
Agregado; 2024-12-21 13:54:24; Préstamo: 455 Pago de cliente: adonis taveras garcia Balance anterior $45000.00 Monto pagado $2250.00 INTERES $45000.00 BALANCE ACTUAL
Agregado; 2024-12-21 13:57:19; Préstamo: 491 Pago de cliente: juan ulloa altagracia Balance anterior $40000.00 Monto pagado $2000.00 INTERES $40000.00 BALANCE ACTUAL
Agregado; 2024-12-21 14:22:59; Nuevo préstamo cliente: ana cristina maloon echavarria monto prestado $35000 duración: 10 meses interes: 1750
Eliminado; 2024-12-21 14:25:26; Préstamo: 493 Cliente: ana cristina maloon echavarria monto $35000.00 duración: 10 meses interes: 1750.00
Eliminado; 2024-12-21 14:25:26; Préstamo: 493 
Eliminado; 2024-12-21 14:25:26; amortización: 493 
Agregado; 2024-12-21 14:27:06; Nuevo préstamo cliente: ana cristina maloon echavarria monto prestado $55000 duración: 10 meses interes: 2750
Eliminado; 2024-12-21 14:37:22; Préstamo: 492 Cliente: julia garcia castillo de castillo monto $20000.00 duración: 10 meses interes: 1000.00
Eliminado; 2024-12-21 14:37:22; Préstamo: 492 
Eliminado; 2024-12-21 14:37:22; amortización: 492 
Agregado; 2024-12-21 14:38:05; Nuevo préstamo cliente: julia garcia castillo de castillo monto prestado $30000 duración: 10 meses interes: 1500
Agregado; 2024-12-21 15:01:21; Nuevo préstamo cliente: adonis taveras garcia  monto prestado $136500 duración: 10 meses interes: 6825
Eliminado; 2024-12-21 15:01:55; Préstamo: 495 Cliente: adonis taveras garcia  monto $136500.00 duración: 10 meses interes: 6825.00
Eliminado; 2024-12-21 15:01:55; Préstamo: 495 
Eliminado; 2024-12-21 15:01:55; amortización: 495 
Agregado; 2024-12-21 15:02:38; Nuevo préstamo cliente: epifanio cortorreal balbuena monto prestado $136500 duración: 10 meses interes: 6825
Agregado; 2024-12-21 15:06:04; Préstamo: 451 Adicional al capital, cliente:  $35000
Agregado; 2024-12-21 15:18:22; Préstamo: 378 Adicional al capital, cliente:  $25000
Agregado; 2024-12-21 15:20:12; Préstamo: 178 Adicional al capital, cliente:  $7000
Agregado; 2024-12-21 15:21:37; Préstamo: 433 Adicional al capital, cliente:  $15000
Agregado; 2024-12-21 15:25:37; Préstamo: 369 Adicional al capital, cliente:  $15000
Agregado; 2024-12-21 15:29:41; Préstamo: 464 Adicional al capital, cliente:  $30000
Agregado; 2024-12-21 15:34:19; Préstamo: 481 Adicional al capital, cliente:  $12000
Agregado; 2024-12-21 15:56:42; Préstamo: 485 Abono al capital de cliente: hugo rodriguez $5000 
Agregado; 2024-12-21 17:19:28; Nuevo préstamo cliente: lowels jhonson mejia monto prestado $80000 duración: 10 meses interes: 4000
Actualizado; 2024-12-21 17:30:49; Préstamo cliente: ana cristina maloon echavarria monto prestado $55000.00 duración: 10 meses interes: 2750
