Agregado; 2025-04-16 13:10:26; Préstamo: 279 Pago de cliente: perla massiel acosta faña Balance anterior $100000.00 Monto pagado $2500.00 INTERES $100000.00 BALANCE ACTUAL
Agregado; 2025-04-16 13:11:06; Préstamo: 330 Pago de cliente: juan carlos medina osorio Balance anterior $160000.00 Monto pagado $4000.00 INTERES $160000.00 BALANCE ACTUAL
Agregado; 2025-04-16 13:11:06; Préstamo: 330 Abono pago irregular - cliente: juan carlos medina osorio $1000 PAGO IRREGULAR $160000.00 BALANCE ACTUAL
Agregado; 2025-04-16 13:11:51; Préstamo: 528 Pago de cliente: nelson maximiliano sosa guillermo Balance anterior $85000.00 Monto pagado $2125.00 INTERES $85000.00 BALANCE ACTUAL
Eliminado; 2025-04-16 13:25:15; Préstamo: 221 Cliente: ulfralina gonzalez de la rosa monto $144300.00 duración: 10 meses interes: 7215.00
Eliminado; 2025-04-16 13:25:15; Préstamo: 221 
Eliminado; 2025-04-16 13:25:15; amortización: 221 
Actualizado; 2025-04-16 13:27:38; Préstamo cliente: yordany ribota peña monto prestado $60000.00 duración: 10 meses interes: 3000
Actualizado; 2025-04-16 13:27:54; Préstamo cliente: yordany ribota peña monto prestado $60000.00 duración: 10 meses interes: 3000
Eliminado; 2025-04-16 13:28:12; Préstamo: 487 Cliente: yordany ribota peña monto $31000.00 duración: 10 meses interes: 1550.00
Eliminado; 2025-04-16 13:28:12; Préstamo: 487 
Eliminado; 2025-04-16 13:28:12; amortización: 487 
Eliminado; 2025-04-16 13:31:08; Préstamo: 488 Cliente: raul caraballo liranzo monto $255000.00 duración: 10 meses interes: 12750.00
Eliminado; 2025-04-16 13:31:08; Préstamo: 488 
Eliminado; 2025-04-16 13:31:08; amortización: 488 
Eliminado; 2025-04-16 13:36:20; Préstamo: 499 Cliente: antonio ventura hilario monto $44000.00 duración: 10 meses interes: 2200.00
Eliminado; 2025-04-16 13:36:20; Préstamo: 499 
Eliminado; 2025-04-16 13:36:20; amortización: 499 
Actualizado; 2025-04-16 13:39:09; Préstamo cliente: dorothy cleopatra adolfina vanderhorst almeyda monto prestado $200000.00 duración: 4 meses interes: 10000
Agregado; 2025-04-16 13:45:36; Préstamo: 477 Abono al capital de cliente: jose miguel ozoria acosta $121000 
Eliminado; 2025-04-16 13:49:17; Préstamo: 529 Cliente: lorenza maria jose avelino monto $150000.00 duración: 10 meses interes: 7500.00
Eliminado; 2025-04-16 13:49:17; Préstamo: 529 
Eliminado; 2025-04-16 13:49:17; amortización: 529 
Actualizado; 2025-04-16 13:51:55; Préstamo cliente: masiell alejandra lopez gil monto prestado $126000.00 duración: 10 meses interes: 6300
Eliminado; 2025-04-16 13:52:08; Préstamo: 520 Cliente: masiell alejandra lopez gil monto $111000.00 duración: 10 meses interes: 5550.00
Eliminado; 2025-04-16 13:52:08; Préstamo: 520 
Eliminado; 2025-04-16 13:52:08; amortización: 520 
Eliminado; 2025-04-16 13:52:24; Préstamo: 255 Cliente: masiel marte morillo monto $34000.00 duración: 10 meses interes: 2700.00
Eliminado; 2025-04-16 13:52:24; Préstamo: 255 
Eliminado; 2025-04-16 13:52:24; amortización: 255 
Actualizado; 2025-04-16 13:55:27; Préstamo cliente: yesenia de los santos marte monto prestado $320000.00 duración: 10 meses interes: 16000
Eliminado; 2025-04-16 13:55:53; Préstamo: 540 Cliente: yesenia de los santos marte monto $320000.00 duración: 10 meses interes: 16000.00
Eliminado; 2025-04-16 13:55:53; Préstamo: 540 
Eliminado; 2025-04-16 13:55:53; amortización: 540 
