Agregado; 2025-02-25 13:44:22; Préstamo: 135 Pago de cliente: mily cuevas sosa Balance anterior $187000.00 Monto pagado $8000.00 PAGO IRREGULAR $187000.00 BALANCE ACTUAL
Agregado; 2025-02-25 13:55:52; Préstamo: 447 Pago de cliente: brahian canot Balance anterior $170000.00 Monto pagado $8500.00 INTERES $170000.00 BALANCE ACTUAL
Agregado; 2025-02-25 13:56:45; Préstamo: 483 Pago de cliente: gloria tatiana fermin de la rosa Balance anterior $200000.00 Monto pagado $10000.00 INTERES $200000.00 BALANCE ACTUAL
Agregado; 2025-02-25 13:57:16; Préstamo: 521 Pago de cliente: orlando nuñez sanchez Balance anterior $155500.00 Monto pagado $7775.00 INTERES $155500.00 BALANCE ACTUAL
Agregado; 2025-02-25 13:58:03; Préstamo: 488 Pago de cliente: raul caraballo liranzo Balance anterior $245000.00 Monto pagado $9700.00 PAGO IRREGULAR $245000.00 BALANCE ACTUAL
Agregado; 2025-02-25 13:58:30; Préstamo: 427 Pago de cliente: celso garcia castillo Balance anterior $60000.00 Monto pagado $3000.00 INTERES $60000.00 BALANCE ACTUAL
Agregado; 2025-02-25 13:58:52; Préstamo: 489 Pago de cliente: rosa lidia paredes miguel Balance anterior $50000.00 Monto pagado $2500.00 INTERES $50000.00 BALANCE ACTUAL
Agregado; 2025-02-25 13:59:25; Préstamo: 329 Pago de cliente: angel lorenzo breton castillo Balance anterior $80000.00 Monto pagado $4000.00 INTERES $80000.00 BALANCE ACTUAL
Agregado; 2025-02-25 13:59:45; Préstamo: 496 Pago de cliente: lowels jhonson mejia Balance anterior $80000.00 Monto pagado $4000.00 INTERES $80000.00 BALANCE ACTUAL
Agregado; 2025-02-25 14:01:24; Préstamo: 479 Pago de cliente: josefina rojas mercedes de garcia Balance anterior $60000.00 Monto pagado $3000.00 INTERES $60000.00 BALANCE ACTUAL
Agregado; 2025-02-25 14:02:04; Préstamo: 520 Pago de cliente: masiell alejandra lopez gil Balance anterior $111000.00 Monto pagado $5550.00 INTERES $111000.00 BALANCE ACTUAL
Agregado; 2025-02-25 14:03:19; Préstamo: 415 Pago de cliente: dorothy cleopatra adolfina vanderhorst almeyda Balance anterior $335000.00 Monto pagado $14700.00 PAGO IRREGULAR $335000.00 BALANCE ACTUAL
Agregado; 2025-02-25 14:04:07; Préstamo: 341 Pago de cliente: alba caroligia hernandez rodriguez Balance anterior $392500.00 Monto pagado $15700.00 INTERES $392500.00 BALANCE ACTUAL
Agregado; 2025-02-25 14:05:21; Préstamo: 425 Pago de cliente: jack michael morillo Balance anterior $191500.00 Monto pagado $7200.00 PAGO IRREGULAR $191500.00 BALANCE ACTUAL
Agregado; 2025-02-25 14:06:15; Préstamo: 201 Pago de cliente: martir carolina hernandez valdez Balance anterior $140000.00 Monto pagado $7000.00 INTERES $140000.00 BALANCE ACTUAL
Agregado; 2025-02-25 14:11:18; Préstamo: 345 Pago de cliente: nicaurys fermin fermin Balance anterior $281800.00 Monto pagado $11900.00 PAGO IRREGULAR $281800.00 BALANCE ACTUAL
Agregado; 2025-02-25 14:11:56; Préstamo: 443 Pago de cliente: basilia rodriguez altagracia Balance anterior $250000.00 Monto pagado $12500.00 INTERES $250000.00 BALANCE ACTUAL
Agregado; 2025-02-25 14:12:37; Préstamo: 215 Pago de cliente: lisette zaiz ventura Balance anterior $237200.00 Monto pagado $5000.00 PAGO IRREGULAR $237200.00 BALANCE ACTUAL
Agregado; 2025-02-25 14:13:37; Préstamo: 481 Pago de cliente: marilyn antonia jimenez de santana Balance anterior $192000.00 Monto pagado $9600.00 INTERES $192000.00 BALANCE ACTUAL
Agregado; 2025-02-25 14:14:08; Préstamo: 477 Pago de cliente: jose miguel ozoria acosta Balance anterior $275000.00 Monto pagado $13750.00 INTERES $275000.00 BALANCE ACTUAL
Agregado; 2025-02-25 14:15:53; Préstamo: 111 Pago de cliente: edward alexander polanco alvarado Balance anterior $200500.00 Monto pagado $6000.00 PAGO IRREGULAR $200500.00 BALANCE ACTUAL
Agregado; 2025-02-25 14:16:19; Préstamo: 484 Pago de cliente: rafael regalado del orbe Balance anterior $150000.00 Monto pagado $7500.00 INTERES $150000.00 BALANCE ACTUAL
Agregado; 2025-02-25 14:17:06; Préstamo: 413 Pago de cliente: yovanni acosta  garcia de frias Balance anterior $121200.00 Monto pagado $6060.00 INTERES $121200.00 BALANCE ACTUAL
Agregado; 2025-02-25 14:17:47; Préstamo: 460 Pago de cliente: yesenia de los santos marte Balance anterior $191000.00 Monto pagado $9550.00 INTERES $191000.00 BALANCE ACTUAL
Agregado; 2025-02-25 14:20:49; Préstamo: 503 Pago de cliente: yoseli pamela calcaño lopez Balance anterior $65000.00 Monto pagado $3250.00 INTERES $65000.00 BALANCE ACTUAL
Agregado; 2025-02-25 14:21:45; Préstamo: 473 Pago de cliente: alexander reyes Balance anterior $50000.00 Monto pagado $2500.00 INTERES $50000.00 BALANCE ACTUAL
Agregado; 2025-02-25 14:22:06; Préstamo: 373 Pago de cliente: ramon garcia Balance anterior $118000.00 Monto pagado $5900.00 INTERES $118000.00 BALANCE ACTUAL
Agregado; 2025-02-25 14:24:25; Préstamo: 191 Pago de cliente: esperanza yanilca amparo castillo Balance anterior $132000.00 Monto pagado $6600.00 INTERES $132000.00 BALANCE ACTUAL
Agregado; 2025-02-25 14:24:50; Préstamo: 324 Pago de cliente: luisa yanelsi then molina Balance anterior $164500.00 Monto pagado $2600.00 PAGO IRREGULAR $164500.00 BALANCE ACTUAL
Agregado; 2025-02-25 14:25:39; Préstamo: 451 Pago de cliente: justo rafael dipuglia rosario Balance anterior $135000.00 Monto pagado $6750.00 INTERES $135000.00 BALANCE ACTUAL
Agregado; 2025-02-25 14:25:55; Préstamo: 451 Pago de cliente: justo rafael dipuglia rosario Balance anterior $135000.00 Monto pagado $6750.00 INTERES $135000.00 BALANCE ACTUAL
Agregado; 2025-02-25 14:26:33; Préstamo: 178 Pago de cliente: gricelida tavarez drullard Balance anterior $203000.00 Monto pagado $8000.00 PAGO IRREGULAR $203000.00 BALANCE ACTUAL
Agregado; 2025-02-25 14:27:15; Préstamo: 433 Pago de cliente: edilcia encarnacion encarnacion Balance anterior $155000.00 Monto pagado $5300.00 PAGO IRREGULAR $155000.00 BALANCE ACTUAL
Agregado; 2025-02-25 14:28:18; Préstamo: 511 Pago de cliente: sebastiana tirado melo Balance anterior $60000.00 Monto pagado $3000.00 INTERES $60000.00 BALANCE ACTUAL
Agregado; 2025-02-25 14:28:40; Préstamo: 440 Pago de cliente: nolberto joel lopez de jesus Balance anterior $138000.00 Monto pagado $6900.00 INTERES $138000.00 BALANCE ACTUAL
Agregado; 2025-02-25 14:29:25; Préstamo: 522 Pago de cliente: santo benigno rosario Balance anterior $250000.00 Monto pagado $10000.00 INTERES $250000.00 BALANCE ACTUAL
Agregado; 2025-02-25 14:30:06; Préstamo: 137 Pago de cliente: ramon quiro melo Balance anterior $100000.00 Monto pagado $5000.00 INTERES $100000.00 BALANCE ACTUAL
Agregado; 2025-02-25 14:30:26; Préstamo: 426 Pago de cliente: delva altagracia vanderhorst almeyda Balance anterior $115000.00 Monto pagado $4600.00 INTERES $115000.00 BALANCE ACTUAL
Agregado; 2025-02-25 14:31:16; Préstamo: 526 Pago de cliente: sara felipe kery Balance anterior $53000.00 Monto pagado $2500.00 PAGO IRREGULAR $53000.00 BALANCE ACTUAL
Agregado; 2025-02-25 14:33:33; Préstamo: 464 Pago de cliente: Marcelino Maldonado Fernández Balance anterior $125000.00 Monto pagado $6250.00 INTERES $125000.00 BALANCE ACTUAL
Agregado; 2025-02-25 14:34:59; Préstamo: 512 Pago de cliente: maribel maria gil Balance anterior $100000.00 Monto pagado $10000.00 INTERES $100000.00 BALANCE ACTUAL
Agregado; 2025-02-25 14:35:21; Préstamo: 174 Pago de cliente: jesus de la cruz amparo Balance anterior $20000.00 Monto pagado $1000.00 INTERES $20000.00 BALANCE ACTUAL
Agregado; 2025-02-25 14:38:19; Préstamo: 163 Pago de cliente: yulizan encarnacion crooke Balance anterior $40000.00 Monto pagado $2000.00 INTERES $40000.00 BALANCE ACTUAL
Agregado; 2025-02-25 14:50:33; Préstamo: 369 Pago de cliente: marino candelario compres Balance anterior $157000.00 Monto pagado $7850.00 INTERES $157000.00 BALANCE ACTUAL
Agregado; 2025-02-25 14:51:24; Préstamo: 499 Pago de cliente: antonio ventura hilario Balance anterior $44000.00 Monto pagado $2200.00 INTERES $44000.00 BALANCE ACTUAL
Agregado; 2025-02-25 14:52:49; Préstamo: 529 Pago de cliente: lorenza maria jose avelino Balance anterior $150000.00 Monto pagado $7500.00 INTERES $150000.00 BALANCE ACTUAL
Agregado; 2025-02-25 14:54:30; Préstamo: 506 Pago de cliente: roberto hernandez sanchez Balance anterior $302000.00 Monto pagado $15100.00 INTERES $302000.00 BALANCE ACTUAL
Agregado; 2025-02-25 14:54:46; Préstamo: 504 Pago de cliente: ruddy morales fernandez Balance anterior $145000.00 Monto pagado $7250.00 INTERES $145000.00 BALANCE ACTUAL
Agregado; 2025-02-25 14:55:57; Préstamo: 518 Pago de cliente: roberto flores acosta Balance anterior $110000.00 Monto pagado $5500.00 INTERES $110000.00 BALANCE ACTUAL
Agregado; 2025-02-25 14:56:55; Préstamo: 454 Pago de cliente: yuderky ramona gama olivo Balance anterior $206100.00 Monto pagado $10305.00 INTERES $206100.00 BALANCE ACTUAL
Agregado; 2025-02-25 14:57:39; Préstamo: 112 Pago de cliente: ysidora altagracia minaya duran Balance anterior $387000.00 Monto pagado $8000.00 PAGO IRREGULAR $387000.00 BALANCE ACTUAL
Agregado; 2025-02-25 14:58:09; Préstamo: 508 Pago de cliente: juana  yesenia facenda hernandez Balance anterior $300000.00 Monto pagado $12000.00 INTERES $300000.00 BALANCE ACTUAL
Agregado; 2025-02-25 14:59:39; Préstamo: 478 Pago de cliente: jorge luis cepeda martinez Balance anterior $350000.00 Monto pagado $17500.00 INTERES $350000.00 BALANCE ACTUAL
Agregado; 2025-02-25 15:02:13; Préstamo: 383 Pago de cliente: juan alfonso concepcion vazquez Balance anterior $269500.00 Monto pagado $13475.00 INTERES $269500.00 BALANCE ACTUAL
Agregado; 2025-02-25 15:03:53; Préstamo: 505 Pago de cliente: rhoneer guzman ozoria Balance anterior $348500.00 Monto pagado $17425.00 INTERES $348500.00 BALANCE ACTUAL
Agregado; 2025-02-25 15:07:51; Préstamo: 439 Pago de cliente: erika gonzalez ramirez Balance anterior $200000.00 Monto pagado $8000.00 INTERES $200000.00 BALANCE ACTUAL
Agregado; 2025-02-25 15:14:14; Préstamo: 509 Pago de cliente: dannessa deyanara rodriguez Balance anterior $326000.00 Monto pagado $6900.00 PAGO IRREGULAR $326000.00 BALANCE ACTUAL
Agregado; 2025-02-25 15:16:23; Nuevo préstamo cliente: ROSALY ULLOA  monto prestado $4800 duración: 10 meses interes: 240
Eliminado; 2025-02-25 15:16:47; Préstamo: 530 Cliente: ROSALY ULLOA  monto $4800.00 duración: 10 meses interes: 240.00
Eliminado; 2025-02-25 15:16:47; Préstamo: 530 
Eliminado; 2025-02-25 15:16:47; amortización: 530 
Agregado; 2025-02-25 17:15:41; Préstamo: 509 Pago de cliente: dannessa deyanara rodriguez Balance anterior $326000.00 Monto pagado $16300.00 INTERES $326000.00 BALANCE ACTUAL
Agregado; 2025-02-25 17:15:41; Préstamo: 509 Abono pago irregular - cliente: dannessa deyanara rodriguez $9400 PAGO IRREGULAR $326000.00 BALANCE ACTUAL
Agregado; 2025-02-25 17:16:23; Préstamo: 332 Pago de cliente: ambiorix almanzar castro Balance anterior $205000.00 Monto pagado $10250.00 INTERES $205000.00 BALANCE ACTUAL
Agregado; 2025-02-25 17:21:39; Préstamo: 461 Pago de cliente: winny esther mercado palomino Balance anterior $170000.00 Monto pagado $8500.00 INTERES $170000.00 BALANCE ACTUAL
Agregado; 2025-02-25 17:54:23; Préstamo: 312 Pago de cliente: vianely trinidad paulino Balance anterior $15000.00 Monto pagado $750.00 INTERES $15000.00 BALANCE ACTUAL
Agregado; 2025-02-25 20:26:50; Préstamo: 425 Adicional al capital, cliente:  $2000
