Agregado; 2024-03-11 10:38:02; Nuevo préstamo cliente: jose francisco lopez fermin monto prestado $170000 duración: 10 meses interes: 8500
Agregado; 2024-03-11 11:36:10; Nuevo préstamo cliente: marcia martinez y adames de ferrera monto prestado $183000 duración: 10 meses interes: 9150
Eliminado; 2024-03-11 11:36:19; Préstamo: 160 Cliente: marcia martinez y adames de ferrera monto $175500.00 duración: 10 meses interes: 8775.00
Eliminado; 2024-03-11 11:36:19; Préstamo: 160 
Eliminado; 2024-03-11 11:36:19; amortización: 160 
Eliminado; 2024-03-11 11:46:39; Préstamo:  Adicional del cliente:  monto  $
Eliminado; 2024-03-11 11:46:39; adicional del présamo:  
Actualizado; 2024-03-11 11:46:39; Préstamo:  
Eliminado; 2024-03-11 11:46:39; Préstamo: 179 Adicional del cliente: marino candelario compres monto ADICIONAL $40000
Eliminado; 2024-03-11 11:46:39; adicional del présamo: 179 
Actualizado; 2024-03-11 11:46:39; Préstamo: 179 
Actualizado; 2024-03-11 11:59:42; Préstamo cliente: brahian canot monto prestado $105000.00 duración: 10 meses interes: 7000
Agregado; 2024-03-11 12:01:24; Nuevo préstamo cliente: brahian canot monto prestado $105000 duración: 10 meses interes: 5250
Eliminado; 2024-03-11 12:01:32; Préstamo: 355 Cliente: brahian canot monto $105000.00 duración: 10 meses interes: 7000.00
Eliminado; 2024-03-11 12:01:32; Préstamo: 355 
Eliminado; 2024-03-11 12:01:32; amortización: 355 
Agregado; 2024-03-11 12:29:11; Nuevo préstamo cliente: roberto hernandez sanchez monto prestado $156000 duración: 10 meses interes: 7800
Eliminado; 2024-03-11 12:29:19; Préstamo: 267 Cliente: roberto hernandez sanchez monto $142150.00 duración: 10 meses interes: 7107.50
Eliminado; 2024-03-11 12:29:19; Préstamo: 267 
Eliminado; 2024-03-11 12:29:19; amortización: 267 
Agregado; 2024-03-11 12:33:41; Nuevo préstamo cliente: ramon quiro melo monto prestado $15000 duración: 10 meses interes: 750
Agregado; 2024-03-11 12:38:01; Nuevo préstamo cliente: marino candelario compres monto prestado $107000 duración: 10 meses interes: 5350
Eliminado; 2024-03-11 12:38:50; Préstamo: 179 Cliente: marino candelario compres monto $147000.00 duración: 10 meses interes: 7350.00
Eliminado; 2024-03-11 12:38:50; Préstamo: 179 
Eliminado; 2024-03-11 12:38:50; amortización: 179 
