Agregado; 2024-12-19 13:46:35; Préstamo: 391 Pago de cliente: modesto gonzalez lopez Balance anterior $131500.00 Monto pagado $6575.00 INTERES $131500.00 BALANCE ACTUAL
Agregado; 2024-12-19 13:49:13; Préstamo: 176 Pago de cliente: ana maria gonzalez peña Balance anterior $211000.00 Monto pagado $10550.00 INTERES $211000.00 BALANCE ACTUAL
Agregado; 2024-12-19 13:49:34; Préstamo: 431 Pago de cliente: modesta crecencia paredes pierrot Balance anterior $70000.00 Monto pagado $2800.00 INTERES $70000.00 BALANCE ACTUAL
Agregado; 2024-12-19 13:50:26; Préstamo: 424 Pago de cliente: luisa kery Balance anterior $120000.00 Monto pagado $5000.00 PAGO IRREGULAR $120000.00 BALANCE ACTUAL
Agregado; 2024-12-19 13:50:45; Préstamo: 127 Pago de cliente: ligia maria dolores alvarado de pereyra Balance anterior $165000.00 Monto pagado $4500.00 INTERES $165000.00 BALANCE ACTUAL
Agregado; 2024-12-19 13:51:23; Préstamo: 457 Pago de cliente: dionisio castillo lora Balance anterior $335000.00 Monto pagado $16750.00 INTERES $335000.00 BALANCE ACTUAL
Agregado; 2024-12-19 13:54:07; Préstamo: 400 Pago de cliente: nidia elsa ramona oller javier Balance anterior $136000.00 Monto pagado $5100.00 PAGO IRREGULAR $136000.00 BALANCE ACTUAL
Agregado; 2024-12-19 13:55:18; Préstamo: 408 Pago de cliente: leoncia de jesus adames Balance anterior $180000.00 Monto pagado $9000.00 INTERES $180000.00 BALANCE ACTUAL
Agregado; 2024-12-19 13:55:56; Préstamo: 388 Pago de cliente: dulce maria olivo cheriz Balance anterior $125000.00 Monto pagado $6250.00 INTERES $125000.00 BALANCE ACTUAL
Agregado; 2024-12-19 13:59:59; Préstamo: 395 Pago de cliente: colombino mata juma Balance anterior $164500.00 Monto pagado $8225.00 INTERES $164500.00 BALANCE ACTUAL
Agregado; 2024-12-19 14:00:32; Préstamo: 485 Pago de cliente: hugo rodriguez Balance anterior $56500.00 Monto pagado $2825.00 INTERES $56500.00 BALANCE ACTUAL
Agregado; 2024-12-19 14:01:03; Préstamo: 342 Pago de cliente: natividad maldonado de los santos Balance anterior $192500.00 Monto pagado $6300.00 PAGO IRREGULAR $192500.00 BALANCE ACTUAL
Agregado; 2024-12-19 14:01:40; Préstamo: 486 Pago de cliente: belgica acosta de fernandez Balance anterior $100000.00 Monto pagado $5000.00 INTERES $100000.00 BALANCE ACTUAL
Agregado; 2024-12-19 14:03:06; Préstamo: 378 Pago de cliente: marcia martinez y adames de ferrera Balance anterior $185000.00 Monto pagado $5200.00 PAGO IRREGULAR $185000.00 BALANCE ACTUAL
Agregado; 2024-12-19 14:03:39; Préstamo: 437 Pago de cliente: eugenio ernesto marchena fermin Balance anterior $150000.00 Monto pagado $7500.00 INTERES $150000.00 BALANCE ACTUAL
Agregado; 2024-12-19 14:04:45; Préstamo: 463 Pago de cliente: amarilis lora alonzo de capellan Balance anterior $50000.00 Monto pagado $2500.00 INTERES $50000.00 BALANCE ACTUAL
Agregado; 2024-12-19 14:05:48; Préstamo: 444 Pago de cliente: miguel hilario pichardo Balance anterior $90000.00 Monto pagado $4500.00 INTERES $90000.00 BALANCE ACTUAL
Agregado; 2024-12-19 14:06:15; Préstamo: 471 Pago de cliente: rafael guzman ragalado Balance anterior $135000.00 Monto pagado $6750.00 INTERES $135000.00 BALANCE ACTUAL
Actualizado; 2024-12-19 14:08:19; Préstamo cliente: luz estel palomino de capois monto prestado $100000.00 duración: 10 meses interes: 4000
Agregado; 2024-12-19 14:08:40; Préstamo: 482 Pago de cliente: luz estel palomino de capois Balance anterior $100000.00 Monto pagado $4000.00 INTERES $100000.00 BALANCE ACTUAL
Agregado; 2024-12-19 14:10:42; Préstamo: 470 Pago de cliente: aracelis jimenez peña de hernandez Balance anterior $100000.00 Monto pagado $5000.00 INTERES $100000.00 BALANCE ACTUAL
Agregado; 2024-12-19 14:11:02; Préstamo: 381 Pago de cliente: pedro garcia reyes Balance anterior $63000.00 Monto pagado $3150.00 INTERES $63000.00 BALANCE ACTUAL
Agregado; 2024-12-19 14:11:42; Préstamo: 245 Pago de cliente: santa cruceta lantigua de garcia Balance anterior $20000.00 Monto pagado $1000.00 INTERES $20000.00 BALANCE ACTUAL
Agregado; 2024-12-19 14:12:09; Préstamo: 327 Pago de cliente: claribel altagracia mendoza hernandez Balance anterior $50000.00 Monto pagado $2500.00 INTERES $50000.00 BALANCE ACTUAL
Agregado; 2024-12-19 15:28:45; Nuevo préstamo cliente: juan ulloa altagracia  monto prestado $40000 duración: 10 meses interes: 2000
Agregado; 2024-12-19 15:33:07; Préstamo: 383 Adicional al capital, cliente:  $17000
Agregado; 2024-12-19 15:38:05; Préstamo: 448 Adicional al capital, cliente:  $3000
Agregado; 2024-12-19 15:41:51; Préstamo: 437 Adicional al capital, cliente:  $30000
Eliminado; 2024-12-19 15:45:20; Préstamo: 87 Cliente: rafael regalado del orbe monto $115000.00 duración: 10 meses interes: 5750.00
Eliminado; 2024-12-19 15:45:20; Préstamo: 87 
Eliminado; 2024-12-19 15:45:20; amortización: 87 
