Agregado; 2023-11-13 07:43:24; Nuevo préstamo cliente: estalyn cortorreal ventura monto prestado $96500 duración: 10 meses interes: 4825
Agregado; 2023-11-13 07:44:52; PAGO IRREGULAR
Agregado; 2023-11-13 07:44:52; abono al capital de cliente: estalyn cortorreal ventura $96500 
Agregado; 2023-11-13 07:45:38; PAGO IRREGULAR
Agregado; 2023-11-13 07:45:38; abono al capital de cliente: estalyn cortorreal ventura $96500 
Agregado; 2023-11-13 07:46:08; PAGO IRREGULAR
Agregado; 2023-11-13 07:46:09; abono al capital de cliente: estalyn cortorreal ventura $96500 
Agregado; 2023-11-13 07:46:30; PAGO IRREGULAR
Agregado; 2023-11-13 07:46:30; abono al capital de cliente: estalyn cortorreal ventura $96500 
Agregado; 2023-11-13 07:46:37; PAGO IRREGULAR
Agregado; 2023-11-13 07:46:37; abono al capital de cliente: estalyn cortorreal ventura $96500 
Eliminado; 2023-11-13 07:56:02; Prestamo del cliente: estalyn cortorreal ventura monto $-386000.00 duración: 10 meses interes: 4825.00
Eliminado; 2023-11-13 07:56:03; Préstamo: 295 
Eliminado; 2023-11-13 07:56:03; amortización: 295 
Eliminado; 2023-11-13 07:56:14; Prestamo del cliente:  monto $ duración:  meses interes: 
Eliminado; 2023-11-13 07:56:14; Préstamo: 295 
Eliminado; 2023-11-13 07:56:14; amortización: 295 
Eliminado; 2023-11-13 07:56:22; Prestamo del cliente:  monto $ duración:  meses interes: 
Eliminado; 2023-11-13 07:56:23; Préstamo: 295 
Eliminado; 2023-11-13 07:56:23; amortización: 295 
Eliminado; 2023-11-13 07:56:31; Prestamo del cliente:  monto $ duración:  meses interes: 
Eliminado; 2023-11-13 07:56:31; Préstamo: 295 
Eliminado; 2023-11-13 07:56:31; amortización: 295 
Eliminado; 2023-11-13 08:09:34; Prestamo del cliente: estalyn cortorreal ventura monto $84000.00 duración: 10 meses interes: 3000.00
Eliminado; 2023-11-13 08:09:34; Préstamo: 172 
Eliminado; 2023-11-13 08:09:34; amortización: 172 
