Actualizado; 2025-12-18 13:24:22; Préstamo cliente: dianelba gizeh mercedes de castillo monto prestado $175000.00 duración: 10 meses interes: 8750
Agregado; 2025-12-18 13:24:41; Préstamo: 672 Adicional al capital, cliente:  $28000
Agregado; 2025-12-18 13:27:59; Préstamo: 607 Adicional al capital, cliente:  $5000
Agregado; 2025-12-18 13:29:17; Préstamo: 559 Adicional al capital, cliente:  $45200
Agregado; 2025-12-18 13:34:32; Préstamo: 645 Adicional al capital, cliente:  $5500
Agregado; 2025-12-18 13:36:47; Préstamo: 509 Adicional al capital, cliente:  $13500
Agregado; 2025-12-18 13:37:39; Préstamo: 433 Adicional al capital, cliente:  $18500
Agregado; 2025-12-18 13:39:44; Préstamo: 678 Adicional al capital, cliente:  $2800
Agregado; 2025-12-18 13:41:50; Préstamo: 439 Adicional al capital, cliente:  $8700
Agregado; 2025-12-18 13:42:34; Préstamo: 498 Adicional al capital, cliente:  $8000
Agregado; 2025-12-18 13:43:30; Préstamo: 600 Adicional al capital, cliente:  $25600
Agregado; 2025-12-18 13:44:20; Préstamo: 615 Adicional al capital, cliente:  $11100
Eliminado; 2025-12-18 13:44:59; Préstamo: 669 Cliente: jorge luis cepeda martinez monto $72000.00 duración: 10 meses interes: 5040.00
Eliminado; 2025-12-18 13:44:59; Préstamo: 669 
Eliminado; 2025-12-18 13:44:59; amortización: 669 
Eliminado; 2025-12-18 13:45:11; Préstamo: 629 Cliente: jorge luis cepeda martinez monto $120000.00 duración: 10 meses interes: 6000.00
Eliminado; 2025-12-18 13:45:11; Préstamo: 629 
Eliminado; 2025-12-18 13:45:11; amortización: 629 
Agregado; 2025-12-18 13:46:12; Préstamo: 324 Adicional al capital, cliente:  $10700
Agregado; 2025-12-18 13:49:35; Préstamo: 369 Adicional al capital, cliente:  $4700
Agregado; 2025-12-18 13:51:38; Préstamo: 483 Adicional al capital, cliente:  $12200
Agregado; 2025-12-18 13:52:56; Préstamo: 543 Adicional al capital, cliente:  $5000
Agregado; 2025-12-18 14:03:37; Préstamo: 586 Adicional al capital, cliente:  $6000
Eliminado; 2025-12-18 14:04:56; Préstamo: 648 Cliente: CIRILA MARITZA BEATO SANTANA  monto $100000.00 duración: 10 meses interes: 5000.00
Eliminado; 2025-12-18 14:04:56; Préstamo: 648 
Eliminado; 2025-12-18 14:04:56; amortización: 648 
Actualizado; 2025-12-18 14:06:03; Préstamo cliente: zenon osiris brito acosta  monto prestado $150000.00 duración: 10 meses interes: 7500
Eliminado; 2025-12-18 14:16:22; Préstamo: 647 Cliente: pedro castillo peralta monto $250000.00 duración: 10 meses interes: 10000.00
Eliminado; 2025-12-18 14:16:22; Préstamo: 647 
Eliminado; 2025-12-18 14:16:22; amortización: 647 
Agregado; 2025-12-18 14:18:13; Préstamo: 521 Adicional al capital, cliente:  $12000
Agregado; 2025-12-18 14:29:13; Nuevo préstamo cliente: gregori contrera herrera  monto prestado $16000 duración: 10 meses interes: 960
Eliminado; 2025-12-18 14:44:29; Préstamo: 534 Cliente: sebastiana tirado melo monto $156000.00 duración: 10 meses interes: 7800.00
Eliminado; 2025-12-18 14:44:29; Préstamo: 534 
Eliminado; 2025-12-18 14:44:29; amortización: 534 
Agregado; 2025-12-18 14:53:34; Préstamo: 595 Pago de cliente: carmen lopez fermin Balance anterior $45000.00 Monto pagado $2000.00 PAGO IRREGULAR $45000.00 BALANCE ACTUAL
Agregado; 2025-12-18 14:54:03; Préstamo: 527 Pago de cliente: colombino mata juma Balance anterior $127000.00 Monto pagado $6350.00 INTERES $127000.00 BALANCE ACTUAL
Eliminado; 2025-12-18 14:54:24; Préstamo: 620 Cliente: epifanio cortorreal balbuena monto $300000.00 duración: 10 meses interes: 15000.00
Eliminado; 2025-12-18 14:54:24; Préstamo: 620 
Eliminado; 2025-12-18 14:54:24; amortización: 620 
Agregado; 2025-12-18 14:54:34; Préstamo: 681 Pago de cliente: epifanio cortorreal balbuena Balance anterior $340000.00 Monto pagado $17000.00 INTERES $340000.00 BALANCE ACTUAL
Agregado; 2025-12-18 14:54:53; Préstamo: 486 Pago de cliente: belgica acosta de fernandez Balance anterior $100000.00 Monto pagado $5000.00 INTERES $100000.00 BALANCE ACTUAL
Agregado; 2025-12-18 14:55:10; Préstamo: 625 Pago de cliente: luz estel palomino de capois Balance anterior $125000.00 Monto pagado $5000.00 INTERES $125000.00 BALANCE ACTUAL
Eliminado; 2025-12-18 14:55:31; Préstamo: 609 Cliente: ana maria gonzalez peña monto $125000.00 duración: 10 meses interes: 6250.00
Eliminado; 2025-12-18 14:55:31; Préstamo: 609 
Eliminado; 2025-12-18 14:55:31; amortización: 609 
Agregado; 2025-12-18 14:56:00; Préstamo: 679 Pago de cliente: ana maria gonzalez peña Balance anterior $185000.00 Monto pagado $9250.00 INTERES $185000.00 BALANCE ACTUAL
Agregado; 2025-12-18 14:57:17; Préstamo: 676 Pago de cliente: tomas garcia rodriguez Balance anterior $271000.00 Monto pagado $10840.00 INTERES $271000.00 BALANCE ACTUAL
Eliminado; 2025-12-18 14:57:32; Préstamo: 662 Cliente: tomas garcia rodriguez monto $271000.00 duración: 10 meses interes: 10840.00
Eliminado; 2025-12-18 14:57:32; Préstamo: 662 
Eliminado; 2025-12-18 14:57:32; amortización: 662 
Eliminado; 2025-12-18 14:57:50; Préstamo: 628 Cliente: alfonso hiciano laureano monto $150000.00 duración: 10 meses interes: 7500.00
Eliminado; 2025-12-18 14:57:50; Préstamo: 628 
Eliminado; 2025-12-18 14:57:50; amortización: 628 
Agregado; 2025-12-18 14:58:02; Préstamo: 683 Pago de cliente: alfonso hiciano laureano Balance anterior $150000.00 Monto pagado $7500.00 INTERES $150000.00 BALANCE ACTUAL
Agregado; 2025-12-18 14:58:19; Préstamo: 590 Pago de cliente: pedro garcia reyes Balance anterior $55000.00 Monto pagado $2750.00 INTERES $55000.00 BALANCE ACTUAL
Agregado; 2025-12-18 14:59:51; Préstamo: 535 Pago de cliente: jose francisco lopez fermin Balance anterior $150000.00 Monto pagado $7400.00 PAGO IRREGULAR $150000.00 BALANCE ACTUAL
Agregado; 2025-12-18 15:00:08; Préstamo: 463 Pago de cliente: amarilis lora alonzo de capellan Balance anterior $100000.00 Monto pagado $5000.00 INTERES $100000.00 BALANCE ACTUAL
Agregado; 2025-12-18 15:00:48; Préstamo: 558 Pago de cliente: claribel altagracia mendoza hernandez Balance anterior $123100.00 Monto pagado $6155.00 INTERES $123100.00 BALANCE ACTUAL
Eliminado; 2025-12-18 15:01:25; Préstamo: 437 Cliente: eugenio ernesto marchena fermin monto $213000.00 duración: 10 meses interes: 10650.00
Eliminado; 2025-12-18 15:01:25; Préstamo: 437 
Eliminado; 2025-12-18 15:01:25; amortización: 437 
Agregado; 2025-12-18 15:02:20; Préstamo: 556 Pago de cliente: pedro pablo valdez sanchez Balance anterior $321000.00 Monto pagado $16050.00 INTERES $321000.00 BALANCE ACTUAL
Agregado; 2025-12-18 15:02:20; Préstamo: 556 Abono pago irregular - cliente: pedro pablo valdez sanchez $2950 PAGO IRREGULAR $321000.00 BALANCE ACTUAL
Agregado; 2025-12-18 15:02:52; Préstamo: 643 Pago de cliente: nidia elsa ramona oller javier Balance anterior $150000.00 Monto pagado $2500.00 PAGO IRREGULAR $150000.00 BALANCE ACTUAL
Agregado; 2025-12-18 15:05:02; Préstamo: 589 Pago de cliente: modesta crecencia paredes pierrot Balance anterior $245000.00 Monto pagado $9000.00 PAGO IRREGULAR $245000.00 BALANCE ACTUAL
Agregado; 2025-12-18 15:05:38; Préstamo: 589 Adicional al capital, cliente:  $10400
Agregado; 2025-12-18 15:07:27; Préstamo: 665 Pago de cliente: modesto gonzalez lopez Balance anterior $259000.00 Monto pagado $9300.00 PAGO IRREGULAR $259000.00 BALANCE ACTUAL
Agregado; 2025-12-18 15:07:44; Préstamo: 636 Pago de cliente: dionisio castillo lora Balance anterior $240000.00 Monto pagado $9600.00 INTERES $240000.00 BALANCE ACTUAL
Agregado; 2025-12-18 15:07:50; Préstamo: 636 Pago de cliente: dionisio castillo lora Balance anterior $240000.00 Monto pagado $9600.00 INTERES $240000.00 BALANCE ACTUAL
Agregado; 2025-12-18 15:09:17; Préstamo: 127 Pago de cliente: ligia maria dolores alvarado de pereyra Balance anterior $205000.00 Monto pagado $6500.00 INTERES $205000.00 BALANCE ACTUAL
Agregado; 2025-12-18 15:10:56; Préstamo: 623 Pago de cliente: ana cristina maloon echavarria Balance anterior $164600.00 Monto pagado $8230.00 INTERES $164600.00 BALANCE ACTUAL
Agregado; 2025-12-18 15:11:47; Préstamo: 645 Pago de cliente: aracelis jimenez peña de hernandez Balance anterior $181500.00 Monto pagado $8800 PAGO IRREGULAR $181500.00 BALANCE ACTUAL
Agregado; 2025-12-18 15:12:31; Préstamo: 592 Pago de cliente: rafael guzman ragalado Balance anterior $98000.00 Monto pagado $4900.00 INTERES $98000.00 BALANCE ACTUAL
Agregado; 2025-12-18 15:12:31; Préstamo: 592 Abono pago irregular - cliente: rafael guzman ragalado $100 PAGO IRREGULAR $98000.00 BALANCE ACTUAL
Agregado; 2025-12-18 15:12:58; Préstamo: 605 Pago de cliente: ana rosa paredes liriano Balance anterior $120000.00 Monto pagado $6000.00 INTERES $120000.00 BALANCE ACTUAL
Agregado; 2025-12-18 15:13:23; Préstamo: 656 Pago de cliente: mercedes muñoz rodriguez de breton Balance anterior $300000.00 Monto pagado $15000.00 INTERES $300000.00 BALANCE ACTUAL
Agregado; 2025-12-18 15:14:00; Préstamo: 477 Pago de cliente: jose miguel ozoria acosta Balance anterior $204000.00 Monto pagado $10200.00 INTERES $204000.00 BALANCE ACTUAL
Eliminado; 2025-12-18 15:14:20; Préstamo: 667 Cliente: leoncia de jesus adames monto $155000.00 duración: 10 meses interes: 7750.00
Eliminado; 2025-12-18 15:14:20; Préstamo: 667 
Eliminado; 2025-12-18 15:14:20; amortización: 667 
Agregado; 2025-12-18 15:14:36; Préstamo: 677 Pago de cliente: leoncia de jesus adames Balance anterior $200000.00 Monto pagado $10000.00 INTERES $200000.00 BALANCE ACTUAL
Agregado; 2025-12-18 15:15:12; Préstamo: 378 Pago de cliente: marcia martinez y adames de ferrera Balance anterior $212000.00 Monto pagado $7500.00 PAGO IRREGULAR $212000.00 BALANCE ACTUAL
Eliminado; 2025-12-18 15:16:19; Préstamo: 444 Cliente: miguel hilario pichardo monto $200000.00 duración: 10 meses interes: 10000.00
Eliminado; 2025-12-18 15:16:19; Préstamo: 444 
Eliminado; 2025-12-18 15:16:19; amortización: 444 
Eliminado; 2025-12-18 15:16:31; Préstamo:  Cliente:  monto $ duración:  meses interes: 
Eliminado; 2025-12-18 15:16:31; Préstamo: 444 
Eliminado; 2025-12-18 15:16:31; amortización: 444 
Agregado; 2025-12-18 15:16:43; Préstamo: 670 Pago de cliente: miguel hilario pichardo Balance anterior $230000.00 Monto pagado $11500.00 INTERES $230000.00 BALANCE ACTUAL
Agregado; 2025-12-18 15:24:00; Préstamo: 678 Pago de cliente: eugenio ernesto marchena fermin Balance anterior $253400.00 Monto pagado $10300.00 PAGO IRREGULAR $253400.00 BALANCE ACTUAL
Agregado; 2025-12-18 15:31:08; Préstamo: 633 Abono pago irregular - cliente: leandro moris rosario $2500 PAGO IRREGULAR $100000.00 BALANCE ACTUAL
Agregado; 2025-12-18 15:31:08; Préstamo: 633 Abono al capital de cliente: leandro moris rosario $7500 
Agregado; 2025-12-18 15:38:59; Préstamo: 604 Abono al capital de cliente: camilo vargas suriel $25000 
Eliminado; 2025-12-18 16:19:08; Préstamo: 433 Adicional del cliente: edilcia encarnacion encarnacion  monto ADICIONAL $18500
Eliminado; 2025-12-18 16:19:08; adicional del présamo: 433 
Actualizado; 2025-12-18 16:19:08; Préstamo: 433 
Eliminado; 2025-12-18 16:19:08; Préstamo:  Adicional del cliente:  monto  $
Eliminado; 2025-12-18 16:19:08; adicional del présamo:  
Actualizado; 2025-12-18 16:19:08; Préstamo:  
Agregado; 2025-12-18 16:28:04; Préstamo: 509 Adicional al capital, cliente:  $10000
Agregado; 2025-12-18 16:39:45; Préstamo: 433 Adicional al capital, cliente:  $18500
