Agregado; 2025-07-17 17:26:23; Préstamo: 373 Adicional al capital, cliente:  $10000
Actualizado; 2025-07-17 18:31:07; Préstamo cliente: ramon garcia monto prestado $62000.00 duración: 10 meses interes: 6850
Agregado; 2025-07-17 18:36:39; Préstamo: 552 Pago de cliente: dorothy cleopatra adolfina vanderhorst almeyda Balance anterior $200000.00 Monto pagado $10000.00 INTERES $200000.00 BALANCE ACTUAL
Actualizado; 2025-07-17 18:38:28; Préstamo cliente: edward alexander polanco alvarado monto prestado $285000.00 duración: 10 meses interes: 14750
Eliminado; 2025-07-17 18:54:18; Préstamo: 550 Cliente: lorenza maria jose avelino monto $200000.00 duración: 10 meses interes: 10000.00
Eliminado; 2025-07-17 18:54:18; Préstamo: 550 
Eliminado; 2025-07-17 18:54:18; amortización: 550 
Actualizado; 2025-07-17 18:54:37; Préstamo cliente: lorenza maria jose avelino monto prestado $240000.00 duración: 10 meses interes: 12000
Agregado; 2025-07-17 18:55:46; Préstamo: 601 Adicional al capital, cliente:  $1500
Eliminado; 2025-07-17 18:56:08; Préstamo: 451 Cliente: justo rafael dipuglia rosario monto $143000.00 duración: 10 meses interes: 7150.00
Eliminado; 2025-07-17 18:56:08; Préstamo: 451 
Eliminado; 2025-07-17 18:56:08; amortización: 451 
Actualizado; 2025-07-17 18:56:28; Préstamo cliente: juan alfonso concepcion vazquez monto prestado $150000.00 duración: 10 meses interes: 6000
Eliminado; 2025-07-17 18:56:39; Préstamo: 562 Cliente: juan alfonso concepcion vazquez monto $360000.00 duración: 10 meses interes: 18000.00
Eliminado; 2025-07-17 18:56:39; Préstamo: 562 
Eliminado; 2025-07-17 18:56:39; amortización: 562 
Actualizado; 2025-07-17 19:15:40; Préstamo cliente: yuderky ramona gama olivo monto prestado $215000.00 duración: 10 meses interes: 10750
Eliminado; 2025-07-17 19:15:50; Préstamo: 566 Cliente: yuderky ramona gama olivo monto $200000.00 duración: 10 meses interes: 10000.00
Eliminado; 2025-07-17 19:15:50; Préstamo: 566 
Eliminado; 2025-07-17 19:15:50; amortización: 566 
Actualizado; 2025-07-17 19:26:05; Préstamo cliente: camilo vargas suriel monto prestado $60000.00 duración: 10 meses interes: 3000
