Agregado; 2025-07-18 13:38:24; Préstamo: 424 Pago de cliente: luisa kery Balance anterior $120000.00 Monto pagado $4200.00 PAGO IRREGULAR $120000.00 BALANCE ACTUAL
Agregado; 2025-07-18 13:38:50; Préstamo: 558 Pago de cliente: claribel altagracia mendoza hernandez Balance anterior $123100.00 Monto pagado $6155.00 INTERES $123100.00 BALANCE ACTUAL
Agregado; 2025-07-18 13:40:26; Préstamo: 535 Pago de cliente: jose francisco lopez fermin Balance anterior $150000.00 Monto pagado $7100.00 PAGO IRREGULAR $150000.00 BALANCE ACTUAL
Agregado; 2025-07-18 13:41:10; Préstamo: 590 Pago de cliente: pedro garcia reyes Balance anterior $40000.00 Monto pagado $2000.00 INTERES $40000.00 BALANCE ACTUAL
Agregado; 2025-07-18 13:41:59; Préstamo: 501 Pago de cliente: ana maria gonzalez peña Balance anterior $75000.00 Monto pagado $3750.00 INTERES $75000.00 BALANCE ACTUAL
Agregado; 2025-07-18 13:42:57; Préstamo: 589 Pago de cliente: modesta crecencia paredes pierrot Balance anterior $177000.00 Monto pagado $7080.00 INTERES $177000.00 BALANCE ACTUAL
Agregado; 2025-07-18 13:43:56; Préstamo: 549 Pago de cliente: aracelis jimenez peña de hernandez Balance anterior $156000.00 Monto pagado $7800.00 INTERES $156000.00 BALANCE ACTUAL
Agregado; 2025-07-18 13:44:49; Préstamo: 127 Pago de cliente: ligia maria dolores alvarado de pereyra Balance anterior $205000.00 Monto pagado $6500.00 INTERES $205000.00 BALANCE ACTUAL
Agregado; 2025-07-18 13:51:05; Préstamo: 553 Pago de cliente: angela frias genao Balance anterior $50000.00 Monto pagado $2500.00 INTERES $50000.00 BALANCE ACTUAL
Agregado; 2025-07-18 13:51:20; Préstamo: 538 Pago de cliente: julia garcia castillo de castillo Balance anterior $106000.00 Monto pagado $5300.00 INTERES $106000.00 BALANCE ACTUAL
Agregado; 2025-07-18 13:51:44; Préstamo: 408 Pago de cliente: leoncia de jesus adames Balance anterior $180000.00 Monto pagado $8700.00 PAGO IRREGULAR $180000.00 BALANCE ACTUAL
Agregado; 2025-07-18 13:51:57; Préstamo: 486 Pago de cliente: belgica acosta de fernandez Balance anterior $100000.00 Monto pagado $5000.00 INTERES $100000.00 BALANCE ACTUAL
Agregado; 2025-07-18 13:52:33; Préstamo: 378 Pago de cliente: marcia martinez y adames de ferrera Balance anterior $212000.00 Monto pagado $8100.00 PAGO IRREGULAR $212000.00 BALANCE ACTUAL
Agregado; 2025-07-18 13:53:14; Préstamo: 524 Pago de cliente: natividad maldonado de los santos Balance anterior $265700.00 Monto pagado $12000.00 PAGO IRREGULAR $265700.00 BALANCE ACTUAL
Agregado; 2025-07-18 13:53:37; Préstamo: 444 Pago de cliente: miguel hilario pichardo Balance anterior $120000.00 Monto pagado $6000.00 INTERES $120000.00 BALANCE ACTUAL
Agregado; 2025-07-18 13:55:25; Préstamo: 599 Pago de cliente: modesto gonzalez lopez Balance anterior $186200.00 Monto pagado $7448.00 INTERES $186200.00 BALANCE ACTUAL
Agregado; 2025-07-18 13:55:43; Préstamo: 388 Pago de cliente: dulce maria olivo cheriz Balance anterior $170000.00 Monto pagado $8500.00 INTERES $170000.00 BALANCE ACTUAL
Agregado; 2025-07-18 13:56:22; Préstamo: 463 Pago de cliente: amarilis lora alonzo de capellan Balance anterior $100000.00 Monto pagado $5000.00 INTERES $100000.00 BALANCE ACTUAL
Agregado; 2025-07-18 13:59:14; Préstamo: 570 Pago de cliente: epifanio cortorreal balbuena Balance anterior $220000.00 Monto pagado $11000.00 INTERES $220000.00 BALANCE ACTUAL
Agregado; 2025-07-18 13:59:54; Préstamo: 437 Pago de cliente: eugenio ernesto marchena fermin Balance anterior $185000.00 Monto pagado $9250.00 INTERES $185000.00 BALANCE ACTUAL
Agregado; 2025-07-18 14:00:49; Préstamo: 592 Pago de cliente: rafael guzman ragalado Balance anterior $75000.00 Monto pagado $3750.00 INTERES $75000.00 BALANCE ACTUAL
Agregado; 2025-07-18 14:01:22; Préstamo: 516 Pago de cliente: nidia elsa ramona oller javier Balance anterior $180000.00 Monto pagado $8500.00 PAGO IRREGULAR $180000.00 BALANCE ACTUAL
Agregado; 2025-07-18 14:01:37; Préstamo: 605 Pago de cliente: ana rosa paredes liriano Balance anterior $100000.00 Monto pagado $5000.00 INTERES $100000.00 BALANCE ACTUAL
Agregado; 2025-07-18 14:02:13; Préstamo: 497 Pago de cliente: dionisio castillo lora Balance anterior $403000.00 Monto pagado $15000.00 PAGO IRREGULAR $403000.00 BALANCE ACTUAL
Agregado; 2025-07-18 14:02:50; Préstamo: 527 Pago de cliente: colombino mata juma Balance anterior $127000.00 Monto pagado $6350.00 INTERES $127000.00 BALANCE ACTUAL
Agregado; 2025-07-18 14:03:35; Préstamo: 556 Pago de cliente: pedro pablo valdez sanchez Balance anterior $316000.00 Monto pagado $7100.00 PAGO IRREGULAR $316000.00 BALANCE ACTUAL
Agregado; 2025-07-18 14:03:59; Préstamo: 541 Pago de cliente: ana cristina maloon echavarria Balance anterior $173000.00 Monto pagado $8650.00 INTERES $173000.00 BALANCE ACTUAL
Agregado; 2025-07-18 14:32:19; Préstamo: 541 Pago de cliente: ana cristina maloon echavarria Balance anterior $173000.00 Monto pagado $46400 PAGO IRREGULAR $173000.00 BALANCE ACTUAL
Agregado; 2025-07-18 14:35:19; Nuevo préstamo cliente: ana cristina maloon echavarria monto prestado $173000 duración: 10 meses interes: 8650
Agregado; 2025-07-18 14:35:51; Préstamo: 608 Abono al capital de cliente: ana cristina maloon echavarria $46400 
Actualizado; 2025-07-18 14:38:53; Préstamo cliente: ana cristina maloon echavarria monto prestado $173000.00 duración: 10 meses interes: 8650
