Agregado; 2024-09-27 12:28:07; Préstamo: 411 Abono pago irregular - cliente: dannessa deyanara rodriguez $10800 PAGO IRREGULAR $327000.00 BALANCE ACTUAL
Agregado; 2024-09-27 12:29:24; Préstamo: 452 Pago de cliente: felix alberto campo Balance anterior $75000.00 Monto pagado $3750 INTERES $75000.00 BALANCE ACTUAL
Agregado; 2024-09-27 13:15:36; Préstamo: 135 Pago de cliente: mily cuevas sosa Balance anterior $184000.00 Monto pagado $9200.00 INTERES $184000.00 BALANCE ACTUAL
Agregado; 2024-09-27 14:15:39; Nuevo préstamo cliente: rafael guzman ragalado monto prestado $100000 duración: 10 meses interes: 5000
Agregado; 2024-09-27 14:25:29; Préstamo: 409 Adicional al capital, cliente:  $5000
Agregado; 2024-09-27 15:00:00; Nuevo préstamo cliente: rhoneer guzman ozoria monto prestado $318500 duración: 10 meses interes: 15925
Eliminado; 2024-09-27 15:17:36; Préstamo: 152 Cliente: rhoneer guzman ozoria monto $214000.00 duración: 10 meses interes: 10700.00
Eliminado; 2024-09-27 15:17:36; Préstamo: 152 
Eliminado; 2024-09-27 15:17:36; amortización: 152 
Actualizado; 2024-09-27 15:24:06; Préstamo cliente: santo benigno rosario monto prestado $200000.00 duración: 10 meses interes: 10000
Actualizado; 2024-09-27 15:42:17; Préstamo cliente: lisette zaiz ventura monto prestado $100000.00 duración: 10 meses interes: 11860
Agregado; 2024-09-27 15:43:59; Préstamo: 449 Adicional al capital, cliente:  $50000
Agregado; 2024-09-27 15:52:37; Nuevo préstamo cliente: yesenia de los santos marte monto prestado $191000 duración: 10 meses interes: 9550
Eliminado; 2024-09-27 15:53:16; Préstamo: 449 Cliente: yesenia de los santos marte monto $191000.00 duración: 10 meses interes: 9550.00
Eliminado; 2024-09-27 15:53:16; Préstamo: 449 
Eliminado; 2024-09-27 15:53:16; amortización: 449 
Agregado; 2024-09-27 18:14:53; Préstamo: 445 Adicional al capital, cliente:  $25000
Actualizado; 2024-09-27 18:53:09; Préstamo cliente: winny esther mercado palomino monto prestado $100000.00 duración: 10 meses interes: 4800
Agregado; 2024-09-27 18:56:30; Nuevo préstamo cliente: winny esther mercado palomino monto prestado $170000 duración: 10 meses interes: 8500
Eliminado; 2024-09-27 19:12:39; Préstamo: 306 Cliente: winny esther mercado palomino monto $120000.00 duración: 10 meses interes: 4800.00
Eliminado; 2024-09-27 19:12:39; Préstamo: 306 
Eliminado; 2024-09-27 19:12:39; amortización: 306 
