Agregado; 2024-03-19 08:40:25; PAGO IRREGULAR
Agregado; 2024-03-19 08:41:11; PAGO IRREGULAR
Agregado; 2024-03-19 08:41:57; PAGO IRREGULAR
Agregado; 2024-03-19 08:42:33; PAGO IRREGULAR
Agregado; 2024-03-19 08:43:08; PAGO IRREGULAR
Agregado; 2024-03-19 08:46:15; PAGO IRREGULAR
Agregado; 2024-03-19 08:47:08; PAGO IRREGULAR
Agregado; 2024-03-19 08:47:40; PAGO IRREGULAR
Agregado; 2024-03-19 08:47:51; PAGO IRREGULAR
Agregado; 2024-03-19 08:48:21; PAGO IRREGULAR
Agregado; 2024-03-19 08:48:38; PAGO IRREGULAR
Agregado; 2024-03-19 08:49:09; PAGO IRREGULAR
Agregado; 2024-03-19 08:49:26; PAGO IRREGULAR
Agregado; 2024-03-19 08:49:54; PAGO IRREGULAR
Agregado; 2024-03-19 08:50:30; PAGO IRREGULAR
Agregado; 2024-03-19 08:50:56; PAGO IRREGULAR
Agregado; 2024-03-19 08:51:39; PAGO IRREGULAR
Agregado; 2024-03-19 08:52:13; PAGO IRREGULAR
Agregado; 2024-03-19 09:02:01; PAGO IRREGULAR
Agregado; 2024-03-19 09:38:09; Préstamo: 340 Adicional al capital, cliente:  $10000
Agregado; 2024-03-19 13:43:56; Préstamo: 87 Adicional al capital, cliente:  $15000
Actualizado; 2024-03-19 13:44:28; Préstamo cliente: rafael regalado del orbe monto prestado $100000.00 duración: 10 meses interes: 5750
Actualizado; 2024-03-19 14:52:09; Préstamo cliente: marcia martinez y adames de ferrera monto prestado $183000.00 duración: 10 meses interes: 9150
Agregado; 2024-03-19 14:53:17; Nuevo préstamo cliente: marcia martinez y adames de ferrera monto prestado $180000 duración: 10 meses interes: 9000
Agregado; 2024-03-19 14:59:33; PAGO IRREGULAR
Eliminado; 2024-03-19 14:59:54; Préstamo: 365 Cliente: marcia martinez y adames de ferrera monto $183000.00 duración: 10 meses interes: 9150.00
Eliminado; 2024-03-19 14:59:54; Préstamo: 365 
Eliminado; 2024-03-19 14:59:54; amortización: 365 
