Agregado; 2024-03-22 09:40:24; Nuevo préstamo cliente: jack michael morillo  monto prestado $1160000 duración: 10 meses interes: 58000
Agregado; 2024-03-22 19:45:36; PAGO IRREGULAR
Agregado; 2024-03-22 19:46:28; PAGO IRREGULAR
Agregado; 2024-03-22 19:46:40; PAGO IRREGULAR
Agregado; 2024-03-22 19:46:52; PAGO IRREGULAR
Agregado; 2024-03-22 19:47:03; PAGO IRREGULAR
Agregado; 2024-03-22 19:47:42; PAGO IRREGULAR
Agregado; 2024-03-22 19:47:57; PAGO IRREGULAR
Agregado; 2024-03-22 19:48:07; PAGO IRREGULAR
Agregado; 2024-03-22 19:48:22; PAGO IRREGULAR
Agregado; 2024-03-22 19:48:36; PAGO IRREGULAR
Agregado; 2024-03-22 19:48:54; PAGO IRREGULAR
Agregado; 2024-03-22 19:50:30; PAGO IRREGULAR
Agregado; 2024-03-22 19:50:39; PAGO IRREGULAR
Agregado; 2024-03-22 19:50:51; PAGO IRREGULAR
Agregado; 2024-03-22 19:51:13; PAGO IRREGULAR
Agregado; 2024-03-22 19:51:36; PAGO IRREGULAR
Agregado; 2024-03-22 19:51:56; PAGO IRREGULAR
Agregado; 2024-03-22 19:52:08; PAGO IRREGULAR
Agregado; 2024-03-22 19:52:23; PAGO IRREGULAR
Agregado; 2024-03-22 19:52:33; PAGO IRREGULAR
Agregado; 2024-03-22 19:52:44; PAGO IRREGULAR
Agregado; 2024-03-22 19:52:57; PAGO IRREGULAR
Agregado; 2024-03-22 19:53:18; PAGO IRREGULAR
Agregado; 2024-03-22 19:53:28; PAGO IRREGULAR
Agregado; 2024-03-22 19:53:49; PAGO IRREGULAR
Agregado; 2024-03-22 19:54:00; PAGO IRREGULAR
Agregado; 2024-03-22 19:54:11; PAGO IRREGULAR
Agregado; 2024-03-22 19:54:22; PAGO IRREGULAR
Agregado; 2024-03-22 19:54:37; PAGO IRREGULAR
Agregado; 2024-03-22 19:54:44; PAGO IRREGULAR
Agregado; 2024-03-22 19:54:59; PAGO IRREGULAR
Agregado; 2024-03-22 19:55:09; PAGO IRREGULAR
Agregado; 2024-03-22 19:55:18; PAGO IRREGULAR
Agregado; 2024-03-22 19:55:32; PAGO IRREGULAR
Agregado; 2024-03-22 19:55:51; PAGO IRREGULAR
Agregado; 2024-03-22 19:56:00; PAGO IRREGULAR
Agregado; 2024-03-22 19:56:14; PAGO IRREGULAR
Agregado; 2024-03-22 19:56:25; PAGO IRREGULAR
Agregado; 2024-03-22 19:56:50; PAGO IRREGULAR
Agregado; 2024-03-22 19:56:59; PAGO IRREGULAR
Agregado; 2024-03-22 19:57:12; PAGO IRREGULAR
Agregado; 2024-03-22 19:57:25; PAGO IRREGULAR
Agregado; 2024-03-22 19:57:38; PAGO IRREGULAR
Agregado; 2024-03-22 19:57:52; PAGO IRREGULAR
Agregado; 2024-03-22 19:58:21; PAGO IRREGULAR
Agregado; 2024-03-22 19:58:31; PAGO IRREGULAR
Agregado; 2024-03-22 19:59:25; PAGO IRREGULAR
Agregado; 2024-03-22 19:59:25; Préstamo: 368 Abono al capital de cliente: ramon quiro melo $14150 
Agregado; 2024-03-22 19:59:36; PAGO IRREGULAR
Agregado; 2024-03-22 19:59:36; Préstamo: 252 Abono al capital de cliente: lorenza maria jose avelino $14150 
Agregado; 2024-03-22 19:59:48; PAGO IRREGULAR
Agregado; 2024-03-22 19:59:49; Préstamo: 351 Abono al capital de cliente: rosa lidia paredes miguel $14150 
Agregado; 2024-03-22 19:59:59; PAGO IRREGULAR
Agregado; 2024-03-22 19:59:59; Préstamo: 348 Abono al capital de cliente: yesenia de los santos marte $14150 
Agregado; 2024-03-22 20:01:20; PAGO IRREGULAR
Agregado; 2024-03-22 20:01:36; PAGO IRREGULAR
Agregado; 2024-03-22 20:01:47; PAGO IRREGULAR
Agregado; 2024-03-22 20:01:56; PAGO IRREGULAR
Agregado; 2024-03-22 20:02:05; PAGO IRREGULAR
Agregado; 2024-03-22 20:02:16; PAGO IRREGULAR
Agregado; 2024-03-22 20:02:26; PAGO IRREGULAR
Agregado; 2024-03-22 20:02:36; PAGO IRREGULAR
Agregado; 2024-03-22 20:02:49; PAGO IRREGULAR
Agregado; 2024-03-22 20:03:00; PAGO IRREGULAR
Agregado; 2024-03-22 20:03:13; PAGO IRREGULAR
Agregado; 2024-03-22 20:03:23; PAGO IRREGULAR
Agregado; 2024-03-22 20:03:36; PAGO IRREGULAR
