Actualizado; 2025-02-18 13:10:15; Préstamo cliente: antonio ventura hilario monto prestado $44000.00 duración: 10 meses interes: 2200
Actualizado; 2025-02-18 13:11:28; Préstamo cliente: ambiorix almanzar castro monto prestado $150000.00 duración: 10 meses interes: 10250
Actualizado; 2025-02-18 13:20:52; Préstamo cliente: santo benigno rosario monto prestado $250000.00 duración: 10 meses interes: 10000
Eliminado; 2025-02-18 13:21:54; Préstamo: 469 Cliente: santo benigno rosario monto $250000.00 duración: 10 meses interes: 10000.00
Eliminado; 2025-02-18 13:21:54; Préstamo: 469 
Eliminado; 2025-02-18 13:21:54; amortización: 469 
Agregado; 2025-02-18 13:34:45; Nuevo préstamo cliente: sara felipe kery monto prestado $53000 duración: 10 meses interes: 2650
Actualizado; 2025-02-18 13:39:17; Préstamo cliente: irvin francisco de leon javier monto prestado $285000.00 duración: 10 meses interes: 14250
Actualizado; 2025-02-18 13:44:16; Préstamo cliente: juan alfonso concepcion vazquez monto prestado $203000.00 duración: 10 meses interes: 12825
Actualizado; 2025-02-18 13:52:26; Préstamo cliente: orlando nuñez sanchez monto prestado $155500.00 duración: 10 meses interes: 7775
Actualizado; 2025-02-18 14:00:27; Préstamo cliente: josefina rojas mercedes de garcia monto prestado $60000.00 duración: 10 meses interes: 3000
Actualizado; 2025-02-18 19:58:04; Préstamo cliente: colombino mata juma monto prestado $144500.00 duración: 10 meses interes: 8725
Agregado; 2025-02-18 20:00:20; Nuevo préstamo cliente: colombino mata juma monto prestado $115000 duración: 10 meses interes: 5750
Agregado; 2025-02-18 20:00:57; Préstamo: 527 Pago de cliente: colombino mata juma Balance anterior $115000.00 Monto pagado $5750.00 INTERES $115000.00 BALANCE ACTUAL
Agregado; 2025-02-18 20:02:23; Préstamo: 519 Pago de cliente: modesta crecencia paredes pierrot Balance anterior $122000.00 Monto pagado $5490.00 INTERES $122000.00 BALANCE ACTUAL
Agregado; 2025-02-18 20:03:31; Préstamo: 381 Pago de cliente: pedro garcia reyes Balance anterior $63000.00 Monto pagado $3150.00 INTERES $63000.00 BALANCE ACTUAL
Agregado; 2025-02-18 20:04:00; Préstamo: 245 Pago de cliente: santa cruceta lantigua de garcia Balance anterior $20000.00 Monto pagado $1000.00 INTERES $20000.00 BALANCE ACTUAL
Agregado; 2025-02-18 20:04:12; Préstamo: 408 Pago de cliente: leoncia de jesus adames Balance anterior $180000.00 Monto pagado $9000.00 INTERES $180000.00 BALANCE ACTUAL
Agregado; 2025-02-18 20:04:26; Préstamo: 127 Pago de cliente: ligia maria dolores alvarado de pereyra Balance anterior $165000.00 Monto pagado $4500.00 INTERES $165000.00 BALANCE ACTUAL
Agregado; 2025-02-18 20:06:02; Préstamo: 391 Pago de cliente: modesto gonzalez lopez Balance anterior $131500.00 Monto pagado $6575.00 INTERES $131500.00 BALANCE ACTUAL
Agregado; 2025-02-18 20:06:42; Préstamo: 502 Pago de cliente: claribel altagracia mendoza hernandez Balance anterior $75000.00 Monto pagado $3750.00 INTERES $75000.00 BALANCE ACTUAL
Agregado; 2025-02-18 20:07:00; Préstamo: 437 Pago de cliente: eugenio ernesto marchena fermin Balance anterior $180000.00 Monto pagado $9000.00 INTERES $180000.00 BALANCE ACTUAL
Agregado; 2025-02-18 20:07:24; Préstamo: 493 Pago de cliente: ana cristina maloon echavarria Balance anterior $79000.00 Monto pagado $3950.00 INTERES $79000.00 BALANCE ACTUAL
Agregado; 2025-02-18 20:07:38; Préstamo: 482 Pago de cliente: luz estel palomino de capois Balance anterior $100000.00 Monto pagado $4000.00 INTERES $100000.00 BALANCE ACTUAL
Agregado; 2025-02-18 20:07:54; Préstamo: 513 Pago de cliente: epifanio cortorreal balbuena Balance anterior $163500.00 Monto pagado $8500.00 INTERES $163500.00 BALANCE ACTUAL
Agregado; 2025-02-18 20:08:23; Préstamo: 378 Pago de cliente: marcia martinez y adames de ferrera Balance anterior $212000.00 Monto pagado $9300.00 PAGO IRREGULAR $212000.00 BALANCE ACTUAL
Agregado; 2025-02-18 20:08:36; Préstamo: 486 Pago de cliente: belgica acosta de fernandez Balance anterior $100000.00 Monto pagado $5000.00 INTERES $100000.00 BALANCE ACTUAL
Agregado; 2025-02-18 20:08:51; Préstamo: 501 Pago de cliente: ana maria gonzalez peña Balance anterior $50000.00 Monto pagado $2500.00 INTERES $50000.00 BALANCE ACTUAL
Agregado; 2025-02-18 20:09:03; Préstamo: 470 Pago de cliente: aracelis jimenez peña de hernandez Balance anterior $106000.00 Monto pagado $5300.00 INTERES $106000.00 BALANCE ACTUAL
Agregado; 2025-02-18 20:09:22; Préstamo: 444 Pago de cliente: miguel hilario pichardo Balance anterior $110000.00 Monto pagado $5500.00 INTERES $110000.00 BALANCE ACTUAL
Agregado; 2025-02-18 20:09:41; Préstamo: 490 Pago de cliente: pedro pablo valdez sanchez Balance anterior $248000.00 Monto pagado $8000.00 PAGO IRREGULAR $248000.00 BALANCE ACTUAL
Agregado; 2025-02-18 20:10:04; Préstamo: 497 Pago de cliente: dionisio castillo lora Balance anterior $382000.00 Monto pagado $15000.00 PAGO IRREGULAR $382000.00 BALANCE ACTUAL
Agregado; 2025-02-18 20:10:20; Préstamo: 463 Pago de cliente: amarilis lora alonzo de capellan Balance anterior $80000.00 Monto pagado $4000.00 INTERES $80000.00 BALANCE ACTUAL
Agregado; 2025-02-18 20:10:37; Préstamo: 523 Pago de cliente: hugo rodriguez Balance anterior $113500.00 Monto pagado $5675.00 INTERES $113500.00 BALANCE ACTUAL
Agregado; 2025-02-18 20:11:01; Préstamo: 525 Pago de cliente: rafael guzman ragalado Balance anterior $150000.00 Monto pagado $7500.00 INTERES $150000.00 BALANCE ACTUAL
Agregado; 2025-02-18 20:11:28; Préstamo: 524 Pago de cliente: natividad maldonado de los santos Balance anterior $239700.00 Monto pagado $11400 PAGO IRREGULAR $239700.00 BALANCE ACTUAL
Agregado; 2025-02-18 20:11:47; Préstamo: 494 Pago de cliente: julia garcia castillo de castillo Balance anterior $32000.00 Monto pagado $1600.00 INTERES $32000.00 BALANCE ACTUAL
Agregado; 2025-02-18 20:12:08; Préstamo: 516 Pago de cliente: nidia elsa ramona oller javier Balance anterior $170000.00 Monto pagado $8500.00 INTERES $170000.00 BALANCE ACTUAL
Agregado; 2025-02-18 20:12:50; Préstamo: 424 Pago de cliente: luisa kery Balance anterior $120000.00 Monto pagado $5000.00 PAGO IRREGULAR $120000.00 BALANCE ACTUAL
Agregado; 2025-02-18 20:13:15; Préstamo: 424 Pago de cliente: luisa kery Balance anterior $120000.00 Monto pagado $5000.00 PAGO IRREGULAR $120000.00 BALANCE ACTUAL
