Agregado; 2024-06-25 01:33:27; Préstamo: 318 Pago de cliente: masiell alejandra lopez gil Balance anterior $96000.00 Monto pagado $4800.00 INTERES $96000.00 BALANCE ACTUAL
Agregado; 2024-06-25 01:34:30; Préstamo: 215 Pago de cliente: lisette zaiz ventura Balance anterior $237200.00 Monto pagado $5000 PAGO IRREGULAR $237200.00 BALANCE ACTUAL
Agregado; 2024-06-25 01:35:28; Préstamo: 303 Pago de cliente: erika gonzalez ramirez Balance anterior $178000.00 Monto pagado $8700.00 PAGO IRREGULAR $178000.00 BALANCE ACTUAL
Agregado; 2024-06-25 01:35:57; Préstamo: 112 Pago de cliente: ysidora altagracia minaya duran Balance anterior $387000.00 Monto pagado $8000 PAGO IRREGULAR $387000.00 BALANCE ACTUAL
Agregado; 2024-06-25 01:36:42; Préstamo: 383 Pago de cliente: juan alfonso concepcion vazquez Balance anterior $225500.00 Monto pagado $11275.00 INTERES $225500.00 BALANCE ACTUAL
Agregado; 2024-06-25 01:41:59; Préstamo: 283 Pago de cliente: altagracia de la rosa castillo Balance anterior $51000.00 Monto pagado $2550.00 INTERES $51000.00 BALANCE ACTUAL
Agregado; 2024-06-25 01:43:20; Préstamo: 409 Pago de cliente: roberto hernandez sanchez Balance anterior $175000.00 Monto pagado $8750.00 INTERES $175000.00 BALANCE ACTUAL
Agregado; 2024-06-25 01:45:18; Préstamo: 369 Pago de cliente: marino candelario compres Balance anterior $137000.00 Monto pagado $6850.00 INTERES $137000.00 BALANCE ACTUAL
Agregado; 2024-06-25 01:45:52; Préstamo: 306 Pago de cliente: winny esther mercado palomino Balance anterior $120000.00 Monto pagado $4800.00 INTERES $120000.00 BALANCE ACTUAL
Agregado; 2024-06-25 01:46:34; Préstamo: 339 Pago de cliente: jenny claritza placencia encarnacion Balance anterior $50000.00 Monto pagado $2500.00 INTERES $50000.00 BALANCE ACTUAL
Agregado; 2024-06-25 01:47:28; Préstamo: 307 Pago de cliente: luz estel palomino de capois Balance anterior $50000.00 Monto pagado $2000.00 INTERES $50000.00 BALANCE ACTUAL
Agregado; 2024-06-25 01:47:51; Préstamo: 361 Pago de cliente: orlando nuñez sanchez Balance anterior $135000.00 Monto pagado $6750.00 INTERES $135000.00 BALANCE ACTUAL
Agregado; 2024-06-25 01:48:21; Préstamo: 417 Pago de cliente: alexander reyes Balance anterior $75000.00 Monto pagado $3750.00 INTERES $75000.00 BALANCE ACTUAL
Agregado; 2024-06-25 01:48:47; Préstamo: 325 Pago de cliente: maribel maria gil Balance anterior $115000.00 Monto pagado $5750.00 INTERES $115000.00 BALANCE ACTUAL
Agregado; 2024-06-25 01:49:25; Préstamo: 410 Pago de cliente: lucas de la rosa mercado Balance anterior $35000.00 Monto pagado $1000 PAGO IRREGULAR $35000.00 BALANCE ACTUAL
Agregado; 2024-06-25 01:50:47; Préstamo: 407 Pago de cliente: alciviades paredes javier Balance anterior $150000.00 Monto pagado $7500.00 INTERES $150000.00 BALANCE ACTUAL
Agregado; 2024-06-25 01:51:42; Préstamo: 313 Pago de cliente: enrique perez peña Balance anterior $147000.00 Monto pagado $7350.00 INTERES $147000.00 BALANCE ACTUAL
Agregado; 2024-06-25 01:52:01; Préstamo: 404 Pago de cliente: emilia almanzar de la cruz Balance anterior $100000.00 Monto pagado $5000.00 INTERES $100000.00 BALANCE ACTUAL
Agregado; 2024-06-25 01:52:27; Préstamo: 205 Pago de cliente: gloria tatiana fermin de la rosa Balance anterior $84000.00 Monto pagado $4350.00 INTERES $84000.00 BALANCE ACTUAL
Agregado; 2024-06-25 01:53:07; Préstamo: 408 Pago de cliente: leoncia de jesus adames Balance anterior $180000.00 Monto pagado $9000.00 INTERES $180000.00 BALANCE ACTUAL
Agregado; 2024-06-25 01:54:40; Préstamo: 312 Pago de cliente: vianely trinidad paulino Balance anterior $15000.00 Monto pagado $750.00 INTERES $15000.00 BALANCE ACTUAL
Agregado; 2024-06-25 01:55:08; Préstamo: 373 Pago de cliente: ramon garcia Balance anterior $100000.00 Monto pagado $4850.00 INTERES $100000.00 BALANCE ACTUAL
Agregado; 2024-06-25 01:55:40; Préstamo: 341 Pago de cliente: alba caroligia hernandez rodriguez Balance anterior $350000.00 Monto pagado $14000.00 INTERES $350000.00 BALANCE ACTUAL
Agregado; 2024-06-25 01:58:01; Préstamo: 59 Pago de cliente: margarita disla gonzalez Balance anterior $110000.00 Monto pagado $5500.00 INTERES $110000.00 BALANCE ACTUAL
Agregado; 2024-06-25 01:58:25; Préstamo: 178 Pago de cliente: gricelida tavarez drullard Balance anterior $196000.00 Monto pagado $7800.00 PAGO IRREGULAR $196000.00 BALANCE ACTUAL
Agregado; 2024-06-25 01:58:55; Préstamo: 269 Pago de cliente: basilia rodriguez altagracia Balance anterior $285000.00 Monto pagado $14250.00 INTERES $285000.00 BALANCE ACTUAL
Agregado; 2024-06-25 01:59:55; Préstamo: 176 Pago de cliente: ana maria gonzalez peña Balance anterior $211000.00 Monto pagado $10550.00 INTERES $211000.00 BALANCE ACTUAL
Agregado; 2024-06-25 02:00:42; Préstamo: 348 Pago de cliente: yesenia de los santos marte Balance anterior $226850.00 Monto pagado $12050.00 INTERES $226850.00 BALANCE ACTUAL
Agregado; 2024-06-25 02:01:56; Préstamo: 372 Pago de cliente: yuderky ramona gama olivo Balance anterior $150500.00 Monto pagado $7525.00 INTERES $150500.00 BALANCE ACTUAL
Agregado; 2024-06-25 02:02:51; Préstamo: 392 Pago de cliente: juana  yesenia facenda hernandez Balance anterior $40000.00 Monto pagado $2000.00 INTERES $40000.00 BALANCE ACTUAL
Agregado; 2024-06-25 02:03:26; Préstamo: 393 Pago de cliente: yoseli pamela calcaño lopez Balance anterior $200000.00 Monto pagado $10000.00 INTERES $200000.00 BALANCE ACTUAL
Agregado; 2024-06-25 02:04:55; Préstamo: 345 Pago de cliente: nicaurys fermin fermin Balance anterior $260000.00 Monto pagado $13000.00 INTERES $260000.00 BALANCE ACTUAL
Agregado; 2024-06-25 02:05:33; Préstamo: 331 Pago de cliente: candida andujar Balance anterior $60000.00 Monto pagado $3000.00 INTERES $60000.00 BALANCE ACTUAL
Agregado; 2024-06-25 02:06:18; Préstamo: 411 Pago de cliente: dannessa deyanara rodriguez Balance anterior $327000.00 Monto pagado $16350.00 INTERES $327000.00 BALANCE ACTUAL
Eliminado; 2024-06-25 02:06:35; Préstamo: 299 Cliente: dannessa deyanara rodriguez  monto $260000.00 duración: 10 meses interes: 13000.00
Eliminado; 2024-06-25 02:06:35; Préstamo: 299 
Eliminado; 2024-06-25 02:06:35; amortización: 299 
Agregado; 2024-06-25 02:07:36; Préstamo: 332 Pago de cliente: ambiorix almanzar castro Balance anterior $175000.00 Monto pagado $8750.00 INTERES $175000.00 BALANCE ACTUAL
Agregado; 2024-06-25 02:08:10; Préstamo: 395 Pago de cliente: colombino mata juma Balance anterior $164500.00 Monto pagado $8225.00 INTERES $164500.00 BALANCE ACTUAL
Agregado; 2024-06-25 02:08:31; Préstamo: 412 Pago de cliente: roberto flores acosta Balance anterior $50000.00 Monto pagado $2500.00 INTERES $50000.00 BALANCE ACTUAL
Agregado; 2024-06-25 02:09:57; Préstamo: 322 Pago de cliente: reina camilo reyes Balance anterior $165000.00 Monto pagado $8250.00 INTERES $165000.00 BALANCE ACTUAL
Agregado; 2024-06-25 02:10:37; Préstamo: 201 Pago de cliente: martir carolina hernandez valdez Balance anterior $140000.00 Monto pagado $7000.00 INTERES $140000.00 BALANCE ACTUAL
Agregado; 2024-06-25 02:11:01; Préstamo: 87 Pago de cliente: rafael regalado del orbe Balance anterior $115000.00 Monto pagado $5750.00 INTERES $115000.00 BALANCE ACTUAL
Agregado; 2024-06-25 02:11:26; Préstamo: 346 Pago de cliente: alba gervancia de la cruz acosta Balance anterior $160000.00 Monto pagado $8000.00 INTERES $160000.00 BALANCE ACTUAL
Agregado; 2024-06-25 02:11:49; Préstamo: 351 Pago de cliente: rosa lidia paredes miguel Balance anterior $135850.00 Monto pagado $7500.00 INTERES $135850.00 BALANCE ACTUAL
Agregado; 2024-06-25 02:12:36; Préstamo: 329 Pago de cliente: angel lorenzo breton castillo Balance anterior $80000.00 Monto pagado $4000.00 INTERES $80000.00 BALANCE ACTUAL
Agregado; 2024-06-25 02:12:55; Préstamo: 135 Pago de cliente: mily cuevas sosa Balance anterior $181000.00 Monto pagado $8900.00 INTERES $181000.00 BALANCE ACTUAL
Agregado; 2024-06-25 02:13:28; Préstamo: 202 Pago de cliente: marilyn antonia jimenez de santana Balance anterior $100000.00 Monto pagado $5000.00 INTERES $100000.00 BALANCE ACTUAL
Agregado; 2024-06-25 02:13:52; Préstamo: 137 Pago de cliente: ramon quiro melo Balance anterior $90000.00 Monto pagado $4500.00 INTERES $90000.00 BALANCE ACTUAL
Agregado; 2024-06-25 02:14:12; Préstamo: 335 Pago de cliente: ariel augusto de la cruz guzman Balance anterior $50000.00 Monto pagado $2500.00 INTERES $50000.00 BALANCE ACTUAL
Agregado; 2024-06-25 02:15:05; Préstamo: 405 Pago de cliente: santo benigno rosario Balance anterior $170000.00 Monto pagado $8500.00 INTERES $170000.00 BALANCE ACTUAL
Agregado; 2024-06-25 02:15:24; Préstamo: 397 Pago de cliente: edilcia encarnacion encarnacion Balance anterior $70000.00 Monto pagado $3500.00 INTERES $70000.00 BALANCE ACTUAL
Agregado; 2024-06-25 02:17:17; Préstamo: 163 Pago de cliente: yulizan encarnacion crooke Balance anterior $80000.00 Monto pagado $4000.00 INTERES $80000.00 BALANCE ACTUAL
Agregado; 2024-06-25 02:17:36; Préstamo: 174 Pago de cliente: jesus de la cruz amparo Balance anterior $20000.00 Monto pagado $1000.00 INTERES $20000.00 BALANCE ACTUAL
Agregado; 2024-06-25 02:18:47; Préstamo: 152 Pago de cliente: rhoneer guzman ozoria Balance anterior $214000.00 Monto pagado $10700.00 INTERES $214000.00 BALANCE ACTUAL
Agregado; 2024-06-25 02:19:50; Préstamo: 362 Pago de cliente: jorge luis cepeda martinez Balance anterior $232000.00 Monto pagado $11600.00 INTERES $232000.00 BALANCE ACTUAL
Agregado; 2024-06-25 02:20:17; Préstamo: 85 Pago de cliente: francisco lopez cross Balance anterior $200000.00 Monto pagado $10000.00 INTERES $200000.00 BALANCE ACTUAL
Agregado; 2024-06-25 02:21:55; Préstamo: 111 Pago de cliente: edward alexander polanco alvarado Balance anterior $187000.00 Monto pagado $6000 PAGO IRREGULAR $187000.00 BALANCE ACTUAL
Agregado; 2024-06-25 02:22:27; Préstamo: 252 Pago de cliente: lorenza maria jose avelino Balance anterior $185850.00 Monto pagado $10000.00 INTERES $185850.00 BALANCE ACTUAL
Agregado; 2024-06-25 02:24:46; Préstamo: 391 Pago de cliente: modesto gonzalez lopez Balance anterior $131500.00 Monto pagado $6575.00 INTERES $131500.00 BALANCE ACTUAL
Agregado; 2024-06-25 02:27:25; Préstamo: 252 Pago de cliente: lorenza maria jose avelino Balance anterior $185850.00 Monto pagado $10000.00 INTERES $185850.00 BALANCE ACTUAL
Agregado; 2024-06-25 02:29:09; Préstamo: 371 Pago de cliente: nestor pablo perreaux hernandez Balance anterior $217000.00 Monto pagado $4000 PAGO IRREGULAR $217000.00 BALANCE ACTUAL
Agregado; 2024-06-25 02:31:46; Préstamo: 415 Pago de cliente: dorothy cleopatra adolfina vanderhorst almeyda Balance anterior $255000.00 Monto pagado $12750.00 INTERES $255000.00 BALANCE ACTUAL
Agregado; 2024-06-25 02:32:27; Préstamo: 314 Pago de cliente: pedro castillo peralta Balance anterior $210000.00 Monto pagado $9000 PAGO IRREGULAR $210000.00 BALANCE ACTUAL
Agregado; 2024-06-25 02:34:31; Préstamo: 191 Pago de cliente: esperanza yanilca amparo castillo Balance anterior $132000.00 Monto pagado $6600.00 INTERES $132000.00 BALANCE ACTUAL
Agregado; 2024-06-25 02:35:37; Préstamo: 413 Pago de cliente: yovanni acosta  garcia de frias Balance anterior $50000.00 Monto pagado $2500.00 INTERES $50000.00 BALANCE ACTUAL
Agregado; 2024-06-25 02:44:46; Préstamo: 406 Pago de cliente: miguelina alonzo paulino Balance anterior $50000.00 Monto pagado $2500.00 INTERES $50000.00 BALANCE ACTUAL
Agregado; 2024-06-25 03:24:00; Préstamo: 336 Pago de cliente: luis alberto matias sanchez Balance anterior $23500.00 Monto pagado $2525.00 INTERES $23500.00 BALANCE ACTUAL
Agregado; 2024-06-25 03:30:30; Préstamo: 357 Pago de cliente: teresa morel gabino Balance anterior $53000.00 Monto pagado $2500 PAGO IRREGULAR $53000.00 BALANCE ACTUAL
Agregado; 2024-06-25 03:31:59; Préstamo: 221 Pago de cliente: ulfralina gonzalez de la rosa Balance anterior $122000.00 Monto pagado $6100.00 INTERES $122000.00 BALANCE ACTUAL
Agregado; 2024-06-25 03:38:29; Préstamo: 376 Pago de cliente: elisabeth serrano Balance anterior $60000.00 Monto pagado $2500.00 INTERES $60000.00 BALANCE ACTUAL
Agregado; 2024-06-25 14:58:27; Préstamo: 377 Pago de cliente: brahian canot Balance anterior $150000.00 Monto pagado $7500.00 INTERES $150000.00 BALANCE ACTUAL
Actualizado; 2024-06-25 15:01:00; Préstamo cliente: brahian canot monto prestado $135000.00 duración: 10 meses interes: 7500
Agregado; 2024-06-25 15:10:53; Nuevo préstamo cliente: hector bienvenido maria liranzo  monto prestado $150000 duración: 10 meses interes: 7500
Agregado; 2024-06-25 15:57:36; Nuevo préstamo cliente: ruddy morales fernandez monto prestado $15000 duración: 10 meses interes: 750
Actualizado; 2024-06-25 15:58:09; Préstamo cliente: ruddy morales fernandez monto prestado $150000.00 duración: 10 meses interes: 750
Agregado; 2024-06-25 19:44:16; Préstamo: 337 Pago de cliente: delva altagracia vanderhorst almeyda Balance anterior $260000.00 Monto pagado $13000.00 INTERES $260000.00 BALANCE ACTUAL
Agregado; 2024-06-25 19:44:43; Préstamo: 270 Pago de cliente: elizabeth noemi vanderhorst almeyda Balance anterior $100000.00 Monto pagado $5000.00 INTERES $100000.00 BALANCE ACTUAL
