Agregado; 2025-03-31 17:33:31; Préstamo: 451 Adicional al capital, cliente:  $7000
Agregado; 2025-03-31 19:25:49; Préstamo: 526 Pago de cliente: sara felipe kery Balance anterior $53000.00 Monto pagado $2500 PAGO IRREGULAR $53000.00 BALANCE ACTUAL
Agregado; 2025-03-31 19:26:57; Préstamo: 479 Pago de cliente: josefina rojas mercedes de garcia Balance anterior $60000.00 Monto pagado $3000.00 INTERES $60000.00 BALANCE ACTUAL
Agregado; 2025-03-31 19:27:46; Préstamo: 536 Pago de cliente: yoseli pamela calcaño lopez Balance anterior $80000.00 Monto pagado $4000.00 INTERES $80000.00 BALANCE ACTUAL
Agregado; 2025-03-31 19:28:11; Préstamo: 537 Pago de cliente: ana rosa paredes liriano Balance anterior $50000.00 Monto pagado $2500.00 INTERES $50000.00 BALANCE ACTUAL
Agregado; 2025-03-31 19:28:36; Préstamo: 499 Pago de cliente: antonio ventura hilario Balance anterior $44000.00 Monto pagado $2200.00 INTERES $44000.00 BALANCE ACTUAL
Agregado; 2025-03-31 19:30:05; Préstamo: 529 Pago de cliente: lorenza maria jose avelino Balance anterior $150000.00 Monto pagado $7500.00 INTERES $150000.00 BALANCE ACTUAL
Agregado; 2025-03-31 19:30:42; Préstamo: 413 Pago de cliente: yovanni acosta  garcia de frias Balance anterior $121200.00 Monto pagado $6000 PAGO IRREGULAR $121200.00 BALANCE ACTUAL
Agregado; 2025-03-31 19:31:09; Préstamo: 329 Pago de cliente: angel lorenzo breton castillo Balance anterior $80000.00 Monto pagado $4000.00 INTERES $80000.00 BALANCE ACTUAL
Agregado; 2025-03-31 19:31:44; Préstamo: 427 Pago de cliente: celso garcia castillo Balance anterior $60000.00 Monto pagado $3000.00 INTERES $60000.00 BALANCE ACTUAL
Agregado; 2025-03-31 19:32:30; Préstamo: 517 Pago de cliente: irvin francisco de leon javier Balance anterior $150000.00 Monto pagado $7500.00 INTERES $150000.00 BALANCE ACTUAL
Agregado; 2025-03-31 19:32:57; Préstamo: 215 Pago de cliente: lisette zaiz ventura Balance anterior $237200.00 Monto pagado $5000 PAGO IRREGULAR $237200.00 BALANCE ACTUAL
Agregado; 2025-03-31 19:35:49; Préstamo: 433 Pago de cliente: edilcia encarnacion encarnacion Balance anterior $155000.00 Monto pagado $7750.00 INTERES $155000.00 BALANCE ACTUAL
Agregado; 2025-03-31 19:37:20; Préstamo: 439 Pago de cliente: erika gonzalez ramirez Balance anterior $200000.00 Monto pagado $8000.00 INTERES $200000.00 BALANCE ACTUAL
Agregado; 2025-03-31 19:39:39; Préstamo: 112 Pago de cliente: ysidora altagracia minaya duran Balance anterior $387000.00 Monto pagado $80000 PAGO IRREGULAR $387000.00 BALANCE ACTUAL
Agregado; 2025-03-31 19:39:59; Préstamo: 512 Pago de cliente: maribel maria gil Balance anterior $100000.00 Monto pagado $10000.00 INTERES $100000.00 BALANCE ACTUAL
Agregado; 2025-03-31 19:40:43; Préstamo: 508 Pago de cliente: juana  yesenia facenda hernandez Balance anterior $352000.00 Monto pagado $12000 PAGO IRREGULAR $352000.00 BALANCE ACTUAL
Agregado; 2025-03-31 19:42:27; Préstamo: 451 Pago de cliente: justo rafael dipuglia rosario Balance anterior $142000.00 Monto pagado $6800 PAGO IRREGULAR $142000.00 BALANCE ACTUAL
Agregado; 2025-03-31 19:42:50; Préstamo: 488 Pago de cliente: raul caraballo liranzo Balance anterior $255000.00 Monto pagado $12750.00 INTERES $255000.00 BALANCE ACTUAL
Agregado; 2025-03-31 19:43:48; Préstamo: 540 Pago de cliente: yesenia de los santos marte Balance anterior $320000.00 Monto pagado $11000 PAGO IRREGULAR $320000.00 BALANCE ACTUAL
Agregado; 2025-03-31 19:44:09; Préstamo: 443 Pago de cliente: basilia rodriguez altagracia Balance anterior $250000.00 Monto pagado $12500.00 INTERES $250000.00 BALANCE ACTUAL
Agregado; 2025-03-31 19:44:30; Préstamo: 369 Pago de cliente: marino candelario compres Balance anterior $164000.00 Monto pagado $8200.00 INTERES $164000.00 BALANCE ACTUAL
Agregado; 2025-03-31 19:44:49; Préstamo: 454 Pago de cliente: yuderky ramona gama olivo Balance anterior $206100.00 Monto pagado $10305.00 INTERES $206100.00 BALANCE ACTUAL
Agregado; 2025-03-31 19:46:08; Préstamo: 178 Pago de cliente: gricelida tavarez drullard Balance anterior $203000.00 Monto pagado $8800 PAGO IRREGULAR $203000.00 BALANCE ACTUAL
Agregado; 2025-03-31 19:48:08; Préstamo: 522 Pago de cliente: santo benigno rosario Balance anterior $250000.00 Monto pagado $10000.00 INTERES $250000.00 BALANCE ACTUAL
Agregado; 2025-03-31 19:48:37; Préstamo: 481 Pago de cliente: marilyn antonia jimenez de santana Balance anterior $192000.00 Monto pagado $9600.00 INTERES $192000.00 BALANCE ACTUAL
Agregado; 2025-03-31 19:49:22; Préstamo: 383 Pago de cliente: juan alfonso concepcion vazquez Balance anterior $273500.00 Monto pagado $13600 PAGO IRREGULAR $273500.00 BALANCE ACTUAL
Agregado; 2025-03-31 19:52:04; Préstamo: 506 Pago de cliente: roberto hernandez sanchez Balance anterior $357000.00 Monto pagado $15000 PAGO IRREGULAR $357000.00 BALANCE ACTUAL
Agregado; 2025-03-31 19:52:37; Préstamo: 345 Pago de cliente: nicaurys fermin fermin Balance anterior $281800.00 Monto pagado $10000 PAGO IRREGULAR $281800.00 BALANCE ACTUAL
Agregado; 2025-03-31 19:53:07; Préstamo: 324 Pago de cliente: luisa yanelsi then molina Balance anterior $164500.00 Monto pagado $2000 PAGO IRREGULAR $164500.00 BALANCE ACTUAL
Agregado; 2025-03-31 19:53:32; Préstamo: 447 Pago de cliente: brahian canot Balance anterior $170000.00 Monto pagado $8500.00 INTERES $170000.00 BALANCE ACTUAL
Agregado; 2025-03-31 19:53:53; Préstamo: 341 Pago de cliente: alba caroligia hernandez rodriguez Balance anterior $392500.00 Monto pagado $15700.00 INTERES $392500.00 BALANCE ACTUAL
Agregado; 2025-03-31 19:54:31; Préstamo: 415 Pago de cliente: dorothy cleopatra adolfina vanderhorst almeyda Balance anterior $335000.00 Monto pagado $14600 PAGO IRREGULAR $335000.00 BALANCE ACTUAL
Agregado; 2025-03-31 19:54:52; Préstamo: 478 Pago de cliente: jorge luis cepeda martinez Balance anterior $350000.00 Monto pagado $17500.00 INTERES $350000.00 BALANCE ACTUAL
Agregado; 2025-03-31 19:55:18; Préstamo: 477 Pago de cliente: jose miguel ozoria acosta Balance anterior $275000.00 Monto pagado $13750.00 INTERES $275000.00 BALANCE ACTUAL
Agregado; 2025-03-31 19:55:51; Préstamo: 135 Pago de cliente: mily cuevas sosa Balance anterior $189000.00 Monto pagado $9450.00 INTERES $189000.00 BALANCE ACTUAL
Agregado; 2025-03-31 19:57:27; Préstamo: 509 Pago de cliente: dannessa deyanara rodriguez Balance anterior $326000.00 Monto pagado $16300.00 INTERES $326000.00 BALANCE ACTUAL
Agregado; 2025-03-31 19:58:46; Préstamo: 505 Pago de cliente: rhoneer guzman ozoria Balance anterior $348500.00 Monto pagado $17425.00 INTERES $348500.00 BALANCE ACTUAL
Agregado; 2025-03-31 20:00:18; Préstamo: 332 Pago de cliente: ambiorix almanzar castro Balance anterior $215000.00 Monto pagado $10750.00 INTERES $215000.00 BALANCE ACTUAL
Agregado; 2025-03-31 20:00:18; Préstamo: 332 Abono pago irregular - cliente: ambiorix almanzar castro $1700 PAGO IRREGULAR $215000.00 BALANCE ACTUAL
Agregado; 2025-03-31 20:01:26; Préstamo: 531 Pago de cliente: lowels jhonson mejia Balance anterior $100000.00 Monto pagado $3900 PAGO IRREGULAR $100000.00 BALANCE ACTUAL
Agregado; 2025-03-31 20:03:19; Préstamo: 539 Pago de cliente: edward alexander polanco alvarado Balance anterior $295000.00 Monto pagado $6000 PAGO IRREGULAR $295000.00 BALANCE ACTUAL
Agregado; 2025-03-31 20:04:49; Préstamo: 137 Pago de cliente: ramon quiro melo Balance anterior $100000.00 Monto pagado $5000.00 INTERES $100000.00 BALANCE ACTUAL
Agregado; 2025-03-31 20:05:28; Préstamo: 489 Pago de cliente: rosa lidia paredes miguel Balance anterior $50000.00 Monto pagado $2500.00 INTERES $50000.00 BALANCE ACTUAL
Agregado; 2025-03-31 20:05:52; Préstamo: 373 Pago de cliente: ramon garcia Balance anterior $121000.00 Monto pagado $6050.00 INTERES $121000.00 BALANCE ACTUAL
Agregado; 2025-03-31 20:06:57; Préstamo: 373 Adicional al capital, cliente:  $4000
Agregado; 2025-03-31 20:08:32; Préstamo: 338 Pago de cliente: timmy daniel martinez vilorio Balance anterior $163500.00 Monto pagado $5300 PAGO IRREGULAR $163500.00 BALANCE ACTUAL
Agregado; 2025-03-31 20:08:54; Préstamo: 521 Pago de cliente: orlando nuñez sanchez Balance anterior $155500.00 Monto pagado $7775.00 INTERES $155500.00 BALANCE ACTUAL
Agregado; 2025-03-31 20:09:11; Préstamo: 473 Pago de cliente: alexander reyes Balance anterior $50000.00 Monto pagado $2500.00 INTERES $50000.00 BALANCE ACTUAL
Agregado; 2025-03-31 20:10:42; Préstamo: 425 Pago de cliente: jack michael morillo Balance anterior $193500.00 Monto pagado $4200 PAGO IRREGULAR $193500.00 BALANCE ACTUAL
Agregado; 2025-03-31 20:11:07; Préstamo: 201 Pago de cliente: martir carolina hernandez valdez Balance anterior $140000.00 Monto pagado $7000.00 INTERES $140000.00 BALANCE ACTUAL
Agregado; 2025-03-31 20:12:00; Préstamo: 426 Pago de cliente: delva altagracia vanderhorst almeyda Balance anterior $115000.00 Monto pagado $4600.00 INTERES $115000.00 BALANCE ACTUAL
Agregado; 2025-03-31 20:12:18; Préstamo: 191 Pago de cliente: esperanza yanilca amparo castillo Balance anterior $132000.00 Monto pagado $6600.00 INTERES $132000.00 BALANCE ACTUAL
Agregado; 2025-03-31 20:12:54; Préstamo: 530 Pago de cliente: Marcelino Maldonado Fernández Balance anterior $150000.00 Monto pagado $7500.00 INTERES $150000.00 BALANCE ACTUAL
Agregado; 2025-03-31 20:13:17; Préstamo: 518 Pago de cliente: roberto flores acosta Balance anterior $110000.00 Monto pagado $5500.00 INTERES $110000.00 BALANCE ACTUAL
Agregado; 2025-03-31 20:13:47; Préstamo: 163 Pago de cliente: yulizan encarnacion crooke Balance anterior $40000.00 Monto pagado $2000.00 INTERES $40000.00 BALANCE ACTUAL
Agregado; 2025-03-31 20:14:16; Préstamo: 174 Pago de cliente: jesus de la cruz amparo Balance anterior $20000.00 Monto pagado $1000.00 INTERES $20000.00 BALANCE ACTUAL
Agregado; 2025-03-31 20:14:51; Préstamo: 520 Pago de cliente: masiell alejandra lopez gil Balance anterior $111000.00 Monto pagado $5550.00 INTERES $111000.00 BALANCE ACTUAL
Agregado; 2025-03-31 20:15:28; Préstamo: 312 Pago de cliente: vianely trinidad paulino Balance anterior $15000.00 Monto pagado $750.00 INTERES $15000.00 BALANCE ACTUAL
Eliminado; 2025-03-31 20:16:13; Préstamo: 542 Cliente: vianely trinidad paulino monto $959000.00 duración: 10 meses interes: 47950.00
Eliminado; 2025-03-31 20:16:13; Préstamo: 542 
Eliminado; 2025-03-31 20:16:13; amortización: 542 
Agregado; 2025-03-31 20:16:36; Préstamo: 483 Pago de cliente: gloria tatiana fermin de la rosa Balance anterior $200000.00 Monto pagado $10000.00 INTERES $200000.00 BALANCE ACTUAL
Agregado; 2025-03-31 20:17:02; Préstamo: 498 Pago de cliente: felix alberto campo Balance anterior $110000.00 Monto pagado $5500.00 INTERES $110000.00 BALANCE ACTUAL
Agregado; 2025-03-31 20:17:23; Préstamo: 484 Pago de cliente: rafael regalado del orbe Balance anterior $150000.00 Monto pagado $7500.00 INTERES $150000.00 BALANCE ACTUAL
