Agregado; 2026-02-24 12:40:30; Préstamo: 551 Pago de cliente: yesenia de los santos marte Balance anterior $400000.00 Monto pagado $20000.00 INTERES $400000.00 BALANCE ACTUAL
Agregado; 2026-02-24 12:41:02; Préstamo: 178 Pago de cliente: gricelida tavarez drullard Balance anterior $203000.00 Monto pagado $10150.00 INTERES $203000.00 BALANCE ACTUAL
Agregado; 2026-02-24 12:41:03; Préstamo: 178 Pago de cliente: gricelida tavarez drullard Balance anterior $203000.00 Monto pagado $10150.00 INTERES $203000.00 BALANCE ACTUAL
Agregado; 2026-02-24 12:41:33; Préstamo: 606 Pago de cliente: victor martinez Balance anterior $100000.00 Monto pagado $4500.00 INTERES $100000.00 BALANCE ACTUAL
Agregado; 2026-02-24 12:41:58; Préstamo: 682 Pago de cliente: maria ramos nolasco Balance anterior $160000.00 Monto pagado $8000.00 INTERES $160000.00 BALANCE ACTUAL
Agregado; 2026-02-24 12:41:59; Préstamo: 682 Pago de cliente: maria ramos nolasco Balance anterior $160000.00 Monto pagado $8000.00 INTERES $160000.00 BALANCE ACTUAL
Agregado; 2026-02-24 12:42:30; Préstamo: 443 Pago de cliente: basilia rodriguez altagracia Balance anterior $300000.00 Monto pagado $15000.00 INTERES $300000.00 BALANCE ACTUAL
Agregado; 2026-02-24 12:42:49; Préstamo: 598 Pago de cliente: nolberto joel lopez de jesus Balance anterior $79000.00 Monto pagado $3950.00 INTERES $79000.00 BALANCE ACTUAL
Agregado; 2026-02-24 12:50:37; Préstamo: 600 Pago de cliente: francisco paulino esteban Balance anterior $75600.00 Monto pagado $3500.00 PAGO IRREGULAR $75600.00 BALANCE ACTUAL
Agregado; 2026-02-24 12:52:18; Préstamo: 675 Pago de cliente: CIRILA MARITZA BEATO SANTANA Balance anterior $150000.00 Monto pagado $7500.00 INTERES $150000.00 BALANCE ACTUAL
Agregado; 2026-02-24 12:53:37; Préstamo: 345 Pago de cliente: nicaurys fermin fermin Balance anterior $281800.00 Monto pagado $9800.00 PAGO IRREGULAR $281800.00 BALANCE ACTUAL
Agregado; 2026-02-24 12:54:10; Préstamo: 638 Pago de cliente: ana faustina faña gil Balance anterior $135000.00 Monto pagado $6750.00 INTERES $135000.00 BALANCE ACTUAL
Agregado; 2026-02-24 12:55:39; Préstamo: 622 Pago de cliente: masiell alejandra lopez gil Balance anterior $178000.00 Monto pagado $8900.00 INTERES $178000.00 BALANCE ACTUAL
Agregado; 2026-02-24 12:56:08; Préstamo: 526 Pago de cliente: sara felipe kery Balance anterior $68000.00 Monto pagado $3400.00 INTERES $68000.00 BALANCE ACTUAL
Agregado; 2026-02-24 12:56:40; Préstamo: 112 Pago de cliente: ysidora altagracia minaya duran Balance anterior $387000.00 Monto pagado $8000.00 PAGO IRREGULAR $387000.00 BALANCE ACTUAL
Agregado; 2026-02-24 12:57:20; Préstamo: 707 Pago de cliente: ramon felix frias polanco Balance anterior $212000.00 Monto pagado $10600.00 INTERES $212000.00 BALANCE ACTUAL
Agregado; 2026-02-24 13:01:02; Préstamo: 498 Pago de cliente: Felix Alberto campos Balance anterior $118000.00 Monto pagado $5900.00 INTERES $118000.00 BALANCE ACTUAL
Agregado; 2026-02-24 13:01:28; Préstamo: 646 Pago de cliente: mily cuevas sosa Balance anterior $393600.00 Monto pagado $13900.00 PAGO IRREGULAR $393600.00 BALANCE ACTUAL
Agregado; 2026-02-24 13:02:01; Préstamo: 596 Pago de cliente: lorenza maria jose avelino Balance anterior $289000.00 Monto pagado $9200.00 PAGO IRREGULAR $289000.00 BALANCE ACTUAL
Agregado; 2026-02-24 13:02:42; Préstamo: 425 Pago de cliente: jack michael morillo Balance anterior $212500.00 Monto pagado $3400.00 PAGO IRREGULAR $212500.00 BALANCE ACTUAL
Agregado; 2026-02-24 13:04:08; Préstamo: 508 Pago de cliente: juana  yesenia facenda hernandez Balance anterior $352000.00 Monto pagado $11700.00 PAGO IRREGULAR $352000.00 BALANCE ACTUAL
Agregado; 2026-02-24 13:04:44; Préstamo: 509 Pago de cliente: dannessa deyanara rodriguez Balance anterior $345200.00 Monto pagado $17200.00 PAGO IRREGULAR $345200.00 BALANCE ACTUAL
Agregado; 2026-02-24 13:08:09; Préstamo: 574 Pago de cliente: maria teresa javiar rodriguez Balance anterior $82000.00 Monto pagado $4100.00 INTERES $82000.00 BALANCE ACTUAL
Agregado; 2026-02-24 13:08:27; Préstamo: 698 Pago de cliente: irvin francisco de leon javier Balance anterior $65000.00 Monto pagado $3250.00 INTERES $65000.00 BALANCE ACTUAL
Agregado; 2026-02-24 13:11:24; Préstamo: 712 Pago de cliente: alciviades paredes javier Balance anterior $170000.00 Monto pagado $8500.00 INTERES $170000.00 BALANCE ACTUAL
Agregado; 2026-02-24 13:12:17; Préstamo: 626 Pago de cliente: ramon quiro melo Balance anterior $175000.00 Monto pagado $7000.00 INTERES $175000.00 BALANCE ACTUAL
Agregado; 2026-02-24 13:13:13; Préstamo: 726 Pago de cliente: yovanni acosta  garcia de frias Balance anterior $140000.00 Monto pagado $5600.00 INTERES $140000.00 BALANCE ACTUAL
Agregado; 2026-02-24 13:13:34; Préstamo: 723 Pago de cliente: emmanuel medina lopez Balance anterior $180000.00 Monto pagado $9000.00 INTERES $180000.00 BALANCE ACTUAL
Agregado; 2026-02-24 13:13:49; Préstamo: 668 Pago de cliente: roberto flores acosta Balance anterior $200000.00 Monto pagado $10000.00 INTERES $200000.00 BALANCE ACTUAL
Agregado; 2026-02-24 13:14:10; Préstamo: 711 Pago de cliente: francisca vasquez mercedes Balance anterior $100000.00 Monto pagado $5000.00 INTERES $100000.00 BALANCE ACTUAL
Agregado; 2026-02-24 13:14:30; Préstamo: 701 Pago de cliente: delva altagracia vanderhorst almeyda Balance anterior $250000.00 Monto pagado $12500.00 INTERES $250000.00 BALANCE ACTUAL
Agregado; 2026-02-24 13:15:29; Préstamo: 332 Pago de cliente: ambiorix almanzar castro Balance anterior $244000.00 Monto pagado $11100.00 PAGO IRREGULAR $244000.00 BALANCE ACTUAL
Agregado; 2026-02-24 13:16:37; Préstamo: 649 Pago de cliente: eladio antonio brito lopez Balance anterior $200000.00 Monto pagado $10000.00 INTERES $200000.00 BALANCE ACTUAL
Agregado; 2026-02-24 13:16:57; Préstamo: 341 Pago de cliente: alba caroligia hernandez rodriguez Balance anterior $402500.00 Monto pagado $16100.00 INTERES $402500.00 BALANCE ACTUAL
Agregado; 2026-02-24 13:18:38; Préstamo: 616 Pago de cliente: angel lorenzo breton castillo Balance anterior $160000.00 Monto pagado $8000.00 INTERES $160000.00 BALANCE ACTUAL
Agregado; 2026-02-24 13:19:07; Préstamo: 729 Pago de cliente: jorge chavez Balance anterior $100000.00 Monto pagado $4300.00 PAGO IRREGULAR $100000.00 BALANCE ACTUAL
Agregado; 2026-02-24 13:22:09; Préstamo: 481 Pago de cliente: marilyn antonia jimenez de santana Balance anterior $147000.00 Monto pagado $7350.00 INTERES $147000.00 BALANCE ACTUAL
Agregado; 2026-02-24 13:22:30; Préstamo: 575 Pago de cliente: maria yocasta tejada martinez de guzman Balance anterior $200000.00 Monto pagado $8000.00 INTERES $200000.00 BALANCE ACTUAL
Agregado; 2026-02-24 13:23:11; Préstamo: 709 Pago de cliente: marino candelario compres Balance anterior $228000.00 Monto pagado $11400.00 INTERES $228000.00 BALANCE ACTUAL
Agregado; 2026-02-24 13:26:02; Préstamo: 618 Pago de cliente: eni maria reynoso aquino Balance anterior $100000.00 Monto pagado $5000.00 INTERES $100000.00 BALANCE ACTUAL
Agregado; 2026-02-24 13:26:33; Préstamo: 680 Pago de cliente: pedro castillo peralta Balance anterior $265000.00 Monto pagado $10600.00 INTERES $265000.00 BALANCE ACTUAL
Agregado; 2026-02-24 13:28:26; Préstamo: 634 Pago de cliente: edward alexander polanco alvarado Balance anterior $262000.00 Monto pagado $10480.00 INTERES $262000.00 BALANCE ACTUAL
Agregado; 2026-02-24 13:30:31; Préstamo: 547 Pago de cliente: rhoneer guzman ozoria Balance anterior $163500.00 Monto pagado $6540.00 INTERES $163500.00 BALANCE ACTUAL
Agregado; 2026-02-24 13:31:19; Préstamo: 610 Pago de cliente: josefina rojas mercedes de garcia Balance anterior $135000.00 Monto pagado $6750.00 INTERES $135000.00 BALANCE ACTUAL
Agregado; 2026-02-24 13:31:48; Préstamo: 691 Pago de cliente: laura reynoso cruz Balance anterior $200000.00 Monto pagado $10000.00 INTERES $200000.00 BALANCE ACTUAL
Agregado; 2026-02-24 13:32:08; Préstamo: 373 Pago de cliente: ramon garcia Balance anterior $160000.00 Monto pagado $8000.00 INTERES $160000.00 BALANCE ACTUAL
Agregado; 2026-02-24 13:32:33; Préstamo: 439 Pago de cliente: erika gonzalez ramirez Balance anterior $200000.00 Monto pagado $8000.00 INTERES $200000.00 BALANCE ACTUAL
Agregado; 2026-02-24 13:33:38; Préstamo: 700 Pago de cliente: yuli mercedes caraballo abreu Balance anterior $200000.00 Monto pagado $10000.00 INTERES $200000.00 BALANCE ACTUAL
Agregado; 2026-02-24 13:34:06; Préstamo: 433 Pago de cliente: edilcia encarnacion encarnacion Balance anterior $188500.00 Monto pagado $8500.00 PAGO IRREGULAR $188500.00 BALANCE ACTUAL
Agregado; 2026-02-24 13:34:55; Préstamo: 685 Pago de cliente: luz edith paredes garcia Balance anterior $240000.00 Monto pagado $12000.00 INTERES $240000.00 BALANCE ACTUAL
Agregado; 2026-02-24 13:35:19; Préstamo: 557 Pago de cliente: alba gervancia de la cruz acosta Balance anterior $40000.00 Monto pagado $2000.00 INTERES $40000.00 BALANCE ACTUAL
Agregado; 2026-02-24 13:36:02; Préstamo: 559 Pago de cliente: antonio ventura hilario Balance anterior $120200.00 Monto pagado $1800.00 PAGO IRREGULAR $120200.00 BALANCE ACTUAL
Agregado; 2026-02-24 13:36:21; Préstamo: 587 Pago de cliente: amancia king green Balance anterior $30000.00 Monto pagado $1500.00 INTERES $30000.00 BALANCE ACTUAL
Agregado; 2026-02-24 13:39:18; Préstamo: 215 Pago de cliente: lisette zaiz ventura Balance anterior $263200.00 Monto pagado $10000.00 PAGO IRREGULAR $263200.00 BALANCE ACTUAL
Agregado; 2026-02-24 13:39:55; Préstamo: 427 Pago de cliente: celso garcia castillo Balance anterior $75000.00 Monto pagado $3750.00 INTERES $75000.00 BALANCE ACTUAL
Agregado; 2026-02-24 13:40:16; Préstamo: 692 Pago de cliente: yuderky ramona gama olivo Balance anterior $325000.00 Monto pagado $16250.00 INTERES $325000.00 BALANCE ACTUAL
Agregado; 2026-02-24 13:40:35; Préstamo: 653 Pago de cliente: Belkin marilin santiago de brito Balance anterior $100000.00 Monto pagado $5000.00 INTERES $100000.00 BALANCE ACTUAL
Agregado; 2026-02-24 13:41:14; Préstamo: 718 Pago de cliente: sebastiana tirado melo Balance anterior $220000.00 Monto pagado $11000.00 INTERES $220000.00 BALANCE ACTUAL
Agregado; 2026-02-24 13:41:48; Préstamo: 714 Pago de cliente: henry alexander mercedes cabrera Balance anterior $142000.00 Monto pagado $7100.00 INTERES $142000.00 BALANCE ACTUAL
Agregado; 2026-02-24 13:42:13; Préstamo: 730 Pago de cliente: raul caraballo liranzo Balance anterior $250000.00 Monto pagado $10000.00 INTERES $250000.00 BALANCE ACTUAL
Agregado; 2026-02-24 13:43:02; Préstamo: 617 Pago de cliente: roberto hernandez sanchez Balance anterior $227000.00 Monto pagado $9080.00 INTERES $227000.00 BALANCE ACTUAL
Agregado; 2026-02-24 13:44:16; Préstamo: 415 Pago de cliente: dorothy cleopatra adolfina vanderhorst almeyda Balance anterior $360000.00 Monto pagado $16800.00 PAGO IRREGULAR $360000.00 BALANCE ACTUAL
Agregado; 2026-02-24 13:44:44; Préstamo: 713 Pago de cliente: nery vianney garcia rodriguez Balance anterior $190000.00 Monto pagado $9500.00 INTERES $190000.00 BALANCE ACTUAL
Agregado; 2026-02-24 13:46:41; Préstamo: 586 Pago de cliente: daniel gonzalez vasquez Balance anterior $106000.00 Monto pagado $5300.00 INTERES $106000.00 BALANCE ACTUAL
Agregado; 2026-02-24 13:47:05; Préstamo: 594 Pago de cliente: juan alfonso concepcion vazquez Balance anterior $170000.00 Monto pagado $6800.00 INTERES $170000.00 BALANCE ACTUAL
Agregado; 2026-02-24 13:47:47; Préstamo: 564 Pago de cliente: esperanza yanilca amparo castillo Balance anterior $207000.00 Monto pagado $10350.00 INTERES $207000.00 BALANCE ACTUAL
Agregado; 2026-02-24 13:48:31; Préstamo: 483 Pago de cliente: gloria tatiana fermin de la rosa Balance anterior $228000.00 Monto pagado $8000.00 PAGO IRREGULAR $228000.00 BALANCE ACTUAL
Agregado; 2026-02-24 13:48:58; Préstamo: 658 Pago de cliente: maribel maria gil Balance anterior $250000.00 Monto pagado $12500.00 INTERES $250000.00 BALANCE ACTUAL
Agregado; 2026-02-24 13:49:37; Préstamo: 690 Pago de cliente: yuraina guerrero coplin Balance anterior $50000.00 Monto pagado $2500.00 INTERES $50000.00 BALANCE ACTUAL
Agregado; 2026-02-24 13:50:44; Préstamo: 324 Pago de cliente: luisa yanelsi then molina Balance anterior $208200.00 Monto pagado $10000.00 PAGO IRREGULAR $208200.00 BALANCE ACTUAL
Agregado; 2026-02-24 14:10:09; Préstamo: 650 Pago de cliente: zenon osiris brito acosta Balance anterior $150000.00 Monto pagado $7500.00 INTERES $150000.00 BALANCE ACTUAL
Agregado; 2026-02-24 14:15:21; Préstamo: 710 Pago de cliente: dianelba gizeh mercedes de castillo Balance anterior $266200.00 Monto pagado $6200.00 PAGO IRREGULAR $266200.00 BALANCE ACTUAL
Agregado; 2026-02-24 14:31:55; Préstamo: 722 Adicional al capital, cliente:  $15000
Agregado; 2026-02-24 15:57:44; Nuevo préstamo cliente: ricardo paula polanco  monto prestado $50000 duración: 10 meses interes: 2500
Agregado; 2026-02-24 16:11:23; Préstamo: 617 Adicional al capital, cliente:  $2000
Agregado; 2026-02-24 19:47:08; Préstamo: 706 Pago de cliente: alexander reyes Balance anterior $116000.00 Monto pagado $5800.00 INTERES $116000.00 BALANCE ACTUAL
Agregado; 2026-02-24 20:43:27; Préstamo: 633 Pago de cliente: leandro moris rosario Balance anterior $92500.00 Monto pagado $4625.00 INTERES $92500.00 BALANCE ACTUAL
Agregado; 2026-02-24 21:10:04; Préstamo: 646 Adicional al capital, cliente:  $6000
Agregado; 2026-02-24 21:11:16; Préstamo: 646 Adicional al capital, cliente:  $1000
Agregado; 2026-02-24 21:57:14; Préstamo: 617 Adicional al capital, cliente:  $500
