Agregado; 2025-11-18 19:21:59; Préstamo: 592 Pago de cliente: rafael guzman ragalado Balance anterior $90000.00 Monto pagado $4500.00 INTERES $90000.00 BALANCE ACTUAL
Agregado; 2025-11-18 19:22:18; Préstamo: 558 Pago de cliente: claribel altagracia mendoza hernandez Balance anterior $123100.00 Monto pagado $6155.00 INTERES $123100.00 BALANCE ACTUAL
Agregado; 2025-11-18 19:22:36; Préstamo: 643 Pago de cliente: nidia elsa ramona oller javier Balance anterior $140000.00 Monto pagado $7000.00 INTERES $140000.00 BALANCE ACTUAL
Agregado; 2025-11-18 19:24:06; Préstamo: 444 Pago de cliente: miguel hilario pichardo Balance anterior $200000.00 Monto pagado $10000.00 INTERES $200000.00 BALANCE ACTUAL
Agregado; 2025-11-18 19:25:44; Préstamo: 463 Pago de cliente: amarilis lora alonzo de capellan Balance anterior $100000.00 Monto pagado $5000.00 INTERES $100000.00 BALANCE ACTUAL
Agregado; 2025-11-18 19:26:04; Préstamo: 477 Pago de cliente: jose miguel ozoria acosta Balance anterior $204000.00 Monto pagado $10200.00 INTERES $204000.00 BALANCE ACTUAL
Agregado; 2025-11-18 19:26:31; Préstamo: 556 Pago de cliente: pedro pablo valdez sanchez Balance anterior $321000.00 Monto pagado $7100.00 PAGO IRREGULAR $321000.00 BALANCE ACTUAL
Agregado; 2025-11-18 19:27:05; Préstamo: 437 Pago de cliente: eugenio ernesto marchena fermin Balance anterior $213000.00 Monto pagado $10300.00 PAGO IRREGULAR $213000.00 BALANCE ACTUAL
Agregado; 2025-11-18 19:27:23; Préstamo: 595 Pago de cliente: carmen lopez fermin Balance anterior $45000.00 Monto pagado $2250.00 INTERES $45000.00 BALANCE ACTUAL
Agregado; 2025-11-18 19:28:16; Préstamo: 589 Pago de cliente: modesta crecencia paredes pierrot Balance anterior $222000.00 Monto pagado $8880.00 INTERES $222000.00 BALANCE ACTUAL
Agregado; 2025-11-18 19:29:35; Préstamo: 127 Pago de cliente: ligia maria dolores alvarado de pereyra Balance anterior $205000.00 Monto pagado $6500.00 INTERES $205000.00 BALANCE ACTUAL
Agregado; 2025-11-18 19:30:48; Préstamo: 620 Pago de cliente: epifanio cortorreal balbuena Balance anterior $300000.00 Monto pagado $15000.00 INTERES $300000.00 BALANCE ACTUAL
Agregado; 2025-11-18 19:31:34; Préstamo: 486 Pago de cliente: belgica acosta de fernandez Balance anterior $100000.00 Monto pagado $5000.00 INTERES $100000.00 BALANCE ACTUAL
Agregado; 2025-11-18 19:32:07; Préstamo: 662 Pago de cliente: tomas garcia rodriguez Balance anterior $241000.00 Monto pagado $9100.00 PAGO IRREGULAR $241000.00 BALANCE ACTUAL
Agregado; 2025-11-18 19:32:33; Préstamo: 590 Pago de cliente: pedro garcia reyes Balance anterior $55000.00 Monto pagado $2750.00 INTERES $55000.00 BALANCE ACTUAL
Agregado; 2025-11-18 19:33:38; Préstamo: 665 Pago de cliente: modesto gonzalez lopez Balance anterior $247000.00 Monto pagado $9200 PAGO IRREGULAR $247000.00 BALANCE ACTUAL
Agregado; 2025-11-18 19:34:29; Préstamo: 629 Pago de cliente: jorge luis cepeda martinez Balance anterior $115000.00 Monto pagado $5750.00 INTERES $115000.00 BALANCE ACTUAL
Agregado; 2025-11-18 19:34:56; Préstamo: 645 Pago de cliente: aracelis jimenez peña de hernandez Balance anterior $176000.00 Monto pagado $8800.00 INTERES $176000.00 BALANCE ACTUAL
Agregado; 2025-11-18 19:35:25; Préstamo: 628 Pago de cliente: alfonso hiciano laureano Balance anterior $115000.00 Monto pagado $5750.00 INTERES $115000.00 BALANCE ACTUAL
Agregado; 2025-11-18 19:35:50; Préstamo: 605 Pago de cliente: ana rosa paredes liriano Balance anterior $120000.00 Monto pagado $6000.00 INTERES $120000.00 BALANCE ACTUAL
Agregado; 2025-11-18 19:36:30; Préstamo: 378 Pago de cliente: marcia martinez y adames de ferrera Balance anterior $212000.00 Monto pagado $7600 PAGO IRREGULAR $212000.00 BALANCE ACTUAL
Agregado; 2025-11-18 19:36:59; Préstamo: 656 Pago de cliente: mercedes muñoz rodriguez de breton Balance anterior $300000.00 Monto pagado $15000.00 INTERES $300000.00 BALANCE ACTUAL
Agregado; 2025-11-18 19:37:25; Préstamo: 535 Pago de cliente: jose francisco lopez fermin Balance anterior $150000.00 Monto pagado $7300.00 PAGO IRREGULAR $150000.00 BALANCE ACTUAL
Agregado; 2025-11-18 19:38:17; Préstamo: 527 Pago de cliente: colombino mata juma Balance anterior $127000.00 Monto pagado $6350.00 INTERES $127000.00 BALANCE ACTUAL
Agregado; 2025-11-18 19:39:34; Préstamo: 609 Pago de cliente: ana maria gonzalez peña Balance anterior $125000.00 Monto pagado $6250.00 INTERES $125000.00 BALANCE ACTUAL
Agregado; 2025-11-18 19:42:10; Préstamo: 623 Pago de cliente: ana cristina maloon echavarria Balance anterior $154600.00 Monto pagado $7730.00 INTERES $154600.00 BALANCE ACTUAL
Agregado; 2025-11-18 19:42:35; Préstamo: 636 Pago de cliente: dionisio castillo lora Balance anterior $200000.00 Monto pagado $8000.00 INTERES $200000.00 BALANCE ACTUAL
Agregado; 2025-11-18 19:43:03; Préstamo: 667 Pago de cliente: leoncia de jesus adames Balance anterior $155000.00 Monto pagado $7750.00 INTERES $155000.00 BALANCE ACTUAL
Agregado; 2025-11-18 19:43:29; Préstamo: 625 Pago de cliente: luz estel palomino de capois Balance anterior $125000.00 Monto pagado $5000.00 INTERES $125000.00 BALANCE ACTUAL
