Agregado; 2025-12-26 14:09:40; Nuevo préstamo cliente: juan ulloa altagracia  monto prestado $55000 duración: 10 meses interes: 2750
Actualizado; 2025-12-26 14:13:32; Préstamo cliente: juan ulloa altagracia  monto prestado $60000 duración: 10 meses interes: 2750
Eliminado; 2025-12-26 14:14:12; Préstamo: 693 Cliente: juan ulloa altagracia  monto $55000.00 duración: 10 meses interes: 2750.00
Eliminado; 2025-12-26 14:14:12; Préstamo: 693 
Eliminado; 2025-12-26 14:14:12; amortización: 693 
Agregado; 2025-12-26 14:15:14; Nuevo préstamo cliente: juan ulloa altagracia  monto prestado $60000 duración: 10 meses interes: 3000
Agregado; 2025-12-26 15:06:44; Préstamo: 448 Adicional al capital, cliente:  $2000
Agregado; 2025-12-26 17:16:18; Nuevo préstamo cliente: jose lucas de jesus rodriguez monto prestado $160000 duración: 10 meses interes: 8000
Actualizado; 2025-12-26 17:19:59; Préstamo cliente: jose lucas de jesus rodriguez monto prestado $160000.00 duración: 10 meses interes: 8000
Agregado; 2025-12-26 17:51:00; Préstamo: 596 Adicional al capital, cliente:  $4000
Agregado; 2025-12-26 18:13:21; Préstamo: 659 Adicional al capital, cliente:  $15000
Agregado; 2025-12-26 18:46:50; Préstamo: 616 Pago de cliente: angel lorenzo breton castillo Balance anterior $160000.00 Monto pagado $8000.00 INTERES $160000.00 BALANCE ACTUAL
Agregado; 2025-12-26 18:47:13; Préstamo: 621 Pago de cliente: yoseli pamela calcaño lopez Balance anterior $50000.00 Monto pagado $2500.00 INTERES $50000.00 BALANCE ACTUAL
Agregado; 2025-12-26 18:47:54; Préstamo: 622 Pago de cliente: masiell alejandra lopez gil Balance anterior $178000.00 Monto pagado $8900.00 INTERES $178000.00 BALANCE ACTUAL
Agregado; 2025-12-26 18:52:45; Préstamo: 345 Pago de cliente: nicaurys fermin fermin Balance anterior $281800.00 Monto pagado $9900 PAGO IRREGULAR $281800.00 BALANCE ACTUAL
Agregado; 2025-12-26 18:53:26; Préstamo: 672 Pago de cliente: dianelba gizeh mercedes de castillo Balance anterior $203000.00 Monto pagado $10000 PAGO IRREGULAR $203000.00 BALANCE ACTUAL
Agregado; 2025-12-26 18:54:11; Préstamo: 559 Pago de cliente: antonio ventura hilario Balance anterior $120200.00 Monto pagado $2000 PAGO IRREGULAR $120200.00 BALANCE ACTUAL
Agregado; 2025-12-26 18:54:46; Préstamo: 521 Pago de cliente: orlando nuñez sanchez Balance anterior $167500.00 Monto pagado $8375.00 INTERES $167500.00 BALANCE ACTUAL
Agregado; 2025-12-26 18:55:25; Préstamo: 668 Pago de cliente: roberto flores acosta Balance anterior $200000.00 Monto pagado $10000.00 INTERES $200000.00 BALANCE ACTUAL
Agregado; 2025-12-26 18:55:51; Préstamo: 427 Pago de cliente: celso garcia castillo Balance anterior $75000.00 Monto pagado $3750.00 INTERES $75000.00 BALANCE ACTUAL
Agregado; 2025-12-26 18:56:58; Préstamo: 598 Pago de cliente: nolberto joel lopez de jesus Balance anterior $79000.00 Monto pagado $3950.00 INTERES $79000.00 BALANCE ACTUAL
Agregado; 2025-12-26 18:58:28; Préstamo: 443 Pago de cliente: basilia rodriguez altagracia Balance anterior $300000.00 Monto pagado $15000.00 INTERES $300000.00 BALANCE ACTUAL
Agregado; 2025-12-26 19:00:57; Préstamo: 369 Pago de cliente: marino candelario compres Balance anterior $207700.00 Monto pagado $9700 PAGO IRREGULAR $207700.00 BALANCE ACTUAL
Agregado; 2025-12-26 19:03:42; Préstamo: 685 Pago de cliente: luz edith paredes garcia Balance anterior $240000.00 Monto pagado $12000.00 INTERES $240000.00 BALANCE ACTUAL
Agregado; 2025-12-26 19:04:02; Préstamo: 664 Pago de cliente: delva altagracia vanderhorst almeyda Balance anterior $150000.00 Monto pagado $7500.00 INTERES $150000.00 BALANCE ACTUAL
Agregado; 2025-12-26 19:04:25; Préstamo: 618 Pago de cliente: eni maria reynoso aquino Balance anterior $100000.00 Monto pagado $5000.00 INTERES $100000.00 BALANCE ACTUAL
Agregado; 2025-12-26 19:04:47; Préstamo: 638 Pago de cliente: ana faustina faña gil Balance anterior $135000.00 Monto pagado $6750.00 INTERES $135000.00 BALANCE ACTUAL
Agregado; 2025-12-26 19:05:14; Préstamo: 682 Pago de cliente: maria ramos nolasco Balance anterior $160000.00 Monto pagado $8000.00 INTERES $160000.00 BALANCE ACTUAL
Agregado; 2025-12-26 19:05:41; Préstamo: 586 Pago de cliente: daniel gonzalez vasquez Balance anterior $106000.00 Monto pagado $5000 PAGO IRREGULAR $106000.00 BALANCE ACTUAL
Agregado; 2025-12-26 19:06:03; Préstamo: 675 Pago de cliente: CIRILA MARITZA BEATO SANTANA Balance anterior $150000.00 Monto pagado $7500.00 INTERES $150000.00 BALANCE ACTUAL
Agregado; 2025-12-26 19:07:51; Préstamo: 324 Pago de cliente: luisa yanelsi then molina Balance anterior $208200.00 Monto pagado $8300 PAGO IRREGULAR $208200.00 BALANCE ACTUAL
Agregado; 2025-12-26 19:08:37; Préstamo: 651 Pago de cliente: jorge chavez Balance anterior $42000.00 Monto pagado $1100 PAGO IRREGULAR $42000.00 BALANCE ACTUAL
Agregado; 2025-12-26 19:10:09; Préstamo: 646 Pago de cliente: mily cuevas sosa Balance anterior $373600.00 Monto pagado $18680.00 INTERES $373600.00 BALANCE ACTUAL
Agregado; 2025-12-26 19:13:25; Préstamo: 178 Pago de cliente: gricelida tavarez drullard Balance anterior $203000.00 Monto pagado $10150.00 INTERES $203000.00 BALANCE ACTUAL
Agregado; 2025-12-26 19:16:59; Préstamo: 215 Pago de cliente: lisette zaiz ventura Balance anterior $263200.00 Monto pagado $8000 PAGO IRREGULAR $263200.00 BALANCE ACTUAL
Agregado; 2025-12-26 19:20:51; Préstamo: 373 Pago de cliente: ramon garcia Balance anterior $145000.00 Monto pagado $7250.00 INTERES $145000.00 BALANCE ACTUAL
Agregado; 2025-12-26 19:21:38; Préstamo: 617 Pago de cliente: roberto hernandez sanchez Balance anterior $212000.00 Monto pagado $8000 PAGO IRREGULAR $212000.00 BALANCE ACTUAL
Agregado; 2025-12-26 19:22:06; Préstamo: 483 Pago de cliente: gloria tatiana fermin de la rosa Balance anterior $222200.00 Monto pagado $8000 PAGO IRREGULAR $222200.00 BALANCE ACTUAL
Agregado; 2025-12-26 19:24:06; Préstamo: 601 Pago de cliente: justo rafael dipuglia rosario Balance anterior $258800.00 Monto pagado $13000 PAGO IRREGULAR $258800.00 BALANCE ACTUAL
Agregado; 2025-12-26 19:29:02; Préstamo: 574 Pago de cliente: maria teresa javiar rodriguez Balance anterior $82000.00 Monto pagado $4100.00 INTERES $82000.00 BALANCE ACTUAL
Agregado; 2025-12-26 19:30:39; Préstamo: 332 Pago de cliente: ambiorix almanzar castro Balance anterior $215000.00 Monto pagado $10200 PAGO IRREGULAR $215000.00 BALANCE ACTUAL
Agregado; 2025-12-26 19:32:05; Préstamo: 332 Pago de cliente: ambiorix almanzar castro Balance anterior $215000.00 Monto pagado $550 PAGO IRREGULAR $215000.00 BALANCE ACTUAL
Agregado; 2025-12-26 19:33:44; Préstamo: 481 Pago de cliente: marilyn antonia jimenez de santana Balance anterior $122000.00 Monto pagado $4500 PAGO IRREGULAR $122000.00 BALANCE ACTUAL
Agregado; 2025-12-26 19:35:06; Préstamo: 112 Pago de cliente: ysidora altagracia minaya duran Balance anterior $387000.00 Monto pagado $8000 PAGO IRREGULAR $387000.00 BALANCE ACTUAL
Agregado; 2025-12-26 19:35:29; Préstamo: 657 Pago de cliente: henry alexander mercedes cabrera Balance anterior $120000.00 Monto pagado $6000.00 INTERES $120000.00 BALANCE ACTUAL
Agregado; 2025-12-26 19:45:00; Préstamo: 639 Pago de cliente: nery vianney garcia rodriguez Balance anterior $160000.00 Monto pagado $8000.00 INTERES $160000.00 BALANCE ACTUAL
Agregado; 2025-12-26 19:45:42; Préstamo: 350 Pago de cliente: concepcion jazmin ramon Balance anterior $357600.00 Monto pagado $17880.00 INTERES $357600.00 BALANCE ACTUAL
Agregado; 2025-12-26 19:47:32; Préstamo: 606 Pago de cliente: victor martinez Balance anterior $100000.00 Monto pagado $4500.00 INTERES $100000.00 BALANCE ACTUAL
Agregado; 2025-12-26 19:48:08; Préstamo: 612 Pago de cliente: raul caraballo liranzo Balance anterior $322000.00 Monto pagado $16000 PAGO IRREGULAR $322000.00 BALANCE ACTUAL
Agregado; 2025-12-26 19:48:33; Préstamo: 653 Pago de cliente: Belkin marilin santiago de brito Balance anterior $100000.00 Monto pagado $5000.00 INTERES $100000.00 BALANCE ACTUAL
Agregado; 2025-12-26 19:49:06; Préstamo: 439 Pago de cliente: erika gonzalez ramirez Balance anterior $208700.00 Monto pagado $8348.00 INTERES $208700.00 BALANCE ACTUAL
Agregado; 2025-12-26 19:50:55; Préstamo: 649 Pago de cliente: eladio antonio brito lopez Balance anterior $200000.00 Monto pagado $10000.00 INTERES $200000.00 BALANCE ACTUAL
Agregado; 2025-12-26 19:51:22; Préstamo: 551 Pago de cliente: yesenia de los santos marte Balance anterior $400000.00 Monto pagado $15200 PAGO IRREGULAR $400000.00 BALANCE ACTUAL
Agregado; 2025-12-26 19:51:40; Préstamo: 564 Pago de cliente: esperanza yanilca amparo castillo Balance anterior $172000.00 Monto pagado $8600.00 INTERES $172000.00 BALANCE ACTUAL
Agregado; 2025-12-26 19:51:59; Préstamo: 650 Pago de cliente: zenon osiris brito acosta Balance anterior $150000.00 Monto pagado $7500.00 INTERES $150000.00 BALANCE ACTUAL
Agregado; 2025-12-26 19:53:31; Préstamo: 594 Pago de cliente: juan alfonso concepcion vazquez Balance anterior $170000.00 Monto pagado $6500 PAGO IRREGULAR $170000.00 BALANCE ACTUAL
Agregado; 2025-12-26 19:55:22; Préstamo: 341 Pago de cliente: alba caroligia hernandez rodriguez Balance anterior $402500.00 Monto pagado $16100.00 INTERES $402500.00 BALANCE ACTUAL
Agregado; 2025-12-26 19:56:23; Préstamo: 626 Pago de cliente: ramon quiro melo Balance anterior $160000.00 Monto pagado $6400.00 INTERES $160000.00 BALANCE ACTUAL
Agregado; 2025-12-26 19:57:40; Préstamo: 508 Pago de cliente: juana  yesenia facenda hernandez Balance anterior $352000.00 Monto pagado $11700 PAGO IRREGULAR $352000.00 BALANCE ACTUAL
Agregado; 2025-12-26 19:58:03; Préstamo: 607 Pago de cliente: emmanuel medina lopez Balance anterior $130000.00 Monto pagado $4200 PAGO IRREGULAR $130000.00 BALANCE ACTUAL
Agregado; 2025-12-26 19:59:40; Préstamo: 415 Pago de cliente: dorothy cleopatra adolfina vanderhorst almeyda Balance anterior $335000.00 Monto pagado $14400 PAGO IRREGULAR $335000.00 BALANCE ACTUAL
Agregado; 2025-12-26 20:00:03; Préstamo: 587 Pago de cliente: amancia king green Balance anterior $30000.00 Monto pagado $1500.00 INTERES $30000.00 BALANCE ACTUAL
Agregado; 2025-12-26 20:00:41; Préstamo: 686 Pago de cliente: sebastiana tirado melo Balance anterior $200000.00 Monto pagado $10000.00 INTERES $200000.00 BALANCE ACTUAL
Agregado; 2025-12-26 20:00:59; Préstamo: 596 Pago de cliente: lorenza maria jose avelino Balance anterior $274000.00 Monto pagado $9000 PAGO IRREGULAR $274000.00 BALANCE ACTUAL
Agregado; 2025-12-26 20:01:20; Préstamo: 658 Pago de cliente: maribel maria gil Balance anterior $250000.00 Monto pagado $12500.00 INTERES $250000.00 BALANCE ACTUAL
Agregado; 2025-12-26 20:02:35; Préstamo: 633 Pago de cliente: leandro moris rosario Balance anterior $92500.00 Monto pagado $4625.00 INTERES $92500.00 BALANCE ACTUAL
Agregado; 2025-12-26 20:10:34; Préstamo: 557 Pago de cliente: alba gervancia de la cruz acosta Balance anterior $40000.00 Monto pagado $2000.00 INTERES $40000.00 BALANCE ACTUAL
Agregado; 2025-12-26 20:10:51; Préstamo: 547 Pago de cliente: rhoneer guzman ozoria Balance anterior $163500.00 Monto pagado $6540.00 INTERES $163500.00 BALANCE ACTUAL
Agregado; 2025-12-26 20:11:47; Préstamo: 498 Pago de cliente: felix alberto campo Balance anterior $118000.00 Monto pagado $5500 PAGO IRREGULAR $118000.00 BALANCE ACTUAL
Agregado; 2025-12-26 20:12:13; Préstamo: 433 Pago de cliente: edilcia encarnacion encarnacion Balance anterior $188500.00 Monto pagado $5800 PAGO IRREGULAR $188500.00 BALANCE ACTUAL
Agregado; 2025-12-26 20:12:28; Préstamo: 610 Pago de cliente: josefina rojas mercedes de garcia Balance anterior $135000.00 Monto pagado $6750.00 INTERES $135000.00 BALANCE ACTUAL
Agregado; 2025-12-26 20:13:22; Préstamo: 597 Pago de cliente: yuderky ramona gama olivo Balance anterior $291000.00 Monto pagado $14550.00 INTERES $291000.00 BALANCE ACTUAL
Agregado; 2025-12-26 20:14:12; Préstamo: 680 Pago de cliente: pedro castillo peralta Balance anterior $265000.00 Monto pagado $10600.00 INTERES $265000.00 BALANCE ACTUAL
Agregado; 2025-12-26 20:15:20; Préstamo: 575 Pago de cliente: maria yocasta tejada martinez de guzman Balance anterior $200000.00 Monto pagado $8000.00 INTERES $200000.00 BALANCE ACTUAL
Agregado; 2025-12-26 20:16:08; Préstamo: 425 Pago de cliente: jack michael morillo Balance anterior $212500.00 Monto pagado $5000 PAGO IRREGULAR $212500.00 BALANCE ACTUAL
Agregado; 2025-12-26 20:16:30; Préstamo: 526 Pago de cliente: sara felipe kery Balance anterior $68000.00 Monto pagado $2700 PAGO IRREGULAR $68000.00 BALANCE ACTUAL
Agregado; 2025-12-26 20:16:52; Préstamo: 634 Pago de cliente: edward alexander polanco alvarado Balance anterior $240000.00 Monto pagado $9600.00 INTERES $240000.00 BALANCE ACTUAL
Agregado; 2025-12-26 20:17:36; Préstamo: 473 Pago de cliente: alexander reyes Balance anterior $100000.00 Monto pagado $5000.00 INTERES $100000.00 BALANCE ACTUAL
Agregado; 2025-12-26 20:21:38; Préstamo: 509 Pago de cliente: dannessa deyanara rodriguez Balance anterior $349500.00 Monto pagado $6100 PAGO IRREGULAR $349500.00 BALANCE ACTUAL
Agregado; 2025-12-26 20:22:43; Préstamo: 688 Pago de cliente: marian esthersy gomez marty Balance anterior $82000.00 Monto pagado $3000 PAGO IRREGULAR $82000.00 BALANCE ACTUAL
Agregado; 2025-12-26 20:23:02; Préstamo: 413 Pago de cliente: yovanni acosta  garcia de frias Balance anterior $121200.00 Monto pagado $6000 PAGO IRREGULAR $121200.00 BALANCE ACTUAL
Agregado; 2025-12-26 20:24:09; Préstamo: 578 Pago de cliente: timmy daniel martinez vilorio Balance anterior $158950.00 Monto pagado $3000 PAGO IRREGULAR $158950.00 BALANCE ACTUAL
