Agregado; 2024-05-16 13:26:35; Préstamo: 330 Pago de cliente: juan carlos medina osorio Balance anterior $160000.00 Monto pagado $3800 PAGO IRREGULAR $160000.00 BALANCE ACTUAL
Agregado; 2024-05-16 13:37:39; Préstamo: 279 Pago de cliente: perla massiel acosta faña Balance anterior $100000.00 Monto pagado $2500.00 INTERES $100000.00 BALANCE ACTUAL
Agregado; 2024-05-16 20:48:46; Préstamo: 208 Pago de cliente: luisa kery Balance anterior $100000.00 Monto pagado $5000.00 INTERES $100000.00 BALANCE ACTUAL
Agregado; 2024-05-16 20:50:02; Préstamo: 388 Pago de cliente: dulce maria olivo cheriz Balance anterior $100000.00 Monto pagado $5000.00 INTERES $100000.00 BALANCE ACTUAL
Agregado; 2024-05-16 20:50:52; Préstamo: 356 Pago de cliente: angela frias genao Balance anterior $95000.00 Monto pagado $5000.00 INTERES $95000.00 BALANCE ACTUAL
Agregado; 2024-05-16 20:51:20; Préstamo: 400 Pago de cliente: nidia elsa ramona oller javier Balance anterior $100000.00 Monto pagado $5000.00 INTERES $100000.00 BALANCE ACTUAL
Agregado; 2024-05-16 20:52:05; Préstamo: 390 Pago de cliente: miguel hilario pichardo Balance anterior $50000.00 Monto pagado $2500.00 INTERES $50000.00 BALANCE ACTUAL
Agregado; 2024-05-16 20:52:38; Préstamo: 402 Pago de cliente: hugo rodriguez Balance anterior $50000.00 Monto pagado $2500.00 INTERES $50000.00 BALANCE ACTUAL
Agregado; 2024-05-16 20:53:03; Préstamo: 387 Pago de cliente: modesta crecencia paredes pierrot Balance anterior $170000.00 Monto pagado $8500.00 INTERES $170000.00 BALANCE ACTUAL
Agregado; 2024-05-16 20:53:49; Préstamo: 398 Pago de cliente: eugenio ernesto marchena fermin Balance anterior $100000.00 Monto pagado $2400 PAGO IRREGULAR $100000.00 BALANCE ACTUAL
Agregado; 2024-05-16 20:54:24; Préstamo: 103 Pago de cliente: pedro pablo valdez sanchez Balance anterior $206000.00 Monto pagado $10300.00 INTERES $206000.00 BALANCE ACTUAL
Agregado; 2024-05-16 20:54:51; Préstamo: 327 Pago de cliente: claribel altagracia mendoza hernandez Balance anterior $50000.00 Monto pagado $2500.00 INTERES $50000.00 BALANCE ACTUAL
Agregado; 2024-05-16 20:55:23; Préstamo: 382 Pago de cliente: julia garcia castilo de castillo Balance anterior $65000.00 Monto pagado $3250.00 INTERES $65000.00 BALANCE ACTUAL
Agregado; 2024-05-16 20:56:12; Préstamo: 370 Pago de cliente: dionisio castillo lora Balance anterior $215000.00 Monto pagado $10750.00 INTERES $215000.00 BALANCE ACTUAL
Agregado; 2024-05-16 20:56:47; Préstamo: 342 Pago de cliente: natividad maldonado de los santos Balance anterior $150000.00 Monto pagado $7200 PAGO IRREGULAR $150000.00 BALANCE ACTUAL
Agregado; 2024-05-16 20:57:41; Préstamo: 127 Pago de cliente: ligia maria dolores alvarado de pereyra Balance anterior $165000.00 Monto pagado $4500.00 INTERES $165000.00 BALANCE ACTUAL
Agregado; 2024-05-16 20:58:12; Préstamo: 378 Pago de cliente: marcia martinez y adames de ferrera Balance anterior $185000.00 Monto pagado $9250.00 INTERES $185000.00 BALANCE ACTUAL
Agregado; 2024-05-16 20:58:51; Préstamo: 364 Pago de cliente: jose francisco lopez fermin Balance anterior $170000.00 Monto pagado $8500.00 INTERES $170000.00 BALANCE ACTUAL
Agregado; 2024-05-16 20:59:22; Préstamo: 353 Pago de cliente: rafael guzman ragalado Balance anterior $60000.00 Monto pagado $3000.00 INTERES $60000.00 BALANCE ACTUAL
Agregado; 2024-05-16 21:00:04; Préstamo: 381 Pago de cliente: pedro garcia reyes Balance anterior $63000.00 Monto pagado $3000 PAGO IRREGULAR $63000.00 BALANCE ACTUAL
Agregado; 2024-05-16 21:00:16; Préstamo: 245 Pago de cliente: santa cruceta lantigua de garcia Balance anterior $20000.00 Monto pagado $1000.00 INTERES $20000.00 BALANCE ACTUAL
Agregado; 2024-05-16 21:00:38; Préstamo: 401 Pago de cliente: hector bienvenido maria liranzo Balance anterior $103000.00 Monto pagado $5150.00 INTERES $103000.00 BALANCE ACTUAL
