Agregado; 2025-06-30 13:25:17; Préstamo: 539 Pago de cliente: edward alexander polanco alvarado Balance anterior $295000.00 Monto pagado $7100.00 PAGO IRREGULAR $295000.00 BALANCE ACTUAL
Agregado; 2025-06-30 13:25:35; Préstamo: 526 Pago de cliente: sara felipe kery Balance anterior $53000.00 Monto pagado $2650.00 INTERES $53000.00 BALANCE ACTUAL
Agregado; 2025-06-30 13:25:51; Préstamo: 557 Pago de cliente: alba gervancia de la cruz acosta Balance anterior $40000.00 Monto pagado $2000.00 INTERES $40000.00 BALANCE ACTUAL
Agregado; 2025-06-30 13:26:25; Préstamo: 587 Pago de cliente: amancia king green Balance anterior $30000.00 Monto pagado $1500.00 INTERES $30000.00 BALANCE ACTUAL
Agregado; 2025-06-30 13:26:43; Préstamo: 534 Pago de cliente: sebastiana tirado melo Balance anterior $120000.00 Monto pagado $6000.00 INTERES $120000.00 BALANCE ACTUAL
Agregado; 2025-06-30 13:27:00; Préstamo: 585 Pago de cliente: elvin jose del orbe peguero Balance anterior $50000.00 Monto pagado $2500.00 INTERES $50000.00 BALANCE ACTUAL
Agregado; 2025-06-30 13:27:14; Préstamo: 573 Pago de cliente: pedro castillo peralta Balance anterior $175000.00 Monto pagado $7000.00 INTERES $175000.00 BALANCE ACTUAL
Agregado; 2025-06-30 13:27:59; Préstamo: 174 Pago de cliente: jesus de la cruz amparo Balance anterior $20000.00 Monto pagado $1000.00 INTERES $20000.00 BALANCE ACTUAL
Agregado; 2025-06-30 13:28:16; Préstamo: 163 Pago de cliente: yulizan encarnacion crooke Balance anterior $40000.00 Monto pagado $2000.00 INTERES $40000.00 BALANCE ACTUAL
Agregado; 2025-06-30 13:29:00; Préstamo: 415 Pago de cliente: dorothy cleopatra adolfina vanderhorst almeyda Balance anterior $335000.00 Monto pagado $14000 PAGO IRREGULAR $335000.00 BALANCE ACTUAL
Agregado; 2025-06-30 13:29:15; Préstamo: 575 Pago de cliente: maria yocasta tejada martinez de guzman Balance anterior $200000.00 Monto pagado $8000.00 INTERES $200000.00 BALANCE ACTUAL
Agregado; 2025-06-30 13:29:28; Préstamo: 547 Pago de cliente: rhoneer guzman ozoria Balance anterior $158500.00 Monto pagado $6340.00 INTERES $158500.00 BALANCE ACTUAL
Agregado; 2025-06-30 13:29:41; Préstamo: 571 Pago de cliente: norkelys  faña santos de roman Balance anterior $100000.00 Monto pagado $5000.00 INTERES $100000.00 BALANCE ACTUAL
Agregado; 2025-06-30 13:29:56; Préstamo: 473 Pago de cliente: alexander reyes Balance anterior $75000.00 Monto pagado $3750.00 INTERES $75000.00 BALANCE ACTUAL
Agregado; 2025-06-30 13:30:14; Préstamo: 427 Pago de cliente: celso garcia castillo Balance anterior $60000.00 Monto pagado $3000.00 INTERES $60000.00 BALANCE ACTUAL
Agregado; 2025-06-30 13:30:37; Préstamo: 433 Pago de cliente: edilcia encarnacion encarnacion Balance anterior $155000.00 Monto pagado $5500.00 PAGO IRREGULAR $155000.00 BALANCE ACTUAL
Agregado; 2025-06-30 13:30:53; Préstamo: 489 Pago de cliente: rosa lidia paredes miguel Balance anterior $50000.00 Monto pagado $2500.00 INTERES $50000.00 BALANCE ACTUAL
Agregado; 2025-06-30 13:31:10; Préstamo: 559 Pago de cliente: antonio ventura hilario Balance anterior $75000.00 Monto pagado $3750.00 INTERES $75000.00 BALANCE ACTUAL
Agregado; 2025-06-30 13:31:31; Préstamo: 312 Pago de cliente: vianely trinidad paulino Balance anterior $15000.00 Monto pagado $750.00 INTERES $15000.00 BALANCE ACTUAL
Agregado; 2025-06-30 13:31:47; Préstamo: 581 Pago de cliente: josefina rojas mercedes de garcia Balance anterior $85000.00 Monto pagado $4250.00 INTERES $85000.00 BALANCE ACTUAL
Agregado; 2025-06-30 13:32:01; Préstamo: 329 Pago de cliente: angel lorenzo breton castillo Balance anterior $80000.00 Monto pagado $4000.00 INTERES $80000.00 BALANCE ACTUAL
Agregado; 2025-06-30 13:32:17; Préstamo: 574 Pago de cliente: maria teresa javiar rodriguez Balance anterior $72000.00 Monto pagado $3600.00 INTERES $72000.00 BALANCE ACTUAL
Agregado; 2025-06-30 13:32:36; Préstamo: 484 Pago de cliente: rafael regalado del orbe Balance anterior $150000.00 Monto pagado $7500.00 INTERES $150000.00 BALANCE ACTUAL
Agregado; 2025-06-30 13:33:22; Préstamo: 332 Pago de cliente: ambiorix almanzar castro Balance anterior $215000.00 Monto pagado $10750.00 INTERES $215000.00 BALANCE ACTUAL
Agregado; 2025-06-30 13:33:22; Préstamo: 332 Abono pago irregular - cliente: ambiorix almanzar castro $1250 PAGO IRREGULAR $215000.00 BALANCE ACTUAL
Agregado; 2025-06-30 13:33:42; Préstamo: 481 Pago de cliente: marilyn antonia jimenez de santana Balance anterior $92000.00 Monto pagado $4600.00 INTERES $92000.00 BALANCE ACTUAL
Agregado; 2025-06-30 13:34:17; Préstamo: 509 Pago de cliente: dannessa deyanara rodriguez Balance anterior $326000.00 Monto pagado $16300.00 INTERES $326000.00 BALANCE ACTUAL
Agregado; 2025-06-30 13:34:17; Préstamo: 509 Abono pago irregular - cliente: dannessa deyanara rodriguez $700 PAGO IRREGULAR $326000.00 BALANCE ACTUAL
Agregado; 2025-06-30 13:34:46; Préstamo: 508 Pago de cliente: juana  yesenia facenda hernandez Balance anterior $352000.00 Monto pagado $11900.00 PAGO IRREGULAR $352000.00 BALANCE ACTUAL
Agregado; 2025-06-30 13:35:17; Préstamo: 413 Pago de cliente: yovanni acosta  garcia de frias Balance anterior $121200.00 Monto pagado $6000 PAGO IRREGULAR $121200.00 BALANCE ACTUAL
Agregado; 2025-06-30 13:35:41; Préstamo: 345 Pago de cliente: nicaurys fermin fermin Balance anterior $281800.00 Monto pagado $7000 PAGO IRREGULAR $281800.00 BALANCE ACTUAL
Agregado; 2025-06-30 13:36:20; Préstamo: 588 Pago de cliente: martir carolina hernandez valdez Balance anterior $205000.00 Monto pagado $10250.00 INTERES $205000.00 BALANCE ACTUAL
Agregado; 2025-06-30 13:36:36; Préstamo: 517 Pago de cliente: irvin francisco de leon javier Balance anterior $100000.00 Monto pagado $5000.00 INTERES $100000.00 BALANCE ACTUAL
Agregado; 2025-06-30 13:36:51; Préstamo: 477 Pago de cliente: jose miguel ozoria acosta Balance anterior $154000.00 Monto pagado $7700.00 INTERES $154000.00 BALANCE ACTUAL
Agregado; 2025-06-30 13:37:17; Préstamo: 584 Pago de cliente: eni maria reynoso aquino Balance anterior $245700.00 Monto pagado $9900 PAGO IRREGULAR $245700.00 BALANCE ACTUAL
Agregado; 2025-06-30 13:37:49; Préstamo: 506 Pago de cliente: roberto hernandez sanchez Balance anterior $374000.00 Monto pagado $15000 PAGO IRREGULAR $374000.00 BALANCE ACTUAL
Agregado; 2025-06-30 13:38:10; Préstamo: 530 Pago de cliente: Marcelino Maldonado Fernández Balance anterior $200000.00 Monto pagado $10000.00 INTERES $200000.00 BALANCE ACTUAL
Agregado; 2025-06-30 13:38:28; Préstamo: 178 Pago de cliente: gricelida tavarez drullard Balance anterior $203000.00 Monto pagado $10150.00 INTERES $203000.00 BALANCE ACTUAL
Agregado; 2025-06-30 13:38:48; Préstamo: 586 Pago de cliente: daniel gonzalez vasquez Balance anterior $100000.00 Monto pagado $5000.00 INTERES $100000.00 BALANCE ACTUAL
Agregado; 2025-06-30 13:40:06; Préstamo: 550 Pago de cliente: lorenza maria jose avelino Balance anterior $200000.00 Monto pagado $10000.00 INTERES $200000.00 BALANCE ACTUAL
Agregado; 2025-06-30 13:41:46; Préstamo: 561 Pago de cliente: raul caraballo liranzo Balance anterior $283600.00 Monto pagado $14000 PAGO IRREGULAR $283600.00 BALANCE ACTUAL
Agregado; 2025-06-30 13:42:06; Préstamo: 578 Pago de cliente: timmy daniel martinez vilorio Balance anterior $158950.00 Monto pagado $4000 PAGO IRREGULAR $158950.00 BALANCE ACTUAL
Agregado; 2025-06-30 13:42:49; Préstamo: 443 Pago de cliente: basilia rodriguez altagracia Balance anterior $250000.00 Monto pagado $12500.00 INTERES $250000.00 BALANCE ACTUAL
Agregado; 2025-06-30 13:43:17; Préstamo: 451 Pago de cliente: justo rafael dipuglia rosario Balance anterior $143000.00 Monto pagado $7150.00 INTERES $143000.00 BALANCE ACTUAL
Agregado; 2025-06-30 13:43:30; Préstamo: 451 Pago de cliente: justo rafael dipuglia rosario Balance anterior $143000.00 Monto pagado $7150.00 INTERES $143000.00 BALANCE ACTUAL
Agregado; 2025-06-30 13:43:43; Préstamo: 341 Pago de cliente: alba caroligia hernandez rodriguez Balance anterior $392500.00 Monto pagado $15700.00 INTERES $392500.00 BALANCE ACTUAL
Agregado; 2025-06-30 13:44:14; Préstamo: 369 Pago de cliente: marino candelario compres Balance anterior $164000.00 Monto pagado $8200.00 INTERES $164000.00 BALANCE ACTUAL
Agregado; 2025-06-30 13:45:30; Préstamo: 112 Pago de cliente: ysidora altagracia minaya duran Balance anterior $387000.00 Monto pagado $8000 PAGO IRREGULAR $387000.00 BALANCE ACTUAL
Agregado; 2025-06-30 13:47:25; Préstamo: 439 Pago de cliente: erika gonzalez ramirez Balance anterior $200000.00 Monto pagado $8000.00 INTERES $200000.00 BALANCE ACTUAL
Agregado; 2025-06-30 13:51:11; Préstamo: 512 Pago de cliente: maribel maria gil Balance anterior $100000.00 Monto pagado $10000.00 INTERES $100000.00 BALANCE ACTUAL
Agregado; 2025-06-30 13:53:07; Préstamo: 324 Pago de cliente: luisa yanelsi then molina Balance anterior $191500.00 Monto pagado $5800 PAGO IRREGULAR $191500.00 BALANCE ACTUAL
Agregado; 2025-06-30 13:53:21; Préstamo: 483 Pago de cliente: gloria tatiana fermin de la rosa Balance anterior $200000.00 Monto pagado $10000.00 INTERES $200000.00 BALANCE ACTUAL
Agregado; 2025-06-30 13:54:21; Préstamo: 215 Pago de cliente: lisette zaiz ventura Balance anterior $237200.00 Monto pagado $5000 PAGO IRREGULAR $237200.00 BALANCE ACTUAL
Agregado; 2025-06-30 13:55:48; Préstamo: 135 Pago de cliente: mily cuevas sosa Balance anterior $189000.00 Monto pagado $9450.00 INTERES $189000.00 BALANCE ACTUAL
Agregado; 2025-06-30 13:56:17; Préstamo: 564 Pago de cliente: esperanza yanilca amparo castillo Balance anterior $172000.00 Monto pagado $8500.00 PAGO IRREGULAR $172000.00 BALANCE ACTUAL
Agregado; 2025-06-30 13:56:36; Préstamo: 373 Pago de cliente: ramon garcia Balance anterior $127000.00 Monto pagado $6350.00 INTERES $127000.00 BALANCE ACTUAL
Agregado; 2025-06-30 13:56:52; Préstamo: 447 Pago de cliente: brahian canot Balance anterior $170000.00 Monto pagado $8500.00 INTERES $170000.00 BALANCE ACTUAL
Agregado; 2025-06-30 13:57:07; Préstamo: 551 Pago de cliente: yesenia de los santos marte Balance anterior $320000.00 Monto pagado $16000.00 INTERES $320000.00 BALANCE ACTUAL
Agregado; 2025-06-30 13:57:22; Préstamo: 566 Pago de cliente: yuderky ramona gama olivo Balance anterior $200000.00 Monto pagado $10000.00 INTERES $200000.00 BALANCE ACTUAL
Agregado; 2025-06-30 13:57:54; Préstamo: 518 Pago de cliente: roberto flores acosta Balance anterior $110000.00 Monto pagado $5500.00 INTERES $110000.00 BALANCE ACTUAL
Agregado; 2025-06-30 13:58:13; Préstamo: 521 Pago de cliente: orlando nuñez sanchez Balance anterior $155500.00 Monto pagado $7775.00 INTERES $155500.00 BALANCE ACTUAL
Agregado; 2025-06-30 13:59:39; Préstamo: 562 Pago de cliente: juan alfonso concepcion vazquez Balance anterior $360000.00 Monto pagado $18000.00 INTERES $360000.00 BALANCE ACTUAL
Agregado; 2025-06-30 14:00:56; Préstamo: 567 Pago de cliente: lowels jhonson mejia Balance anterior $120000.00 Monto pagado $6000.00 INTERES $120000.00 BALANCE ACTUAL
Agregado; 2025-06-30 14:01:44; Préstamo: 544 Pago de cliente: masiell alejandra lopez gil Balance anterior $126000.00 Monto pagado $6300.00 INTERES $126000.00 BALANCE ACTUAL
Agregado; 2025-06-30 14:01:59; Préstamo: 498 Pago de cliente: felix alberto campo Balance anterior $110000.00 Monto pagado $5500.00 INTERES $110000.00 BALANCE ACTUAL
Agregado; 2025-06-30 18:00:46; Nuevo préstamo cliente: lorenza maria jose avelino monto prestado $240000 duración: 10 meses interes: 12000
Agregado; 2025-06-30 19:24:37; Nuevo préstamo cliente: yuderky ramona gama olivo monto prestado $215000 duración: 10 meses interes: 10750
