Agregado; 2024-08-23 12:12:16; Préstamo: 422 Pago de cliente: ruddy morales fernandez Balance anterior $15000.00 Monto pagado $7500.00 INTERES $15000.00 BALANCE ACTUAL
Agregado; 2024-08-23 12:12:38; Préstamo: 395 Pago de cliente: colombino mata juma Balance anterior $164500.00 Monto pagado $8225.00 INTERES $164500.00 BALANCE ACTUAL
Agregado; 2024-08-23 12:13:10; Préstamo: 420 Pago de cliente: justo rafael dipuglia rosario Balance anterior $60000.00 Monto pagado $3000.00 INTERES $60000.00 BALANCE ACTUAL
Agregado; 2024-08-23 12:15:10; Préstamo: 135 Pago de cliente: mily cuevas sosa Balance anterior $184000.00 Monto pagado $9200.00 INTERES $184000.00 BALANCE ACTUAL
Agregado; 2024-08-23 12:16:00; Préstamo: 341 Pago de cliente: alba caroligia hernandez rodriguez Balance anterior $392500.00 Monto pagado $15700.00 INTERES $392500.00 BALANCE ACTUAL
Agregado; 2024-08-23 12:16:32; Préstamo: 408 Pago de cliente: leoncia de jesus adames Balance anterior $180000.00 Monto pagado $9000.00 INTERES $180000.00 BALANCE ACTUAL
Agregado; 2024-08-23 12:18:39; Préstamo: 404 Pago de cliente: emilia almanzar de la cruz Balance anterior $130000.00 Monto pagado $6500.00 INTERES $130000.00 BALANCE ACTUAL
Agregado; 2024-08-23 12:18:54; Préstamo: 338 Pago de cliente: timmy daniel martinez vilorio Balance anterior $155000.00 Monto pagado $7000 PAGO IRREGULAR $155000.00 BALANCE ACTUAL
Agregado; 2024-08-23 12:19:13; Préstamo: 111 Pago de cliente: edward alexander polanco alvarado Balance anterior $187000.00 Monto pagado $6000 PAGO IRREGULAR $187000.00 BALANCE ACTUAL
Agregado; 2024-08-23 12:19:23; Préstamo: 439 Pago de cliente: erika gonzalez ramirez Balance anterior $200000.00 Monto pagado $8000.00 INTERES $200000.00 BALANCE ACTUAL
Agregado; 2024-08-23 12:19:38; Préstamo: 191 Pago de cliente: esperanza yanilca amparo castillo Balance anterior $132000.00 Monto pagado $6600.00 INTERES $132000.00 BALANCE ACTUAL
Agregado; 2024-08-23 12:24:04; Préstamo: 428 Pago de cliente: josefina rojas mercedes de garcia Balance anterior $40000.00 Monto pagado $2000.00 INTERES $40000.00 BALANCE ACTUAL
Agregado; 2024-08-23 12:24:15; Préstamo: 346 Pago de cliente: alba gervancia de la cruz acosta Balance anterior $80000.00 Monto pagado $4000.00 INTERES $80000.00 BALANCE ACTUAL
Actualizado; 2024-08-23 12:24:51; Préstamo cliente: enrique perez peña monto prestado $140000.00 duración: 10 meses interes: 7547.5
Agregado; 2024-08-23 12:25:08; Préstamo: 313 Pago de cliente: enrique perez peña Balance anterior $150950.00 Monto pagado $7547 PAGO IRREGULAR $150950.00 BALANCE ACTUAL
Agregado; 2024-08-23 12:25:33; Préstamo: 361 Pago de cliente: orlando nuñez sanchez Balance anterior $135000.00 Monto pagado $6600.00 PAGO IRREGULAR $135000.00 BALANCE ACTUAL
Agregado; 2024-08-23 12:25:48; Préstamo: 373 Pago de cliente: ramon garcia Balance anterior $100000.00 Monto pagado $5000.00 INTERES $100000.00 BALANCE ACTUAL
Agregado; 2024-08-23 12:26:02; Préstamo: 436 Pago de cliente: sebastiana tirado melo Balance anterior $64000.00 Monto pagado $3200.00 INTERES $64000.00 BALANCE ACTUAL
Agregado; 2024-08-23 12:26:17; Préstamo: 332 Pago de cliente: ambiorix almanzar castro Balance anterior $175000.00 Monto pagado $8500 PAGO IRREGULAR $175000.00 BALANCE ACTUAL
Agregado; 2024-08-23 12:26:40; Préstamo: 371 Pago de cliente: nestor pablo perreaux hernandez Balance anterior $217000.00 Monto pagado $4000 PAGO IRREGULAR $217000.00 BALANCE ACTUAL
Agregado; 2024-08-23 12:26:51; Préstamo: 307 Pago de cliente: luz estel palomino de capois Balance anterior $50000.00 Monto pagado $2000.00 INTERES $50000.00 BALANCE ACTUAL
Agregado; 2024-08-23 12:27:03; Préstamo: 372 Pago de cliente: yuderky ramona gama olivo Balance anterior $150500.00 Monto pagado $7525.00 INTERES $150500.00 BALANCE ACTUAL
Agregado; 2024-08-23 12:27:40; Préstamo: 411 Pago de cliente: dannessa deyanara rodriguez Balance anterior $327000.00 Monto pagado $16350.00 INTERES $327000.00 BALANCE ACTUAL
Agregado; 2024-08-23 12:32:25; Préstamo: 443 Pago de cliente: basilia rodriguez altagracia Balance anterior $335000.00 Monto pagado $16750.00 INTERES $335000.00 BALANCE ACTUAL
Agregado; 2024-08-23 12:32:41; Préstamo: 351 Pago de cliente: rosa lidia paredes miguel Balance anterior $135850.00 Monto pagado $7500.00 INTERES $135850.00 BALANCE ACTUAL
Agregado; 2024-08-23 12:32:52; Préstamo: 409 Pago de cliente: roberto hernandez sanchez Balance anterior $175000.00 Monto pagado $8750.00 INTERES $175000.00 BALANCE ACTUAL
Agregado; 2024-08-23 12:33:12; Préstamo: 415 Pago de cliente: dorothy cleopatra adolfina vanderhorst almeyda Balance anterior $255000.00 Monto pagado $12500 PAGO IRREGULAR $255000.00 BALANCE ACTUAL
Agregado; 2024-08-23 12:33:24; Préstamo: 369 Pago de cliente: marino candelario compres Balance anterior $137000.00 Monto pagado $6850.00 INTERES $137000.00 BALANCE ACTUAL
Agregado; 2024-08-23 12:33:39; Préstamo: 392 Pago de cliente: juana  yesenia facenda hernandez Balance anterior $40000.00 Monto pagado $2000.00 INTERES $40000.00 BALANCE ACTUAL
Agregado; 2024-08-23 12:33:54; Préstamo: 306 Pago de cliente: winny esther mercado palomino Balance anterior $120000.00 Monto pagado $4800.00 INTERES $120000.00 BALANCE ACTUAL
Agregado; 2024-08-23 12:34:05; Préstamo: 152 Pago de cliente: rhoneer guzman ozoria Balance anterior $214000.00 Monto pagado $10700.00 INTERES $214000.00 BALANCE ACTUAL
Agregado; 2024-08-23 12:34:23; Préstamo: 215 Pago de cliente: lisette zaiz ventura Balance anterior $237200.00 Monto pagado $5000 PAGO IRREGULAR $237200.00 BALANCE ACTUAL
Agregado; 2024-08-23 12:34:33; Préstamo: 407 Pago de cliente: alciviades paredes javier Balance anterior $150000.00 Monto pagado $7500.00 INTERES $150000.00 BALANCE ACTUAL
Agregado; 2024-08-23 12:34:43; Préstamo: 440 Pago de cliente: nolberto joel lopez de jesus Balance anterior $131000.00 Monto pagado $6550.00 INTERES $131000.00 BALANCE ACTUAL
Agregado; 2024-08-23 12:35:00; Préstamo: 432 Pago de cliente: raul caraballo liranzo Balance anterior $130000.00 Monto pagado $7250.00 INTERES $130000.00 BALANCE ACTUAL
Agregado; 2024-08-23 12:35:16; Préstamo: 345 Pago de cliente: nicaurys fermin fermin Balance anterior $260000.00 Monto pagado $7800 PAGO IRREGULAR $260000.00 BALANCE ACTUAL
Agregado; 2024-08-23 12:44:23; Préstamo: 324 Pago de cliente: luisa yanelsi then molina Balance anterior $160000.00 Monto pagado $5500 PAGO IRREGULAR $160000.00 BALANCE ACTUAL
Agregado; 2024-08-23 12:44:37; Préstamo: 205 Pago de cliente: gloria tatiana fermin de la rosa Balance anterior $99000.00 Monto pagado $5100.00 INTERES $99000.00 BALANCE ACTUAL
Agregado; 2024-08-23 12:45:04; Préstamo: 87 Pago de cliente: rafael regalado del orbe Balance anterior $115000.00 Monto pagado $5750.00 INTERES $115000.00 BALANCE ACTUAL
Agregado; 2024-08-23 12:45:37; Préstamo: 137 Pago de cliente: ramon quiro melo Balance anterior $90000.00 Monto pagado $4500.00 INTERES $90000.00 BALANCE ACTUAL
Agregado; 2024-08-23 12:46:26; Préstamo: 201 Pago de cliente: martir carolina hernandez valdez Balance anterior $140000.00 Monto pagado $7000.00 INTERES $140000.00 BALANCE ACTUAL
Agregado; 2024-08-23 12:46:43; Préstamo: 163 Pago de cliente: yulizan encarnacion crooke Balance anterior $80000.00 Monto pagado $4000.00 INTERES $80000.00 BALANCE ACTUAL
Agregado; 2024-08-23 12:46:56; Préstamo: 174 Pago de cliente: jesus de la cruz amparo Balance anterior $20000.00 Monto pagado $500 PAGO IRREGULAR $20000.00 BALANCE ACTUAL
Agregado; 2024-08-23 12:48:09; Préstamo: 335 Pago de cliente: ariel augusto de la cruz guzman Balance anterior $50000.00 Monto pagado $2500.00 INTERES $50000.00 BALANCE ACTUAL
Agregado; 2024-08-23 12:48:28; Préstamo: 178 Pago de cliente: gricelida tavarez drullard Balance anterior $196000.00 Monto pagado $7800 PAGO IRREGULAR $196000.00 BALANCE ACTUAL
Agregado; 2024-08-23 12:49:08; Préstamo: 176 Pago de cliente: ana maria gonzalez peña Balance anterior $211000.00 Monto pagado $10550.00 INTERES $211000.00 BALANCE ACTUAL
Agregado; 2024-08-23 12:49:21; Préstamo: 427 Pago de cliente: celso garcia castillo Balance anterior $50000.00 Monto pagado $2500.00 INTERES $50000.00 BALANCE ACTUAL
Agregado; 2024-08-23 12:49:35; Préstamo: 413 Pago de cliente: yovanni acosta  garcia de frias Balance anterior $80000.00 Monto pagado $2500.00 INTERES $80000.00 BALANCE ACTUAL
Agregado; 2024-08-23 12:49:48; Préstamo: 391 Pago de cliente: modesto gonzalez lopez Balance anterior $131500.00 Monto pagado $6575.00 INTERES $131500.00 BALANCE ACTUAL
Agregado; 2024-08-23 12:50:06; Préstamo: 425 Pago de cliente: jack michael morillo Balance anterior $178500.00 Monto pagado $7000 PAGO IRREGULAR $178500.00 BALANCE ACTUAL
Agregado; 2024-08-23 12:51:26; Préstamo: 329 Pago de cliente: angel lorenzo breton castillo Balance anterior $80000.00 Monto pagado $4000.00 INTERES $80000.00 BALANCE ACTUAL
Agregado; 2024-08-23 12:52:00; Préstamo: 412 Pago de cliente: roberto flores acosta Balance anterior $50000.00 Monto pagado $2500.00 INTERES $50000.00 BALANCE ACTUAL
Agregado; 2024-08-23 13:23:40; Préstamo: 252 Pago de cliente: lorenza maria jose avelino Balance anterior $185850.00 Monto pagado $10000.00 INTERES $185850.00 BALANCE ACTUAL
Agregado; 2024-08-23 13:24:03; Préstamo: 433 Pago de cliente: edilcia encarnacion encarnacion Balance anterior $100000.00 Monto pagado $5000.00 INTERES $100000.00 BALANCE ACTUAL
Agregado; 2024-08-23 13:24:24; Préstamo: 426 Pago de cliente: delva altagracia vanderhorst almeyda Balance anterior $115000.00 Monto pagado $4600.00 INTERES $115000.00 BALANCE ACTUAL
Agregado; 2024-08-23 13:24:51; Préstamo: 377 Pago de cliente: brahian canot Balance anterior $150000.00 Monto pagado $7500.00 INTERES $150000.00 BALANCE ACTUAL
Agregado; 2024-08-23 13:25:16; Préstamo: 430 Pago de cliente: santo benigno rosario Balance anterior $200000.00 Monto pagado $10000.00 INTERES $200000.00 BALANCE ACTUAL
Agregado; 2024-08-23 13:25:30; Préstamo: 383 Pago de cliente: juan alfonso concepcion vazquez Balance anterior $225500.00 Monto pagado $11275.00 INTERES $225500.00 BALANCE ACTUAL
Agregado; 2024-08-23 13:25:44; Préstamo: 202 Pago de cliente: marilyn antonia jimenez de santana Balance anterior $130000.00 Monto pagado $6500.00 INTERES $130000.00 BALANCE ACTUAL
Agregado; 2024-08-23 13:25:58; Préstamo: 112 Pago de cliente: ysidora altagracia minaya duran Balance anterior $387000.00 Monto pagado $8000 PAGO IRREGULAR $387000.00 BALANCE ACTUAL
Agregado; 2024-08-23 13:26:13; Préstamo: 429 Pago de cliente: maribel maria gil Balance anterior $165000.00 Monto pagado $8250.00 INTERES $165000.00 BALANCE ACTUAL
Agregado; 2024-08-23 13:26:29; Préstamo: 283 Pago de cliente: altagracia de la rosa castillo Balance anterior $51000.00 Monto pagado $2550.00 INTERES $51000.00 BALANCE ACTUAL
Agregado; 2024-08-23 13:26:40; Préstamo: 312 Pago de cliente: vianely trinidad paulino Balance anterior $15000.00 Monto pagado $750.00 INTERES $15000.00 BALANCE ACTUAL
Agregado; 2024-08-23 13:27:09; Préstamo: 331 Pago de cliente: candida andujar Balance anterior $60000.00 Monto pagado $3000.00 INTERES $60000.00 BALANCE ACTUAL
Agregado; 2024-08-23 13:27:27; Préstamo: 362 Pago de cliente: jorge luis cepeda martinez Balance anterior $247000.00 Monto pagado $12350.00 INTERES $247000.00 BALANCE ACTUAL
Agregado; 2024-08-23 13:35:08; Préstamo: 318 Pago de cliente: masiell alejandra lopez gil Balance anterior $96000.00 Monto pagado $4800.00 INTERES $96000.00 BALANCE ACTUAL
Agregado; 2024-08-23 13:35:18; Préstamo: 348 Pago de cliente: yesenia de los santos marte Balance anterior $226850.00 Monto pagado $12050.00 INTERES $226850.00 BALANCE ACTUAL
Agregado; 2024-08-23 14:17:11; Préstamo: 221 Pago de cliente: ulfralina gonzalez de la rosa Balance anterior $122000.00 Monto pagado $5900 PAGO IRREGULAR $122000.00 BALANCE ACTUAL
Agregado; 2024-08-23 14:17:23; Préstamo: 406 Pago de cliente: miguelina alonzo paulino Balance anterior $50000.00 Monto pagado $2500.00 INTERES $50000.00 BALANCE ACTUAL
Agregado; 2024-08-23 14:17:50; Préstamo: 376 Pago de cliente: elisabeth serrano Balance anterior $60000.00 Monto pagado $2500 PAGO IRREGULAR $60000.00 BALANCE ACTUAL
Agregado; 2024-08-23 14:18:05; Préstamo: 357 Pago de cliente: teresa morel gabino Balance anterior $53000.00 Monto pagado $2500 PAGO IRREGULAR $53000.00 BALANCE ACTUAL
Agregado; 2024-08-23 14:18:39; Préstamo: 435 Pago de cliente: jose hernandez Balance anterior $70000.00 Monto pagado $3000 PAGO IRREGULAR $70000.00 BALANCE ACTUAL
Agregado; 2024-08-23 15:04:24; Préstamo: 435 Abono pago irregular - cliente: jose hernandez $400 PAGO IRREGULAR $70000.00 BALANCE ACTUAL
Agregado; 2024-08-23 15:06:38; Préstamo: 376 Abono pago irregular - cliente: elisabeth serrano $500 PAGO IRREGULAR $60000.00 BALANCE ACTUAL
Agregado; 2024-08-23 19:03:08; Préstamo: 421 Adicional al capital, cliente:  $20000
Agregado; 2024-08-23 19:07:29; Nuevo préstamo cliente: juana  yesenia facenda hernandez monto prestado $200000 duración: 10 meses interes: 10000
Eliminado; 2024-08-23 19:08:05; Préstamo: 392 Cliente: juana  yesenia facenda hernandez monto $40000.00 duración: 10 meses interes: 2000.00
Eliminado; 2024-08-23 19:08:05; Préstamo: 392 
Eliminado; 2024-08-23 19:08:05; amortización: 392 
Agregado; 2024-08-23 19:09:11; Nuevo préstamo cliente: hector bienvenido maria liranzo  monto prestado $180000 duración: 10 meses interes: 9000
Actualizado; 2024-08-23 19:21:36; Préstamo cliente: juana  yesenia facenda hernandez monto prestado $200000.00 duración: 10 meses interes: 8000
