Agregado; 2026-04-18 13:29:04; Préstamo: 378 Pago de cliente: marcia martinez y adames de ferrera Balance anterior $212000.00 Monto pagado $7500 PAGO IRREGULAR $212000.00 BALANCE ACTUAL
Agregado; 2026-04-18 13:30:51; Préstamo: 751 Pago de cliente: modesta crecencia paredes pierrot Balance anterior $276400.00 Monto pagado $11056.00 INTERES $276400.00 BALANCE ACTUAL
Agregado; 2026-04-18 13:31:48; Préstamo: 722 Pago de cliente: dulce maria olivo cheriz Balance anterior $60000.00 Monto pagado $3000.00 INTERES $60000.00 BALANCE ACTUAL
Agregado; 2026-04-18 13:32:30; Préstamo: 721 Pago de cliente: julia garcia castillo de castillo Balance anterior $200000.00 Monto pagado $8000.00 INTERES $200000.00 BALANCE ACTUAL
Agregado; 2026-04-18 13:35:04; Préstamo: 756 Pago de cliente: jorge luis cepeda martinez Balance anterior $200000.00 Monto pagado $8000.00 INTERES $200000.00 BALANCE ACTUAL
Agregado; 2026-04-18 13:37:35; Préstamo: 708 Pago de cliente: alfonso hiciano laureano Balance anterior $180000.00 Monto pagado $9000.00 INTERES $180000.00 BALANCE ACTUAL
Agregado; 2026-04-18 13:40:11; Préstamo: 732 Pago de cliente: mercedes muñoz rodriguez de breton Balance anterior $350000.00 Monto pagado $17500.00 INTERES $350000.00 BALANCE ACTUAL
Agregado; 2026-04-18 13:47:37; Préstamo: 719 Pago de cliente: jose lucas de jesus rodriguez Balance anterior $320000.00 Monto pagado $11800 PAGO IRREGULAR $320000.00 BALANCE ACTUAL
Agregado; 2026-04-18 13:53:08; Préstamo: 761 Pago de cliente: miguel hilario pichardo Balance anterior $240000.00 Monto pagado $9600.00 INTERES $240000.00 BALANCE ACTUAL
Agregado; 2026-04-18 13:54:47; Nuevo préstamo cliente: epifanio cortorreal balbuena monto prestado $21000 duración: 10 meses interes: 1050
Actualizado; 2026-04-18 13:55:24; Préstamo cliente: epifanio cortorreal balbuena monto prestado $210000.00 duración: 10 meses interes: 1050
Agregado; 2026-04-18 13:56:12; Préstamo: 623 Pago de cliente: ana cristina maloon echavarria Balance anterior $196600.00 Monto pagado $9830.00 INTERES $196600.00 BALANCE ACTUAL
Agregado; 2026-04-18 13:56:54; Préstamo: 477 Pago de cliente: jose miguel ozoria acosta Balance anterior $204000.00 Monto pagado $10200.00 INTERES $204000.00 BALANCE ACTUAL
Agregado; 2026-04-18 13:58:27; Préstamo: 733 Pago de cliente: leoncia de jesus adames Balance anterior $221000.00 Monto pagado $11050.00 INTERES $221000.00 BALANCE ACTUAL
Agregado; 2026-04-18 13:59:24; Préstamo: 724 Pago de cliente: jose francisco lopez fermin Balance anterior $240000.00 Monto pagado $12000.00 INTERES $240000.00 BALANCE ACTUAL
Agregado; 2026-04-18 14:00:49; Préstamo: 678 Pago de cliente: eugenio ernesto marchena fermin Balance anterior $261400.00 Monto pagado $10200 PAGO IRREGULAR $261400.00 BALANCE ACTUAL
Agregado; 2026-04-18 14:01:48; Préstamo: 645 Pago de cliente: aracelis jimenez peña de hernandez Balance anterior $207500.00 Monto pagado $10375.00 INTERES $207500.00 BALANCE ACTUAL
Agregado; 2026-04-18 14:02:29; Préstamo: 679 Pago de cliente: ana maria gonzalez peña Balance anterior $190500.00 Monto pagado $9525.00 INTERES $190500.00 BALANCE ACTUAL
Agregado; 2026-04-18 14:04:15; Préstamo: 725 Pago de cliente: belgica acosta de fernandez Balance anterior $250000.00 Monto pagado $12500.00 INTERES $250000.00 BALANCE ACTUAL
Agregado; 2026-04-18 14:04:51; Préstamo: 739 Pago de cliente: tomas garcia rodriguez Balance anterior $300000.00 Monto pagado $12000.00 INTERES $300000.00 BALANCE ACTUAL
Agregado; 2026-04-18 14:05:34; Préstamo: 605 Pago de cliente: ana rosa paredes liriano Balance anterior $120000.00 Monto pagado $6000.00 INTERES $120000.00 BALANCE ACTUAL
Agregado; 2026-04-18 14:07:34; Préstamo: 696 Pago de cliente: natividad maldonado de los santos Balance anterior $137000.00 Monto pagado $5480.00 INTERES $137000.00 BALANCE ACTUAL
Agregado; 2026-04-18 14:08:22; Préstamo: 746 Pago de cliente: ligia maria dolores alvarado de pereyra Balance anterior $85300.00 Monto pagado $4265.00 INTERES $85300.00 BALANCE ACTUAL
Agregado; 2026-04-18 14:09:22; Préstamo: 556 Pago de cliente: pedro pablo valdez sanchez Balance anterior $321000.00 Monto pagado $16050.00 INTERES $321000.00 BALANCE ACTUAL
Agregado; 2026-04-18 14:09:55; Préstamo: 636 Pago de cliente: dionisio castillo lora Balance anterior $250000.00 Monto pagado $10000.00 INTERES $250000.00 BALANCE ACTUAL
Agregado; 2026-04-18 14:10:46; Préstamo: 463 Pago de cliente: amarilis lora alonzo de capellan Balance anterior $100000.00 Monto pagado $5000.00 INTERES $100000.00 BALANCE ACTUAL
Agregado; 2026-04-18 14:12:51; Préstamo: 665 Pago de cliente: modesto gonzalez lopez Balance anterior $273000.00 Monto pagado $10920.00 INTERES $273000.00 BALANCE ACTUAL
Agregado; 2026-04-18 14:15:46; Préstamo: 689 Pago de cliente: pedro garcia reyes Balance anterior $145000.00 Monto pagado $5800.00 INTERES $145000.00 BALANCE ACTUAL
Eliminado; 2026-04-18 14:17:30; Préstamo: 767 Cliente: epifanio cortorreal balbuena monto $21000.00 duración: 10 meses interes: 1050.00
Eliminado; 2026-04-18 14:17:30; Préstamo: 767 
Eliminado; 2026-04-18 14:17:30; amortización: 767 
Agregado; 2026-04-18 14:18:09; Nuevo préstamo cliente: epifanio cortorreal balbuena monto prestado $210000 duración: 10 meses interes: 10500
Actualizado; 2026-04-18 14:18:34; Préstamo cliente: epifanio cortorreal balbuena monto prestado $210000.00 duración: 10 meses interes: 8400
Agregado; 2026-04-18 14:20:59; Préstamo: 767 Pago de cliente: epifanio cortorreal balbuena Balance anterior $210000.00 Monto pagado $8400.00 INTERES $210000.00 BALANCE ACTUAL
Agregado; 2026-04-18 15:36:23; Nuevo préstamo cliente: ramon felix frias polanco monto prestado $252000 duración: 10 meses interes: 12600
