Agregado; 2024-09-26 00:00:49; Préstamo: 441 Pago de cliente: yoseli pamela calcaño lopez Balance anterior $300000.00 Monto pagado $15000.00 INTERES $300000.00 BALANCE ACTUAL
Agregado; 2024-09-26 00:01:11; Préstamo: 341 Pago de cliente: alba caroligia hernandez rodriguez Balance anterior $392500.00 Monto pagado $15700.00 INTERES $392500.00 BALANCE ACTUAL
Agregado; 2024-09-26 00:02:54; Préstamo: 443 Pago de cliente: basilia rodriguez altagracia Balance anterior $335000.00 Monto pagado $16300 PAGO IRREGULAR $335000.00 BALANCE ACTUAL
Agregado; 2024-09-26 00:03:36; Préstamo: 408 Pago de cliente: leoncia de jesus adames Balance anterior $180000.00 Monto pagado $9000.00 INTERES $180000.00 BALANCE ACTUAL
Agregado; 2024-09-26 00:04:25; Préstamo: 307 Pago de cliente: luz estel palomino de capois Balance anterior $50000.00 Monto pagado $2000.00 INTERES $50000.00 BALANCE ACTUAL
Agregado; 2024-09-26 00:04:45; Préstamo: 430 Pago de cliente: santo benigno rosario Balance anterior $200000.00 Monto pagado $10000.00 INTERES $200000.00 BALANCE ACTUAL
Agregado; 2024-09-26 00:05:41; Préstamo: 252 Pago de cliente: lorenza maria jose avelino Balance anterior $185850.00 Monto pagado $10000.00 INTERES $185850.00 BALANCE ACTUAL
Agregado; 2024-09-26 00:09:00; Préstamo: 447 Pago de cliente: brahian canot Balance anterior $170000.00 Monto pagado $8500.00 INTERES $170000.00 BALANCE ACTUAL
Agregado; 2024-09-26 00:09:32; Préstamo: 454 Pago de cliente: yuderky ramona gama olivo Balance anterior $176000.00 Monto pagado $8800.00 INTERES $176000.00 BALANCE ACTUAL
Agregado; 2024-09-26 00:11:00; Préstamo: 178 Pago de cliente: gricelida tavarez drullard Balance anterior $196000.00 Monto pagado $9800.00 INTERES $196000.00 BALANCE ACTUAL
Agregado; 2024-09-26 00:11:57; Préstamo: 176 Pago de cliente: ana maria gonzalez peña Balance anterior $211000.00 Monto pagado $10550.00 INTERES $211000.00 BALANCE ACTUAL
Agregado; 2024-09-26 00:12:55; Préstamo: 332 Pago de cliente: ambiorix almanzar castro Balance anterior $175000.00 Monto pagado $8750.00 INTERES $175000.00 BALANCE ACTUAL
Agregado; 2024-09-26 00:28:58; Préstamo: 362 Pago de cliente: jorge luis cepeda martinez Balance anterior $264000.00 Monto pagado $12400.00 PAGO IRREGULAR $264000.00 BALANCE ACTUAL
Agregado; 2024-09-26 00:37:04; Préstamo: 112 Pago de cliente: ysidora altagracia minaya duran Balance anterior $387000.00 Monto pagado $8000 PAGO IRREGULAR $387000.00 BALANCE ACTUAL
Agregado; 2024-09-26 00:37:45; Préstamo: 201 Pago de cliente: martir carolina hernandez valdez Balance anterior $140000.00 Monto pagado $7000.00 INTERES $140000.00 BALANCE ACTUAL
Agregado; 2024-09-26 00:39:09; Préstamo: 202 Pago de cliente: marilyn antonia jimenez de santana Balance anterior $160000.00 Monto pagado $8000.00 INTERES $160000.00 BALANCE ACTUAL
Agregado; 2024-09-26 00:39:41; Préstamo: 429 Pago de cliente: maribel maria gil Balance anterior $165000.00 Monto pagado $8250.00 INTERES $165000.00 BALANCE ACTUAL
Agregado; 2024-09-26 00:41:44; Préstamo: 439 Pago de cliente: erika gonzalez ramirez Balance anterior $200000.00 Monto pagado $8000.00 INTERES $200000.00 BALANCE ACTUAL
Agregado; 2024-09-26 00:42:17; Préstamo: 407 Pago de cliente: alciviades paredes javier Balance anterior $150000.00 Monto pagado $7500.00 INTERES $150000.00 BALANCE ACTUAL
Agregado; 2024-09-26 00:43:06; Préstamo: 369 Pago de cliente: marino candelario compres Balance anterior $137000.00 Monto pagado $6850.00 INTERES $137000.00 BALANCE ACTUAL
Agregado; 2024-09-26 00:46:12; Préstamo: 410 Pago de cliente: lucas de la rosa mercado Balance anterior $35000.00 Monto pagado $1750.00 INTERES $35000.00 BALANCE ACTUAL
Agregado; 2024-09-26 00:46:46; Préstamo: 410 Pago de cliente: lucas de la rosa mercado Balance anterior $35000.00 Monto pagado $1750.00 INTERES $35000.00 BALANCE ACTUAL
Agregado; 2024-09-26 00:47:15; Préstamo: 410 Pago de cliente: lucas de la rosa mercado Balance anterior $35000.00 Monto pagado $1750.00 INTERES $35000.00 BALANCE ACTUAL
Agregado; 2024-09-26 00:47:55; Préstamo: 410 Abono pago irregular - cliente: lucas de la rosa mercado $750 PAGO IRREGULAR $35000.00 BALANCE ACTUAL
Agregado; 2024-09-26 00:59:09; Préstamo: 383 Pago de cliente: juan alfonso concepcion vazquez Balance anterior $225500.00 Monto pagado $11275.00 INTERES $225500.00 BALANCE ACTUAL
Agregado; 2024-09-26 01:02:28; Préstamo: 409 Pago de cliente: roberto hernandez sanchez Balance anterior $187000.00 Monto pagado $9350.00 INTERES $187000.00 BALANCE ACTUAL
Agregado; 2024-09-26 01:03:43; Préstamo: 415 Pago de cliente: dorothy cleopatra adolfina vanderhorst almeyda Balance anterior $255000.00 Monto pagado $12750.00 INTERES $255000.00 BALANCE ACTUAL
Agregado; 2024-09-26 01:05:13; Préstamo: 215 Pago de cliente: lisette zaiz ventura Balance anterior $237200.00 Monto pagado $5000 PAGO IRREGULAR $237200.00 BALANCE ACTUAL
Agregado; 2024-09-26 01:12:24; Préstamo: 351 Pago de cliente: rosa lidia paredes miguel Balance anterior $110000.00 Monto pagado $5500.00 INTERES $110000.00 BALANCE ACTUAL
Agregado; 2024-09-26 01:14:06; Préstamo: 422 Pago de cliente: ruddy morales fernandez Balance anterior $115000.00 Monto pagado $5750.00 INTERES $115000.00 BALANCE ACTUAL
Agregado; 2024-09-26 01:17:09; Préstamo: 346 Pago de cliente: alba gervancia de la cruz acosta Balance anterior $80000.00 Monto pagado $4000.00 INTERES $80000.00 BALANCE ACTUAL
Agregado; 2024-09-26 01:18:34; Préstamo: 111 Pago de cliente: edward alexander polanco alvarado Balance anterior $187000.00 Monto pagado $6000 PAGO IRREGULAR $187000.00 BALANCE ACTUAL
Agregado; 2024-09-26 01:18:36; Préstamo: 111 Pago de cliente: edward alexander polanco alvarado Balance anterior $187000.00 Monto pagado $6000 PAGO IRREGULAR $187000.00 BALANCE ACTUAL
Agregado; 2024-09-26 01:19:31; Préstamo: 373 Pago de cliente: ramon garcia Balance anterior $100000.00 Monto pagado $5000.00 INTERES $100000.00 BALANCE ACTUAL
Agregado; 2024-09-26 01:20:52; Préstamo: 425 Pago de cliente: jack michael morillo Balance anterior $178500.00 Monto pagado $7000 PAGO IRREGULAR $178500.00 BALANCE ACTUAL
Agregado; 2024-09-26 01:21:23; Préstamo: 324 Pago de cliente: luisa yanelsi then molina Balance anterior $160000.00 Monto pagado $5000.00 PAGO IRREGULAR $160000.00 BALANCE ACTUAL
Agregado; 2024-09-26 01:22:28; Préstamo: 329 Pago de cliente: angel lorenzo breton castillo Balance anterior $80000.00 Monto pagado $4000.00 INTERES $80000.00 BALANCE ACTUAL
Agregado; 2024-09-26 01:24:38; Préstamo: 312 Pago de cliente: vianely trinidad paulino Balance anterior $15000.00 Monto pagado $750.00 INTERES $15000.00 BALANCE ACTUAL
Agregado; 2024-09-26 01:25:28; Préstamo: 445 Pago de cliente: juana  yesenia facenda hernandez Balance anterior $220000.00 Monto pagado $8800.00 INTERES $220000.00 BALANCE ACTUAL
Agregado; 2024-09-26 01:26:07; Préstamo: 191 Pago de cliente: esperanza yanilca amparo castillo Balance anterior $132000.00 Monto pagado $6600.00 INTERES $132000.00 BALANCE ACTUAL
Agregado; 2024-09-26 01:27:46; Préstamo: 413 Pago de cliente: yovanni acosta  garcia de frias Balance anterior $80000.00 Monto pagado $4000.00 INTERES $80000.00 BALANCE ACTUAL
Agregado; 2024-09-26 01:28:13; Préstamo: 318 Pago de cliente: masiell alejandra lopez gil Balance anterior $96000.00 Monto pagado $4800.00 INTERES $96000.00 BALANCE ACTUAL
Agregado; 2024-09-26 01:29:17; Préstamo: 371 Pago de cliente: nestor pablo perreaux hernandez Balance anterior $217000.00 Monto pagado $4000 PAGO IRREGULAR $217000.00 BALANCE ACTUAL
Agregado; 2024-09-26 01:29:41; Préstamo: 163 Pago de cliente: yulizan encarnacion crooke Balance anterior $80000.00 Monto pagado $4000.00 INTERES $80000.00 BALANCE ACTUAL
Agregado; 2024-09-26 01:29:57; Préstamo: 174 Pago de cliente: jesus de la cruz amparo Balance anterior $20000.00 Monto pagado $1000.00 INTERES $20000.00 BALANCE ACTUAL
Agregado; 2024-09-26 01:31:46; Préstamo: 87 Pago de cliente: rafael regalado del orbe Balance anterior $115000.00 Monto pagado $5750.00 INTERES $115000.00 BALANCE ACTUAL
Agregado; 2024-09-26 01:33:37; Préstamo: 361 Pago de cliente: orlando nuñez sanchez Balance anterior $135000.00 Monto pagado $6750.00 INTERES $135000.00 BALANCE ACTUAL
Agregado; 2024-09-26 01:35:05; Préstamo: 391 Pago de cliente: modesto gonzalez lopez Balance anterior $131500.00 Monto pagado $6575.00 INTERES $131500.00 BALANCE ACTUAL
Agregado; 2024-09-26 01:37:07; Préstamo: 427 Pago de cliente: celso garcia castillo Balance anterior $50000.00 Monto pagado $2500.00 INTERES $50000.00 BALANCE ACTUAL
Agregado; 2024-09-26 01:37:37; Préstamo: 432 Pago de cliente: raul caraballo liranzo Balance anterior $130000.00 Monto pagado $7250.00 INTERES $130000.00 BALANCE ACTUAL
Agregado; 2024-09-26 01:38:39; Préstamo: 428 Pago de cliente: josefina rojas mercedes de garcia Balance anterior $40000.00 Monto pagado $2000.00 INTERES $40000.00 BALANCE ACTUAL
Agregado; 2024-09-26 01:39:41; Préstamo: 338 Pago de cliente: timmy daniel martinez vilorio Balance anterior $155000.00 Monto pagado $4000 PAGO IRREGULAR $155000.00 BALANCE ACTUAL
Agregado; 2024-09-26 01:40:36; Préstamo: 205 Pago de cliente: gloria tatiana fermin de la rosa Balance anterior $100000.00 Monto pagado $5000.00 INTERES $100000.00 BALANCE ACTUAL
Agregado; 2024-09-26 01:41:10; Préstamo: 440 Pago de cliente: nolberto joel lopez de jesus Balance anterior $131000.00 Monto pagado $6550.00 INTERES $131000.00 BALANCE ACTUAL
Agregado; 2024-09-26 01:42:21; Préstamo: 306 Pago de cliente: winny esther mercado palomino Balance anterior $120000.00 Monto pagado $4800.00 INTERES $120000.00 BALANCE ACTUAL
Agregado; 2024-09-26 01:43:38; Préstamo: 134 Pago de cliente: francisco paulino esteban Balance anterior $103400.00 Monto pagado $500 PAGO IRREGULAR $103400.00 BALANCE ACTUAL
Agregado; 2024-09-26 01:43:54; Préstamo: 137 Pago de cliente: ramon quiro melo Balance anterior $90000.00 Monto pagado $4500.00 INTERES $90000.00 BALANCE ACTUAL
Agregado; 2024-09-26 01:45:52; Préstamo: 433 Pago de cliente: edilcia encarnacion encarnacion Balance anterior $120000.00 Monto pagado $6000.00 INTERES $120000.00 BALANCE ACTUAL
Agregado; 2024-09-26 01:46:30; Préstamo: 412 Pago de cliente: roberto flores acosta Balance anterior $50000.00 Monto pagado $2500.00 INTERES $50000.00 BALANCE ACTUAL
Agregado; 2024-09-26 01:47:26; Préstamo: 404 Pago de cliente: emilia almanzar de la cruz Balance anterior $130000.00 Monto pagado $6500.00 INTERES $130000.00 BALANCE ACTUAL
Agregado; 2024-09-26 01:48:52; Préstamo: 426 Pago de cliente: delva altagracia vanderhorst almeyda Balance anterior $115000.00 Monto pagado $4600.00 INTERES $115000.00 BALANCE ACTUAL
Agregado; 2024-09-26 01:49:39; Préstamo: 411 Pago de cliente: dannessa deyanara rodriguez Balance anterior $327000.00 Monto pagado $6000.00 PAGO IRREGULAR $327000.00 BALANCE ACTUAL
Agregado; 2024-09-26 14:13:32; Préstamo: 345 Pago de cliente: nicaurys fermin fermin Balance anterior $260000.00 Monto pagado $9700 PAGO IRREGULAR $260000.00 BALANCE ACTUAL
Agregado; 2024-09-26 17:51:30; Préstamo: 313 Pago de cliente: enrique perez peña Balance anterior $150950.00 Monto pagado $7548 PAGO IRREGULAR $150950.00 BALANCE ACTUAL
Eliminado; 2024-09-26 20:14:33; Préstamo: 456 Cliente: sorelbis duarte monto $50000.00 duración: 10 meses interes: 2500.00
Eliminado; 2024-09-26 20:14:33; Préstamo: 456 
Eliminado; 2024-09-26 20:14:33; amortización: 456 
