Agregado; 2026-01-29 13:56:48; Nuevo préstamo cliente: marino candelario compres monto prestado $228000 duración: 10 meses interes: 11400
Agregado; 2026-01-29 14:12:36; Préstamo: 521 Pago de cliente: orlando nuñez sanchez Balance anterior $167500.00 Monto pagado $8375.00 INTERES $167500.00 BALANCE ACTUAL
Agregado; 2026-01-29 14:13:27; Préstamo: 606 Pago de cliente: victor martinez Balance anterior $100000.00 Monto pagado $4500.00 INTERES $100000.00 BALANCE ACTUAL
Agregado; 2026-01-29 14:14:29; Préstamo: 547 Pago de cliente: rhoneer guzman ozoria Balance anterior $163500.00 Monto pagado $6540.00 INTERES $163500.00 BALANCE ACTUAL
Agregado; 2026-01-29 14:16:48; Préstamo: 586 Pago de cliente: daniel gonzalez vasquez Balance anterior $106000.00 Monto pagado $5300.00 INTERES $106000.00 BALANCE ACTUAL
Agregado; 2026-01-29 14:17:11; Préstamo: 638 Pago de cliente: ana faustina faña gil Balance anterior $135000.00 Monto pagado $6750.00 INTERES $135000.00 BALANCE ACTUAL
Agregado; 2026-01-29 14:17:44; Préstamo: 443 Pago de cliente: basilia rodriguez altagracia Balance anterior $300000.00 Monto pagado $15000.00 INTERES $300000.00 BALANCE ACTUAL
Agregado; 2026-01-29 14:19:04; Préstamo: 601 Pago de cliente: justo rafael dipuglia rosario Balance anterior $258800.00 Monto pagado $12940.00 INTERES $258800.00 BALANCE ACTUAL
Agregado; 2026-01-29 14:20:28; Préstamo: 551 Pago de cliente: yesenia de los santos marte Balance anterior $400000.00 Monto pagado $20000.00 INTERES $400000.00 BALANCE ACTUAL
Agregado; 2026-01-29 14:21:11; Préstamo: 616 Pago de cliente: angel lorenzo breton castillo Balance anterior $160000.00 Monto pagado $8000.00 INTERES $160000.00 BALANCE ACTUAL
Agregado; 2026-01-29 14:22:31; Préstamo: 706 Pago de cliente: alexander reyes Balance anterior $116000.00 Monto pagado $5800.00 INTERES $116000.00 BALANCE ACTUAL
Agregado; 2026-01-29 14:23:03; Préstamo: 215 Pago de cliente: lisette zaiz ventura Balance anterior $263200.00 Monto pagado $9700 PAGO IRREGULAR $263200.00 BALANCE ACTUAL
Agregado; 2026-01-29 14:25:41; Préstamo: 345 Pago de cliente: nicaurys fermin fermin Balance anterior $281800.00 Monto pagado $10000 PAGO IRREGULAR $281800.00 BALANCE ACTUAL
Agregado; 2026-01-29 14:26:20; Préstamo: 369 Pago de cliente: marino candelario compres Balance anterior $207700.00 Monto pagado $10385.00 INTERES $207700.00 BALANCE ACTUAL
Agregado; 2026-01-29 14:28:37; Préstamo: 622 Pago de cliente: masiell alejandra lopez gil Balance anterior $178000.00 Monto pagado $8900.00 INTERES $178000.00 BALANCE ACTUAL
Agregado; 2026-01-29 14:29:09; Préstamo: 697 Pago de cliente: lowels jhonson mejia Balance anterior $250000.00 Monto pagado $10000 PAGO IRREGULAR $250000.00 BALANCE ACTUAL
Agregado; 2026-01-29 14:29:41; Préstamo: 690 Pago de cliente: yuraina guerrero coplin Balance anterior $50000.00 Monto pagado $2500.00 INTERES $50000.00 BALANCE ACTUAL
Agregado; 2026-01-29 14:30:38; Préstamo: 332 Pago de cliente: ambiorix almanzar castro Balance anterior $244000.00 Monto pagado $11100 PAGO IRREGULAR $244000.00 BALANCE ACTUAL
Agregado; 2026-01-29 14:33:58; Préstamo: 646 Pago de cliente: mily cuevas sosa Balance anterior $393600.00 Monto pagado $19680.00 INTERES $393600.00 BALANCE ACTUAL
Agregado; 2026-01-29 14:34:27; Préstamo: 598 Pago de cliente: nolberto joel lopez de jesus Balance anterior $79000.00 Monto pagado $3950.00 INTERES $79000.00 BALANCE ACTUAL
Agregado; 2026-01-29 14:35:05; Préstamo: 700 Pago de cliente: yuli mercedes caraballo abreu Balance anterior $200000.00 Monto pagado $10000.00 INTERES $200000.00 BALANCE ACTUAL
Agregado; 2026-01-29 14:35:36; Préstamo: 607 Pago de cliente: emmanuel medina lopez Balance anterior $130000.00 Monto pagado $6500.00 INTERES $130000.00 BALANCE ACTUAL
Agregado; 2026-01-29 14:36:06; Préstamo: 658 Pago de cliente: maribel maria gil Balance anterior $250000.00 Monto pagado $12500.00 INTERES $250000.00 BALANCE ACTUAL
Agregado; 2026-01-29 14:36:50; Préstamo: 626 Pago de cliente: ramon quiro melo Balance anterior $160000.00 Monto pagado $6400.00 INTERES $160000.00 BALANCE ACTUAL
Agregado; 2026-01-29 14:46:00; Préstamo: 612 Pago de cliente: raul caraballo liranzo Balance anterior $322000.00 Monto pagado $16100.00 INTERES $322000.00 BALANCE ACTUAL
Agregado; 2026-01-29 14:48:08; Préstamo: 691 Pago de cliente: laura reynoso cruz Balance anterior $200000.00 Monto pagado $10000.00 INTERES $200000.00 BALANCE ACTUAL
Agregado; 2026-01-29 14:48:27; Préstamo: 610 Pago de cliente: josefina rojas mercedes de garcia Balance anterior $135000.00 Monto pagado $6750.00 INTERES $135000.00 BALANCE ACTUAL
Agregado; 2026-01-29 14:49:14; Préstamo: 433 Pago de cliente: edilcia encarnacion encarnacion Balance anterior $188500.00 Monto pagado $5200 PAGO IRREGULAR $188500.00 BALANCE ACTUAL
Agregado; 2026-01-29 14:52:35; Préstamo: 498 Pago de cliente: felix alberto campo Balance anterior $118000.00 Monto pagado $5500 PAGO IRREGULAR $118000.00 BALANCE ACTUAL
Agregado; 2026-01-29 14:57:19; Préstamo: 324 Pago de cliente: luisa yanelsi then molina Balance anterior $208200.00 Monto pagado $7800 PAGO IRREGULAR $208200.00 BALANCE ACTUAL
Agregado; 2026-01-29 14:57:46; Préstamo: 526 Pago de cliente: sara felipe kery Balance anterior $68000.00 Monto pagado $3400.00 INTERES $68000.00 BALANCE ACTUAL
Agregado; 2026-01-29 14:58:18; Préstamo: 483 Pago de cliente: gloria tatiana fermin de la rosa Balance anterior $222200.00 Monto pagado $8000 PAGO IRREGULAR $222200.00 BALANCE ACTUAL
Agregado; 2026-01-29 14:58:54; Préstamo: 509 Pago de cliente: dannessa deyanara rodriguez Balance anterior $345200.00 Monto pagado $17260.00 INTERES $345200.00 BALANCE ACTUAL
Agregado; 2026-01-29 14:59:55; Préstamo: 685 Pago de cliente: luz edith paredes garcia Balance anterior $240000.00 Monto pagado $12000.00 INTERES $240000.00 BALANCE ACTUAL
Agregado; 2026-01-29 15:04:56; Préstamo: 617 Pago de cliente: roberto hernandez sanchez Balance anterior $212000.00 Monto pagado $8480.00 INTERES $212000.00 BALANCE ACTUAL
Agregado; 2026-01-29 15:06:52; Préstamo: 373 Pago de cliente: ramon garcia Balance anterior $150000.00 Monto pagado $7500.00 INTERES $150000.00 BALANCE ACTUAL
Agregado; 2026-01-29 15:08:48; Préstamo: 427 Pago de cliente: celso garcia castillo Balance anterior $75000.00 Monto pagado $3750.00 INTERES $75000.00 BALANCE ACTUAL
Agregado; 2026-01-29 15:09:19; Préstamo: 692 Pago de cliente: yuderky ramona gama olivo Balance anterior $322000.00 Monto pagado $16100.00 INTERES $322000.00 BALANCE ACTUAL
Agregado; 2026-01-29 15:14:29; Préstamo: 341 Pago de cliente: alba caroligia hernandez rodriguez Balance anterior $402500.00 Monto pagado $16100.00 INTERES $402500.00 BALANCE ACTUAL
Agregado; 2026-01-29 15:15:49; Préstamo: 564 Pago de cliente: esperanza yanilca amparo castillo Balance anterior $172000.00 Monto pagado $8600.00 INTERES $172000.00 BALANCE ACTUAL
Agregado; 2026-01-29 15:16:17; Préstamo: 698 Pago de cliente: irvin francisco de leon javier Balance anterior $50000.00 Monto pagado $2500.00 INTERES $50000.00 BALANCE ACTUAL
Agregado; 2026-01-29 15:16:46; Préstamo: 701 Pago de cliente: delva altagracia vanderhorst almeyda Balance anterior $250000.00 Monto pagado $12500.00 INTERES $250000.00 BALANCE ACTUAL
Agregado; 2026-01-29 15:19:40; Préstamo: 634 Pago de cliente: edward alexander polanco alvarado Balance anterior $240000.00 Monto pagado $9600.00 INTERES $240000.00 BALANCE ACTUAL
Agregado; 2026-01-29 15:25:26; Préstamo: 439 Pago de cliente: erika gonzalez ramirez Balance anterior $208700.00 Monto pagado $8348.00 INTERES $208700.00 BALANCE ACTUAL
Agregado; 2026-01-29 15:28:48; Préstamo: 651 Pago de cliente: jorge chavez Balance anterior $70000.00 Monto pagado $2900 PAGO IRREGULAR $70000.00 BALANCE ACTUAL
Agregado; 2026-01-29 15:29:45; Préstamo: 672 Pago de cliente: dianelba gizeh mercedes de castillo Balance anterior $203000.00 Monto pagado $10150.00 INTERES $203000.00 BALANCE ACTUAL
Agregado; 2026-01-29 15:31:12; Préstamo: 415 Pago de cliente: dorothy cleopatra adolfina vanderhorst almeyda Balance anterior $360000.00 Monto pagado $14000 PAGO IRREGULAR $360000.00 BALANCE ACTUAL
Agregado; 2026-01-29 15:31:40; Préstamo: 639 Pago de cliente: nery vianney garcia rodriguez Balance anterior $160000.00 Monto pagado $8000.00 INTERES $160000.00 BALANCE ACTUAL
Agregado; 2026-01-29 15:32:37; Préstamo: 574 Pago de cliente: maria teresa javiar rodriguez Balance anterior $82000.00 Monto pagado $4100.00 INTERES $82000.00 BALANCE ACTUAL
Agregado; 2026-01-29 15:33:10; Préstamo: 596 Pago de cliente: lorenza maria jose avelino Balance anterior $274000.00 Monto pagado $9100 PAGO IRREGULAR $274000.00 BALANCE ACTUAL
Agregado; 2026-01-29 15:34:02; Préstamo: 575 Pago de cliente: maria yocasta tejada martinez de guzman Balance anterior $200000.00 Monto pagado $8000.00 INTERES $200000.00 BALANCE ACTUAL
Agregado; 2026-01-29 15:34:45; Préstamo: 508 Pago de cliente: juana  yesenia facenda hernandez Balance anterior $352000.00 Monto pagado $11600 PAGO IRREGULAR $352000.00 BALANCE ACTUAL
Agregado; 2026-01-29 15:35:06; Préstamo: 557 Pago de cliente: alba gervancia de la cruz acosta Balance anterior $40000.00 Monto pagado $2000.00 INTERES $40000.00 BALANCE ACTUAL
Agregado; 2026-01-29 15:35:27; Préstamo: 587 Pago de cliente: amancia king green Balance anterior $30000.00 Monto pagado $1500.00 INTERES $30000.00 BALANCE ACTUAL
Agregado; 2026-01-29 15:35:51; Préstamo: 649 Pago de cliente: eladio antonio brito lopez Balance anterior $200000.00 Monto pagado $10000.00 INTERES $200000.00 BALANCE ACTUAL
Agregado; 2026-01-29 15:36:21; Préstamo: 618 Pago de cliente: eni maria reynoso aquino Balance anterior $100000.00 Monto pagado $5000.00 INTERES $100000.00 BALANCE ACTUAL
Agregado; 2026-01-29 15:37:00; Préstamo: 594 Pago de cliente: juan alfonso concepcion vazquez Balance anterior $170000.00 Monto pagado $6800.00 INTERES $170000.00 BALANCE ACTUAL
Agregado; 2026-01-29 15:38:05; Préstamo: 633 Pago de cliente: leandro moris rosario Balance anterior $92500.00 Monto pagado $4625.00 INTERES $92500.00 BALANCE ACTUAL
Agregado; 2026-01-29 15:39:16; Préstamo: 675 Pago de cliente: CIRILA MARITZA BEATO SANTANA Balance anterior $150000.00 Monto pagado $7500.00 INTERES $150000.00 BALANCE ACTUAL
Agregado; 2026-01-29 15:39:55; Préstamo: 112 Pago de cliente: ysidora altagracia minaya duran Balance anterior $387000.00 Monto pagado $8000 PAGO IRREGULAR $387000.00 BALANCE ACTUAL
Agregado; 2026-01-29 15:40:36; Préstamo: 680 Pago de cliente: pedro castillo peralta Balance anterior $265000.00 Monto pagado $10600.00 INTERES $265000.00 BALANCE ACTUAL
Agregado; 2026-01-29 15:42:34; Préstamo: 668 Pago de cliente: roberto flores acosta Balance anterior $200000.00 Monto pagado $10000.00 INTERES $200000.00 BALANCE ACTUAL
Agregado; 2026-01-29 15:43:03; Préstamo: 178 Pago de cliente: gricelida tavarez drullard Balance anterior $203000.00 Monto pagado $10150.00 INTERES $203000.00 BALANCE ACTUAL
Agregado; 2026-01-29 15:43:22; Préstamo: 653 Pago de cliente: Belkin marilin santiago de brito Balance anterior $100000.00 Monto pagado $5000.00 INTERES $100000.00 BALANCE ACTUAL
Agregado; 2026-01-29 15:45:04; Préstamo: 682 Pago de cliente: maria ramos nolasco Balance anterior $160000.00 Monto pagado $8000.00 INTERES $160000.00 BALANCE ACTUAL
Agregado; 2026-01-29 15:45:23; Préstamo: 657 Pago de cliente: henry alexander mercedes cabrera Balance anterior $120000.00 Monto pagado $6000.00 INTERES $120000.00 BALANCE ACTUAL
Agregado; 2026-01-29 15:45:52; Préstamo: 481 Pago de cliente: marilyn antonia jimenez de santana Balance anterior $122000.00 Monto pagado $6100.00 INTERES $122000.00 BALANCE ACTUAL
Agregado; 2026-01-29 16:01:26; Préstamo: 659 Pago de cliente: alciviades paredes javier Balance anterior $100000.00 Monto pagado $5000.00 INTERES $100000.00 BALANCE ACTUAL
Agregado; 2026-01-29 16:01:50; Préstamo: 686 Pago de cliente: sebastiana tirado melo Balance anterior $200000.00 Monto pagado $10000.00 INTERES $200000.00 BALANCE ACTUAL
Agregado; 2026-01-29 16:02:10; Préstamo: 650 Pago de cliente: zenon osiris brito acosta Balance anterior $150000.00 Monto pagado $7500.00 INTERES $150000.00 BALANCE ACTUAL
Agregado; 2026-01-29 16:03:41; Préstamo: 688 Pago de cliente: marian esthersy gomez marty Balance anterior $82000.00 Monto pagado $4100.00 INTERES $82000.00 BALANCE ACTUAL
Agregado; 2026-01-29 19:08:37; Nuevo préstamo cliente: dianelba gizeh mercedes de castillo monto prestado $266200 duración: 10 meses interes: 13310
