Agregado; 2023-03-24 08:40:45; Nuevo préstamo cliente: alba gervancia de la cruz acosta monto prestado $50000 duración: 10 meses interes: 2500
Agregado; 2023-03-24 09:23:29; PAGO IRREGULAR
Agregado; 2023-03-24 09:23:43; PAGO IRREGULAR
Agregado; 2023-03-24 09:27:44; PAGO IRREGULAR
Agregado; 2023-03-24 09:29:12; PAGO IRREGULAR
Eliminado; 2023-03-24 09:29:40; Prestamo del cliente: rosmelin garcia taveras monto $30000.00 duración: 10 meses interes: 1500.00
Agregado; 2023-03-24 09:29:48; PAGO IRREGULAR
Agregado; 2023-03-24 09:30:03; PAGO IRREGULAR
Agregado; 2023-03-24 09:30:26; PAGO IRREGULAR
Agregado; 2023-03-24 09:31:08; PAGO IRREGULAR
Agregado; 2023-03-24 09:31:37; PAGO IRREGULAR
Agregado; 2023-03-24 09:32:26; PAGO IRREGULAR
Agregado; 2023-03-24 09:34:13; PAGO IRREGULAR
Agregado; 2023-03-24 09:35:03; PAGO IRREGULAR
Agregado; 2023-03-24 09:36:04; PAGO IRREGULAR
Agregado; 2023-03-24 09:36:45; PAGO IRREGULAR
Agregado; 2023-03-24 09:37:38; PAGO IRREGULAR
Agregado; 2023-03-24 09:38:41; PAGO IRREGULAR
Agregado; 2023-03-24 09:54:49; PAGO IRREGULAR
Agregado; 2023-03-24 09:55:20; PAGO IRREGULAR
Agregado; 2023-03-24 09:56:28; PAGO IRREGULAR
Agregado; 2023-03-24 09:57:11; PAGO IRREGULAR
Agregado; 2023-03-24 09:58:09; PAGO IRREGULAR
Agregado; 2023-03-24 09:58:36; PAGO IRREGULAR
Agregado; 2023-03-24 09:59:08; PAGO IRREGULAR
Agregado; 2023-03-24 09:59:55; PAGO IRREGULAR
Agregado; 2023-03-24 10:07:37; PAGO IRREGULAR
Agregado; 2023-03-24 10:08:38; PAGO IRREGULAR
Agregado; 2023-03-24 10:08:55; PAGO IRREGULAR
Agregado; 2023-03-24 10:09:53; PAGO IRREGULAR
Agregado; 2023-03-24 10:10:19; PAGO IRREGULAR
Agregado; 2023-03-24 10:10:58; PAGO IRREGULAR
Agregado; 2023-03-24 10:11:15; PAGO IRREGULAR
Agregado; 2023-03-24 10:13:45; PAGO IRREGULAR
Agregado; 2023-03-24 10:14:20; PAGO IRREGULAR
Agregado; 2023-03-24 10:14:34; PAGO IRREGULAR
Agregado; 2023-03-24 10:15:10; PAGO IRREGULAR
Agregado; 2023-03-24 10:15:33; PAGO IRREGULAR
Agregado; 2023-03-24 10:15:53; PAGO IRREGULAR
Agregado; 2023-03-24 10:16:12; PAGO IRREGULAR
Agregado; 2023-03-24 10:17:46; PAGO IRREGULAR
Agregado; 2023-03-24 10:18:13; PAGO IRREGULAR
Agregado; 2023-03-24 10:18:40; PAGO IRREGULAR
Agregado; 2023-03-24 10:19:03; PAGO IRREGULAR
Agregado; 2023-03-24 10:19:22; PAGO IRREGULAR
Agregado; 2023-03-24 10:20:38; PAGO IRREGULAR
Agregado; 2023-03-24 10:20:57; PAGO IRREGULAR
Agregado; 2023-03-24 10:22:07; PAGO IRREGULAR
Agregado; 2023-03-24 10:22:28; PAGO IRREGULAR
Agregado; 2023-03-24 10:23:49; PAGO IRREGULAR
Agregado; 2023-03-24 10:24:09; PAGO IRREGULAR
Agregado; 2023-03-24 10:27:16; PAGO IRREGULAR
Agregado; 2023-03-24 10:27:52; PAGO IRREGULAR
Agregado; 2023-03-24 10:28:27; PAGO IRREGULAR
Agregado; 2023-03-24 10:28:38; PAGO IRREGULAR
Agregado; 2023-03-24 10:28:50; PAGO IRREGULAR
Agregado; 2023-03-24 10:29:22; PAGO IRREGULAR
Agregado; 2023-03-24 10:30:08; PAGO IRREGULAR
Agregado; 2023-03-24 10:32:10; PAGO IRREGULAR
Agregado; 2023-03-24 11:11:26; PAGO IRREGULAR
Agregado; 2023-03-24 16:06:00; PAGO IRREGULAR
Actualizado; 2023-03-24 16:06:53; Préstamo cliente: ulfralina gonzalez de la rosa monto prestado $80000 duración: 10 meses interes: 4000
Agregado; 2023-03-24 17:12:09; adicional al capital, cliente:  $11000
