Eliminado; 2023-05-25 11:27:27; Prestamo del cliente: dianelba gizeh mercedes de castillo monto $60000.00 duración: 10 meses interes: 2500.00
Eliminado; 2023-05-25 11:27:27; Préstamo: 120 
Eliminado; 2023-05-25 11:27:27; amortización: 120 
Agregado; 2023-05-25 11:29:08; Nuevo préstamo cliente: dianelba gizeh mercedes de castillo monto prestado $112000 duración: 10 meses interes: 5600
Actualizado; 2023-05-25 14:27:55; Préstamo cliente: dianelba gizeh mercedes de castillo monto prestado $112000.00 duración: 10 meses interes: 5600
Agregado; 2023-05-25 14:49:12; adicional al capital, cliente:  $35000
Eliminado; 2023-05-25 14:49:48; Prestamo del cliente: pedro garcia reyes monto $65000.00 duración: 10 meses interes: 3250.00
Eliminado; 2023-05-25 14:49:48; Préstamo: 227 
Eliminado; 2023-05-25 14:49:48; amortización: 227 
Agregado; 2023-05-25 14:51:15; Nuevo préstamo cliente: pedro garcia reyes monto prestado $65000 duración: 10 meses interes: 3250
Agregado; 2023-05-25 15:17:32; PAGO IRREGULAR
Eliminado; 2023-05-25 15:29:25; Prestamo del cliente: aristides germosen grullon  monto $100000.00 duración: 10 meses interes: 5000.00
Eliminado; 2023-05-25 15:29:25; Préstamo: 189 
Eliminado; 2023-05-25 15:29:25; amortización: 189 
Agregado; 2023-05-25 15:31:36; Nuevo préstamo cliente: aristides germosen grullon  monto prestado $200000 duración: 10 meses interes: 10000
Agregado; 2023-05-25 16:27:52; PAGO IRREGULAR
Agregado; 2023-05-25 16:28:15; PAGO IRREGULAR
Agregado; 2023-05-25 16:31:03; PAGO IRREGULAR
Agregado; 2023-05-25 16:31:20; PAGO IRREGULAR
Agregado; 2023-05-25 16:31:58; PAGO IRREGULAR
Agregado; 2023-05-25 16:32:20; PAGO IRREGULAR
Agregado; 2023-05-25 16:32:46; PAGO IRREGULAR
Agregado; 2023-05-25 16:33:30; PAGO IRREGULAR
Agregado; 2023-05-25 16:33:49; PAGO IRREGULAR
Agregado; 2023-05-25 16:34:21; PAGO IRREGULAR
Agregado; 2023-05-25 16:34:38; PAGO IRREGULAR
Agregado; 2023-05-25 16:34:51; PAGO IRREGULAR
Agregado; 2023-05-25 16:36:48; PAGO IRREGULAR
Agregado; 2023-05-25 16:40:38; PAGO IRREGULAR
Agregado; 2023-05-25 16:41:04; PAGO IRREGULAR
Agregado; 2023-05-25 16:41:17; PAGO IRREGULAR
Agregado; 2023-05-25 16:42:09; PAGO IRREGULAR
Agregado; 2023-05-25 16:42:47; PAGO IRREGULAR
Agregado; 2023-05-25 16:42:58; PAGO IRREGULAR
Agregado; 2023-05-25 16:44:06; PAGO IRREGULAR
Agregado; 2023-05-25 16:44:47; PAGO IRREGULAR
Agregado; 2023-05-25 16:45:13; PAGO IRREGULAR
Agregado; 2023-05-25 16:45:37; PAGO IRREGULAR
Agregado; 2023-05-25 16:45:54; PAGO IRREGULAR
Agregado; 2023-05-25 16:45:54; abono al capital de cliente: miguel hilario pichardo $50000 
Agregado; 2023-05-25 16:46:42; PAGO IRREGULAR
Agregado; 2023-05-25 16:46:42; abono al capital de cliente: juana  yesenia facenda hernandez $50000 
Agregado; 2023-05-25 16:47:08; PAGO IRREGULAR
Agregado; 2023-05-25 16:47:08; abono al capital de cliente: alba gervancia de la cruz acosta $50000 
Agregado; 2023-05-25 16:47:38; PAGO IRREGULAR
Agregado; 2023-05-25 16:47:38; abono al capital de cliente: pedro castillo peralta $50000 
Agregado; 2023-05-25 16:48:51; PAGO IRREGULAR
Agregado; 2023-05-25 16:49:29; PAGO IRREGULAR
Agregado; 2023-05-25 16:49:38; PAGO IRREGULAR
Agregado; 2023-05-25 16:49:59; PAGO IRREGULAR
Agregado; 2023-05-25 16:50:32; PAGO IRREGULAR
Agregado; 2023-05-25 16:51:11; PAGO IRREGULAR
Agregado; 2023-05-25 16:52:00; PAGO IRREGULAR
Agregado; 2023-05-25 16:52:12; PAGO IRREGULAR
Agregado; 2023-05-25 16:53:43; PAGO IRREGULAR
Agregado; 2023-05-25 16:53:59; PAGO IRREGULAR
Agregado; 2023-05-25 16:54:16; PAGO IRREGULAR
Agregado; 2023-05-25 16:55:09; PAGO IRREGULAR
Agregado; 2023-05-25 16:55:56; PAGO IRREGULAR
Agregado; 2023-05-25 16:56:16; PAGO IRREGULAR
Agregado; 2023-05-25 16:56:25; PAGO IRREGULAR
Agregado; 2023-05-25 16:56:34; PAGO IRREGULAR
Agregado; 2023-05-25 16:57:04; PAGO IRREGULAR
Agregado; 2023-05-25 16:57:30; PAGO IRREGULAR
Agregado; 2023-05-25 16:57:48; PAGO IRREGULAR
Agregado; 2023-05-25 16:58:38; PAGO IRREGULAR
Agregado; 2023-05-25 16:59:01; PAGO IRREGULAR
Agregado; 2023-05-25 16:59:30; PAGO IRREGULAR
Agregado; 2023-05-25 16:59:55; PAGO IRREGULAR
Agregado; 2023-05-25 17:00:17; PAGO IRREGULAR
Agregado; 2023-05-25 17:02:03; PAGO IRREGULAR
Agregado; 2023-05-25 17:02:19; PAGO IRREGULAR
Agregado; 2023-05-25 17:03:19; PAGO IRREGULAR
Agregado; 2023-05-25 17:03:44; PAGO IRREGULAR
Agregado; 2023-05-25 17:03:44; abono al capital de cliente: dianelba gizeh mercedes de castillo $15000 
Eliminado; 2023-05-25 17:06:08; Adicional del cliente:  monto  $
Eliminado; 2023-05-25 17:06:08; adicional del présamo:  
Actualizado; 2023-05-25 17:06:08; Préstamo:  
Eliminado; 2023-05-25 17:06:09; Adicional del cliente: nicolas morel toribio  monto ADICIONAL $10000
Eliminado; 2023-05-25 17:06:09; adicional del présamo: 157 
Actualizado; 2023-05-25 17:06:09; Préstamo: 157 
Agregado; 2023-05-25 17:06:17; PAGO IRREGULAR
Agregado; 2023-05-25 17:15:13; PAGO IRREGULAR
Agregado; 2023-05-25 17:17:51; PAGO IRREGULAR
Agregado; 2023-05-25 17:23:04; PAGO IRREGULAR
Agregado; 2023-05-25 17:23:31; PAGO IRREGULAR
