Agregado; 2026-03-24 12:57:56; Préstamo: 675 Pago de cliente: CIRILA MARITZA BEATO SANTANA Balance anterior $150000.00 Monto pagado $7500.00 INTERES $150000.00 BALANCE ACTUAL
Agregado; 2026-03-24 12:58:58; Préstamo: 616 Pago de cliente: angel lorenzo breton castillo Balance anterior $160000.00 Monto pagado $8000.00 INTERES $160000.00 BALANCE ACTUAL
Agregado; 2026-03-24 12:59:24; Préstamo: 626 Pago de cliente: ramon quiro melo Balance anterior $175000.00 Monto pagado $7000.00 INTERES $175000.00 BALANCE ACTUAL
Agregado; 2026-03-24 13:00:12; Préstamo: 618 Pago de cliente: eni maria reynoso aquino Balance anterior $120000.00 Monto pagado $6000.00 INTERES $120000.00 BALANCE ACTUAL
Agregado; 2026-03-24 13:00:43; Préstamo: 698 Pago de cliente: irvin francisco de leon javier Balance anterior $100000.00 Monto pagado $5000.00 INTERES $100000.00 BALANCE ACTUAL
Agregado; 2026-03-24 13:01:26; Préstamo: 706 Pago de cliente: alexander reyes Balance anterior $116000.00 Monto pagado $5800.00 INTERES $116000.00 BALANCE ACTUAL
Agregado; 2026-03-24 13:02:15; Préstamo: 443 Pago de cliente: basilia rodriguez altagracia Balance anterior $300000.00 Monto pagado $15000.00 INTERES $300000.00 BALANCE ACTUAL
Agregado; 2026-03-24 13:03:18; Préstamo: 730 Pago de cliente: raul caraballo liranzo Balance anterior $260000.00 Monto pagado $10400.00 INTERES $260000.00 BALANCE ACTUAL
Agregado; 2026-03-24 13:04:30; Préstamo: 559 Pago de cliente: antonio ventura hilario Balance anterior $120200.00 Monto pagado $3800.00 PAGO IRREGULAR $120200.00 BALANCE ACTUAL
Agregado; 2026-03-24 13:05:13; Préstamo: 701 Pago de cliente: delva altagracia vanderhorst almeyda Balance anterior $250000.00 Monto pagado $12500.00 INTERES $250000.00 BALANCE ACTUAL
Agregado; 2026-03-24 13:06:11; Préstamo: 508 Pago de cliente: juana  yesenia facenda hernandez Balance anterior $352000.00 Monto pagado $11700.00 PAGO IRREGULAR $352000.00 BALANCE ACTUAL
Agregado; 2026-03-24 13:06:45; Préstamo: 425 Pago de cliente: jack michael morillo Balance anterior $212500.00 Monto pagado $5000.00 PAGO IRREGULAR $212500.00 BALANCE ACTUAL
Agregado; 2026-03-24 13:07:51; Préstamo: 723 Pago de cliente: emmanuel medina lopez Balance anterior $180000.00 Monto pagado $5700.00 PAGO IRREGULAR $180000.00 BALANCE ACTUAL
Agregado; 2026-03-24 13:08:32; Préstamo: 740 Pago de cliente: eladio antonio brito lopez Balance anterior $250000.00 Monto pagado $12500.00 INTERES $250000.00 BALANCE ACTUAL
Agregado; 2026-03-24 13:09:35; Préstamo: 738 Pago de cliente: ysabelita sanchez tineo Balance anterior $150000.00 Monto pagado $7500.00 INTERES $150000.00 BALANCE ACTUAL
Agregado; 2026-03-24 13:10:40; Préstamo: 737 Pago de cliente: josefina rojas mercedes de garcia Balance anterior $185000.00 Monto pagado $9250.00 INTERES $185000.00 BALANCE ACTUAL
Agregado; 2026-03-24 13:11:48; Préstamo: 341 Pago de cliente: alba caroligia hernandez rodriguez Balance anterior $402500.00 Monto pagado $16100.00 INTERES $402500.00 BALANCE ACTUAL
Agregado; 2026-03-24 13:12:41; Préstamo: 691 Pago de cliente: laura reynoso cruz Balance anterior $200000.00 Monto pagado $10000.00 INTERES $200000.00 BALANCE ACTUAL
Actualizado; 2026-03-24 13:13:13; Préstamo cliente: ysidora altagracia minaya duran monto prestado $137000.00 duración: 10 meses interes: 5480
Agregado; 2026-03-24 13:13:40; Préstamo: 744 Pago de cliente: ysidora altagracia minaya duran Balance anterior $137000.00 Monto pagado $4000.00 PAGO IRREGULAR $137000.00 BALANCE ACTUAL
Agregado; 2026-03-24 13:14:07; Préstamo: 547 Pago de cliente: rhoneer guzman ozoria Balance anterior $163500.00 Monto pagado $6540.00 INTERES $163500.00 BALANCE ACTUAL
Agregado; 2026-03-24 13:14:50; Préstamo: 712 Pago de cliente: alciviades paredes javier Balance anterior $185000.00 Monto pagado $9250.00 INTERES $185000.00 BALANCE ACTUAL
Agregado; 2026-03-24 13:15:13; Préstamo: 574 Pago de cliente: maria teresa javiar rodriguez Balance anterior $82000.00 Monto pagado $4100.00 INTERES $82000.00 BALANCE ACTUAL
Agregado; 2026-03-24 13:15:41; Préstamo: 711 Pago de cliente: francisca vasquez mercedes Balance anterior $100000.00 Monto pagado $5000.00 INTERES $100000.00 BALANCE ACTUAL
Agregado; 2026-03-24 13:16:06; Préstamo: 598 Pago de cliente: nolberto joel lopez de jesus Balance anterior $79000.00 Monto pagado $3950.00 INTERES $79000.00 BALANCE ACTUAL
Agregado; 2026-03-24 13:16:40; Préstamo: 714 Pago de cliente: henry alexander mercedes cabrera Balance anterior $142000.00 Monto pagado $7100.00 INTERES $142000.00 BALANCE ACTUAL
Agregado; 2026-03-24 13:17:48; Préstamo: 594 Pago de cliente: juan alfonso concepcion vazquez Balance anterior $170000.00 Monto pagado $6800.00 INTERES $170000.00 BALANCE ACTUAL
Agregado; 2026-03-24 13:19:57; Préstamo: 736 Pago de cliente: dionicia fermin acosta Balance anterior $200000.00 Monto pagado $10000.00 INTERES $200000.00 BALANCE ACTUAL
Agregado; 2026-03-24 13:28:07; Préstamo: 586 Pago de cliente: daniel gonzalez vasquez Balance anterior $106000.00 Monto pagado $5300.00 INTERES $106000.00 BALANCE ACTUAL
Agregado; 2026-03-24 13:28:42; Préstamo: 749 Pago de cliente: yoelis morales Balance anterior $50000.00 Monto pagado $2500.00 INTERES $50000.00 BALANCE ACTUAL
Actualizado; 2026-03-24 13:28:55; Préstamo cliente: yoelis morales  monto prestado $50000.00 duración: 10 meses interes: 2500
Agregado; 2026-03-24 13:29:11; Préstamo: 658 Pago de cliente: maribel maria gil Balance anterior $250000.00 Monto pagado $12500.00 INTERES $250000.00 BALANCE ACTUAL
Agregado; 2026-03-24 13:30:21; Préstamo: 617 Pago de cliente: roberto hernandez sanchez Balance anterior $229500.00 Monto pagado $9180.00 INTERES $229500.00 BALANCE ACTUAL
Agregado; 2026-03-24 13:32:25; Préstamo: 709 Pago de cliente: marino candelario compres Balance anterior $228000.00 Monto pagado $11400.00 INTERES $228000.00 BALANCE ACTUAL
Agregado; 2026-03-24 13:33:40; Préstamo: 373 Pago de cliente: ramon garcia Balance anterior $164000.00 Monto pagado $8200.00 INTERES $164000.00 BALANCE ACTUAL
Agregado; 2026-03-24 13:34:24; Préstamo: 743 Pago de cliente: jose francisco silvestre marte Balance anterior $220000.00 Monto pagado $11000.00 INTERES $220000.00 BALANCE ACTUAL
Agregado; 2026-03-24 13:36:53; Préstamo: 742 Pago de cliente: ana faustina faña gil Balance anterior $235000.00 Monto pagado $6000.00 PAGO IRREGULAR $235000.00 BALANCE ACTUAL
Eliminado; 2026-03-24 13:37:07; Préstamo: 638 Cliente: ana faustina faña gil monto $135000.00 duración: 10 meses interes: 6750.00
Eliminado; 2026-03-24 13:37:07; Préstamo: 638 
Eliminado; 2026-03-24 13:37:07; amortización: 638 
Agregado; 2026-03-24 13:37:20; Préstamo: 750 Pago de cliente: solandy vasquez de la cruz Balance anterior $100000.00 Monto pagado $5000.00 INTERES $100000.00 BALANCE ACTUAL
Agregado; 2026-03-24 13:38:01; Préstamo: 735 Pago de cliente: dorothy cleopatra adolfina vanderhorst almeyda Balance anterior $300000.00 Monto pagado $12000.00 INTERES $300000.00 BALANCE ACTUAL
Agregado; 2026-03-24 13:38:28; Préstamo: 682 Pago de cliente: maria ramos nolasco Balance anterior $160000.00 Monto pagado $8000.00 INTERES $160000.00 BALANCE ACTUAL
Agregado; 2026-03-24 13:38:59; Préstamo: 710 Pago de cliente: dianelba gizeh mercedes de castillo Balance anterior $266200.00 Monto pagado $11400.00 PAGO IRREGULAR $266200.00 BALANCE ACTUAL
Agregado; 2026-03-24 13:40:03; Préstamo: 557 Pago de cliente: alba gervancia de la cruz acosta Balance anterior $66500.00 Monto pagado $2000.00 PAGO IRREGULAR $66500.00 BALANCE ACTUAL
Agregado; 2026-03-24 13:40:25; Préstamo: 178 Pago de cliente: gricelida tavarez drullard Balance anterior $203000.00 Monto pagado $10150.00 INTERES $203000.00 BALANCE ACTUAL
Agregado; 2026-03-24 13:40:58; Préstamo: 680 Pago de cliente: pedro castillo peralta Balance anterior $265000.00 Monto pagado $10600.00 INTERES $265000.00 BALANCE ACTUAL
Agregado; 2026-03-24 13:41:55; Préstamo: 653 Pago de cliente: Belkin marilin santiago de brito Balance anterior $100000.00 Monto pagado $5000.00 INTERES $100000.00 BALANCE ACTUAL
Agregado; 2026-03-24 13:43:03; Préstamo: 483 Pago de cliente: gloria tatiana fermin de la rosa Balance anterior $228000.00 Monto pagado $8000.00 PAGO IRREGULAR $228000.00 BALANCE ACTUAL
Agregado; 2026-03-24 13:45:37; Préstamo: 575 Pago de cliente: maria yocasta tejada martinez de guzman Balance anterior $200000.00 Monto pagado $8000.00 INTERES $200000.00 BALANCE ACTUAL
Agregado; 2026-03-24 13:46:41; Préstamo: 564 Pago de cliente: esperanza yanilca amparo castillo Balance anterior $207000.00 Monto pagado $10350.00 INTERES $207000.00 BALANCE ACTUAL
Agregado; 2026-03-24 13:48:08; Préstamo: 439 Pago de cliente: erika gonzalez ramirez Balance anterior $200000.00 Monto pagado $8000.00 INTERES $200000.00 BALANCE ACTUAL
Agregado; 2026-03-24 13:49:15; Préstamo: 707 Pago de cliente: ramon felix frias polanco Balance anterior $212000.00 Monto pagado $10600.00 INTERES $212000.00 BALANCE ACTUAL
Agregado; 2026-03-24 13:49:45; Préstamo: 713 Pago de cliente: nery vianney garcia rodriguez Balance anterior $190000.00 Monto pagado $9500.00 INTERES $190000.00 BALANCE ACTUAL
Agregado; 2026-03-24 13:51:00; Préstamo: 634 Pago de cliente: edward alexander polanco alvarado Balance anterior $262000.00 Monto pagado $10480.00 INTERES $262000.00 BALANCE ACTUAL
Agregado; 2026-03-24 13:52:50; Préstamo: 509 Pago de cliente: dannessa deyanara rodriguez Balance anterior $345200.00 Monto pagado $12100.00 PAGO IRREGULAR $345200.00 BALANCE ACTUAL
Agregado; 2026-03-24 13:53:11; Préstamo: 729 Pago de cliente: jorge chavez Balance anterior $100000.00 Monto pagado $4500.00 INTERES $100000.00 BALANCE ACTUAL
Agregado; 2026-03-24 13:53:12; Préstamo: 729 Pago de cliente: jorge chavez Balance anterior $100000.00 Monto pagado $4500.00 INTERES $100000.00 BALANCE ACTUAL
Agregado; 2026-03-24 13:55:19; Préstamo: 324 Pago de cliente: luisa yanelsi then molina Balance anterior $208200.00 Monto pagado $10000.00 PAGO IRREGULAR $208200.00 BALANCE ACTUAL
Agregado; 2026-03-24 13:55:35; Préstamo: 606 Pago de cliente: victor martinez Balance anterior $100000.00 Monto pagado $4500.00 INTERES $100000.00 BALANCE ACTUAL
Agregado; 2026-03-24 13:55:51; Préstamo: 690 Pago de cliente: yuraina guerrero coplin Balance anterior $50000.00 Monto pagado $2500.00 INTERES $50000.00 BALANCE ACTUAL
Agregado; 2026-03-24 13:56:19; Préstamo: 498 Pago de cliente: Felix Alberto campos Balance anterior $118000.00 Monto pagado $5900.00 INTERES $118000.00 BALANCE ACTUAL
Agregado; 2026-03-24 13:58:05; Préstamo: 215 Pago de cliente: lisette zaiz ventura Balance anterior $263200.00 Monto pagado $6700.00 PAGO IRREGULAR $263200.00 BALANCE ACTUAL
Agregado; 2026-03-24 13:58:41; Préstamo: 332 Pago de cliente: ambiorix almanzar castro Balance anterior $244000.00 Monto pagado $11100.00 PAGO IRREGULAR $244000.00 BALANCE ACTUAL
Agregado; 2026-03-24 13:59:08; Préstamo: 685 Pago de cliente: luz edith paredes garcia Balance anterior $240000.00 Monto pagado $12000.00 INTERES $240000.00 BALANCE ACTUAL
Agregado; 2026-03-24 13:59:41; Préstamo: 427 Pago de cliente: celso garcia castillo Balance anterior $75000.00 Monto pagado $3750.00 INTERES $75000.00 BALANCE ACTUAL
Agregado; 2026-03-24 14:00:18; Préstamo: 646 Pago de cliente: mily cuevas sosa Balance anterior $410600.00 Monto pagado $13900.00 PAGO IRREGULAR $410600.00 BALANCE ACTUAL
Agregado; 2026-03-24 14:00:53; Préstamo: 718 Pago de cliente: sebastiana tirado melo Balance anterior $235000.00 Monto pagado $11750.00 INTERES $235000.00 BALANCE ACTUAL
Agregado; 2026-03-24 14:02:00; Préstamo: 668 Pago de cliente: roberto flores acosta Balance anterior $200000.00 Monto pagado $10000.00 INTERES $200000.00 BALANCE ACTUAL
Agregado; 2026-03-24 14:02:43; Préstamo: 345 Pago de cliente: nicaurys fermin fermin Balance anterior $281800.00 Monto pagado $9800.00 PAGO IRREGULAR $281800.00 BALANCE ACTUAL
Agregado; 2026-03-24 14:03:25; Préstamo: 481 Pago de cliente: marilyn antonia jimenez de santana Balance anterior $165000.00 Monto pagado $8250.00 INTERES $165000.00 BALANCE ACTUAL
Agregado; 2026-03-24 14:04:35; Préstamo: 526 Pago de cliente: sara felipe kery Balance anterior $68000.00 Monto pagado $3400.00 INTERES $68000.00 BALANCE ACTUAL
Agregado; 2026-03-24 14:04:56; Préstamo: 700 Pago de cliente: yuli mercedes caraballo abreu Balance anterior $200000.00 Monto pagado $10000.00 INTERES $200000.00 BALANCE ACTUAL
Agregado; 2026-03-24 14:06:49; Préstamo: 692 Pago de cliente: yuderky ramona gama olivo Balance anterior $325000.00 Monto pagado $16250.00 INTERES $325000.00 BALANCE ACTUAL
Agregado; 2026-03-24 14:07:56; Préstamo: 726 Pago de cliente: yovanni acosta  garcia de frias Balance anterior $140000.00 Monto pagado $5600.00 INTERES $140000.00 BALANCE ACTUAL
Agregado; 2026-03-24 14:09:22; Préstamo: 551 Pago de cliente: yesenia de los santos marte Balance anterior $400000.00 Monto pagado $20000.00 INTERES $400000.00 BALANCE ACTUAL
Agregado; 2026-03-24 14:10:21; Préstamo: 622 Pago de cliente: masiell alejandra lopez gil Balance anterior $178000.00 Monto pagado $8900.00 INTERES $178000.00 BALANCE ACTUAL
Agregado; 2026-03-24 14:11:19; Préstamo: 596 Pago de cliente: lorenza maria jose avelino Balance anterior $289000.00 Monto pagado $9100.00 PAGO IRREGULAR $289000.00 BALANCE ACTUAL
Agregado; 2026-03-24 14:25:41; Préstamo: 741 Pago de cliente: yoseli pamela calcaño lopez Balance anterior $50000.00 Monto pagado $2500.00 INTERES $50000.00 BALANCE ACTUAL
Agregado; 2026-03-24 14:32:11; Préstamo: 650 Pago de cliente: zenon osiris brito acosta Balance anterior $150000.00 Monto pagado $7500.00 INTERES $150000.00 BALANCE ACTUAL
Agregado; 2026-03-24 17:33:39; Nuevo préstamo cliente: rafael antonio reynoso lopez monto prestado $36000 duración: 10 meses interes: 1800
Agregado; 2026-03-24 18:59:31; Nuevo préstamo cliente: adriano compres rodrigues  monto prestado $40000 duración: 10 meses interes: 2000
