Agregado; 2026-01-30 13:18:01; Préstamo: 660 Pago de cliente: rolando franco guzman Balance anterior $50000.00 Monto pagado $2500.00 INTERES $50000.00 BALANCE ACTUAL
Agregado; 2026-01-30 13:20:09; Préstamo: 670 Adicional al capital, cliente:  $10000
Agregado; 2026-01-30 13:30:53; Préstamo: 583 Pago de cliente: ines gonzalez polanco Balance anterior $25000.00 Monto pagado $1250.00 INTERES $25000.00 BALANCE ACTUAL
Agregado; 2026-01-30 13:32:09; Préstamo: 591 Pago de cliente: felix ureña luciano Balance anterior $65000.00 Monto pagado $3250.00 INTERES $65000.00 BALANCE ACTUAL
Agregado; 2026-01-30 13:33:16; Préstamo: 705 Pago de cliente: ramon dario garcia ventura Balance anterior $31000.00 Monto pagado $500 PAGO IRREGULAR $31000.00 BALANCE ACTUAL
Agregado; 2026-01-30 13:34:22; Préstamo: 507 Pago de cliente: yohanny morillo diaz Balance anterior $21500.00 Monto pagado $1075.00 INTERES $21500.00 BALANCE ACTUAL
Agregado; 2026-01-30 13:53:41; Préstamo: 666 Pago de cliente: wagner francisco docis martinez Balance anterior $40000.00 Monto pagado $2000.00 INTERES $40000.00 BALANCE ACTUAL
Agregado; 2026-01-30 13:54:15; Préstamo: 376 Pago de cliente: elisabeth serrano Balance anterior $60000.00 Monto pagado $2900 PAGO IRREGULAR $60000.00 BALANCE ACTUAL
Agregado; 2026-01-30 13:57:26; Préstamo: 699 Pago de cliente: inmaculada concepcion peña Balance anterior $40000.00 Monto pagado $2000.00 INTERES $40000.00 BALANCE ACTUAL
Agregado; 2026-01-30 14:00:10; Préstamo: 673 Pago de cliente: virking yanet sierra moya Balance anterior $40000.00 Monto pagado $2000.00 INTERES $40000.00 BALANCE ACTUAL
Agregado; 2026-01-30 14:01:38; Préstamo: 703 Pago de cliente: rafael antonio reynoso lopez Balance anterior $5000.00 Monto pagado $250.00 INTERES $5000.00 BALANCE ACTUAL
Agregado; 2026-01-30 14:04:05; Préstamo: 687 Pago de cliente: gregori contrera herrera Balance anterior $16000.00 Monto pagado $960.00 INTERES $16000.00 BALANCE ACTUAL
Agregado; 2026-01-30 14:05:11; Préstamo: 560 Pago de cliente: yordany ribota peña Balance anterior $87000.00 Monto pagado $3000 PAGO IRREGULAR $87000.00 BALANCE ACTUAL
Agregado; 2026-01-30 14:10:01; Préstamo: 624 Pago de cliente: luis alfredo bruno morel Balance anterior $25000.00 Monto pagado $1250.00 INTERES $25000.00 BALANCE ACTUAL
Agregado; 2026-01-30 14:10:32; Nuevo préstamo cliente: francisca vasquez mercedes monto prestado $100000 duración: 10 meses interes: 5000
Agregado; 2026-01-30 14:14:18; Préstamo: 604 Pago de cliente: camilo vargas suriel Balance anterior $55000.00 Monto pagado $2750.00 INTERES $55000.00 BALANCE ACTUAL
Agregado; 2026-01-30 14:14:40; Préstamo: 543 Pago de cliente: ulfralina gonzalez de la rosa Balance anterior $155000.00 Monto pagado $7750.00 INTERES $155000.00 BALANCE ACTUAL
Agregado; 2026-01-30 14:16:21; Préstamo: 693 Pago de cliente: juan ulloa altagracia Balance anterior $60000.00 Monto pagado $3000.00 INTERES $60000.00 BALANCE ACTUAL
Agregado; 2026-01-30 14:18:19; Préstamo: 448 Pago de cliente: jose hernandez Balance anterior $158400.00 Monto pagado $2900 PAGO IRREGULAR $158400.00 BALANCE ACTUAL
Agregado; 2026-01-30 15:07:14; Nuevo préstamo cliente: alcibiades mendez canario monto prestado $170000 duración: 10 meses interes: 8500
Eliminado; 2026-01-30 15:08:05; Préstamo: 712 Cliente: alcibiades mendez canario monto $170000.00 duración: 10 meses interes: 8500.00
Eliminado; 2026-01-30 15:08:05; Préstamo: 712 
Eliminado; 2026-01-30 15:08:05; amortización: 712 
Agregado; 2026-01-30 15:08:44; Nuevo préstamo cliente: alciviades paredes javier monto prestado $170000 duración: 10 meses interes: 8500
Agregado; 2026-01-30 17:01:34; Préstamo: 596 Adicional al capital, cliente:  $2000
Agregado; 2026-01-30 18:14:37; Nuevo préstamo cliente: nery vianney garcia rodriguez monto prestado $190000 duración: 10 meses interes: 9500
Eliminado; 2026-01-30 18:15:05; Préstamo: 639 Cliente: nery vianney garcia rodriguez monto $160000.00 duración: 10 meses interes: 8000.00
Eliminado; 2026-01-30 18:15:05; Préstamo: 639 
Eliminado; 2026-01-30 18:15:06; amortización: 639 
Eliminado; 2026-01-30 18:16:00; Préstamo: 659 Cliente: alciviades paredes javier monto $100000.00 duración: 10 meses interes: 5000.00
Eliminado; 2026-01-30 18:16:00; Préstamo: 659 
Eliminado; 2026-01-30 18:16:00; amortización: 659 
Agregado; 2026-01-30 18:32:51; Préstamo: 636 Adicional al capital, cliente:  $10000
