Agregado; 2023-07-18 07:55:41; PAGO IRREGULAR
Agregado; 2023-07-18 07:55:53; PAGO IRREGULAR
Agregado; 2023-07-18 07:57:39; PAGO IRREGULAR
Agregado; 2023-07-18 07:58:01; PAGO IRREGULAR
Agregado; 2023-07-18 07:58:43; PAGO IRREGULAR
Agregado; 2023-07-18 07:59:46; PAGO IRREGULAR
Agregado; 2023-07-18 08:00:31; PAGO IRREGULAR
Agregado; 2023-07-18 08:02:49; PAGO IRREGULAR
Agregado; 2023-07-18 13:26:24; PAGO IRREGULAR
Agregado; 2023-07-18 13:26:24; abono al capital de cliente: pedro garcia reyes $65000 
Agregado; 2023-07-18 13:29:54; PAGO IRREGULAR
Actualizado; 2023-07-18 14:20:41; Préstamo cliente: modesto gonzalez lopez monto prestado $60000.00 duración: 10 meses interes: 3000
Eliminado; 2023-07-18 14:21:31; Adicional del cliente:  monto  $
Eliminado; 2023-07-18 14:21:31; adicional del présamo:  
Actualizado; 2023-07-18 14:21:31; Préstamo:  
Eliminado; 2023-07-18 14:21:31; Adicional del cliente: modesto gonzalez lopez monto ADICIONAL $8500
Eliminado; 2023-07-18 14:21:31; adicional del présamo: 235 
Actualizado; 2023-07-18 14:21:31; Préstamo: 235 
Actualizado; 2023-07-18 14:22:51; Préstamo cliente: modesto gonzalez lopez monto prestado $68500 duración: 10 meses interes: 3425
Actualizado; 2023-07-18 14:25:27; Préstamo cliente: basilia rodriguez altagracia  monto prestado $160000 duración: 10 meses interes: 7360
Eliminado; 2023-07-18 14:34:00; Prestamo del cliente: lorenza maria jose avelino monto $143900.00 duración: 10 meses interes: 7195.00
Eliminado; 2023-07-18 14:34:00; Préstamo: 155 
Eliminado; 2023-07-18 14:34:00; amortización: 155 
Agregado; 2023-07-18 14:36:13; Nuevo préstamo cliente: lorenza maria jose avelino monto prestado $142000 duración: 10 meses interes: 7100
Agregado; 2023-07-18 14:42:09; adicional al capital, cliente:  $15000
Agregado; 2023-07-18 15:02:38; PAGO IRREGULAR
Agregado; 2023-07-18 15:02:38; abono al capital de cliente: dianelba gizeh mercedes de castillo $10000 
Agregado; 2023-07-18 15:05:46; PAGO IRREGULAR
Eliminado; 2023-07-18 15:40:24; Prestamo del cliente: reyna compres diez monto $60600.00 duración: 10 meses interes: 3585.00
Eliminado; 2023-07-18 15:40:24; Préstamo: 200 
Eliminado; 2023-07-18 15:40:24; amortización: 200 
Agregado; 2023-07-18 15:50:35; PAGO IRREGULAR
Agregado; 2023-07-18 16:11:16; adicional al capital, cliente:  $20000
Actualizado; 2023-07-18 16:13:33; Préstamo cliente: jorge luis cepeda martinez monto prestado $40000.00 duración: 10 meses interes: 2000
Eliminado; 2023-07-18 16:13:44; Prestamo del cliente: jorge luis cepeda martinez monto $130000.00 duración: 10 meses interes: 2000.00
Eliminado; 2023-07-18 16:13:44; Préstamo: 206 
Eliminado; 2023-07-18 16:13:44; amortización: 206 
Agregado; 2023-07-18 16:15:04; Nuevo préstamo cliente: jorge luis cepeda martinez monto prestado $130000 duración: 10 meses interes: 6500
