Agregado; 2025-11-11 13:06:17; Préstamo: 623 Adicional al capital, cliente:  $5000
Eliminado; 2025-11-11 14:36:46; Préstamo: 637 Cliente: tomas garcia rodriguez monto $105000.00 duración: 10 meses interes: 5250.00
Eliminado; 2025-11-11 14:36:46; Préstamo: 637 
Eliminado; 2025-11-11 14:36:46; amortización: 637 
Eliminado; 2025-11-11 14:43:22; Préstamo: 408 Cliente: leoncia de jesus adames monto $80000.00 duración: 10 meses interes: 4000.00
Eliminado; 2025-11-11 14:43:22; Préstamo: 408 
Eliminado; 2025-11-11 14:43:22; amortización: 408 
Eliminado; 2025-11-11 14:46:11; Préstamo: 599 Cliente: modesto gonzalez lopez monto $211200.00 duración: 10 meses interes: 8448.00
Eliminado; 2025-11-11 14:46:11; Préstamo: 599 
Eliminado; 2025-11-11 14:46:11; amortización: 599 
Agregado; 2025-11-11 14:56:59; Préstamo: 556 Abono pago irregular - cliente: pedro pablo valdez sanchez $8600 PAGO IRREGULAR $321000.00 BALANCE ACTUAL
Eliminado; 2025-11-11 15:03:10; Préstamo: 631 Cliente: mercedes muñoz rodriguez de breton monto $150000.00 duración: 10 meses interes: 7500.00
Eliminado; 2025-11-11 15:03:10; Préstamo: 631 
Eliminado; 2025-11-11 15:03:10; amortización: 631 
Agregado; 2025-11-11 15:33:53; Préstamo: 665 Adicional al capital, cliente:  $2000
Eliminado; 2025-11-11 15:40:48; Préstamo: 630 Cliente: reyna compres diez monto $67050.00 duración: 10 meses interes: 3352.50
Eliminado; 2025-11-11 15:40:48; Préstamo: 630 
Eliminado; 2025-11-11 15:40:48; amortización: 630 
Eliminado; 2025-11-11 15:42:52; Préstamo: 518 Cliente: roberto flores acosta monto $110000.00 duración: 10 meses interes: 5500.00
Eliminado; 2025-11-11 15:42:52; Préstamo: 518 
Eliminado; 2025-11-11 15:42:52; amortización: 518 
Agregado; 2025-11-11 15:45:03; Préstamo: 448 Adicional al capital, cliente:  $2000
Agregado; 2025-11-11 16:04:10; Nuevo préstamo cliente: jorge luis cepeda martinez monto prestado $60000 duración: 10 meses interes: 4200
Agregado; 2025-11-11 16:07:38; Préstamo: 669 Adicional al capital, cliente:  $2000
Agregado; 2025-11-11 17:23:41; Préstamo: 455 Adicional al capital, cliente:  $5000
