Eliminado; 2026-01-22 13:56:09; Préstamo: 597 Cliente: yuderky ramona gama olivo monto $291000.00 duración: 10 meses interes: 14550.00
Eliminado; 2026-01-22 13:56:09; Préstamo: 597 
Eliminado; 2026-01-22 13:56:09; amortización: 597 
Actualizado; 2026-01-22 14:08:19; Préstamo cliente: cruz milda benjamin henriquez monto prestado $200000.00 duración: 10 meses interes: 10000
Eliminado; 2026-01-22 14:08:52; Préstamo: 627 Cliente: irvin francisco de leon javier monto $200000.00 duración: 10 meses interes: 10000.00
Eliminado; 2026-01-22 14:08:52; Préstamo: 627 
Eliminado; 2026-01-22 14:08:52; amortización: 627 
Agregado; 2026-01-22 14:15:41; Préstamo: 646 Adicional al capital, cliente:  $20000
Agregado; 2026-01-22 14:17:54; Préstamo: 651 Adicional al capital, cliente:  $1000
Eliminado; 2026-01-22 14:25:19; Préstamo: 615 Cliente: lowels jhonson mejia monto $212100.00 duración: 10 meses interes: 10605.00
Eliminado; 2026-01-22 14:25:19; Préstamo: 615 
Eliminado; 2026-01-22 14:25:19; amortización: 615 
Actualizado; 2026-01-22 14:31:19; Préstamo cliente: maria ramos nolasco monto prestado $160000.00 duración: 10 meses interes: 8000
Actualizado; 2026-01-22 14:32:11; Préstamo cliente: marian esthersy gomez marty monto prestado $82000.00 duración: 10 meses interes: 4100
Eliminado; 2026-01-22 14:36:55; Préstamo: 473 Cliente: alexander reyes monto $115000.00 duración: 10 meses interes: 5750.00
Eliminado; 2026-01-22 14:36:55; Préstamo: 473 
Eliminado; 2026-01-22 14:36:55; amortización: 473 
Eliminado; 2026-01-22 14:40:24; Préstamo: 664 Cliente: delva altagracia vanderhorst almeyda monto $150000.00 duración: 10 meses interes: 7500.00
Eliminado; 2026-01-22 14:40:24; Préstamo: 664 
Eliminado; 2026-01-22 14:40:24; amortización: 664 
Agregado; 2026-01-22 14:44:43; Préstamo: 332 Adicional al capital, cliente:  $29000
Eliminado; 2026-01-22 15:53:02; Préstamo: 632 Cliente: rafael antonio reynoso lopez monto $40000.00 duración: 10 meses interes: 2000.00
Eliminado; 2026-01-22 15:53:02; Préstamo: 632 
Eliminado; 2026-01-22 15:53:02; amortización: 632 
Eliminado; 2026-01-22 16:00:48; Préstamo: 491 Cliente: juan ulloa altagracia  monto $40000.00 duración: 10 meses interes: 2000.00
Eliminado; 2026-01-22 16:00:48; Préstamo: 491 
Eliminado; 2026-01-22 16:00:48; amortización: 491 
