Agregado; 2025-10-23 15:05:06; Préstamo: 646 Pago de cliente: mily cuevas sosa Balance anterior $373600.00 Monto pagado $18680.00 INTERES $373600.00 BALANCE ACTUAL
Agregado; 2025-10-23 15:09:14; Préstamo: 559 Pago de cliente: antonio ventura hilario Balance anterior $75000.00 Monto pagado $3750.00 INTERES $75000.00 BALANCE ACTUAL
Agregado; 2025-10-23 15:09:38; Préstamo: 610 Pago de cliente: josefina rojas mercedes de garcia Balance anterior $135000.00 Monto pagado $6750.00 INTERES $135000.00 BALANCE ACTUAL
Agregado; 2025-10-23 15:10:25; Préstamo: 530 Pago de cliente: Marcelino Maldonado Fernández Balance anterior $200000.00 Monto pagado $8400.00 PAGO IRREGULAR $200000.00 BALANCE ACTUAL
Agregado; 2025-10-23 15:11:18; Préstamo: 633 Pago de cliente: leandro moris rosario Balance anterior $100000.00 Monto pagado $5000.00 INTERES $100000.00 BALANCE ACTUAL
Agregado; 2025-10-23 15:15:01; Préstamo: 594 Pago de cliente: juan alfonso concepcion vazquez Balance anterior $160000.00 Monto pagado $6400.00 INTERES $160000.00 BALANCE ACTUAL
Agregado; 2025-10-23 15:15:48; Préstamo: 521 Pago de cliente: orlando nuñez sanchez Balance anterior $155500.00 Monto pagado $7775.00 INTERES $155500.00 BALANCE ACTUAL
Agregado; 2025-10-23 15:39:10; Préstamo: 324 Pago de cliente: luisa yanelsi then molina Balance anterior $195500.00 Monto pagado $9775.00 INTERES $195500.00 BALANCE ACTUAL
Agregado; 2025-10-23 15:39:34; Préstamo: 607 Pago de cliente: emmanuel medina lopez Balance anterior $100000.00 Monto pagado $5000.00 INTERES $100000.00 BALANCE ACTUAL
Agregado; 2025-10-23 15:39:54; Préstamo: 626 Pago de cliente: ramon quiro melo Balance anterior $160000.00 Monto pagado $6400.00 INTERES $160000.00 BALANCE ACTUAL
Agregado; 2025-10-23 15:40:12; Préstamo: 649 Pago de cliente: eladio antonio brito lopez Balance anterior $175000.00 Monto pagado $8750.00 INTERES $175000.00 BALANCE ACTUAL
Agregado; 2025-10-23 15:41:05; Préstamo: 443 Pago de cliente: basilia rodriguez altagracia Balance anterior $300000.00 Monto pagado $15000.00 INTERES $300000.00 BALANCE ACTUAL
Agregado; 2025-10-23 15:41:51; Préstamo: 534 Pago de cliente: sebastiana tirado melo Balance anterior $150000.00 Monto pagado $7500.00 INTERES $150000.00 BALANCE ACTUAL
Eliminado; 2025-10-23 15:42:51; Préstamo: 534 Adicional del cliente: sebastiana tirado melo monto ADICIONAL $5000
Eliminado; 2025-10-23 15:42:51; adicional del présamo: 534 
Actualizado; 2025-10-23 15:42:51; Préstamo: 534 
Eliminado; 2025-10-23 15:42:51; Préstamo:  Adicional del cliente:  monto  $
Eliminado; 2025-10-23 15:42:51; adicional del présamo:  
Actualizado; 2025-10-23 15:42:51; Préstamo:  
Agregado; 2025-10-23 15:44:28; Préstamo: 345 Pago de cliente: nicaurys fermin fermin Balance anterior $281800.00 Monto pagado $9800.00 PAGO IRREGULAR $281800.00 BALANCE ACTUAL
Agregado; 2025-10-23 15:48:29; Préstamo: 551 Pago de cliente: yesenia de los santos marte Balance anterior $400000.00 Monto pagado $20000.00 INTERES $400000.00 BALANCE ACTUAL
Agregado; 2025-10-23 15:49:17; Préstamo: 621 Pago de cliente: yoseli pamela calcaño lopez Balance anterior $50000.00 Monto pagado $2500.00 INTERES $50000.00 BALANCE ACTUAL
Agregado; 2025-10-23 15:58:35; Préstamo: 547 Pago de cliente: rhoneer guzman ozoria Balance anterior $163500.00 Monto pagado $6540.00 INTERES $163500.00 BALANCE ACTUAL
Agregado; 2025-10-23 15:59:59; Préstamo: 508 Pago de cliente: juana  yesenia facenda hernandez Balance anterior $352000.00 Monto pagado $11900.00 PAGO IRREGULAR $352000.00 BALANCE ACTUAL
Agregado; 2025-10-23 16:01:27; Préstamo: 369 Pago de cliente: marino candelario compres Balance anterior $173000.00 Monto pagado $8650.00 INTERES $173000.00 BALANCE ACTUAL
Agregado; 2025-10-23 16:01:45; Préstamo: 617 Pago de cliente: roberto hernandez sanchez Balance anterior $200000.00 Monto pagado $8000.00 INTERES $200000.00 BALANCE ACTUAL
Agregado; 2025-10-23 16:02:08; Préstamo: 578 Pago de cliente: timmy daniel martinez vilorio Balance anterior $158950.00 Monto pagado $3000.00 PAGO IRREGULAR $158950.00 BALANCE ACTUAL
Agregado; 2025-10-23 16:02:28; Préstamo: 413 Pago de cliente: yovanni acosta  garcia de frias Balance anterior $121200.00 Monto pagado $6000.00 PAGO IRREGULAR $121200.00 BALANCE ACTUAL
Agregado; 2025-10-23 16:23:57; Préstamo: 178 Pago de cliente: gricelida tavarez drullard Balance anterior $203000.00 Monto pagado $9000.00 PAGO IRREGULAR $203000.00 BALANCE ACTUAL
Agregado; 2025-10-23 16:24:27; Préstamo: 373 Pago de cliente: ramon garcia Balance anterior $142000.00 Monto pagado $7100.00 INTERES $142000.00 BALANCE ACTUAL
Agregado; 2025-10-23 16:24:44; Préstamo: 574 Pago de cliente: maria teresa javiar rodriguez Balance anterior $82000.00 Monto pagado $4100.00 INTERES $82000.00 BALANCE ACTUAL
Agregado; 2025-10-23 16:25:01; Préstamo: 615 Pago de cliente: lowels jhonson mejia Balance anterior $190000.00 Monto pagado $9500.00 INTERES $190000.00 BALANCE ACTUAL
Agregado; 2025-10-23 16:25:26; Préstamo: 648 Pago de cliente: CIRILA MARITZA BEATO SANTANA Balance anterior $100000.00 Monto pagado $5000.00 INTERES $100000.00 BALANCE ACTUAL
Agregado; 2025-10-23 16:27:04; Préstamo: 600 Pago de cliente: francisco paulino esteban Balance anterior $50000.00 Monto pagado $900.00 PAGO IRREGULAR $50000.00 BALANCE ACTUAL
Agregado; 2025-10-23 16:27:26; Préstamo: 518 Pago de cliente: roberto flores acosta Balance anterior $110000.00 Monto pagado $5500.00 INTERES $110000.00 BALANCE ACTUAL
Agregado; 2025-10-23 16:27:43; Préstamo: 526 Pago de cliente: sara felipe kery Balance anterior $53000.00 Monto pagado $2650.00 INTERES $53000.00 BALANCE ACTUAL
Agregado; 2025-10-23 16:28:11; Préstamo: 215 Pago de cliente: lisette zaiz ventura Balance anterior $248200.00 Monto pagado $8000 PAGO IRREGULAR $248200.00 BALANCE ACTUAL
Agregado; 2025-10-23 16:28:32; Préstamo: 498 Pago de cliente: felix alberto campo Balance anterior $110000.00 Monto pagado $5500.00 INTERES $110000.00 BALANCE ACTUAL
Agregado; 2025-10-23 16:28:51; Préstamo: 647 Pago de cliente: pedro castillo peralta Balance anterior $200000.00 Monto pagado $8000.00 INTERES $200000.00 BALANCE ACTUAL
Eliminado; 2025-10-23 16:29:04; Préstamo: 573 Cliente: pedro castillo peralta monto $181000.00 duración: 10 meses interes: 7240.00
Eliminado; 2025-10-23 16:29:04; Préstamo: 573 
Eliminado; 2025-10-23 16:29:04; amortización: 573 
Agregado; 2025-10-23 16:29:55; Préstamo: 597 Pago de cliente: yuderky ramona gama olivo Balance anterior $284000.00 Monto pagado $14200.00 INTERES $284000.00 BALANCE ACTUAL
Agregado; 2025-10-23 16:31:10; Préstamo: 596 Pago de cliente: lorenza maria jose avelino Balance anterior $240000.00 Monto pagado $9400 PAGO IRREGULAR $240000.00 BALANCE ACTUAL
Agregado; 2025-10-23 16:31:29; Préstamo: 598 Pago de cliente: nolberto joel lopez de jesus Balance anterior $79000.00 Monto pagado $3950.00 INTERES $79000.00 BALANCE ACTUAL
Agregado; 2025-10-23 16:31:57; Préstamo: 601 Pago de cliente: justo rafael dipuglia rosario Balance anterior $225500.00 Monto pagado $11275.00 INTERES $225500.00 BALANCE ACTUAL
Agregado; 2025-10-23 16:33:43; Préstamo: 425 Pago de cliente: jack michael morillo Balance anterior $194500.00 Monto pagado $1800.00 PAGO IRREGULAR $194500.00 BALANCE ACTUAL
Agregado; 2025-10-23 16:34:28; Préstamo: 427 Pago de cliente: celso garcia castillo Balance anterior $75000.00 Monto pagado $3750.00 INTERES $75000.00 BALANCE ACTUAL
Agregado; 2025-10-23 16:34:45; Préstamo: 341 Pago de cliente: alba caroligia hernandez rodriguez Balance anterior $392500.00 Monto pagado $15700.00 INTERES $392500.00 BALANCE ACTUAL
Agregado; 2025-10-23 16:35:02; Préstamo: 616 Pago de cliente: angel lorenzo breton castillo Balance anterior $160000.00 Monto pagado $8000.00 INTERES $160000.00 BALANCE ACTUAL
Agregado; 2025-10-23 16:35:52; Préstamo: 473 Pago de cliente: alexander reyes Balance anterior $85000.00 Monto pagado $4250.00 INTERES $85000.00 BALANCE ACTUAL
Agregado; 2025-10-23 16:36:14; Préstamo: 602 Pago de cliente: yngris mercedes brito Balance anterior $20000.00 Monto pagado $1000.00 INTERES $20000.00 BALANCE ACTUAL
Agregado; 2025-10-23 16:36:31; Préstamo: 588 Pago de cliente: martir carolina hernandez valdez Balance anterior $205000.00 Monto pagado $10250.00 INTERES $205000.00 BALANCE ACTUAL
Agregado; 2025-10-23 16:36:51; Préstamo: 587 Pago de cliente: amancia king green Balance anterior $30000.00 Monto pagado $1500.00 INTERES $30000.00 BALANCE ACTUAL
Agregado; 2025-10-23 16:37:08; Préstamo: 644 Pago de cliente: henry alexander mercedes cabrera Balance anterior $60000.00 Monto pagado $3000.00 INTERES $60000.00 BALANCE ACTUAL
Agregado; 2025-10-23 16:37:28; Préstamo: 481 Pago de cliente: marilyn antonia jimenez de santana Balance anterior $92000.00 Monto pagado $4600.00 INTERES $92000.00 BALANCE ACTUAL
Agregado; 2025-10-23 16:37:47; Préstamo: 618 Pago de cliente: eni maria reynoso aquino Balance anterior $100000.00 Monto pagado $5000.00 INTERES $100000.00 BALANCE ACTUAL
Agregado; 2025-10-23 16:38:15; Préstamo: 564 Pago de cliente: esperanza yanilca amparo castillo Balance anterior $172000.00 Monto pagado $8600.00 INTERES $172000.00 BALANCE ACTUAL
Agregado; 2025-10-23 16:38:43; Préstamo: 586 Pago de cliente: daniel gonzalez vasquez Balance anterior $100000.00 Monto pagado $5000.00 INTERES $100000.00 BALANCE ACTUAL
Agregado; 2025-10-23 16:39:04; Préstamo: 641 Pago de cliente: luz edith paredes garcia Balance anterior $150000.00 Monto pagado $7500.00 INTERES $150000.00 BALANCE ACTUAL
Agregado; 2025-10-23 16:40:06; Préstamo: 312 Pago de cliente: vianely trinidad paulino Balance anterior $15000.00 Monto pagado $750.00 INTERES $15000.00 BALANCE ACTUAL
Agregado; 2025-10-23 16:40:22; Préstamo: 627 Pago de cliente: irvin francisco de leon javier Balance anterior $200000.00 Monto pagado $10000.00 INTERES $200000.00 BALANCE ACTUAL
Agregado; 2025-10-23 16:40:36; Préstamo: 439 Pago de cliente: erika gonzalez ramirez Balance anterior $200000.00 Monto pagado $8000.00 INTERES $200000.00 BALANCE ACTUAL
Agregado; 2025-10-23 16:42:57; Préstamo: 112 Pago de cliente: ysidora altagracia minaya duran Balance anterior $387000.00 Monto pagado $8000.00 PAGO IRREGULAR $387000.00 BALANCE ACTUAL
Agregado; 2025-10-23 16:43:41; Préstamo: 653 Pago de cliente: Belkin marilin santiago de brito Balance anterior $100000.00 Monto pagado $5000.00 INTERES $100000.00 BALANCE ACTUAL
Agregado; 2025-10-23 16:44:00; Préstamo: 509 Pago de cliente: dannessa deyanara rodriguez Balance anterior $326000.00 Monto pagado $16300.00 INTERES $326000.00 BALANCE ACTUAL
Agregado; 2025-10-23 16:44:52; Préstamo: 634 Pago de cliente: edward alexander polanco alvarado Balance anterior $220000.00 Monto pagado $8800.00 INTERES $220000.00 BALANCE ACTUAL
Agregado; 2025-10-23 16:45:50; Préstamo: 415 Pago de cliente: dorothy cleopatra adolfina vanderhorst almeyda Balance anterior $335000.00 Monto pagado $14600.00 PAGO IRREGULAR $335000.00 BALANCE ACTUAL
Agregado; 2025-10-23 16:46:13; Préstamo: 575 Pago de cliente: maria yocasta tejada martinez de guzman Balance anterior $200000.00 Monto pagado $8000.00 INTERES $200000.00 BALANCE ACTUAL
Agregado; 2025-10-23 16:46:31; Préstamo: 622 Pago de cliente: masiell alejandra lopez gil Balance anterior $166000.00 Monto pagado $8300.00 INTERES $166000.00 BALANCE ACTUAL
Agregado; 2025-10-23 16:47:04; Préstamo: 612 Pago de cliente: raul caraballo liranzo Balance anterior $322000.00 Monto pagado $9500.00 PAGO IRREGULAR $322000.00 BALANCE ACTUAL
Agregado; 2025-10-23 16:47:25; Préstamo: 433 Pago de cliente: edilcia encarnacion encarnacion Balance anterior $160000.00 Monto pagado $8000.00 INTERES $160000.00 BALANCE ACTUAL
Agregado; 2025-10-23 16:47:47; Préstamo: 650 Pago de cliente: zenon osiris brito acosta Balance anterior $150000.00 Monto pagado $7500.00 INTERES $150000.00 BALANCE ACTUAL
Agregado; 2025-10-23 16:48:27; Préstamo: 332 Pago de cliente: ambiorix almanzar castro Balance anterior $215000.00 Monto pagado $10750.00 INTERES $215000.00 BALANCE ACTUAL
Agregado; 2025-10-23 16:48:53; Préstamo: 638 Pago de cliente: ana faustina faña gil Balance anterior $125000.00 Monto pagado $6000.00 PAGO IRREGULAR $125000.00 BALANCE ACTUAL
Agregado; 2025-10-23 16:49:07; Préstamo: 639 Pago de cliente: nery vianney garcia rodriguez Balance anterior $100000.00 Monto pagado $5000.00 INTERES $100000.00 BALANCE ACTUAL
Agregado; 2025-10-23 16:49:23; Préstamo: 557 Pago de cliente: alba gervancia de la cruz acosta Balance anterior $40000.00 Monto pagado $2000.00 INTERES $40000.00 BALANCE ACTUAL
Agregado; 2025-10-23 16:49:38; Préstamo: 512 Pago de cliente: maribel maria gil Balance anterior $100000.00 Monto pagado $10000.00 INTERES $100000.00 BALANCE ACTUAL
Agregado; 2025-10-23 16:49:52; Préstamo: 483 Pago de cliente: gloria tatiana fermin de la rosa Balance anterior $200000.00 Monto pagado $10000.00 INTERES $200000.00 BALANCE ACTUAL
Agregado; 2025-10-23 18:51:19; Nuevo préstamo cliente: henry alexander mercedes cabrera  monto prestado $120000 duración: 10 meses interes: 6000
