Agregado; 2026-01-24 13:44:20; Préstamo: 623 Adicional al capital, cliente:  $10000
Agregado; 2026-01-24 14:22:11; Préstamo: 665 Adicional al capital, cliente:  $3000
Eliminado; 2026-01-24 14:26:16; Préstamo: 623 Adicional del cliente: ana cristina maloon echavarria monto ADICIONAL $10000
Eliminado; 2026-01-24 14:26:16; adicional del présamo: 623 
Actualizado; 2026-01-24 14:26:16; Préstamo: 623 
Eliminado; 2026-01-24 14:26:16; Préstamo:  Adicional del cliente:  monto  $
Eliminado; 2026-01-24 14:26:16; adicional del présamo:  
Actualizado; 2026-01-24 14:26:16; Préstamo:  
Agregado; 2026-01-24 14:26:31; Préstamo: 623 Pago de cliente: ana cristina maloon echavarria Balance anterior $174600.00 Monto pagado $8730.00 INTERES $174600.00 BALANCE ACTUAL
Agregado; 2026-01-24 14:26:55; Préstamo: 623 Adicional al capital, cliente:  $10000
Agregado; 2026-01-24 14:27:21; Préstamo: 696 Pago de cliente: natividad maldonado de los santos Balance anterior $100000.00 Monto pagado $4000.00 INTERES $100000.00 BALANCE ACTUAL
Agregado; 2026-01-24 14:27:54; Préstamo: 678 Pago de cliente: eugenio ernesto marchena fermin Balance anterior $261400.00 Monto pagado $11400.00 PAGO IRREGULAR $261400.00 BALANCE ACTUAL
Agregado; 2026-01-24 14:38:36; Préstamo: 636 Pago de cliente: dionisio castillo lora Balance anterior $240000.00 Monto pagado $9600.00 INTERES $240000.00 BALANCE ACTUAL
Agregado; 2026-01-24 14:40:17; Préstamo: 556 Pago de cliente: pedro pablo valdez sanchez Balance anterior $321000.00 Monto pagado $15300.00 PAGO IRREGULAR $321000.00 BALANCE ACTUAL
Agregado; 2026-01-24 14:40:49; Préstamo: 694 Pago de cliente: jose lucas de jesus rodriguez Balance anterior $160000.00 Monto pagado $6400.00 INTERES $160000.00 BALANCE ACTUAL
Agregado; 2026-01-24 14:41:22; Préstamo: 535 Pago de cliente: jose francisco lopez fermin Balance anterior $150000.00 Monto pagado $7300.00 PAGO IRREGULAR $150000.00 BALANCE ACTUAL
Agregado; 2026-01-24 14:42:19; Préstamo: 645 Pago de cliente: aracelis jimenez peña de hernandez Balance anterior $181500.00 Monto pagado $9075.00 INTERES $181500.00 BALANCE ACTUAL
Agregado; 2026-01-24 14:42:56; Préstamo: 558 Pago de cliente: claribel altagracia mendoza hernandez Balance anterior $123100.00 Monto pagado $6155.00 INTERES $123100.00 BALANCE ACTUAL
Agregado; 2026-01-24 14:43:31; Préstamo: 683 Pago de cliente: alfonso hiciano laureano Balance anterior $150000.00 Monto pagado $7500.00 INTERES $150000.00 BALANCE ACTUAL
Agregado; 2026-01-24 14:45:58; Préstamo: 681 Pago de cliente: epifanio cortorreal balbuena Balance anterior $340000.00 Monto pagado $17000.00 INTERES $340000.00 BALANCE ACTUAL
Agregado; 2026-01-24 14:49:39; Préstamo: 643 Pago de cliente: nidia elsa ramona oller javier Balance anterior $150000.00 Monto pagado $7500.00 INTERES $150000.00 BALANCE ACTUAL
Agregado; 2026-01-24 14:53:04; Préstamo: 127 Pago de cliente: ligia maria dolores alvarado de pereyra Balance anterior $212000.00 Monto pagado $10600.00 INTERES $212000.00 BALANCE ACTUAL
Agregado; 2026-01-24 14:57:34; Préstamo: 378 Pago de cliente: marcia martinez y adames de ferrera Balance anterior $212000.00 Monto pagado $7500.00 PAGO IRREGULAR $212000.00 BALANCE ACTUAL
Agregado; 2026-01-24 14:58:24; Préstamo: 592 Pago de cliente: rafael guzman ragalado Balance anterior $106000.00 Monto pagado $5300.00 INTERES $106000.00 BALANCE ACTUAL
Agregado; 2026-01-24 14:58:50; Préstamo: 689 Pago de cliente: pedro garcia reyes Balance anterior $120000.00 Monto pagado $4800.00 INTERES $120000.00 BALANCE ACTUAL
Agregado; 2026-01-24 14:59:44; Préstamo: 676 Pago de cliente: tomas garcia rodriguez Balance anterior $271000.00 Monto pagado $10840.00 INTERES $271000.00 BALANCE ACTUAL
Agregado; 2026-01-24 15:00:08; Préstamo: 477 Pago de cliente: jose miguel ozoria acosta Balance anterior $204000.00 Monto pagado $10200.00 INTERES $204000.00 BALANCE ACTUAL
Agregado; 2026-01-24 15:01:23; Préstamo: 679 Pago de cliente: ana maria gonzalez peña Balance anterior $189000.00 Monto pagado $9450.00 INTERES $189000.00 BALANCE ACTUAL
Agregado; 2026-01-24 15:08:08; Préstamo: 527 Pago de cliente: colombino mata juma Balance anterior $127000.00 Monto pagado $6350.00 INTERES $127000.00 BALANCE ACTUAL
Agregado; 2026-01-24 15:09:32; Préstamo: 670 Pago de cliente: miguel hilario pichardo Balance anterior $230000.00 Monto pagado $11500.00 INTERES $230000.00 BALANCE ACTUAL
Agregado; 2026-01-24 15:10:10; Préstamo: 656 Pago de cliente: mercedes muñoz rodriguez de breton Balance anterior $300000.00 Monto pagado $15000.00 INTERES $300000.00 BALANCE ACTUAL
Agregado; 2026-01-24 15:10:55; Préstamo: 589 Pago de cliente: modesta crecencia paredes pierrot Balance anterior $255400.00 Monto pagado $10216.00 INTERES $255400.00 BALANCE ACTUAL
Agregado; 2026-01-24 15:11:40; Préstamo: 605 Pago de cliente: ana rosa paredes liriano Balance anterior $120000.00 Monto pagado $6000.00 INTERES $120000.00 BALANCE ACTUAL
Agregado; 2026-01-24 15:12:08; Préstamo: 486 Pago de cliente: belgica acosta de fernandez Balance anterior $100000.00 Monto pagado $5000.00 INTERES $100000.00 BALANCE ACTUAL
Agregado; 2026-01-24 15:14:27; Préstamo: 665 Pago de cliente: modesto gonzalez lopez Balance anterior $265000.00 Monto pagado $9300.00 PAGO IRREGULAR $265000.00 BALANCE ACTUAL
Agregado; 2026-01-24 15:15:08; Préstamo: 677 Pago de cliente: leoncia de jesus adames Balance anterior $200000.00 Monto pagado $10000.00 INTERES $200000.00 BALANCE ACTUAL
Agregado; 2026-01-24 15:16:29; Préstamo: 625 Pago de cliente: luz estel palomino de capois Balance anterior $125000.00 Monto pagado $5000.00 INTERES $125000.00 BALANCE ACTUAL
Agregado; 2026-01-24 15:16:56; Préstamo: 463 Pago de cliente: amarilis lora alonzo de capellan Balance anterior $100000.00 Monto pagado $5000.00 INTERES $100000.00 BALANCE ACTUAL
Agregado; 2026-01-24 15:17:35; Préstamo: 595 Pago de cliente: carmen lopez fermin Balance anterior $115000.00 Monto pagado $5750.00 INTERES $115000.00 BALANCE ACTUAL
