Agregado; 2025-12-23 13:23:14; Préstamo: 594 Adicional al capital, cliente:  $10000
Agregado; 2025-12-23 13:42:11; Préstamo: 680 Adicional al capital, cliente:  $10000
Agregado; 2025-12-23 13:45:06; Préstamo: 678 Adicional al capital, cliente:  $8000
Agregado; 2025-12-23 13:48:34; Préstamo: 481 Adicional al capital, cliente:  $30000
Agregado; 2025-12-23 13:53:41; Préstamo: 215 Adicional al capital, cliente:  $15000
Agregado; 2025-12-23 13:54:28; Préstamo: 526 Adicional al capital, cliente:  $15000
Agregado; 2025-12-23 13:58:18; Préstamo: 651 Adicional al capital, cliente:  $20000
Agregado; 2025-12-23 14:29:22; Préstamo: 369 Adicional al capital, cliente:  $15000
Agregado; 2025-12-23 14:57:38; Préstamo: 617 Adicional al capital, cliente:  $12000
Agregado; 2025-12-23 15:09:05; Préstamo: 425 Adicional al capital, cliente:  $5000
Agregado; 2025-12-23 15:18:34; Préstamo: 679 Adicional al capital, cliente:  $4000
Agregado; 2025-12-23 15:36:37; Nuevo préstamo cliente: yuderky ramona gama olivo monto prestado $316000 duración: 10 meses interes: 15800
Agregado; 2025-12-23 15:45:41; Préstamo: 127 Adicional al capital, cliente:  $5000
Eliminado; 2025-12-23 15:51:37; Préstamo: 127 Adicional del cliente: ligia maria dolores alvarado de pereyra monto ADICIONAL $5000
Eliminado; 2025-12-23 15:51:37; adicional del présamo: 127 
Actualizado; 2025-12-23 15:51:37; Préstamo: 127 
Eliminado; 2025-12-23 15:51:37; Préstamo:  Adicional del cliente:  monto  $
Eliminado; 2025-12-23 15:51:37; adicional del présamo:  
Actualizado; 2025-12-23 15:51:37; Préstamo:  
Agregado; 2025-12-23 15:51:53; Préstamo: 127 Adicional al capital, cliente:  $7000
Agregado; 2025-12-23 16:26:38; Préstamo: 455 Adicional al capital, cliente:  $5000
