Agregado; 2024-07-23 13:37:47; Préstamo: 363 Adicional al capital, cliente:  $15000
Actualizado; 2024-07-23 13:38:05; Préstamo cliente: porfiria ramona ozoria mejia monto prestado $67500.00 duración: 1 mes interes: 4125
Agregado; 2024-07-23 13:52:46; Préstamo: 423 Pago de cliente: antonia penzo ozoria Balance anterior $50000.00 Monto pagado $2500.00 INTERES $50000.00 BALANCE ACTUAL
Agregado; 2024-07-23 13:53:06; Préstamo: 427 Pago de cliente: celso garcia castillo Balance anterior $50000.00 Monto pagado $2500.00 INTERES $50000.00 BALANCE ACTUAL
Agregado; 2024-07-23 13:53:23; Préstamo: 159 Pago de cliente: yovanni acosta  garcia de frias Balance anterior $35000.00 Monto pagado $1750.00 INTERES $35000.00 BALANCE ACTUAL
Eliminado; 2024-07-23 13:54:23; Préstamo: 159 Cliente: yovanni acosta  garcia de frias monto $35000.00 duración: 10 meses interes: 1750.00
Eliminado; 2024-07-23 13:54:23; Préstamo: 159 
Eliminado; 2024-07-23 13:54:23; amortización: 159 
Agregado; 2024-07-23 13:54:56; Nuevo préstamo cliente: yovanni acosta  garcia de frias monto prestado $35000 duración: 10 meses interes: 1750
Agregado; 2024-07-23 13:55:42; Préstamo: 413 Pago de cliente: yovanni acosta  garcia de frias Balance anterior $50000.00 Monto pagado $2500.00 INTERES $50000.00 BALANCE ACTUAL
Agregado; 2024-07-23 13:56:01; Préstamo: 307 Pago de cliente: luz estel palomino de capois Balance anterior $50000.00 Monto pagado $2000.00 INTERES $50000.00 BALANCE ACTUAL
Agregado; 2024-07-23 13:56:33; Préstamo: 303 Pago de cliente: erika gonzalez ramirez Balance anterior $190500.00 Monto pagado $9200 PAGO IRREGULAR $190500.00 BALANCE ACTUAL
Agregado; 2024-07-23 13:56:57; Préstamo: 415 Pago de cliente: dorothy cleopatra adolfina vanderhorst almeyda Balance anterior $255000.00 Monto pagado $12750.00 INTERES $255000.00 BALANCE ACTUAL
Agregado; 2024-07-23 13:59:29; Préstamo: 411 Pago de cliente: dannessa deyanara rodriguez Balance anterior $327000.00 Monto pagado $15900 PAGO IRREGULAR $327000.00 BALANCE ACTUAL
Agregado; 2024-07-23 14:00:28; Préstamo: 313 Pago de cliente: enrique perez peña Balance anterior $147000.00 Monto pagado $7350.00 INTERES $147000.00 BALANCE ACTUAL
Agregado; 2024-07-23 14:00:28; Préstamo: 313 Abono pago irregular - cliente: enrique perez peña $3950 PAGO IRREGULAR $147000.00 BALANCE ACTUAL
Agregado; 2024-07-23 14:01:23; Préstamo: 432 Pago de cliente: raul caraballo liranzo Balance anterior $130000.00 Monto pagado $7250.00 INTERES $130000.00 BALANCE ACTUAL
Agregado; 2024-07-23 14:01:41; Préstamo: 87 Pago de cliente: rafael regalado del orbe Balance anterior $115000.00 Monto pagado $5750.00 INTERES $115000.00 BALANCE ACTUAL
Agregado; 2024-07-23 14:02:05; Préstamo: 361 Pago de cliente: orlando nuñez sanchez Balance anterior $135000.00 Monto pagado $6750.00 INTERES $135000.00 BALANCE ACTUAL
Agregado; 2024-07-23 14:02:44; Préstamo: 205 Pago de cliente: gloria tatiana fermin de la rosa Balance anterior $99000.00 Monto pagado $4350.00 INTERES $99000.00 BALANCE ACTUAL
Agregado; 2024-07-23 14:03:33; Préstamo: 111 Pago de cliente: edward alexander polanco alvarado Balance anterior $187000.00 Monto pagado $6000 PAGO IRREGULAR $187000.00 BALANCE ACTUAL
Agregado; 2024-07-23 14:06:04; Préstamo: 372 Pago de cliente: yuderky ramona gama olivo Balance anterior $150500.00 Monto pagado $7525.00 INTERES $150500.00 BALANCE ACTUAL
Agregado; 2024-07-23 14:07:17; Préstamo: 422 Pago de cliente: ruddy morales fernandez Balance anterior $15000.00 Monto pagado $7500.00 INTERES $15000.00 BALANCE ACTUAL
Agregado; 2024-07-23 14:08:09; Préstamo: 85 Pago de cliente: francisco lopez cross Balance anterior $200000.00 Monto pagado $10000.00 INTERES $200000.00 BALANCE ACTUAL
Agregado; 2024-07-23 14:08:50; Préstamo: 318 Pago de cliente: masiell alejandra lopez gil Balance anterior $96000.00 Monto pagado $4800.00 INTERES $96000.00 BALANCE ACTUAL
Agregado; 2024-07-23 14:10:49; Préstamo: 176 Pago de cliente: ana maria gonzalez peña Balance anterior $211000.00 Monto pagado $10550.00 INTERES $211000.00 BALANCE ACTUAL
Agregado; 2024-07-23 14:11:17; Préstamo: 408 Pago de cliente: leoncia de jesus adames Balance anterior $180000.00 Monto pagado $9000.00 INTERES $180000.00 BALANCE ACTUAL
Agregado; 2024-07-23 14:11:59; Préstamo: 238 Pago de cliente: nolberto joel lopez de jesus Balance anterior $110500.00 Monto pagado $5525.00 INTERES $110500.00 BALANCE ACTUAL
Agregado; 2024-07-23 14:12:22; Préstamo: 429 Pago de cliente: maribel maria gil Balance anterior $165000.00 Monto pagado $8250.00 INTERES $165000.00 BALANCE ACTUAL
Agregado; 2024-07-23 14:12:36; Préstamo: 329 Pago de cliente: angel lorenzo breton castillo Balance anterior $80000.00 Monto pagado $4000.00 INTERES $80000.00 BALANCE ACTUAL
Agregado; 2024-07-23 14:13:05; Préstamo: 351 Pago de cliente: rosa lidia paredes miguel Balance anterior $135850.00 Monto pagado $7500.00 INTERES $135850.00 BALANCE ACTUAL
Agregado; 2024-07-23 14:13:26; Préstamo: 395 Pago de cliente: colombino mata juma Balance anterior $164500.00 Monto pagado $8225.00 INTERES $164500.00 BALANCE ACTUAL
Agregado; 2024-07-23 14:13:56; Préstamo: 163 Pago de cliente: yulizan encarnacion crooke Balance anterior $80000.00 Monto pagado $4000.00 INTERES $80000.00 BALANCE ACTUAL
Agregado; 2024-07-23 14:14:14; Préstamo: 174 Pago de cliente: jesus de la cruz amparo Balance anterior $20000.00 Monto pagado $1000.00 INTERES $20000.00 BALANCE ACTUAL
Agregado; 2024-07-23 14:15:04; Préstamo: 392 Pago de cliente: juana  yesenia facenda hernandez Balance anterior $40000.00 Monto pagado $2000.00 INTERES $40000.00 BALANCE ACTUAL
Agregado; 2024-07-23 14:15:16; Préstamo: 201 Pago de cliente: martir carolina hernandez valdez Balance anterior $140000.00 Monto pagado $7000.00 INTERES $140000.00 BALANCE ACTUAL
Agregado; 2024-07-23 14:15:27; Préstamo: 335 Pago de cliente: ariel augusto de la cruz guzman Balance anterior $50000.00 Monto pagado $2500.00 INTERES $50000.00 BALANCE ACTUAL
Agregado; 2024-07-23 14:15:36; Préstamo: 306 Pago de cliente: winny esther mercado palomino Balance anterior $120000.00 Monto pagado $4800.00 INTERES $120000.00 BALANCE ACTUAL
Agregado; 2024-07-23 14:16:36; Préstamo: 420 Pago de cliente: justo rafael dipuglia rosario Balance anterior $60000.00 Monto pagado $3000.00 INTERES $60000.00 BALANCE ACTUAL
Agregado; 2024-07-23 14:17:22; Préstamo: 407 Pago de cliente: alciviades paredes javier Balance anterior $150000.00 Monto pagado $7500.00 INTERES $150000.00 BALANCE ACTUAL
Agregado; 2024-07-23 14:17:52; Préstamo: 135 Pago de cliente: mily cuevas sosa Balance anterior $184000.00 Monto pagado $9200.00 INTERES $184000.00 BALANCE ACTUAL
Agregado; 2024-07-23 14:17:52; Préstamo: 135 Abono pago irregular - cliente: mily cuevas sosa $800 PAGO IRREGULAR $184000.00 BALANCE ACTUAL
Agregado; 2024-07-23 14:18:22; Préstamo: 191 Pago de cliente: esperanza yanilca amparo castillo Balance anterior $132000.00 Monto pagado $6600.00 INTERES $132000.00 BALANCE ACTUAL
Agregado; 2024-07-23 14:18:22; Préstamo: 191 Abono pago irregular - cliente: esperanza yanilca amparo castillo $800 PAGO IRREGULAR $132000.00 BALANCE ACTUAL
Agregado; 2024-07-23 14:18:55; Préstamo: 283 Pago de cliente: altagracia de la rosa castillo Balance anterior $51000.00 Monto pagado $2550.00 INTERES $51000.00 BALANCE ACTUAL
Agregado; 2024-07-23 14:18:55; Préstamo: 283 Abono pago irregular - cliente: altagracia de la rosa castillo $800 PAGO IRREGULAR $51000.00 BALANCE ACTUAL
Agregado; 2024-07-23 14:19:14; Préstamo: 362 Pago de cliente: jorge luis cepeda martinez Balance anterior $232000.00 Monto pagado $11600.00 INTERES $232000.00 BALANCE ACTUAL
Agregado; 2024-07-23 14:20:45; Préstamo: 430 Pago de cliente: santo benigno rosario Balance anterior $200000.00 Monto pagado $10000.00 INTERES $200000.00 BALANCE ACTUAL
Agregado; 2024-07-23 14:21:10; Préstamo: 393 Pago de cliente: yoseli pamela calcaño lopez Balance anterior $200000.00 Monto pagado $10000.00 INTERES $200000.00 BALANCE ACTUAL
Agregado; 2024-07-23 14:22:08; Préstamo: 383 Pago de cliente: juan alfonso concepcion vazquez Balance anterior $225500.00 Monto pagado $11275.00 INTERES $225500.00 BALANCE ACTUAL
Agregado; 2024-07-23 14:30:21; Préstamo: 341 Adicional al capital, cliente:  $35000
Eliminado; 2024-07-23 14:32:31; Préstamo: 341 Adicional del cliente: alba caroligia hernandez rodriguez  monto ADICIONAL $35000
Eliminado; 2024-07-23 14:32:31; adicional del présamo: 341 
Actualizado; 2024-07-23 14:32:31; Préstamo: 341 
Eliminado; 2024-07-23 14:32:31; Préstamo:  Adicional del cliente:  monto  $
Eliminado; 2024-07-23 14:32:31; adicional del présamo:  
Actualizado; 2024-07-23 14:32:31; Préstamo:  
Agregado; 2024-07-23 14:33:36; Préstamo: 341 Adicional al capital, cliente:  $35000
Eliminado; 2024-07-23 14:35:45; Préstamo:  Adicional del cliente:  monto  $
Eliminado; 2024-07-23 14:35:45; adicional del présamo:  
Actualizado; 2024-07-23 14:35:45; Préstamo:  
Eliminado; 2024-07-23 14:35:45; Préstamo: 341 Adicional del cliente: alba caroligia hernandez rodriguez  monto ADICIONAL $35000
Eliminado; 2024-07-23 14:35:45; adicional del présamo: 341 
Actualizado; 2024-07-23 14:35:45; Préstamo: 341 
Agregado; 2024-07-23 14:35:54; Préstamo: 341 Adicional al capital, cliente:  $42500
Actualizado; 2024-07-23 14:36:13; Préstamo cliente: alba caroligia hernandez rodriguez  monto prestado $350000.00 duración: 10 meses interes: 15700
Agregado; 2024-07-23 14:36:21; Préstamo: 341 Pago de cliente: alba caroligia hernandez rodriguez Balance anterior $392500.00 Monto pagado $15700.00 INTERES $392500.00 BALANCE ACTUAL
Agregado; 2024-07-23 14:36:44; Préstamo: 412 Pago de cliente: roberto flores acosta Balance anterior $50000.00 Monto pagado $2500.00 INTERES $50000.00 BALANCE ACTUAL
Agregado; 2024-07-23 14:41:28; Préstamo: 332 Pago de cliente: ambiorix almanzar castro Balance anterior $175000.00 Monto pagado $8100 PAGO IRREGULAR $175000.00 BALANCE ACTUAL
Agregado; 2024-07-23 14:42:11; Préstamo: 152 Pago de cliente: rhoneer guzman ozoria Balance anterior $214000.00 Monto pagado $10700.00 INTERES $214000.00 BALANCE ACTUAL
Agregado; 2024-07-23 14:42:52; Préstamo: 409 Pago de cliente: roberto hernandez sanchez Balance anterior $175000.00 Monto pagado $8750.00 INTERES $175000.00 BALANCE ACTUAL
Agregado; 2024-07-23 14:43:19; Préstamo: 404 Pago de cliente: emilia almanzar de la cruz Balance anterior $130000.00 Monto pagado $6500.00 INTERES $130000.00 BALANCE ACTUAL
Agregado; 2024-07-23 14:43:44; Préstamo: 346 Pago de cliente: alba gervancia de la cruz acosta Balance anterior $80000.00 Monto pagado $4000.00 INTERES $80000.00 BALANCE ACTUAL
Agregado; 2024-07-23 14:44:33; Préstamo: 338 Pago de cliente: timmy daniel martinez vilorio Balance anterior $155000.00 Monto pagado $6600 PAGO IRREGULAR $155000.00 BALANCE ACTUAL
Agregado; 2024-07-23 14:45:24; Préstamo: 312 Pago de cliente: vianely trinidad paulino Balance anterior $15000.00 Monto pagado $750.00 INTERES $15000.00 BALANCE ACTUAL
Agregado; 2024-07-23 14:47:29; Préstamo: 348 Pago de cliente: yesenia de los santos marte Balance anterior $226850.00 Monto pagado $12050.00 INTERES $226850.00 BALANCE ACTUAL
Agregado; 2024-07-23 14:47:48; Préstamo: 371 Pago de cliente: nestor pablo perreaux hernandez Balance anterior $217000.00 Monto pagado $4000 PAGO IRREGULAR $217000.00 BALANCE ACTUAL
Agregado; 2024-07-23 14:48:27; Préstamo: 178 Pago de cliente: gricelida tavarez drullard Balance anterior $196000.00 Monto pagado $9600.00 PAGO IRREGULAR $196000.00 BALANCE ACTUAL
Actualizado; 2024-07-23 14:48:42; Préstamo cliente: marilyn antonia jimenez de santana  monto prestado $100000.00 duración: 10 meses interes: 6500
Agregado; 2024-07-23 14:48:50; Préstamo: 202 Pago de cliente: marilyn antonia jimenez de santana Balance anterior $130000.00 Monto pagado $6500.00 INTERES $130000.00 BALANCE ACTUAL
Agregado; 2024-07-23 14:49:59; Préstamo: 269 Pago de cliente: basilia rodriguez altagracia Balance anterior $285000.00 Monto pagado $14250.00 INTERES $285000.00 BALANCE ACTUAL
Agregado; 2024-07-23 14:50:24; Préstamo: 428 Pago de cliente: josefina rojas mercedes de garcia Balance anterior $40000.00 Monto pagado $2000.00 INTERES $40000.00 BALANCE ACTUAL
Agregado; 2024-07-23 14:50:55; Préstamo: 112 Pago de cliente: ysidora altagracia minaya duran Balance anterior $387000.00 Monto pagado $8000 PAGO IRREGULAR $387000.00 BALANCE ACTUAL
Agregado; 2024-07-23 14:51:31; Préstamo: 369 Pago de cliente: marino candelario compres Balance anterior $137000.00 Monto pagado $6850.00 INTERES $137000.00 BALANCE ACTUAL
Agregado; 2024-07-23 14:52:49; Préstamo: 324 Pago de cliente: luisa yanelsi then molina Balance anterior $160000.00 Monto pagado $5000 PAGO IRREGULAR $160000.00 BALANCE ACTUAL
Agregado; 2024-07-23 14:53:45; Préstamo: 425 Pago de cliente: jack michael morillo Balance anterior $178500.00 Monto pagado $7140.00 INTERES $178500.00 BALANCE ACTUAL
Agregado; 2024-07-23 14:54:54; Préstamo: 417 Pago de cliente: alexander reyes Balance anterior $75000.00 Monto pagado $3750.00 INTERES $75000.00 BALANCE ACTUAL
Agregado; 2024-07-23 14:55:13; Préstamo: 137 Pago de cliente: ramon quiro melo Balance anterior $90000.00 Monto pagado $4500.00 INTERES $90000.00 BALANCE ACTUAL
Agregado; 2024-07-23 14:56:10; Préstamo: 433 Pago de cliente: edilcia encarnacion encarnacion Balance anterior $100000.00 Monto pagado $5000.00 INTERES $100000.00 BALANCE ACTUAL
Agregado; 2024-07-23 14:56:34; Préstamo: 373 Pago de cliente: ramon garcia Balance anterior $100000.00 Monto pagado $5000.00 INTERES $100000.00 BALANCE ACTUAL
Agregado; 2024-07-23 14:57:02; Préstamo: 363 Pago de cliente: porfiria ramona ozoria mejia Balance anterior $82500.00 Monto pagado $4125.00 INTERES $82500.00 BALANCE ACTUAL
Agregado; 2024-07-23 14:58:01; Préstamo: 391 Pago de cliente: modesto gonzalez lopez Balance anterior $131500.00 Monto pagado $6575.00 INTERES $131500.00 BALANCE ACTUAL
Agregado; 2024-07-23 15:00:11; Préstamo: 426 Pago de cliente: delva altagracia vanderhorst almeyda Balance anterior $115000.00 Monto pagado $4600.00 INTERES $115000.00 BALANCE ACTUAL
Agregado; 2024-07-23 15:00:14; Préstamo: 426 Pago de cliente: delva altagracia vanderhorst almeyda Balance anterior $115000.00 Monto pagado $4600.00 INTERES $115000.00 BALANCE ACTUAL
Agregado; 2024-07-23 15:00:45; Préstamo: 436 Pago de cliente: sebastiana tirado melo Balance anterior $64000.00 Monto pagado $3200.00 INTERES $64000.00 BALANCE ACTUAL
Agregado; 2024-07-23 15:44:00; Préstamo: 345 Pago de cliente: nicaurys fermin fermin Balance anterior $260000.00 Monto pagado $10000 PAGO IRREGULAR $260000.00 BALANCE ACTUAL
Agregado; 2024-07-23 15:44:12; Préstamo: 377 Pago de cliente: brahian canot Balance anterior $150000.00 Monto pagado $7500.00 INTERES $150000.00 BALANCE ACTUAL
Agregado; 2024-07-23 15:44:24; Préstamo: 215 Pago de cliente: lisette zaiz ventura Balance anterior $237200.00 Monto pagado $5000 PAGO IRREGULAR $237200.00 BALANCE ACTUAL
Agregado; 2024-07-23 16:07:52; Préstamo: 423 Abono al capital de cliente: antonia penzo ozoria $50000 
Actualizado; 2024-07-23 16:51:14; Préstamo cliente: hector bienvenido maria liranzo  monto prestado $150000.00 duración: 10 meses interes: 8000
Agregado; 2024-07-23 19:12:27; Préstamo: 252 Pago de cliente: lorenza maria jose avelino Balance anterior $185850.00 Monto pagado $10000.00 INTERES $185850.00 BALANCE ACTUAL
Actualizado; 2024-07-23 19:39:42; Préstamo cliente: raul caraballo liranzo monto prestado $145000.00 duración: 10 meses interes: 7250
