Agregado; 2024-06-29 13:24:38; Nuevo préstamo cliente: celso garcia castillo monto prestado $50000 duración: 10 meses interes: 2500
Agregado; 2024-06-29 13:28:33; Nuevo préstamo cliente: josefina rojas mercedes de garcia monto prestado $40000 duración: 10 meses interes: 2000
Actualizado; 2024-06-29 13:30:22; Préstamo cliente: celso garcia castillo monto prestado $50000.00 duración: 10 meses interes: 2500
Eliminado; 2024-06-29 13:56:05; Préstamo: 419 Cliente: luisa kery monto $100000.00 duración: 10 meses interes: 5000.00
Eliminado; 2024-06-29 13:56:05; Préstamo: 419 
Eliminado; 2024-06-29 13:56:05; amortización: 419 
Actualizado; 2024-06-29 13:56:27; Préstamo cliente: luisa kery monto prestado $170000.00 duración: 10 meses interes: 8500
Agregado; 2024-06-29 14:33:57; Nuevo préstamo cliente: maribel maria gil monto prestado $165000 duración: 10 meses interes: 8250
Eliminado; 2024-06-29 14:39:25; Préstamo: 325 Cliente: maribel maria gil monto $115000.00 duración: 10 meses interes: 5750.00
Eliminado; 2024-06-29 14:39:25; Préstamo: 325 
Eliminado; 2024-06-29 14:39:25; amortización: 325 
Actualizado; 2024-06-29 14:43:25; Préstamo cliente: eugenio ernesto marchena fermin monto prestado $100000.00 duración: 10 meses interes: 5000
Actualizado; 2024-06-29 14:45:44; Préstamo cliente: elisabeth serrano monto prestado $50000.00 duración: 10 meses interes: 3000
Agregado; 2024-06-29 14:59:44; Préstamo: 364 Adicional al capital, cliente:  $15000
Agregado; 2024-06-29 15:00:41; Préstamo: 205 Adicional al capital, cliente:  $15000
Actualizado; 2024-06-29 15:30:43; Préstamo cliente: luisa yanelsi then molina monto prestado $160000.00 duración: 10 meses interes: 8000
Actualizado; 2024-06-29 15:40:37; Préstamo cliente: rafael guzman ragalado monto prestado $50000.00 duración: 10 meses interes: 3500
Actualizado; 2024-06-29 15:53:22; Préstamo cliente: modesto gonzalez lopez monto prestado $131500.00 duración: 10 meses interes: 6575
Agregado; 2024-06-29 17:22:20; Préstamo: 330 Pago de cliente: juan carlos medina osorio Balance anterior $160000.00 Monto pagado $4000.00 INTERES $160000.00 BALANCE ACTUAL
Agregado; 2024-06-29 17:22:51; Préstamo: 279 Pago de cliente: perla massiel acosta faña Balance anterior $100000.00 Monto pagado $2500.00 INTERES $100000.00 BALANCE ACTUAL
