Agregado; 2025-04-21 14:15:42; Préstamo: 532 Pago de cliente: hugo rodriguez Balance anterior $205500.00 Monto pagado $10275.00 INTERES $205500.00 BALANCE ACTUAL
Agregado; 2025-04-21 14:16:09; Préstamo: 541 Pago de cliente: ana cristina maloon echavarria Balance anterior $168000.00 Monto pagado $8400.00 INTERES $168000.00 BALANCE ACTUAL
Agregado; 2025-04-21 14:16:37; Préstamo: 378 Pago de cliente: marcia martinez y adames de ferrera Balance anterior $212000.00 Monto pagado $8100.00 PAGO IRREGULAR $212000.00 BALANCE ACTUAL
Agregado; 2025-04-21 14:17:33; Préstamo: 519 Pago de cliente: modesta crecencia paredes pierrot Balance anterior $137000.00 Monto pagado $5480.00 INTERES $137000.00 BALANCE ACTUAL
Agregado; 2025-04-21 14:18:05; Préstamo: 535 Pago de cliente: jose francisco lopez fermin Balance anterior $150000.00 Monto pagado $7200.00 PAGO IRREGULAR $150000.00 BALANCE ACTUAL
Agregado; 2025-04-21 14:18:58; Préstamo: 463 Pago de cliente: amarilis lora alonzo de capellan Balance anterior $100000.00 Monto pagado $5000.00 INTERES $100000.00 BALANCE ACTUAL
Agregado; 2025-04-21 14:19:17; Préstamo: 486 Pago de cliente: belgica acosta de fernandez Balance anterior $100000.00 Monto pagado $5000.00 INTERES $100000.00 BALANCE ACTUAL
Agregado; 2025-04-21 14:19:38; Préstamo: 408 Pago de cliente: leoncia de jesus adames Balance anterior $180000.00 Monto pagado $9000.00 INTERES $180000.00 BALANCE ACTUAL
Agregado; 2025-04-21 14:20:03; Préstamo: 437 Pago de cliente: eugenio ernesto marchena fermin Balance anterior $185000.00 Monto pagado $9250.00 INTERES $185000.00 BALANCE ACTUAL
Agregado; 2025-04-21 14:20:35; Préstamo: 524 Pago de cliente: natividad maldonado de los santos Balance anterior $244700.00 Monto pagado $11300.00 PAGO IRREGULAR $244700.00 BALANCE ACTUAL
Agregado; 2025-04-21 14:21:10; Préstamo: 424 Pago de cliente: luisa kery Balance anterior $120000.00 Monto pagado $4300 PAGO IRREGULAR $120000.00 BALANCE ACTUAL
Agregado; 2025-04-21 14:21:32; Préstamo: 388 Pago de cliente: dulce maria olivo cheriz Balance anterior $160000.00 Monto pagado $8000.00 INTERES $160000.00 BALANCE ACTUAL
Actualizado; 2025-04-21 14:23:13; Préstamo cliente: pedro pablo valdez sanchez monto prestado $316000.00 duración: 10 meses interes: 15800
Agregado; 2025-04-21 14:23:55; Préstamo: 556 Pago de cliente: pedro pablo valdez sanchez Balance anterior $316000.00 Monto pagado $9100.00 PAGO IRREGULAR $316000.00 BALANCE ACTUAL
Agregado; 2025-04-21 14:25:00; Préstamo: 525 Pago de cliente: rafael guzman ragalado Balance anterior $161000.00 Monto pagado $7800.00 PAGO IRREGULAR $161000.00 BALANCE ACTUAL
Agregado; 2025-04-21 14:25:35; Préstamo: 516 Pago de cliente: nidia elsa ramona oller javier Balance anterior $180000.00 Monto pagado $8600.00 PAGO IRREGULAR $180000.00 BALANCE ACTUAL
Agregado; 2025-04-21 14:26:00; Préstamo: 501 Pago de cliente: ana maria gonzalez peña Balance anterior $60000.00 Monto pagado $3000.00 INTERES $60000.00 BALANCE ACTUAL
Agregado; 2025-04-21 14:26:34; Préstamo: 497 Pago de cliente: dionisio castillo lora Balance anterior $391000.00 Monto pagado $19000.00 PAGO IRREGULAR $391000.00 BALANCE ACTUAL
Agregado; 2025-04-21 14:27:53; Préstamo: 538 Pago de cliente: julia garcia castillo de castillo Balance anterior $106000.00 Monto pagado $5000.00 PAGO IRREGULAR $106000.00 BALANCE ACTUAL
Agregado; 2025-04-21 14:29:24; Préstamo: 553 Pago de cliente: angela frias genao Balance anterior $50000.00 Monto pagado $2500.00 INTERES $50000.00 BALANCE ACTUAL
Agregado; 2025-04-21 14:29:52; Préstamo: 558 Pago de cliente: claribel altagracia mendoza hernandez Balance anterior $125000.00 Monto pagado $6250.00 INTERES $125000.00 BALANCE ACTUAL
Agregado; 2025-04-21 14:32:33; Préstamo: 444 Pago de cliente: miguel hilario pichardo Balance anterior $120000.00 Monto pagado $6000.00 INTERES $120000.00 BALANCE ACTUAL
Agregado; 2025-04-21 14:33:44; Préstamo: 127 Pago de cliente: ligia maria dolores alvarado de pereyra Balance anterior $185000.00 Monto pagado $5500.00 INTERES $185000.00 BALANCE ACTUAL
Agregado; 2025-04-21 14:35:28; Préstamo: 513 Pago de cliente: epifanio cortorreal balbuena Balance anterior $163500.00 Monto pagado $8500.00 INTERES $163500.00 BALANCE ACTUAL
Agregado; 2025-04-21 14:37:58; Préstamo: 527 Pago de cliente: colombino mata juma Balance anterior $127000.00 Monto pagado $6350.00 INTERES $127000.00 BALANCE ACTUAL
Agregado; 2025-04-21 15:05:31; Préstamo: 454 Adicional al capital, cliente:  $15000
Agregado; 2025-04-21 15:41:35; Préstamo: 549 Pago de cliente: aracelis jimenez peña de hernandez Balance anterior $136000.00 Monto pagado $6800.00 INTERES $136000.00 BALANCE ACTUAL
Agregado; 2025-04-21 22:02:37; Préstamo: 541 Adicional al capital, cliente:  $5000
