Agregado; 2024-10-17 19:06:07; Préstamo: 327 Pago de cliente: claribel altagracia mendoza hernandez Balance anterior $50000.00 Monto pagado $2500.00 INTERES $50000.00 BALANCE ACTUAL
Agregado; 2024-10-17 19:06:10; Préstamo: 327 Pago de cliente: claribel altagracia mendoza hernandez Balance anterior $50000.00 Monto pagado $2500.00 INTERES $50000.00 BALANCE ACTUAL
Agregado; 2024-10-17 19:08:50; Préstamo: 283 Pago de cliente: altagracia de la rosa castillo Balance anterior $51000.00 Monto pagado $2550.00 INTERES $51000.00 BALANCE ACTUAL
Agregado; 2024-10-17 19:12:02; Préstamo: 444 Pago de cliente: miguel hilario pichardo Balance anterior $80000.00 Monto pagado $4000.00 INTERES $80000.00 BALANCE ACTUAL
Agregado; 2024-10-17 19:12:45; Préstamo: 395 Adicional al capital, cliente:  $0
Agregado; 2024-10-17 19:14:19; Préstamo: 463 Pago de cliente: amarilis lora alonzo de capellan Balance anterior $50000.00 Monto pagado $2500.00 INTERES $50000.00 BALANCE ACTUAL
Agregado; 2024-10-17 19:15:40; Préstamo: 342 Pago de cliente: natividad maldonado de los santos Balance anterior $162000.00 Monto pagado $6300 PAGO IRREGULAR $162000.00 BALANCE ACTUAL
Agregado; 2024-10-17 19:16:42; Préstamo: 424 Pago de cliente: luisa kery Balance anterior $170000.00 Monto pagado $8500.00 INTERES $170000.00 BALANCE ACTUAL
Agregado; 2024-10-17 19:17:27; Préstamo: 431 Pago de cliente: modesta crecencia paredes pierrot Balance anterior $70000.00 Monto pagado $2800.00 INTERES $70000.00 BALANCE ACTUAL
Agregado; 2024-10-17 19:18:13; Préstamo: 127 Pago de cliente: ligia maria dolores alvarado de pereyra Balance anterior $165000.00 Monto pagado $4500.00 INTERES $165000.00 BALANCE ACTUAL
Agregado; 2024-10-17 19:20:24; Préstamo: 378 Pago de cliente: marcia martinez y adames de ferrera Balance anterior $185000.00 Monto pagado $9250.00 INTERES $185000.00 BALANCE ACTUAL
Agregado; 2024-10-17 19:22:32; Préstamo: 381 Pago de cliente: pedro garcia reyes Balance anterior $63000.00 Monto pagado $3100 PAGO IRREGULAR $63000.00 BALANCE ACTUAL
Agregado; 2024-10-17 19:22:54; Préstamo: 245 Pago de cliente: santa cruceta lantigua de garcia Balance anterior $20000.00 Monto pagado $1000.00 INTERES $20000.00 BALANCE ACTUAL
Agregado; 2024-10-17 19:23:42; Préstamo: 466 Pago de cliente: hugo rodriguez Balance anterior $35000.00 Monto pagado $1750.00 INTERES $35000.00 BALANCE ACTUAL
Actualizado; 2024-10-17 19:25:25; Préstamo cliente: luz estel palomino de capois monto prestado $50000.00 duración: 10 meses interes: 3000
Agregado; 2024-10-17 19:29:27; Préstamo: 307 Pago de cliente: luz estel palomino de capois Balance anterior $75000.00 Monto pagado $3000.00 INTERES $75000.00 BALANCE ACTUAL
Agregado; 2024-10-17 19:30:27; Préstamo: 437 Pago de cliente: eugenio ernesto marchena fermin Balance anterior $150000.00 Monto pagado $7500.00 INTERES $150000.00 BALANCE ACTUAL
Agregado; 2024-10-17 19:31:44; Préstamo: 446 Pago de cliente: hector bienvenido maria liranzo Balance anterior $180000.00 Monto pagado $9000.00 INTERES $180000.00 BALANCE ACTUAL
Agregado; 2024-10-17 19:33:42; Préstamo: 458 Pago de cliente: rafael guzman ragalado Balance anterior $100000.00 Monto pagado $5000.00 INTERES $100000.00 BALANCE ACTUAL
Agregado; 2024-10-17 19:34:42; Préstamo: 391 Pago de cliente: modesto gonzalez lopez Balance anterior $131500.00 Monto pagado $6575.00 INTERES $131500.00 BALANCE ACTUAL
Agregado; 2024-10-17 19:40:26; Préstamo: 176 Pago de cliente: ana maria gonzalez peña Balance anterior $211000.00 Monto pagado $10550.00 INTERES $211000.00 BALANCE ACTUAL
Agregado; 2024-10-17 19:42:21; Préstamo: 457 Pago de cliente: dionisio castillo lora Balance anterior $335000.00 Monto pagado $16750.00 INTERES $335000.00 BALANCE ACTUAL
Agregado; 2024-10-17 19:43:21; Préstamo: 408 Pago de cliente: leoncia de jesus adames Balance anterior $180000.00 Monto pagado $9000.00 INTERES $180000.00 BALANCE ACTUAL
Agregado; 2024-10-17 19:43:42; Préstamo: 356 Pago de cliente: angela frias genao Balance anterior $90000.00 Monto pagado $5000.00 INTERES $90000.00 BALANCE ACTUAL
Agregado; 2024-10-17 19:47:27; Préstamo: 388 Pago de cliente: dulce maria olivo cheriz Balance anterior $125000.00 Monto pagado $6250.00 INTERES $125000.00 BALANCE ACTUAL
Agregado; 2024-10-17 19:47:59; Préstamo: 400 Pago de cliente: nidia elsa ramona oller javier Balance anterior $116000.00 Monto pagado $5000 PAGO IRREGULAR $116000.00 BALANCE ACTUAL
Agregado; 2024-10-17 20:07:00; Préstamo: 395 Pago de cliente: colombino mata juma Balance anterior $164500.00 Monto pagado $8225.00 INTERES $164500.00 BALANCE ACTUAL
Agregado; 2024-10-17 20:13:28; Préstamo: 444 Pago de cliente: miguel hilario pichardo Balance anterior $80000.00 Monto pagado $4000.00 INTERES $80000.00 BALANCE ACTUAL
Agregado; 2024-10-17 20:14:06; Préstamo: 283 Pago de cliente: altagracia de la rosa castillo Balance anterior $51000.00 Monto pagado $2550.00 INTERES $51000.00 BALANCE ACTUAL
