Eliminado; 2024-01-23 11:52:05; Préstamo: 249 Cliente: dionisio castillo lora monto $135314.00 duración: 10 meses interes: 7314.00
Eliminado; 2024-01-23 11:52:05; Préstamo: 249 
Eliminado; 2024-01-23 11:52:05; amortización: 249 
Agregado; 2024-01-23 13:42:40; PAGO IRREGULAR
Agregado; 2024-01-23 14:23:55; PAGO IRREGULAR
Agregado; 2024-01-23 18:50:36; PAGO IRREGULAR
Agregado; 2024-01-23 18:50:53; PAGO IRREGULAR
Agregado; 2024-01-23 18:51:05; PAGO IRREGULAR
Agregado; 2024-01-23 19:05:36; PAGO IRREGULAR
Agregado; 2024-01-23 19:05:55; PAGO IRREGULAR
Agregado; 2024-01-23 19:06:31; PAGO IRREGULAR
Agregado; 2024-01-23 19:07:14; PAGO IRREGULAR
Agregado; 2024-01-23 19:07:43; PAGO IRREGULAR
Agregado; 2024-01-23 19:07:59; PAGO IRREGULAR
Agregado; 2024-01-23 19:08:21; PAGO IRREGULAR
Agregado; 2024-01-23 19:08:47; PAGO IRREGULAR
Agregado; 2024-01-23 19:09:09; PAGO IRREGULAR
Agregado; 2024-01-23 19:09:46; PAGO IRREGULAR
Agregado; 2024-01-23 19:09:46; Préstamo: 61 Abono al capital de cliente: maria hisabeth garcia lantigua $3000 
Agregado; 2024-01-23 19:10:10; PAGO IRREGULAR
Agregado; 2024-01-23 19:10:10; Préstamo: 308 Abono al capital de cliente: orlando nuñez sanchez $3000 
Agregado; 2024-01-23 19:11:04; PAGO IRREGULAR
Agregado; 2024-01-23 19:11:44; PAGO IRREGULAR
Agregado; 2024-01-23 19:13:08; PAGO IRREGULAR
Agregado; 2024-01-23 19:13:29; PAGO IRREGULAR
Agregado; 2024-01-23 19:14:09; PAGO IRREGULAR
Agregado; 2024-01-23 19:14:32; PAGO IRREGULAR
Agregado; 2024-01-23 19:15:15; PAGO IRREGULAR
Agregado; 2024-01-23 19:15:48; PAGO IRREGULAR
Agregado; 2024-01-23 19:16:10; PAGO IRREGULAR
Agregado; 2024-01-23 19:16:34; PAGO IRREGULAR
Agregado; 2024-01-23 19:17:14; PAGO IRREGULAR
Agregado; 2024-01-23 19:17:50; PAGO IRREGULAR
Agregado; 2024-01-23 19:18:23; PAGO IRREGULAR
Agregado; 2024-01-23 19:19:54; PAGO IRREGULAR
Agregado; 2024-01-23 19:20:03; PAGO IRREGULAR
Agregado; 2024-01-23 19:20:36; PAGO IRREGULAR
Agregado; 2024-01-23 19:20:53; PAGO IRREGULAR
Agregado; 2024-01-23 19:21:37; PAGO IRREGULAR
Agregado; 2024-01-23 19:22:29; PAGO IRREGULAR
Agregado; 2024-01-23 19:22:29; Préstamo: 305 Abono al capital de cliente: ramon quiro melo $11150 
Agregado; 2024-01-23 19:23:41; PAGO IRREGULAR
Agregado; 2024-01-23 19:23:41; Préstamo: 253 Abono al capital de cliente: jorge luis cepeda martinez $11150 
Agregado; 2024-01-23 19:25:03; PAGO IRREGULAR
Agregado; 2024-01-23 19:25:25; PAGO IRREGULAR
Agregado; 2024-01-23 19:25:51; PAGO IRREGULAR
Agregado; 2024-01-23 19:26:08; PAGO IRREGULAR
Agregado; 2024-01-23 19:26:46; PAGO IRREGULAR
Agregado; 2024-01-23 19:27:27; PAGO IRREGULAR
Agregado; 2024-01-23 19:29:26; PAGO IRREGULAR
Agregado; 2024-01-23 19:31:01; PAGO IRREGULAR
Agregado; 2024-01-23 19:31:44; PAGO IRREGULAR
Agregado; 2024-01-23 19:32:54; PAGO IRREGULAR
Agregado; 2024-01-23 19:33:22; PAGO IRREGULAR
Agregado; 2024-01-23 19:33:40; PAGO IRREGULAR
Agregado; 2024-01-23 19:34:15; PAGO IRREGULAR
Agregado; 2024-01-23 19:34:58; PAGO IRREGULAR
Agregado; 2024-01-23 19:36:45; PAGO IRREGULAR
Eliminado; 2024-01-23 19:37:46; Préstamo: 244 Cliente: ambiorix almanzar castro monto $110000.00 duración: 10 meses interes: 10500.00
Eliminado; 2024-01-23 19:37:46; Préstamo: 244 
Eliminado; 2024-01-23 19:37:46; amortización: 244 
Agregado; 2024-01-23 19:37:52; PAGO IRREGULAR
Agregado; 2024-01-23 19:38:54; PAGO IRREGULAR
Agregado; 2024-01-23 19:38:55; PAGO IRREGULAR
Agregado; 2024-01-23 19:39:23; PAGO IRREGULAR
Agregado; 2024-01-23 19:39:48; PAGO IRREGULAR
Agregado; 2024-01-23 20:05:59; PAGO IRREGULAR
Agregado; 2024-01-23 20:06:20; PAGO IRREGULAR
Agregado; 2024-01-23 20:06:32; PAGO IRREGULAR
Agregado; 2024-01-23 20:07:15; PAGO IRREGULAR
