Agregado; 2023-11-20 08:39:26; PAGO IRREGULAR
Agregado; 2023-11-20 08:40:00; PAGO IRREGULAR
Agregado; 2023-11-20 11:26:04; adicional al capital, cliente:  $10000
Actualizado; 2023-11-20 13:40:35; Préstamo cliente: maribel maria gil monto prestado $80000.00 duración: 10 meses interes: 4000
Agregado; 2023-11-20 16:01:30; PAGO IRREGULAR
Agregado; 2023-11-20 16:03:20; PAGO IRREGULAR
Agregado; 2023-11-20 16:04:22; PAGO IRREGULAR
Agregado; 2023-11-20 16:06:05; PAGO IRREGULAR
Agregado; 2023-11-20 16:11:07; PAGO IRREGULAR
Agregado; 2023-11-20 16:11:44; PAGO IRREGULAR
Agregado; 2023-11-20 16:12:17; PAGO IRREGULAR
Agregado; 2023-11-20 16:12:57; PAGO IRREGULAR
Agregado; 2023-11-20 16:15:06; PAGO IRREGULAR
Agregado; 2023-11-20 16:15:58; PAGO IRREGULAR
Agregado; 2023-11-20 16:18:32; PAGO IRREGULAR
Agregado; 2023-11-20 16:22:40; PAGO IRREGULAR
Agregado; 2023-11-20 16:22:40; abono al capital de cliente: dionisio castillo lora $2686 
Agregado; 2023-11-20 16:24:13; PAGO IRREGULAR
Agregado; 2023-11-20 16:24:13; abono al capital de cliente: modesta crecencia paredes pierrot $2686 
Agregado; 2023-11-20 16:24:38; PAGO IRREGULAR
Agregado; 2023-11-20 16:33:03; PAGO IRREGULAR
Agregado; 2023-11-20 16:49:18; Nuevo préstamo cliente: francisca paulino martinez monto prestado $25000 duración: 10 meses interes: 1250
