Agregado; 2024-11-26 14:30:19; Nuevo préstamo cliente: jose miguel ozoria acosta monto prestado $275000 duración: 10 meses interes: 13750
Agregado; 2024-11-26 22:10:04; Préstamo: 221 Pago de cliente: ulfralina gonzalez de la rosa Balance anterior $122000.00 Monto pagado $5200.00 PAGO IRREGULAR $122000.00 BALANCE ACTUAL
Agregado; 2024-11-26 22:13:31; Préstamo: 455 Pago de cliente: adonis taveras garcia Balance anterior $45000.00 Monto pagado $2000 PAGO IRREGULAR $45000.00 BALANCE ACTUAL
Agregado; 2024-11-26 22:13:53; Préstamo: 453 Pago de cliente: reyna compres diez Balance anterior $57100.00 Monto pagado $2855.00 INTERES $57100.00 BALANCE ACTUAL
Agregado; 2024-11-26 22:18:10; Préstamo: 357 Pago de cliente: teresa morel gabino Balance anterior $53000.00 Monto pagado $2650.00 INTERES $53000.00 BALANCE ACTUAL
Agregado; 2024-11-26 22:25:28; Préstamo: 448 Pago de cliente: jose hernandez Balance anterior $86000.00 Monto pagado $2500.00 PAGO IRREGULAR $86000.00 BALANCE ACTUAL
Agregado; 2024-11-26 22:27:54; Préstamo: 474 Pago de cliente: florentino Hernández Balance anterior $22000.00 Monto pagado $1100.00 INTERES $22000.00 BALANCE ACTUAL
Agregado; 2024-11-26 22:29:49; Préstamo: 376 Pago de cliente: elisabeth serrano Balance anterior $60000.00 Monto pagado $2500.00 PAGO IRREGULAR $60000.00 BALANCE ACTUAL
Agregado; 2024-11-26 22:31:16; Préstamo: 425 Pago de cliente: jack michael morillo Balance anterior $179500.00 Monto pagado $7180.00 INTERES $179500.00 BALANCE ACTUAL
Agregado; 2024-11-26 22:32:03; Préstamo: 191 Pago de cliente: esperanza yanilca amparo castillo Balance anterior $132000.00 Monto pagado $6500.00 PAGO IRREGULAR $132000.00 BALANCE ACTUAL
Agregado; 2024-11-26 22:32:23; Préstamo: 318 Pago de cliente: masiell alejandra lopez gil Balance anterior $96000.00 Monto pagado $4800.00 INTERES $96000.00 BALANCE ACTUAL
Agregado; 2024-11-26 22:32:39; Préstamo: 413 Pago de cliente: yovanni acosta  garcia de frias Balance anterior $81200.00 Monto pagado $4060.00 INTERES $81200.00 BALANCE ACTUAL
Agregado; 2024-11-26 22:32:53; Préstamo: 440 Pago de cliente: nolberto joel lopez de jesus Balance anterior $131000.00 Monto pagado $6550.00 INTERES $131000.00 BALANCE ACTUAL
Agregado; 2024-11-26 22:33:06; Préstamo: 465 Pago de cliente: sebastiana tirado melo Balance anterior $55000.00 Monto pagado $2750.00 INTERES $55000.00 BALANCE ACTUAL
Agregado; 2024-11-26 22:33:23; Préstamo: 135 Pago de cliente: mily cuevas sosa Balance anterior $184000.00 Monto pagado $8000.00 PAGO IRREGULAR $184000.00 BALANCE ACTUAL
Agregado; 2024-11-26 22:33:35; Préstamo: 461 Pago de cliente: winny esther mercado palomino Balance anterior $170000.00 Monto pagado $8500.00 INTERES $170000.00 BALANCE ACTUAL
Agregado; 2024-11-26 22:33:48; Préstamo: 329 Pago de cliente: angel lorenzo breton castillo Balance anterior $80000.00 Monto pagado $4000.00 INTERES $80000.00 BALANCE ACTUAL
Agregado; 2024-11-26 22:34:06; Préstamo: 87 Pago de cliente: rafael regalado del orbe Balance anterior $115000.00 Monto pagado $5750.00 INTERES $115000.00 BALANCE ACTUAL
Agregado; 2024-11-26 22:34:20; Préstamo: 341 Pago de cliente: alba caroligia hernandez rodriguez Balance anterior $392500.00 Monto pagado $15700.00 INTERES $392500.00 BALANCE ACTUAL
Agregado; 2024-11-26 22:35:21; Préstamo: 373 Pago de cliente: ramon garcia Balance anterior $100000.00 Monto pagado $5000.00 INTERES $100000.00 BALANCE ACTUAL
Agregado; 2024-11-26 22:36:40; Préstamo: 362 Pago de cliente: jorge luis cepeda martinez Balance anterior $270000.00 Monto pagado $9400.00 PAGO IRREGULAR $270000.00 BALANCE ACTUAL
Agregado; 2024-11-26 22:37:25; Préstamo: 472 Pago de cliente: jose miguel ozoria acosta Balance anterior $75000.00 Monto pagado $3750.00 INTERES $75000.00 BALANCE ACTUAL
Agregado; 2024-11-26 22:37:49; Préstamo: 111 Pago de cliente: edward alexander polanco alvarado Balance anterior $190500.00 Monto pagado $6000.00 PAGO IRREGULAR $190500.00 BALANCE ACTUAL
Agregado; 2024-11-26 22:38:05; Préstamo: 412 Pago de cliente: roberto flores acosta Balance anterior $50000.00 Monto pagado $2500.00 INTERES $50000.00 BALANCE ACTUAL
Agregado; 2024-11-26 22:38:19; Préstamo: 432 Pago de cliente: raul caraballo liranzo Balance anterior $158000.00 Monto pagado $8650.00 INTERES $158000.00 BALANCE ACTUAL
Agregado; 2024-11-26 22:38:43; Préstamo: 371 Pago de cliente: nestor pablo perreaux hernandez Balance anterior $254000.00 Monto pagado $4000.00 PAGO IRREGULAR $254000.00 BALANCE ACTUAL
Agregado; 2024-11-26 22:39:30; Préstamo: 439 Pago de cliente: erika gonzalez ramirez Balance anterior $200000.00 Monto pagado $8000.00 INTERES $200000.00 BALANCE ACTUAL
Agregado; 2024-11-26 22:41:03; Préstamo: 324 Pago de cliente: luisa yanelsi then molina Balance anterior $160000.00 Monto pagado $5900.00 PAGO IRREGULAR $160000.00 BALANCE ACTUAL
Agregado; 2024-11-26 22:41:29; Préstamo: 454 Pago de cliente: yuderky ramona gama olivo Balance anterior $186000.00 Monto pagado $9300.00 INTERES $186000.00 BALANCE ACTUAL
Agregado; 2024-11-26 22:42:44; Préstamo: 112 Pago de cliente: ysidora altagracia minaya duran Balance anterior $387000.00 Monto pagado $8000.00 PAGO IRREGULAR $387000.00 BALANCE ACTUAL
Agregado; 2024-11-26 22:43:07; Préstamo: 163 Pago de cliente: yulizan encarnacion crooke Balance anterior $80000.00 Monto pagado $4000.00 INTERES $80000.00 BALANCE ACTUAL
Agregado; 2024-11-26 22:43:22; Préstamo: 174 Pago de cliente: jesus de la cruz amparo Balance anterior $20000.00 Monto pagado $1000.00 INTERES $20000.00 BALANCE ACTUAL
Agregado; 2024-11-26 22:43:52; Préstamo: 252 Pago de cliente: lorenza maria jose avelino Balance anterior $185850.00 Monto pagado $10000.00 INTERES $185850.00 BALANCE ACTUAL
Agregado; 2024-11-26 22:45:00; Préstamo: 459 Pago de cliente: rhoneer guzman ozoria Balance anterior $318500.00 Monto pagado $15925.00 INTERES $318500.00 BALANCE ACTUAL
Agregado; 2024-11-26 22:46:45; Préstamo: 409 Pago de cliente: roberto hernandez sanchez Balance anterior $204000.00 Monto pagado $96000.00 PAGO IRREGULAR $204000.00 BALANCE ACTUAL
Agregado; 2024-11-26 22:47:05; Préstamo: 460 Pago de cliente: yesenia de los santos marte Balance anterior $191000.00 Monto pagado $9550.00 INTERES $191000.00 BALANCE ACTUAL
Agregado; 2024-11-26 22:48:27; Préstamo: 345 Pago de cliente: nicaurys fermin fermin Balance anterior $260000.00 Monto pagado $9000.00 PAGO IRREGULAR $260000.00 BALANCE ACTUAL
Agregado; 2024-11-26 22:49:11; Préstamo: 415 Pago de cliente: dorothy cleopatra adolfina vanderhorst almeyda Balance anterior $305000.00 Monto pagado $15250.00 INTERES $305000.00 BALANCE ACTUAL
Agregado; 2024-11-26 22:50:10; Préstamo: 411 Pago de cliente: dannessa deyanara rodriguez Balance anterior $327000.00 Monto pagado $16350.00 INTERES $327000.00 BALANCE ACTUAL
Agregado; 2024-11-26 22:50:57; Préstamo: 312 Pago de cliente: vianely trinidad paulino Balance anterior $15000.00 Monto pagado $750.00 INTERES $15000.00 BALANCE ACTUAL
Agregado; 2024-11-26 22:51:34; Préstamo: 361 Pago de cliente: orlando nuñez sanchez Balance anterior $135000.00 Monto pagado $6750.00 INTERES $135000.00 BALANCE ACTUAL
Agregado; 2024-11-26 22:54:19; Préstamo: 473 Pago de cliente: alexander reyes Balance anterior $50000.00 Monto pagado $2500.00 INTERES $50000.00 BALANCE ACTUAL
Agregado; 2024-11-26 22:54:38; Préstamo: 476 Pago de cliente: rosa lidia paredes miguel Balance anterior $110000.00 Monto pagado $5500.00 INTERES $110000.00 BALANCE ACTUAL
Agregado; 2024-11-26 22:55:07; Préstamo: 451 Pago de cliente: justo rafael dipuglia rosario Balance anterior $100000.00 Monto pagado $5000.00 INTERES $100000.00 BALANCE ACTUAL
Agregado; 2024-11-26 22:55:34; Préstamo: 137 Pago de cliente: ramon quiro melo Balance anterior $90000.00 Monto pagado $4500.00 INTERES $90000.00 BALANCE ACTUAL
Agregado; 2024-11-26 22:56:29; Préstamo: 383 Pago de cliente: juan alfonso concepcion vazquez Balance anterior $234500.00 Monto pagado $11725.00 INTERES $234500.00 BALANCE ACTUAL
Agregado; 2024-11-26 22:56:59; Préstamo: 464 Pago de cliente: Marcelino Maldonado Fernández Balance anterior $75000.00 Monto pagado $3750.00 INTERES $75000.00 BALANCE ACTUAL
Agregado; 2024-11-26 22:58:27; Préstamo: 427 Pago de cliente: celso garcia castillo Balance anterior $60000.00 Monto pagado $3000.00 INTERES $60000.00 BALANCE ACTUAL
Agregado; 2024-11-26 23:00:15; Préstamo: 475 Pago de cliente: gloria tatiana fermin de la rosa Balance anterior $120000.00 Monto pagado $6000.00 INTERES $120000.00 BALANCE ACTUAL
Agregado; 2024-11-26 23:00:38; Préstamo: 346 Pago de cliente: alba gervancia de la cruz acosta Balance anterior $80000.00 Monto pagado $4000.00 INTERES $80000.00 BALANCE ACTUAL
Agregado; 2024-11-26 23:01:20; Préstamo: 178 Pago de cliente: gricelida tavarez drullard Balance anterior $196000.00 Monto pagado $8700.00 PAGO IRREGULAR $196000.00 BALANCE ACTUAL
Agregado; 2024-11-26 23:14:56; Préstamo: 467 Pago de cliente: ruddy morales fernandez Balance anterior $121000.00 Monto pagado $6050.00 INTERES $121000.00 BALANCE ACTUAL
Agregado; 2024-11-26 23:15:33; Préstamo: 428 Pago de cliente: josefina rojas mercedes de garcia Balance anterior $40000.00 Monto pagado $2000.00 INTERES $40000.00 BALANCE ACTUAL
Agregado; 2024-11-26 23:16:09; Préstamo: 369 Pago de cliente: marino candelario compres Balance anterior $142000.00 Monto pagado $7100.00 INTERES $142000.00 BALANCE ACTUAL
Agregado; 2024-11-26 23:17:23; Préstamo: 332 Pago de cliente: ambiorix almanzar castro Balance anterior $205000.00 Monto pagado $10000.00 PAGO IRREGULAR $205000.00 BALANCE ACTUAL
Agregado; 2024-11-26 23:18:02; Préstamo: 215 Pago de cliente: lisette zaiz ventura Balance anterior $237200.00 Monto pagado $5000.00 PAGO IRREGULAR $237200.00 BALANCE ACTUAL
Agregado; 2024-11-26 23:18:18; Préstamo: 429 Pago de cliente: maribel maria gil Balance anterior $165000.00 Monto pagado $8250.00 INTERES $165000.00 BALANCE ACTUAL
Agregado; 2024-11-26 23:20:57; Préstamo: 462 Pago de cliente: juana  yesenia facenda hernandez Balance anterior $325000.00 Monto pagado $12500.00 PAGO IRREGULAR $325000.00 BALANCE ACTUAL
Agregado; 2024-11-26 23:21:25; Préstamo: 202 Pago de cliente: marilyn antonia jimenez de santana Balance anterior $170000.00 Monto pagado $8500.00 INTERES $170000.00 BALANCE ACTUAL
Agregado; 2024-11-26 23:21:38; Préstamo: 443 Pago de cliente: basilia rodriguez altagracia Balance anterior $350000.00 Monto pagado $17500.00 INTERES $350000.00 BALANCE ACTUAL
Agregado; 2024-11-26 23:22:22; Préstamo: 452 Pago de cliente: felix alberto campo Balance anterior $75000.00 Monto pagado $3750.00 INTERES $75000.00 BALANCE ACTUAL
Agregado; 2024-11-26 23:23:00; Préstamo: 201 Pago de cliente: martir carolina hernandez valdez Balance anterior $140000.00 Monto pagado $7000.00 INTERES $140000.00 BALANCE ACTUAL
Agregado; 2024-11-26 23:23:43; Préstamo: 469 Pago de cliente: santo benigno rosario Balance anterior $200000.00 Monto pagado $8000.00 INTERES $200000.00 BALANCE ACTUAL
