Agregado; 2025-08-06 15:02:02; Préstamo: 592 Adicional al capital, cliente:  $5000
Agregado; 2025-08-06 17:26:17; Nuevo préstamo cliente: epifanio cortorreal balbuena monto prestado $280000 duración: 10 meses interes: 14000
Eliminado; 2025-08-06 18:39:43; Préstamo: 538 Cliente: julia garcia castillo de castillo monto $106000.00 duración: 10 meses interes: 5300.00
Eliminado; 2025-08-06 18:39:43; Préstamo: 538 
Eliminado; 2025-08-06 18:39:43; amortización: 538 
Eliminado; 2025-08-06 18:39:52; Préstamo: 611 Cliente: julia garcia castillo de castillo monto $166000.00 duración: 10 meses interes: 8300.00
Eliminado; 2025-08-06 18:39:52; Préstamo: 611 
Eliminado; 2025-08-06 18:39:52; amortización: 611 
Eliminado; 2025-08-06 18:49:09; Préstamo: 553 Cliente: angela frias genao monto $50000.00 duración: 10 meses interes: 2500.00
Eliminado; 2025-08-06 18:49:09; Préstamo: 553 
Eliminado; 2025-08-06 18:49:09; amortización: 553 
Eliminado; 2025-08-06 18:49:26; Préstamo: 329 Cliente: angel lorenzo breton castillo monto $80000.00 duración: 10 meses interes: 4000.00
Eliminado; 2025-08-06 18:49:26; Préstamo: 329 
Eliminado; 2025-08-06 18:49:26; amortización: 329 
Eliminado; 2025-08-06 18:50:11; Préstamo: 501 Cliente: ana maria gonzalez peña monto $75000.00 duración: 10 meses interes: 3750.00
Eliminado; 2025-08-06 18:50:11; Préstamo: 501 
Eliminado; 2025-08-06 18:50:11; amortización: 501 
Eliminado; 2025-08-06 18:50:49; Préstamo: 188 Cliente: cristina lantigua monto $80000.00 duración: 10 meses interes: 5500.00
Eliminado; 2025-08-06 18:50:49; Préstamo: 188 
Eliminado; 2025-08-06 18:50:49; amortización: 188 
Eliminado; 2025-08-06 18:51:03; Préstamo: 106 Cliente: cruz milda benjamin henriquez monto $197600.00 duración: 10 meses interes: 9880.00
Eliminado; 2025-08-06 18:51:03; Préstamo: 106 
Eliminado; 2025-08-06 18:51:03; amortización: 106 
Eliminado; 2025-08-06 18:51:19; Préstamo: 514 Cliente: Daniel Antonio roque brito monto $30000.00 duración: 3 meses interes: 1250.00
Eliminado; 2025-08-06 18:51:19; Préstamo: 514 
Eliminado; 2025-08-06 18:51:19; amortización: 514 
Agregado; 2025-08-06 18:52:20; Préstamo: 109 Abono al capital de cliente: dannis johnson eusebio $2500 
Eliminado; 2025-08-06 18:52:49; Préstamo: 426 Cliente: delva altagracia vanderhorst almeyda monto $115000.00 duración: 10 meses interes: 4600.00
Eliminado; 2025-08-06 18:52:49; Préstamo: 426 
Eliminado; 2025-08-06 18:52:49; amortización: 426 
Eliminado; 2025-08-06 18:53:11; Préstamo: 585 Cliente: elvin jose del orbe peguero monto $50000.00 duración: 10 meses interes: 2500.00
Eliminado; 2025-08-06 18:53:11; Préstamo: 585 
Eliminado; 2025-08-06 18:53:11; amortización: 585 
Eliminado; 2025-08-06 18:53:30; Préstamo: 570 Cliente: epifanio cortorreal balbuena monto $220000.00 duración: 10 meses interes: 11000.00
Eliminado; 2025-08-06 18:53:30; Préstamo: 570 
Eliminado; 2025-08-06 18:53:30; amortización: 570 
Eliminado; 2025-08-06 18:54:49; Préstamo: 174 Cliente: jesus de la cruz amparo monto $20000.00 duración: 10 meses interes: 1000.00
Eliminado; 2025-08-06 18:54:49; Préstamo: 174 
Eliminado; 2025-08-06 18:54:49; amortización: 174 
Eliminado; 2025-08-06 18:55:04; Préstamo: 107 Cliente: jorge chavez  monto $124600.00 duración: 10 meses interes: 6230.00
Eliminado; 2025-08-06 18:55:04; Préstamo: 107 
Eliminado; 2025-08-06 18:55:04; amortización: 107 
Eliminado; 2025-08-06 18:55:21; Préstamo: 478 Cliente: jorge luis cepeda martinez monto $350000.00 duración: 10 meses interes: 17500.00
Eliminado; 2025-08-06 18:55:21; Préstamo: 478 
Eliminado; 2025-08-06 18:55:21; amortización: 478 
Eliminado; 2025-08-06 18:56:01; Préstamo: 581 Cliente: josefina rojas mercedes de garcia monto $85000.00 duración: 10 meses interes: 4250.00
Eliminado; 2025-08-06 18:56:01; Préstamo: 581 
Eliminado; 2025-08-06 18:56:01; amortización: 581 
Eliminado; 2025-08-06 18:57:15; Préstamo: 567 Cliente: lowels jhonson mejia monto $120000.00 duración: 10 meses interes: 6000.00
Eliminado; 2025-08-06 18:57:15; Préstamo: 567 
Eliminado; 2025-08-06 18:57:15; amortización: 567 
Eliminado; 2025-08-06 18:58:15; Préstamo: 482 Cliente: luz estel palomino de capois monto $100000.00 duración: 10 meses interes: 4000.00
Eliminado; 2025-08-06 18:58:15; Préstamo: 482 
Eliminado; 2025-08-06 18:58:15; amortización: 482 
Eliminado; 2025-08-06 18:59:50; Préstamo: 561 Cliente: raul caraballo liranzo monto $288600.00 duración: 10 meses interes: 14430.00
Eliminado; 2025-08-06 18:59:50; Préstamo: 561 
Eliminado; 2025-08-06 18:59:50; amortización: 561 
Actualizado; 2025-08-06 19:10:28; Préstamo cliente: enrique perez peña monto prestado $140000.00 duración: 10 meses interes: 7547.5
