Agregado; 2024-02-23 08:27:52; Préstamo: 328 Adicional al capital, cliente:  $2000
Agregado; 2024-02-23 19:05:29; PAGO IRREGULAR
Agregado; 2024-02-23 19:06:16; PAGO IRREGULAR
Agregado; 2024-02-23 19:06:34; PAGO IRREGULAR
Agregado; 2024-02-23 19:07:06; PAGO IRREGULAR
Agregado; 2024-02-23 19:07:31; PAGO IRREGULAR
Agregado; 2024-02-23 19:07:57; PAGO IRREGULAR
Agregado; 2024-02-23 19:08:21; PAGO IRREGULAR
Agregado; 2024-02-23 19:08:54; PAGO IRREGULAR
Agregado; 2024-02-23 19:09:27; PAGO IRREGULAR
Agregado; 2024-02-23 19:09:43; PAGO IRREGULAR
Agregado; 2024-02-23 19:10:15; PAGO IRREGULAR
Agregado; 2024-02-23 19:10:29; PAGO IRREGULAR
Agregado; 2024-02-23 19:10:43; PAGO IRREGULAR
Agregado; 2024-02-23 19:11:07; PAGO IRREGULAR
Agregado; 2024-02-23 19:11:33; PAGO IRREGULAR
Agregado; 2024-02-23 19:12:12; PAGO IRREGULAR
Agregado; 2024-02-23 19:13:35; PAGO IRREGULAR
Agregado; 2024-02-23 19:13:50; PAGO IRREGULAR
Agregado; 2024-02-23 19:14:11; PAGO IRREGULAR
Agregado; 2024-02-23 19:14:33; PAGO IRREGULAR
Agregado; 2024-02-23 19:14:47; PAGO IRREGULAR
Agregado; 2024-02-23 19:15:59; PAGO IRREGULAR
Agregado; 2024-02-23 19:16:40; PAGO IRREGULAR
Agregado; 2024-02-23 19:16:49; PAGO IRREGULAR
Agregado; 2024-02-23 19:17:31; PAGO IRREGULAR
Agregado; 2024-02-23 19:17:57; PAGO IRREGULAR
Agregado; 2024-02-23 19:18:30; PAGO IRREGULAR
Agregado; 2024-02-23 19:19:09; PAGO IRREGULAR
Agregado; 2024-02-23 19:19:51; PAGO IRREGULAR
Agregado; 2024-02-23 19:20:09; PAGO IRREGULAR
Agregado; 2024-02-23 19:20:25; PAGO IRREGULAR
Agregado; 2024-02-23 19:20:58; PAGO IRREGULAR
Agregado; 2024-02-23 19:21:45; PAGO IRREGULAR
Agregado; 2024-02-23 19:22:20; PAGO IRREGULAR
Agregado; 2024-02-23 19:22:35; PAGO IRREGULAR
Agregado; 2024-02-23 19:23:03; PAGO IRREGULAR
Agregado; 2024-02-23 19:23:28; PAGO IRREGULAR
Agregado; 2024-02-23 19:23:48; PAGO IRREGULAR
Agregado; 2024-02-23 19:24:04; PAGO IRREGULAR
Agregado; 2024-02-23 19:24:12; PAGO IRREGULAR
Agregado; 2024-02-23 19:24:35; PAGO IRREGULAR
Agregado; 2024-02-23 19:25:20; PAGO IRREGULAR
Agregado; 2024-02-23 19:25:50; PAGO IRREGULAR
Agregado; 2024-02-23 19:26:49; PAGO IRREGULAR
Agregado; 2024-02-23 19:27:04; PAGO IRREGULAR
Agregado; 2024-02-23 19:28:00; PAGO IRREGULAR
Agregado; 2024-02-23 19:28:28; PAGO IRREGULAR
Agregado; 2024-02-23 19:29:01; PAGO IRREGULAR
Actualizado; 2024-02-23 19:31:36; Préstamo cliente: jorge luis cepeda martinez monto prestado $130000.00 duración: 10 meses interes: 8550
Agregado; 2024-02-23 19:32:24; PAGO IRREGULAR
Agregado; 2024-02-23 19:32:46; PAGO IRREGULAR
Agregado; 2024-02-23 19:33:33; PAGO IRREGULAR
Agregado; 2024-02-23 19:33:50; PAGO IRREGULAR
Agregado; 2024-02-23 19:34:38; PAGO IRREGULAR
Agregado; 2024-02-23 19:34:52; PAGO IRREGULAR
Agregado; 2024-02-23 19:35:27; PAGO IRREGULAR
Agregado; 2024-02-23 19:35:52; PAGO IRREGULAR
Agregado; 2024-02-23 19:36:25; PAGO IRREGULAR
Agregado; 2024-02-23 19:36:51; PAGO IRREGULAR
Agregado; 2024-02-23 19:37:15; PAGO IRREGULAR
Agregado; 2024-02-23 19:37:38; PAGO IRREGULAR
Agregado; 2024-02-23 19:39:19; PAGO IRREGULAR
Eliminado; 2024-02-23 19:42:33; Préstamo: 351 Cliente: maria hisabeth garcia lantigua monto $131000.00 duración: 10 meses interes: 6550.00
Eliminado; 2024-02-23 19:42:33; Préstamo: 351 
Eliminado; 2024-02-23 19:42:33; amortización: 351 
Eliminado; 2024-02-23 19:43:28; Préstamo: 61 Cliente: maria hisabeth garcia lantigua monto $116000.00 duración: 12 meses interes: 5800.00
Eliminado; 2024-02-23 19:43:28; Préstamo: 61 
Eliminado; 2024-02-23 19:43:28; amortización: 61 
Eliminado; 2024-02-23 19:50:11; Préstamo: 229 Cliente: rosa lidia paredes miguel monto $150000.00 duración: 10 meses interes: 10000.00
Eliminado; 2024-02-23 19:50:11; Préstamo: 229 
Eliminado; 2024-02-23 19:50:11; amortización: 229 
Agregado; 2024-02-23 19:51:00; Nuevo préstamo cliente: rosa lidia paredes miguel monto prestado $150000 duración: 10 meses interes: 7500
Agregado; 2024-02-23 19:54:12; PAGO IRREGULAR
Agregado; 2024-02-23 20:00:25; PAGO IRREGULAR
Agregado; 2024-02-23 20:08:09; PAGO IRREGULAR
Agregado; 2024-02-23 20:15:08; PAGO IRREGULAR
Agregado; 2024-02-23 20:15:08; Préstamo: 333 Abono al capital de cliente: ramon quiro melo $15000 
