Agregado; 2025-05-23 13:20:41; Préstamo: 332 Pago de cliente: ambiorix almanzar castro Balance anterior $215000.00 Monto pagado $10750.00 INTERES $215000.00 BALANCE ACTUAL
Agregado; 2025-05-23 13:21:01; Préstamo: 498 Pago de cliente: felix alberto campo Balance anterior $110000.00 Monto pagado $5500.00 INTERES $110000.00 BALANCE ACTUAL
Agregado; 2025-05-23 13:21:50; Préstamo: 481 Pago de cliente: marilyn antonia jimenez de santana Balance anterior $192000.00 Monto pagado $9600.00 INTERES $192000.00 BALANCE ACTUAL
Agregado; 2025-05-23 13:22:17; Préstamo: 509 Pago de cliente: dannessa deyanara rodriguez Balance anterior $326000.00 Monto pagado $15100.00 PAGO IRREGULAR $326000.00 BALANCE ACTUAL
Agregado; 2025-05-23 13:23:10; Préstamo: 477 Pago de cliente: jose miguel ozoria acosta Balance anterior $154000.00 Monto pagado $7700.00 INTERES $154000.00 BALANCE ACTUAL
Agregado; 2025-05-23 13:23:27; Préstamo: 447 Pago de cliente: brahian canot Balance anterior $170000.00 Monto pagado $8500.00 INTERES $170000.00 BALANCE ACTUAL
Agregado; 2025-05-23 13:24:03; Préstamo: 508 Pago de cliente: juana  yesenia facenda hernandez Balance anterior $352000.00 Monto pagado $14080.00 INTERES $352000.00 BALANCE ACTUAL
Agregado; 2025-05-23 13:24:17; Préstamo: 564 Pago de cliente: esperanza yanilca amparo castillo Balance anterior $144000.00 Monto pagado $7200.00 INTERES $144000.00 BALANCE ACTUAL
Agregado; 2025-05-23 13:24:30; Préstamo: 443 Pago de cliente: basilia rodriguez altagracia Balance anterior $250000.00 Monto pagado $12500.00 INTERES $250000.00 BALANCE ACTUAL
Agregado; 2025-05-23 13:24:58; Préstamo: 215 Pago de cliente: lisette zaiz ventura Balance anterior $237200.00 Monto pagado $5000.00 PAGO IRREGULAR $237200.00 BALANCE ACTUAL
Agregado; 2025-05-23 13:25:53; Préstamo: 163 Pago de cliente: yulizan encarnacion crooke Balance anterior $40000.00 Monto pagado $2000.00 INTERES $40000.00 BALANCE ACTUAL
Agregado; 2025-05-23 13:26:12; Préstamo: 174 Pago de cliente: jesus de la cruz amparo Balance anterior $20000.00 Monto pagado $1000.00 INTERES $20000.00 BALANCE ACTUAL
Agregado; 2025-05-23 13:27:43; Préstamo: 425 Pago de cliente: jack michael morillo Balance anterior $193500.00 Monto pagado $800.00 PAGO IRREGULAR $193500.00 BALANCE ACTUAL
Agregado; 2025-05-23 13:28:07; Préstamo: 312 Pago de cliente: vianely trinidad paulino Balance anterior $15000.00 Monto pagado $750.00 INTERES $15000.00 BALANCE ACTUAL
Agregado; 2025-05-23 13:29:24; Préstamo: 518 Pago de cliente: roberto flores acosta Balance anterior $110000.00 Monto pagado $5500.00 INTERES $110000.00 BALANCE ACTUAL
Agregado; 2025-05-23 13:30:27; Préstamo: 506 Pago de cliente: roberto hernandez sanchez Balance anterior $357000.00 Monto pagado $15100.00 PAGO IRREGULAR $357000.00 BALANCE ACTUAL
Agregado; 2025-05-23 17:40:02; Préstamo: 534 Pago de cliente: sebastiana tirado melo Balance anterior $100000.00 Monto pagado $5000.00 INTERES $100000.00 BALANCE ACTUAL
Agregado; 2025-05-23 17:40:18; Préstamo: 544 Pago de cliente: masiell alejandra lopez gil Balance anterior $126000.00 Monto pagado $6300.00 INTERES $126000.00 BALANCE ACTUAL
Agregado; 2025-05-23 17:40:55; Préstamo: 178 Pago de cliente: gricelida tavarez drullard Balance anterior $203000.00 Monto pagado $8500.00 PAGO IRREGULAR $203000.00 BALANCE ACTUAL
Agregado; 2025-05-23 17:41:54; Préstamo: 433 Pago de cliente: edilcia encarnacion encarnacion Balance anterior $155000.00 Monto pagado $4500.00 PAGO IRREGULAR $155000.00 BALANCE ACTUAL
Agregado; 2025-05-23 17:42:11; Préstamo: 559 Pago de cliente: antonio ventura hilario Balance anterior $75000.00 Monto pagado $3750.00 INTERES $75000.00 BALANCE ACTUAL
Agregado; 2025-05-23 17:43:22; Préstamo: 329 Pago de cliente: angel lorenzo breton castillo Balance anterior $80000.00 Monto pagado $4000.00 INTERES $80000.00 BALANCE ACTUAL
Agregado; 2025-05-23 17:43:48; Préstamo: 341 Pago de cliente: alba caroligia hernandez rodriguez Balance anterior $392500.00 Monto pagado $15700.00 INTERES $392500.00 BALANCE ACTUAL
Agregado; 2025-05-23 17:44:32; Préstamo: 479 Pago de cliente: josefina rojas mercedes de garcia Balance anterior $60000.00 Monto pagado $3000.00 INTERES $60000.00 BALANCE ACTUAL
Agregado; 2025-05-23 17:44:52; Préstamo: 373 Pago de cliente: ramon garcia Balance anterior $127000.00 Monto pagado $6350.00 INTERES $127000.00 BALANCE ACTUAL
Agregado; 2025-05-23 17:45:29; Préstamo: 489 Pago de cliente: rosa lidia paredes miguel Balance anterior $50000.00 Monto pagado $2500.00 INTERES $50000.00 BALANCE ACTUAL
Agregado; 2025-05-23 17:45:45; Préstamo: 574 Pago de cliente: maria teresa javiar rodriguez Balance anterior $72000.00 Monto pagado $3600.00 INTERES $72000.00 BALANCE ACTUAL
Agregado; 2025-05-23 17:46:04; Préstamo: 517 Pago de cliente: irvin francisco de leon javier Balance anterior $200000.00 Monto pagado $10000.00 INTERES $200000.00 BALANCE ACTUAL
Agregado; 2025-05-23 17:47:29; Préstamo: 557 Pago de cliente: alba gervancia de la cruz acosta Balance anterior $40000.00 Monto pagado $2000.00 INTERES $40000.00 BALANCE ACTUAL
Agregado; 2025-05-23 17:47:50; Préstamo: 562 Pago de cliente: juan alfonso concepcion vazquez Balance anterior $360000.00 Monto pagado $18000.00 INTERES $360000.00 BALANCE ACTUAL
Agregado; 2025-05-23 17:48:38; Préstamo: 415 Pago de cliente: dorothy cleopatra adolfina vanderhorst almeyda Balance anterior $335000.00 Monto pagado $14500.00 PAGO IRREGULAR $335000.00 BALANCE ACTUAL
Agregado; 2025-05-23 17:48:54; Préstamo: 530 Pago de cliente: Marcelino Maldonado Fernández Balance anterior $150000.00 Monto pagado $7500.00 INTERES $150000.00 BALANCE ACTUAL
Agregado; 2025-05-23 17:49:16; Préstamo: 426 Pago de cliente: delva altagracia vanderhorst almeyda Balance anterior $115000.00 Monto pagado $4600.00 INTERES $115000.00 BALANCE ACTUAL
Agregado; 2025-05-23 17:49:30; Préstamo: 561 Pago de cliente: raul caraballo liranzo Balance anterior $280000.00 Monto pagado $14000.00 INTERES $280000.00 BALANCE ACTUAL
Agregado; 2025-05-23 17:51:45; Préstamo: 324 Pago de cliente: luisa yanelsi then molina Balance anterior $188500.00 Monto pagado $6300 PAGO IRREGULAR $188500.00 BALANCE ACTUAL
Agregado; 2025-05-23 17:51:59; Préstamo: 439 Pago de cliente: erika gonzalez ramirez Balance anterior $200000.00 Monto pagado $8000.00 INTERES $200000.00 BALANCE ACTUAL
Agregado; 2025-05-23 17:56:17; Préstamo: 413 Pago de cliente: yovanni acosta  garcia de frias Balance anterior $121200.00 Monto pagado $6000.00 PAGO IRREGULAR $121200.00 BALANCE ACTUAL
Agregado; 2025-05-23 17:56:33; Préstamo: 566 Pago de cliente: yuderky ramona gama olivo Balance anterior $200000.00 Monto pagado $10000.00 INTERES $200000.00 BALANCE ACTUAL
Agregado; 2025-05-23 17:57:08; Préstamo: 567 Pago de cliente: lowels jhonson mejia Balance anterior $120000.00 Monto pagado $5000.00 PAGO IRREGULAR $120000.00 BALANCE ACTUAL
Agregado; 2025-05-23 17:57:38; Préstamo: 573 Pago de cliente: pedro castillo peralta Balance anterior $175000.00 Monto pagado $7000.00 INTERES $175000.00 BALANCE ACTUAL
Agregado; 2025-05-23 17:57:57; Préstamo: 572 Pago de cliente: santo benigno rosario Balance anterior $289000.00 Monto pagado $11560.00 INTERES $289000.00 BALANCE ACTUAL
Agregado; 2025-05-23 17:58:18; Préstamo: 483 Pago de cliente: gloria tatiana fermin de la rosa Balance anterior $200000.00 Monto pagado $10000.00 INTERES $200000.00 BALANCE ACTUAL
Agregado; 2025-05-23 18:00:50; Préstamo: 369 Pago de cliente: marino candelario compres Balance anterior $164000.00 Monto pagado $8200.00 INTERES $164000.00 BALANCE ACTUAL
Agregado; 2025-05-23 18:01:30; Préstamo: 551 Pago de cliente: yesenia de los santos marte Balance anterior $320000.00 Monto pagado $16000.00 INTERES $320000.00 BALANCE ACTUAL
Agregado; 2025-05-23 18:01:47; Préstamo: 526 Pago de cliente: sara felipe kery Balance anterior $53000.00 Monto pagado $2650.00 INTERES $53000.00 BALANCE ACTUAL
Agregado; 2025-05-23 18:02:08; Préstamo: 112 Pago de cliente: ysidora altagracia minaya duran Balance anterior $387000.00 Monto pagado $8000.00 PAGO IRREGULAR $387000.00 BALANCE ACTUAL
Agregado; 2025-05-23 18:02:23; Préstamo: 135 Pago de cliente: mily cuevas sosa Balance anterior $189000.00 Monto pagado $9450.00 INTERES $189000.00 BALANCE ACTUAL
Agregado; 2025-05-23 18:02:47; Préstamo: 338 Pago de cliente: timmy daniel martinez vilorio Balance anterior $163500.00 Monto pagado $4000.00 PAGO IRREGULAR $163500.00 BALANCE ACTUAL
Agregado; 2025-05-23 18:03:00; Préstamo: 473 Pago de cliente: alexander reyes Balance anterior $75000.00 Monto pagado $3750.00 INTERES $75000.00 BALANCE ACTUAL
Agregado; 2025-05-23 18:03:50; Préstamo: 345 Pago de cliente: nicaurys fermin fermin Balance anterior $281800.00 Monto pagado $10000.00 PAGO IRREGULAR $281800.00 BALANCE ACTUAL
Agregado; 2025-05-23 18:04:46; Préstamo: 427 Pago de cliente: celso garcia castillo Balance anterior $60000.00 Monto pagado $3000.00 INTERES $60000.00 BALANCE ACTUAL
Agregado; 2025-05-23 18:05:07; Préstamo: 537 Pago de cliente: ana rosa paredes liriano Balance anterior $50000.00 Monto pagado $2500.00 INTERES $50000.00 BALANCE ACTUAL
Agregado; 2025-05-23 18:05:25; Préstamo: 484 Pago de cliente: rafael regalado del orbe Balance anterior $150000.00 Monto pagado $7500.00 INTERES $150000.00 BALANCE ACTUAL
Agregado; 2025-05-23 18:05:56; Préstamo: 539 Pago de cliente: edward alexander polanco alvarado Balance anterior $295000.00 Monto pagado $7100.00 PAGO IRREGULAR $295000.00 BALANCE ACTUAL
Agregado; 2025-05-23 18:06:11; Préstamo: 512 Pago de cliente: maribel maria gil Balance anterior $100000.00 Monto pagado $10000.00 INTERES $100000.00 BALANCE ACTUAL
Agregado; 2025-05-23 18:06:32; Préstamo: 550 Pago de cliente: lorenza maria jose avelino Balance anterior $200000.00 Monto pagado $10000.00 INTERES $200000.00 BALANCE ACTUAL
Agregado; 2025-05-23 18:06:45; Préstamo: 536 Pago de cliente: yoseli pamela calcaño lopez Balance anterior $80000.00 Monto pagado $4000.00 INTERES $80000.00 BALANCE ACTUAL
Agregado; 2025-05-23 18:07:00; Préstamo: 554 Pago de cliente: alciviades paredes javier Balance anterior $30000.00 Monto pagado $1500.00 INTERES $30000.00 BALANCE ACTUAL
Agregado; 2025-05-23 18:08:28; Préstamo: 201 Pago de cliente: martir carolina hernandez valdez Balance anterior $140000.00 Monto pagado $7000.00 INTERES $140000.00 BALANCE ACTUAL
Agregado; 2025-05-23 18:08:45; Préstamo: 547 Pago de cliente: rhoneer guzman ozoria Balance anterior $158500.00 Monto pagado $6340.00 INTERES $158500.00 BALANCE ACTUAL
Agregado; 2025-05-23 18:48:24; Préstamo: 201 Adicional al capital, cliente:  $15000
Agregado; 2025-05-23 18:50:23; Préstamo: 517 Abono al capital de cliente: irvin francisco de leon javier $100000 
