Agregado; 2026-04-24 13:35:38; Préstamo: 673 Pago de cliente: virking yanet sierra moya Balance anterior $40000.00 Monto pagado $2000.00 INTERES $40000.00 BALANCE ACTUAL
Agregado; 2026-04-24 13:36:55; Préstamo: 507 Pago de cliente: yohanny morillo diaz Balance anterior $21500.00 Monto pagado $1075.00 INTERES $21500.00 BALANCE ACTUAL
Agregado; 2026-04-24 13:37:14; Préstamo: 604 Pago de cliente: camilo vargas suriel Balance anterior $55000.00 Monto pagado $2750.00 INTERES $55000.00 BALANCE ACTUAL
Agregado; 2026-04-24 13:38:28; Préstamo: 693 Pago de cliente: juan ulloa altagracia Balance anterior $60000.00 Monto pagado $2400 PAGO IRREGULAR $60000.00 BALANCE ACTUAL
Agregado; 2026-04-24 13:38:54; Préstamo: 583 Pago de cliente: ines gonzalez polanco Balance anterior $25000.00 Monto pagado $1250.00 INTERES $25000.00 BALANCE ACTUAL
Agregado; 2026-04-24 13:39:46; Préstamo: 699 Pago de cliente: inmaculada concepcion peña Balance anterior $40000.00 Monto pagado $2000.00 INTERES $40000.00 BALANCE ACTUAL
Agregado; 2026-04-24 13:41:28; Préstamo: 448 Pago de cliente: jose hernandez Balance anterior $158400.00 Monto pagado $2800 PAGO IRREGULAR $158400.00 BALANCE ACTUAL
Agregado; 2026-04-24 13:44:40; Préstamo: 660 Pago de cliente: rolando franco guzman Balance anterior $54000.00 Monto pagado $2500 PAGO IRREGULAR $54000.00 BALANCE ACTUAL
Agregado; 2026-04-24 13:45:57; Préstamo: 734 Pago de cliente: ricardo paula polanco Balance anterior $50000.00 Monto pagado $2500.00 INTERES $50000.00 BALANCE ACTUAL
Agregado; 2026-04-24 13:46:52; Préstamo: 715 Pago de cliente: rafael gil ureña Balance anterior $30000.00 Monto pagado $1500.00 INTERES $30000.00 BALANCE ACTUAL
Agregado; 2026-04-24 13:47:21; Préstamo: 376 Pago de cliente: elisabeth serrano Balance anterior $65000.00 Monto pagado $3000 PAGO IRREGULAR $65000.00 BALANCE ACTUAL
Agregado; 2026-04-24 13:55:16; Préstamo: 745 Pago de cliente: adriano compres rodrigues Balance anterior $30000.00 Monto pagado $1500.00 INTERES $30000.00 BALANCE ACTUAL
Agregado; 2026-04-24 13:56:53; Préstamo: 745 Pago de cliente: adriano compres rodrigues Balance anterior $30000.00 Monto pagado $500 PAGO IRREGULAR $30000.00 BALANCE ACTUAL
Agregado; 2026-04-24 14:01:06; Préstamo: 753 Pago de cliente: rafael antonio reynoso lopez Balance anterior $36000.00 Monto pagado $1800.00 INTERES $36000.00 BALANCE ACTUAL
Agregado; 2026-04-24 14:02:09; Préstamo: 666 Pago de cliente: wagner francisco docis martinez Balance anterior $40000.00 Monto pagado $2000.00 INTERES $40000.00 BALANCE ACTUAL
Agregado; 2026-04-24 14:20:56; Préstamo: 591 Pago de cliente: felix ureña luciano Balance anterior $68000.00 Monto pagado $3400.00 INTERES $68000.00 BALANCE ACTUAL
Agregado; 2026-04-24 14:42:10; Préstamo: 623 Adicional al capital, cliente:  $10000
Agregado; 2026-04-24 14:52:28; Préstamo: 746 Adicional al capital, cliente:  $3000
Agregado; 2026-04-24 15:01:18; Préstamo: 687 Pago de cliente: gregori contrera herrera Balance anterior $16000.00 Monto pagado $960.00 INTERES $16000.00 BALANCE ACTUAL
Agregado; 2026-04-24 15:03:00; Préstamo: 624 Pago de cliente: luis alfredo bruno morel Balance anterior $25000.00 Monto pagado $1250.00 INTERES $25000.00 BALANCE ACTUAL
Agregado; 2026-04-24 16:26:57; Nuevo préstamo cliente: yovanni acosta  garcia de frias monto prestado $370000 duración: 10 meses interes: 18500
Actualizado; 2026-04-24 16:27:21; Préstamo cliente: yovanni acosta  garcia de frias monto prestado $370000.00 duración: 10 meses interes: 14800
Agregado; 2026-04-24 17:10:38; Nuevo préstamo cliente: yoelis morales  monto prestado $150000 duración: 10 meses interes: 7500
Agregado; 2026-04-24 19:51:52; Préstamo: 508 Pago de cliente: juana  yesenia facenda hernandez Balance anterior $352000.00 Monto pagado $11600 PAGO IRREGULAR $352000.00 BALANCE ACTUAL
