Actualizado; 2025-02-13 14:12:35; Préstamo cliente: rafael guzman ragalado monto prestado $130000.00 duración: 10 meses interes: 7150
Actualizado; 2025-02-13 14:15:06; Préstamo cliente: epifanio cortorreal balbuena monto prestado $170000.00 duración: 10 meses interes: 8500
Actualizado; 2025-02-13 14:15:28; Préstamo cliente: dulce maria olivo cheriz monto prestado $100000.00 duración: 10 meses interes: 7500
Actualizado; 2025-02-13 14:16:35; Préstamo cliente: colombino mata juma monto prestado $144500.00 duración: 10 meses interes: 8725
Actualizado; 2025-02-13 14:16:53; Préstamo cliente: colombino mata juma monto prestado $144500.00 duración: 10 meses interes: 8725
Actualizado; 2025-02-13 14:19:03; Préstamo cliente: ana maria gonzalez peña monto prestado $50000.00 duración: 10 meses interes: 2500
Agregado; 2025-02-13 14:22:00; Préstamo: 378 Adicional al capital, cliente:  $2000
Eliminado; 2025-02-13 14:23:00; Préstamo: 431 Cliente: modesta crecencia paredes pierrot monto $120000.00 duración: 10 meses interes: 4800.00
Eliminado; 2025-02-13 14:23:00; Préstamo: 431 
Eliminado; 2025-02-13 14:23:00; amortización: 431 
Agregado; 2025-02-13 14:28:59; Préstamo: 494 Adicional al capital, cliente:  $2000
Actualizado; 2025-02-13 14:29:48; Préstamo cliente: hugo rodriguez  monto prestado $113500.00 duración: 10 meses interes: 5675
Eliminado; 2025-02-13 14:29:58; Préstamo: 510 Cliente: hugo rodriguez  monto $91500.00 duración: 10 meses interes: 4575.00
Eliminado; 2025-02-13 14:29:58; Préstamo: 510 
Eliminado; 2025-02-13 14:29:58; amortización: 510 
Agregado; 2025-02-13 14:42:14; Préstamo: 66 Abono al capital de cliente: eusebio elpidio pichardo santos $2500 
Agregado; 2025-02-13 14:43:11; Préstamo: 346 Abono al capital de cliente: alba gervancia de la cruz acosta $80000 
Agregado; 2025-02-13 14:43:16; Préstamo: 346 Abono al capital de cliente: alba gervancia de la cruz acosta $80000 
Agregado; 2025-02-13 14:43:26; Préstamo: 346 Abono al capital de cliente: alba gervancia de la cruz acosta $80000 
Actualizado; 2025-02-13 14:50:38; Préstamo cliente: dannessa deyanara rodriguez  monto prestado $270000.00 duración: 10 meses interes: 16300
Eliminado; 2025-02-13 14:51:35; Préstamo: 318 Cliente: masiell alejandra lopez gil monto $111000.00 duración: 10 meses interes: 5550.00
Eliminado; 2025-02-13 14:51:35; Préstamo: 318 
Eliminado; 2025-02-13 14:51:35; amortización: 318 
Agregado; 2025-02-13 15:18:36; Préstamo: 487 Adicional al capital, cliente:  $6000
