Agregado; 2024-01-04 14:26:12; Préstamo: 302 Adicional al capital, cliente:  $4000
Eliminado; 2024-01-04 14:27:39; Préstamo: 302 Adicional del cliente: timmy daniel martinez vilorio monto ADICIONAL $4000
Eliminado; 2024-01-04 14:27:39; adicional del présamo: 302 
Actualizado; 2024-01-04 14:27:39; Préstamo: 302 
Eliminado; 2024-01-04 14:27:39; Préstamo:  Adicional del cliente:  monto  $
Eliminado; 2024-01-04 14:27:39; adicional del présamo:  
Actualizado; 2024-01-04 14:27:39; Préstamo:  
Agregado; 2024-01-04 14:50:49; Préstamo: 165 Adicional al capital, cliente:  $10000
Eliminado; 2024-01-04 15:09:42; Préstamo: 4 Cliente: pedro castillo peralta monto $122150.00 duración: 10 meses interes: 6800.00
Eliminado; 2024-01-04 15:09:42; Préstamo: 4 
Eliminado; 2024-01-04 15:09:42; amortización: 4 
Eliminado; 2024-01-04 15:11:07; Préstamo: 157 Cliente: nicolas morel toribio  monto $93500.00 duración: 10 meses interes: 4900.00
Eliminado; 2024-01-04 15:11:07; Préstamo: 157 
Eliminado; 2024-01-04 15:11:07; amortización: 157 
Eliminado; 2024-01-04 15:11:55; Préstamo: 263 Cliente: masiell alejandra lopez gil monto $50000.00 duración: 10 meses interes: 2500.00
Eliminado; 2024-01-04 15:11:55; Préstamo: 263 
Eliminado; 2024-01-04 15:11:55; amortización: 263 
Eliminado; 2024-01-04 15:13:38; Préstamo: 211 Cliente: julio rodriguez sanchez  monto $35000.00 duración: 10 meses interes: 1750.00
Eliminado; 2024-01-04 15:13:38; Préstamo: 211 
Eliminado; 2024-01-04 15:13:38; amortización: 211 
Eliminado; 2024-01-04 15:14:34; Préstamo: 195 Cliente: eliana deyanira hernandez mercedes monto $36500.00 duración: 10 meses interes: 2100.00
Eliminado; 2024-01-04 15:14:34; Préstamo: 195 
Eliminado; 2024-01-04 15:14:34; amortización: 195 
