Agregado; 2025-09-18 18:43:34; Préstamo: 524 Adicional al capital, cliente:  $15000
Agregado; 2025-09-18 19:39:54; Préstamo: 231 Abono al capital de cliente: dianelba gizeh mercedes de castillo $5000 
Agregado; 2025-09-18 20:20:50; Préstamo: 620 Pago de cliente: epifanio cortorreal balbuena Balance anterior $280000.00 Monto pagado $14000.00 INTERES $280000.00 BALANCE ACTUAL
Agregado; 2025-09-18 20:21:13; Préstamo: 592 Pago de cliente: rafael guzman ragalado Balance anterior $82000.00 Monto pagado $4100.00 INTERES $82000.00 BALANCE ACTUAL
Agregado; 2025-09-18 20:21:34; Préstamo: 631 Pago de cliente: mercedes muñoz rodriguez de breton Balance anterior $150000.00 Monto pagado $7500.00 INTERES $150000.00 BALANCE ACTUAL
Agregado; 2025-09-18 20:22:52; Préstamo: 623 Pago de cliente: ana cristina maloon echavarria Balance anterior $126600.00 Monto pagado $6330.00 INTERES $126600.00 BALANCE ACTUAL
Agregado; 2025-09-18 20:23:50; Préstamo: 629 Pago de cliente: jorge luis cepeda martinez Balance anterior $90000.00 Monto pagado $4500.00 INTERES $90000.00 BALANCE ACTUAL
Agregado; 2025-09-18 20:28:51; Préstamo: 486 Pago de cliente: belgica acosta de fernandez Balance anterior $100000.00 Monto pagado $5000.00 INTERES $100000.00 BALANCE ACTUAL
Agregado; 2025-09-18 20:29:17; Préstamo: 556 Pago de cliente: pedro pablo valdez sanchez Balance anterior $316000.00 Monto pagado $7100.00 PAGO IRREGULAR $316000.00 BALANCE ACTUAL
Agregado; 2025-09-18 20:29:40; Préstamo: 516 Pago de cliente: nidia elsa ramona oller javier Balance anterior $120000.00 Monto pagado $6000.00 INTERES $120000.00 BALANCE ACTUAL
Agregado; 2025-09-18 20:31:27; Nuevo préstamo cliente: nidia elsa ramona oller javier monto prestado $120000 duración: 10 meses interes: 6000
Eliminado; 2025-09-18 20:31:41; Préstamo: 516 Cliente: nidia elsa ramona oller javier monto $120000.00 duración: 10 meses interes: 6000.00
Eliminado; 2025-09-18 20:31:41; Préstamo: 516 
Eliminado; 2025-09-18 20:31:41; amortización: 516 
Agregado; 2025-09-18 20:31:51; Préstamo: 643 Pago de cliente: nidia elsa ramona oller javier Balance anterior $120000.00 Monto pagado $6000.00 INTERES $120000.00 BALANCE ACTUAL
Agregado; 2025-09-18 20:32:34; Préstamo: 590 Pago de cliente: pedro garcia reyes Balance anterior $50000.00 Monto pagado $2500.00 INTERES $50000.00 BALANCE ACTUAL
Agregado; 2025-09-18 20:33:56; Préstamo: 524 Pago de cliente: natividad maldonado de los santos Balance anterior $285700.00 Monto pagado $14000 PAGO IRREGULAR $285700.00 BALANCE ACTUAL
Agregado; 2025-09-18 20:33:56; Préstamo: 524 Abono pago irregular - cliente: natividad maldonado de los santos $900 PAGO IRREGULAR $285700.00 BALANCE ACTUAL
Agregado; 2025-09-18 20:34:23; Préstamo: 535 Pago de cliente: jose francisco lopez fermin Balance anterior $150000.00 Monto pagado $7200.00 PAGO IRREGULAR $150000.00 BALANCE ACTUAL
Agregado; 2025-09-18 20:34:44; Préstamo: 527 Pago de cliente: colombino mata juma Balance anterior $127000.00 Monto pagado $6350.00 INTERES $127000.00 BALANCE ACTUAL
Agregado; 2025-09-18 20:35:36; Préstamo: 444 Pago de cliente: miguel hilario pichardo Balance anterior $270000.00 Monto pagado $6000.00 PAGO IRREGULAR $270000.00 BALANCE ACTUAL
Agregado; 2025-09-18 20:36:07; Préstamo: 605 Pago de cliente: ana rosa paredes liriano Balance anterior $120000.00 Monto pagado $6000.00 INTERES $120000.00 BALANCE ACTUAL
Agregado; 2025-09-18 20:36:30; Préstamo: 636 Pago de cliente: dionisio castillo lora Balance anterior $200000.00 Monto pagado $8000.00 INTERES $200000.00 BALANCE ACTUAL
Agregado; 2025-09-18 20:38:19; Préstamo: 378 Pago de cliente: marcia martinez y adames de ferrera Balance anterior $212000.00 Monto pagado $7600.00 PAGO IRREGULAR $212000.00 BALANCE ACTUAL
Agregado; 2025-09-18 20:39:00; Préstamo: 589 Pago de cliente: modesta crecencia paredes pierrot Balance anterior $197000.00 Monto pagado $7880.00 INTERES $197000.00 BALANCE ACTUAL
Agregado; 2025-09-18 20:41:07; Préstamo: 599 Pago de cliente: modesto gonzalez lopez Balance anterior $201200.00 Monto pagado $5800.00 PAGO IRREGULAR $201200.00 BALANCE ACTUAL
Agregado; 2025-09-18 20:42:39; Préstamo: 437 Pago de cliente: eugenio ernesto marchena fermin Balance anterior $188000.00 Monto pagado $9400.00 INTERES $188000.00 BALANCE ACTUAL
Agregado; 2025-09-18 20:44:26; Préstamo: 637 Pago de cliente: tomas garcia rodriguez Balance anterior $105000.00 Monto pagado $5250.00 INTERES $105000.00 BALANCE ACTUAL
Agregado; 2025-09-18 20:46:52; Préstamo: 595 Pago de cliente: carmen lopez fermin Balance anterior $40000.00 Monto pagado $2000.00 INTERES $40000.00 BALANCE ACTUAL
Agregado; 2025-09-18 20:47:11; Préstamo: 625 Pago de cliente: luz estel palomino de capois Balance anterior $50000.00 Monto pagado $2000.00 INTERES $50000.00 BALANCE ACTUAL
Agregado; 2025-09-18 20:47:45; Préstamo: 408 Pago de cliente: leoncia de jesus adames Balance anterior $180000.00 Monto pagado $9000.00 INTERES $180000.00 BALANCE ACTUAL
Agregado; 2025-09-18 20:48:16; Préstamo: 558 Pago de cliente: claribel altagracia mendoza hernandez Balance anterior $123100.00 Monto pagado $6155.00 INTERES $123100.00 BALANCE ACTUAL
Agregado; 2025-09-18 20:48:56; Préstamo: 609 Pago de cliente: ana maria gonzalez peña Balance anterior $120000.00 Monto pagado $6000.00 INTERES $120000.00 BALANCE ACTUAL
Agregado; 2025-09-18 20:53:59; Préstamo: 463 Pago de cliente: amarilis lora alonzo de capellan Balance anterior $100000.00 Monto pagado $3800.00 PAGO IRREGULAR $100000.00 BALANCE ACTUAL
Agregado; 2025-09-18 20:54:46; Préstamo: 127 Pago de cliente: ligia maria dolores alvarado de pereyra Balance anterior $205000.00 Monto pagado $6500.00 INTERES $205000.00 BALANCE ACTUAL
Agregado; 2025-09-18 20:57:01; Préstamo: 549 Pago de cliente: aracelis jimenez peña de hernandez Balance anterior $156000.00 Monto pagado $7800.00 INTERES $156000.00 BALANCE ACTUAL
Agregado; 2025-09-18 21:07:00; Préstamo: 388 Pago de cliente: dulce maria olivo cheriz Balance anterior $185000.00 Monto pagado $9250.00 INTERES $185000.00 BALANCE ACTUAL
Agregado; 2025-09-18 21:07:00; Préstamo: 388 Abono al capital de cliente: dulce maria olivo cheriz $185000 
