Agregado; 2023-05-18 09:19:32; PAGO IRREGULAR
Agregado; 2023-05-18 09:19:47; adicional al capital, cliente:  $6500
Agregado; 2023-05-18 09:20:13; PAGO IRREGULAR
Agregado; 2023-05-18 09:20:27; adicional al capital, cliente:  $50000
Agregado; 2023-05-18 11:57:08; adicional al capital, cliente:  $35000
Agregado; 2023-05-18 13:20:46; adicional al capital, cliente:  $5000
Actualizado; 2023-05-18 13:36:31; Préstamo cliente: bernarda garcia andujar monto prestado $90000.00 duración: 18 meses interes: 4500
Eliminado; 2023-05-18 13:36:49; Prestamo del cliente: dalvin jose sarante nuñez monto $13000.00 duración: 10 meses interes: 650.00
Eliminado; 2023-05-18 13:36:49; Préstamo: 173 
Eliminado; 2023-05-18 13:36:49; amortización: 173 
Eliminado; 2023-05-18 13:40:06; Prestamo del cliente: fautino urbano duran  monto $125000.00 duración: 20 quincenas interes: 3125.00
Eliminado; 2023-05-18 13:40:06; Préstamo: 88 
Eliminado; 2023-05-18 13:40:06; amortización: 88 
Eliminado; 2023-05-18 14:42:35; Adicional del cliente: jorge luis cepeda martinez monto ADICIONAL $35000
Eliminado; 2023-05-18 14:42:35; adicional del présamo: 206 
Actualizado; 2023-05-18 14:42:35; Préstamo: 206 
Eliminado; 2023-05-18 14:42:35; Adicional del cliente:  monto  $
Eliminado; 2023-05-18 14:42:35; adicional del présamo:  
Actualizado; 2023-05-18 14:42:35; Préstamo:  
Agregado; 2023-05-18 14:42:46; adicional al capital, cliente:  $35000
Actualizado; 2023-05-18 15:00:50; Préstamo cliente: jorge luis cepeda martinez monto prestado $110000 duración: 10 meses interes: 5500
Eliminado; 2023-05-18 15:36:49; Prestamo del cliente: dannessa deyanara rodriguez  monto $200000.00 duración: 10 meses interes: 10000.00
Eliminado; 2023-05-18 15:36:49; Préstamo: 181 
Eliminado; 2023-05-18 15:36:49; amortización: 181 
Agregado; 2023-05-18 15:38:20; Nuevo préstamo cliente: dannessa deyanara rodriguez  monto prestado $200000 duración: 10 meses interes: 10000
Actualizado; 2023-05-18 15:38:51; Préstamo cliente: dannessa deyanara rodriguez  monto prestado $200000.00 duración: 10 meses interes: 10000
Agregado; 2023-05-18 15:39:24; PAGO IRREGULAR
Agregado; 2023-05-18 15:39:41; PAGO IRREGULAR
Agregado; 2023-05-18 15:39:55; PAGO IRREGULAR
Agregado; 2023-05-18 15:40:10; PAGO IRREGULAR
