Agregado; 2023-10-24 09:42:20; PAGO IRREGULAR
Agregado; 2023-10-24 09:44:11; PAGO IRREGULAR
Agregado; 2023-10-24 09:46:48; PAGO IRREGULAR
Agregado; 2023-10-24 09:47:37; PAGO IRREGULAR
Agregado; 2023-10-24 09:48:50; PAGO IRREGULAR
Agregado; 2023-10-24 09:51:38; PAGO IRREGULAR
Agregado; 2023-10-24 09:53:12; PAGO IRREGULAR
Agregado; 2023-10-24 09:55:12; PAGO IRREGULAR
Agregado; 2023-10-24 09:56:14; PAGO IRREGULAR
Agregado; 2023-10-24 10:03:10; PAGO IRREGULAR
Agregado; 2023-10-24 10:05:55; PAGO IRREGULAR
Agregado; 2023-10-24 10:08:18; PAGO IRREGULAR
Agregado; 2023-10-24 10:09:46; PAGO IRREGULAR
Agregado; 2023-10-24 10:14:30; PAGO IRREGULAR
Agregado; 2023-10-24 10:17:36; PAGO IRREGULAR
Agregado; 2023-10-24 10:18:04; PAGO IRREGULAR
Agregado; 2023-10-24 10:21:16; PAGO IRREGULAR
Agregado; 2023-10-24 10:23:16; PAGO IRREGULAR
Agregado; 2023-10-24 10:23:42; PAGO IRREGULAR
Agregado; 2023-10-24 10:25:17; PAGO IRREGULAR
Eliminado; 2023-10-24 10:46:39; Prestamo del cliente: juana  yesenia facenda hernandez monto $45000.00 duración: 10 meses interes: 2250.00
Eliminado; 2023-10-24 10:46:39; Préstamo: 197 
Eliminado; 2023-10-24 10:46:39; amortización: 197 
Agregado; 2023-10-24 10:47:05; PAGO IRREGULAR
Agregado; 2023-10-24 10:49:57; PAGO IRREGULAR
Agregado; 2023-10-24 11:04:48; Nuevo préstamo cliente: rafael guzman ragalado monto prestado $30000 duración: 10 meses interes: 1500
Agregado; 2023-10-24 11:19:25; PAGO IRREGULAR
Agregado; 2023-10-24 11:22:01; PAGO IRREGULAR
Agregado; 2023-10-24 11:23:13; PAGO IRREGULAR
Agregado; 2023-10-24 11:24:25; PAGO IRREGULAR
Agregado; 2023-10-24 11:30:33; PAGO IRREGULAR
Agregado; 2023-10-24 11:31:49; PAGO IRREGULAR
Agregado; 2023-10-24 11:33:09; PAGO IRREGULAR
Agregado; 2023-10-24 11:34:18; PAGO IRREGULAR
Agregado; 2023-10-24 11:35:16; PAGO IRREGULAR
Agregado; 2023-10-24 11:36:08; PAGO IRREGULAR
Agregado; 2023-10-24 11:39:40; PAGO IRREGULAR
Agregado; 2023-10-24 11:39:43; PAGO IRREGULAR
Agregado; 2023-10-24 11:40:55; PAGO IRREGULAR
Agregado; 2023-10-24 11:42:36; PAGO IRREGULAR
Agregado; 2023-10-24 11:47:39; PAGO IRREGULAR
Agregado; 2023-10-24 11:51:27; PAGO IRREGULAR
Agregado; 2023-10-24 11:54:09; PAGO IRREGULAR
Agregado; 2023-10-24 11:55:24; PAGO IRREGULAR
Agregado; 2023-10-24 12:46:39; PAGO IRREGULAR
Agregado; 2023-10-24 12:48:44; PAGO IRREGULAR
Actualizado; 2023-10-24 14:59:52; Préstamo cliente: modesto gonzalez lopez monto prestado $68500.00 duración: 10 meses interes: 3425
Eliminado; 2023-10-24 15:05:39; Prestamo del cliente: modesto gonzalez lopez monto $26500.00 duración: 10 meses interes: 3425.00
Eliminado; 2023-10-24 15:05:39; Préstamo: 235 
Eliminado; 2023-10-24 15:05:39; amortización: 235 
Agregado; 2023-10-24 15:07:00; Nuevo préstamo cliente: modesto gonzalez lopez monto prestado $83500 duración: 10 meses interes: 4175
Agregado; 2023-10-24 16:03:08; PAGO IRREGULAR
