Agregado; 2025-07-24 14:03:17; Préstamo: 587 Pago de cliente: amancia king green Balance anterior $30000.00 Monto pagado $1500.00 INTERES $30000.00 BALANCE ACTUAL
Agregado; 2025-07-24 14:03:49; Préstamo: 561 Pago de cliente: raul caraballo liranzo Balance anterior $288600.00 Monto pagado $14430.00 INTERES $288600.00 BALANCE ACTUAL
Agregado; 2025-07-24 14:04:22; Préstamo: 607 Pago de cliente: emmanuel medina lopez Balance anterior $100000.00 Monto pagado $5000.00 INTERES $100000.00 BALANCE ACTUAL
Agregado; 2025-07-24 14:05:02; Préstamo: 178 Pago de cliente: gricelida tavarez drullard Balance anterior $203000.00 Monto pagado $10150.00 INTERES $203000.00 BALANCE ACTUAL
Agregado; 2025-07-24 14:05:52; Préstamo: 597 Pago de cliente: yuderky ramona gama olivo Balance anterior $215000.00 Monto pagado $10750.00 INTERES $215000.00 BALANCE ACTUAL
Agregado; 2025-07-24 14:08:07; Préstamo: 135 Pago de cliente: mily cuevas sosa Balance anterior $189000.00 Monto pagado $9450.00 INTERES $189000.00 BALANCE ACTUAL
Agregado; 2025-07-24 14:09:19; Préstamo: 345 Pago de cliente: nicaurys fermin fermin Balance anterior $281800.00 Monto pagado $10000 PAGO IRREGULAR $281800.00 BALANCE ACTUAL
Agregado; 2025-07-24 14:10:08; Préstamo: 544 Pago de cliente: masiell alejandra lopez gil Balance anterior $126000.00 Monto pagado $6300.00 INTERES $126000.00 BALANCE ACTUAL
Agregado; 2025-07-24 14:10:42; Préstamo: 521 Pago de cliente: orlando nuñez sanchez Balance anterior $155500.00 Monto pagado $7775.00 INTERES $155500.00 BALANCE ACTUAL
Agregado; 2025-07-24 14:11:15; Préstamo: 557 Pago de cliente: alba gervancia de la cruz acosta Balance anterior $40000.00 Monto pagado $2000.00 INTERES $40000.00 BALANCE ACTUAL
Agregado; 2025-07-24 14:12:09; Préstamo: 584 Pago de cliente: eni maria reynoso aquino Balance anterior $245700.00 Monto pagado $12285.00 INTERES $245700.00 BALANCE ACTUAL
Agregado; 2025-07-24 14:12:39; Préstamo: 526 Pago de cliente: sara felipe kery Balance anterior $53000.00 Monto pagado $2650.00 INTERES $53000.00 BALANCE ACTUAL
Agregado; 2025-07-24 14:15:05; Préstamo: 473 Pago de cliente: alexander reyes Balance anterior $75000.00 Monto pagado $3750.00 INTERES $75000.00 BALANCE ACTUAL
Agregado; 2025-07-24 14:16:47; Préstamo: 596 Pago de cliente: lorenza maria jose avelino Balance anterior $240000.00 Monto pagado $12000.00 INTERES $240000.00 BALANCE ACTUAL
Agregado; 2025-07-24 14:17:06; Préstamo: 312 Pago de cliente: vianely trinidad paulino Balance anterior $15000.00 Monto pagado $750.00 INTERES $15000.00 BALANCE ACTUAL
Agregado; 2025-07-24 14:17:41; Préstamo: 564 Pago de cliente: esperanza yanilca amparo castillo Balance anterior $172000.00 Monto pagado $8600.00 INTERES $172000.00 BALANCE ACTUAL
Agregado; 2025-07-24 14:18:08; Préstamo: 515 Pago de cliente: celso garcia castillo Balance anterior $40000.00 Monto pagado $2800.00 INTERES $40000.00 BALANCE ACTUAL
Agregado; 2025-07-24 14:19:38; Préstamo: 112 Pago de cliente: ysidora altagracia minaya duran Balance anterior $387000.00 Monto pagado $8000 PAGO IRREGULAR $387000.00 BALANCE ACTUAL
Agregado; 2025-07-24 14:20:09; Préstamo: 551 Pago de cliente: yesenia de los santos marte Balance anterior $320000.00 Monto pagado $16000.00 INTERES $320000.00 BALANCE ACTUAL
Agregado; 2025-07-24 14:20:37; Préstamo: 433 Pago de cliente: edilcia encarnacion encarnacion Balance anterior $155000.00 Monto pagado $7750.00 INTERES $155000.00 BALANCE ACTUAL
Agregado; 2025-07-24 14:21:27; Préstamo: 506 Pago de cliente: roberto hernandez sanchez Balance anterior $374000.00 Monto pagado $15000 PAGO IRREGULAR $374000.00 BALANCE ACTUAL
Agregado; 2025-07-24 14:21:56; Préstamo: 588 Pago de cliente: martir carolina hernandez valdez Balance anterior $205000.00 Monto pagado $10250.00 INTERES $205000.00 BALANCE ACTUAL
Agregado; 2025-07-24 14:23:47; Préstamo: 594 Pago de cliente: juan alfonso concepcion vazquez Balance anterior $150000.00 Monto pagado $6000.00 INTERES $150000.00 BALANCE ACTUAL
Agregado; 2025-07-24 14:24:34; Préstamo: 484 Pago de cliente: rafael regalado del orbe Balance anterior $150000.00 Monto pagado $7500.00 INTERES $150000.00 BALANCE ACTUAL
Agregado; 2025-07-24 14:25:40; Préstamo: 509 Pago de cliente: dannessa deyanara rodriguez Balance anterior $326000.00 Monto pagado $11300 PAGO IRREGULAR $326000.00 BALANCE ACTUAL
Agregado; 2025-07-24 14:26:49; Préstamo: 332 Pago de cliente: ambiorix almanzar castro Balance anterior $215000.00 Monto pagado $10750.00 INTERES $215000.00 BALANCE ACTUAL
Agregado; 2025-07-24 14:30:09; Préstamo: 498 Pago de cliente: felix alberto campo Balance anterior $110000.00 Monto pagado $5000 PAGO IRREGULAR $110000.00 BALANCE ACTUAL
Agregado; 2025-07-24 14:32:10; Préstamo: 598 Pago de cliente: nolberto joel lopez de jesus Balance anterior $44000.00 Monto pagado $2200.00 INTERES $44000.00 BALANCE ACTUAL
Agregado; 2025-07-24 14:32:43; Préstamo: 573 Pago de cliente: pedro castillo peralta Balance anterior $175000.00 Monto pagado $7000.00 INTERES $175000.00 BALANCE ACTUAL
Agregado; 2025-07-24 14:33:17; Préstamo: 439 Pago de cliente: erika gonzalez ramirez Balance anterior $200000.00 Monto pagado $8000.00 INTERES $200000.00 BALANCE ACTUAL
Agregado; 2025-07-24 14:34:49; Préstamo: 567 Pago de cliente: lowels jhonson mejia Balance anterior $120000.00 Monto pagado $6000.00 INTERES $120000.00 BALANCE ACTUAL
Agregado; 2025-07-24 14:35:16; Préstamo: 341 Pago de cliente: alba caroligia hernandez rodriguez Balance anterior $392500.00 Monto pagado $15700.00 INTERES $392500.00 BALANCE ACTUAL
Agregado; 2025-07-24 14:35:37; Préstamo: 447 Pago de cliente: brahian canot Balance anterior $170000.00 Monto pagado $8500.00 INTERES $170000.00 BALANCE ACTUAL
Agregado; 2025-07-24 14:36:14; Préstamo: 602 Pago de cliente: yngris mercedes brito Balance anterior $10000.00 Monto pagado $500.00 INTERES $10000.00 BALANCE ACTUAL
Agregado; 2025-07-24 14:36:38; Préstamo: 603 Pago de cliente: yulizan encarnacion crooke Balance anterior $35000.00 Monto pagado $1750.00 INTERES $35000.00 BALANCE ACTUAL
Agregado; 2025-07-24 14:37:13; Préstamo: 483 Pago de cliente: gloria tatiana fermin de la rosa Balance anterior $200000.00 Monto pagado $10000.00 INTERES $200000.00 BALANCE ACTUAL
Agregado; 2025-07-24 14:39:15; Préstamo: 425 Pago de cliente: jack michael morillo Balance anterior $193500.00 Monto pagado $1700 PAGO IRREGULAR $193500.00 BALANCE ACTUAL
Agregado; 2025-07-24 14:39:44; Préstamo: 530 Pago de cliente: Marcelino Maldonado Fernández Balance anterior $200000.00 Monto pagado $8500 PAGO IRREGULAR $200000.00 BALANCE ACTUAL
Agregado; 2025-07-24 14:45:58; Préstamo: 606 Pago de cliente: victor martinez Balance anterior $100000.00 Monto pagado $2200 PAGO IRREGULAR $100000.00 BALANCE ACTUAL
Agregado; 2025-07-24 14:46:36; Préstamo: 508 Pago de cliente: juana  yesenia facenda hernandez Balance anterior $352000.00 Monto pagado $11800 PAGO IRREGULAR $352000.00 BALANCE ACTUAL
Agregado; 2025-07-24 14:47:13; Préstamo: 559 Pago de cliente: antonio ventura hilario Balance anterior $75000.00 Monto pagado $3750.00 INTERES $75000.00 BALANCE ACTUAL
Agregado; 2025-07-24 14:49:49; Préstamo: 571 Pago de cliente: norkelys  faña santos de roman Balance anterior $100000.00 Monto pagado $5000.00 INTERES $100000.00 BALANCE ACTUAL
Agregado; 2025-07-24 14:50:15; Préstamo: 585 Pago de cliente: elvin jose del orbe peguero Balance anterior $50000.00 Monto pagado $2500.00 INTERES $50000.00 BALANCE ACTUAL
Agregado; 2025-07-24 14:51:09; Préstamo: 534 Pago de cliente: sebastiana tirado melo Balance anterior $120000.00 Monto pagado $6000.00 INTERES $120000.00 BALANCE ACTUAL
Agregado; 2025-07-24 14:51:48; Préstamo: 477 Pago de cliente: jose miguel ozoria acosta Balance anterior $154000.00 Monto pagado $7700.00 INTERES $154000.00 BALANCE ACTUAL
Agregado; 2025-07-24 14:52:19; Préstamo: 489 Pago de cliente: rosa lidia paredes miguel Balance anterior $50000.00 Monto pagado $2500.00 INTERES $50000.00 BALANCE ACTUAL
Agregado; 2025-07-24 14:52:49; Préstamo: 547 Pago de cliente: rhoneer guzman ozoria Balance anterior $158500.00 Monto pagado $6340.00 INTERES $158500.00 BALANCE ACTUAL
Agregado; 2025-07-24 14:54:30; Préstamo: 595 Pago de cliente: carmen lopez fermin Balance anterior $40000.00 Monto pagado $2000.00 INTERES $40000.00 BALANCE ACTUAL
Agregado; 2025-07-24 14:55:00; Préstamo: 574 Pago de cliente: maria teresa javiar rodriguez Balance anterior $72000.00 Monto pagado $3600.00 INTERES $72000.00 BALANCE ACTUAL
Agregado; 2025-07-24 14:55:39; Préstamo: 517 Pago de cliente: irvin francisco de leon javier Balance anterior $100000.00 Monto pagado $5000.00 INTERES $100000.00 BALANCE ACTUAL
Agregado; 2025-07-24 14:56:13; Préstamo: 443 Pago de cliente: basilia rodriguez altagracia Balance anterior $300000.00 Monto pagado $12500 PAGO IRREGULAR $300000.00 BALANCE ACTUAL
Agregado; 2025-07-24 14:57:36; Préstamo: 601 Pago de cliente: justo rafael dipuglia rosario Balance anterior $225500.00 Monto pagado $11275.00 INTERES $225500.00 BALANCE ACTUAL
Agregado; 2025-07-24 14:58:02; Préstamo: 518 Pago de cliente: roberto flores acosta Balance anterior $110000.00 Monto pagado $5500.00 INTERES $110000.00 BALANCE ACTUAL
Agregado; 2025-07-24 14:58:37; Préstamo: 413 Pago de cliente: yovanni acosta  garcia de frias Balance anterior $121200.00 Monto pagado $6060.00 INTERES $121200.00 BALANCE ACTUAL
Agregado; 2025-07-24 14:59:09; Préstamo: 512 Pago de cliente: maribel maria gil Balance anterior $100000.00 Monto pagado $10000.00 INTERES $100000.00 BALANCE ACTUAL
Agregado; 2025-07-24 14:59:38; Préstamo: 369 Pago de cliente: marino candelario compres Balance anterior $144000.00 Monto pagado $7200.00 INTERES $144000.00 BALANCE ACTUAL
Agregado; 2025-07-24 15:01:00; Préstamo: 539 Pago de cliente: edward alexander polanco alvarado Balance anterior $295000.00 Monto pagado $14750.00 INTERES $295000.00 BALANCE ACTUAL
Agregado; 2025-07-24 15:01:26; Préstamo: 586 Pago de cliente: daniel gonzalez vasquez Balance anterior $100000.00 Monto pagado $5000.00 INTERES $100000.00 BALANCE ACTUAL
Agregado; 2025-07-24 15:03:02; Préstamo: 373 Pago de cliente: ramon garcia Balance anterior $137000.00 Monto pagado $6850.00 INTERES $137000.00 BALANCE ACTUAL
Agregado; 2025-07-24 15:03:23; Préstamo: 329 Pago de cliente: angel lorenzo breton castillo Balance anterior $80000.00 Monto pagado $4000.00 INTERES $80000.00 BALANCE ACTUAL
Agregado; 2025-07-24 15:05:34; Préstamo: 215 Pago de cliente: lisette zaiz ventura Balance anterior $237200.00 Monto pagado $10000 PAGO IRREGULAR $237200.00 BALANCE ACTUAL
Agregado; 2025-07-24 15:06:17; Préstamo: 575 Pago de cliente: maria yocasta tejada martinez de guzman Balance anterior $200000.00 Monto pagado $8000.00 INTERES $200000.00 BALANCE ACTUAL
Agregado; 2025-07-24 16:20:23; Préstamo: 551 Adicional al capital, cliente:  $50000
Agregado; 2025-07-24 20:40:23; Préstamo: 415 Pago de cliente: dorothy cleopatra adolfina vanderhorst almeyda Balance anterior $335000.00 Monto pagado $4200.00 PAGO IRREGULAR $335000.00 BALANCE ACTUAL
Agregado; 2025-07-24 20:41:31; Préstamo: 324 Pago de cliente: luisa yanelsi then molina Balance anterior $191500.00 Monto pagado $7800 PAGO IRREGULAR $191500.00 BALANCE ACTUAL
Agregado; 2025-07-24 20:45:46; Préstamo: 581 Pago de cliente: josefina rojas mercedes de garcia Balance anterior $85000.00 Monto pagado $4250.00 INTERES $85000.00 BALANCE ACTUAL
Eliminado; 2025-07-24 20:46:21; Préstamo: 134 Cliente: francisco paulino esteban monto $103400.00 duración: 10 meses interes: 5170.00
Eliminado; 2025-07-24 20:46:21; Préstamo: 134 
Eliminado; 2025-07-24 20:46:21; amortización: 134 
Agregado; 2025-07-24 20:46:44; Préstamo: 600 Pago de cliente: francisco paulino esteban Balance anterior $225000.00 Monto pagado $4000.00 PAGO IRREGULAR $225000.00 BALANCE ACTUAL
Agregado; 2025-07-24 20:48:36; Préstamo: 332 Pago de cliente: ambiorix almanzar castro Balance anterior $215000.00 Monto pagado $10750.00 INTERES $215000.00 BALANCE ACTUAL
Agregado; 2025-07-24 20:48:36; Préstamo: 332 Abono pago irregular - cliente: ambiorix almanzar castro $5050 PAGO IRREGULAR $215000.00 BALANCE ACTUAL
