Agregado; 2025-06-17 14:01:21; Préstamo: 519 Adicional al capital, cliente:  $10000
Agregado; 2025-06-17 14:03:34; Nuevo préstamo cliente: modesta crecencia paredes pierrot monto prestado $177000 duración: 10 meses interes: 7080
Actualizado; 2025-06-17 14:04:19; Préstamo cliente: modesta crecencia paredes pierrot monto prestado $177000.00 duración: 10 meses interes: 7080
Agregado; 2025-06-17 14:20:43; Préstamo: 579 Pago de cliente: nelson maximiliano sosa guillermo Balance anterior $100000.00 Monto pagado $2500.00 INTERES $100000.00 BALANCE ACTUAL
Eliminado; 2025-06-17 14:22:04; Préstamo: 279 Cliente: perla massiel acosta faña monto $100000.00 duración: 10 meses interes: 2500.00
Eliminado; 2025-06-17 14:22:04; Préstamo: 279 
Eliminado; 2025-06-17 14:22:04; amortización: 279 
Agregado; 2025-06-17 14:22:17; Préstamo: 582 Pago de cliente: perla massiel acosta faña Balance anterior $140000.00 Monto pagado $3500.00 INTERES $140000.00 BALANCE ACTUAL
Agregado; 2025-06-17 16:15:51; Nuevo préstamo cliente: pedro garcia reyes monto prestado $40000 duración: 10 meses interes: 2000
Eliminado; 2025-06-17 18:51:55; Préstamo: 338 Cliente: timmy daniel martinez vilorio monto $163500.00 duración: 10 meses interes: 8175.00
Eliminado; 2025-06-17 18:51:55; Préstamo: 338 
Eliminado; 2025-06-17 18:51:55; amortización: 338 
Eliminado; 2025-06-17 18:52:10; Préstamo: 554 Cliente: alciviades paredes javier monto $30000.00 duración: 10 meses interes: 1500.00
Eliminado; 2025-06-17 18:52:10; Préstamo: 554 
Eliminado; 2025-06-17 18:52:10; amortización: 554 
Eliminado; 2025-06-17 18:52:20; Préstamo: 536 Cliente: yoseli pamela calcaño lopez monto $80000.00 duración: 10 meses interes: 4000.00
Eliminado; 2025-06-17 18:52:20; Préstamo: 536 
Eliminado; 2025-06-17 18:52:20; amortización: 536 
Actualizado; 2025-06-17 19:05:50; Préstamo cliente: amancia king green monto prestado $30000.00 duración: 10 meses interes: 1500
Agregado; 2025-06-17 19:06:59; Préstamo: 534 Adicional al capital, cliente:  $20000
Eliminado; 2025-06-17 19:11:15; Préstamo: 576 Cliente: elvin jose del orbe peguero monto $30000.00 duración: 10 meses interes: 1500.00
Eliminado; 2025-06-17 19:11:15; Préstamo: 576 
Eliminado; 2025-06-17 19:11:15; amortización: 576 
Eliminado; 2025-06-17 19:11:51; Préstamo: 480 Cliente: eni maria reynoso aquino monto $30000.00 duración: 10 meses interes: 2100.00
Eliminado; 2025-06-17 19:11:51; Préstamo: 480 
Eliminado; 2025-06-17 19:11:51; amortización: 480 
Agregado; 2025-06-17 19:13:02; Préstamo: 481 Abono al capital de cliente: marilyn antonia jimenez de santana $100000 
Actualizado; 2025-06-17 19:14:01; Préstamo cliente: josefina rojas mercedes de garcia monto prestado $85000.00 duración: 10 meses interes: 4250
Eliminado; 2025-06-17 19:14:14; Préstamo: 479 Cliente: josefina rojas mercedes de garcia monto $60000.00 duración: 10 meses interes: 3000.00
Eliminado; 2025-06-17 19:14:14; Préstamo: 479 
Eliminado; 2025-06-17 19:14:14; amortización: 479 
Eliminado; 2025-06-17 19:21:09; Préstamo: 383 Cliente: juan alfonso concepcion vazquez monto $347500.00 duración: 10 meses interes: 17375.00
Eliminado; 2025-06-17 19:21:09; Préstamo: 383 
Eliminado; 2025-06-17 19:21:09; amortización: 383 
Eliminado; 2025-06-17 19:23:56; Préstamo: 201 Cliente: martir carolina hernandez valdez  monto $160000.00 duración: 10 meses interes: 8000.00
Eliminado; 2025-06-17 19:23:56; Préstamo: 201 
Eliminado; 2025-06-17 19:23:56; amortización: 201 
