Agregado; 2025-09-25 13:18:25; Préstamo: 571 Pago de cliente: norkelys  faña santos de roman Balance anterior $100000.00 Monto pagado $5000.00 INTERES $100000.00 BALANCE ACTUAL
Agregado; 2025-09-25 13:18:26; Préstamo: 571 Pago de cliente: norkelys  faña santos de roman Balance anterior $100000.00 Monto pagado $5000.00 INTERES $100000.00 BALANCE ACTUAL
Agregado; 2025-09-25 13:18:53; Préstamo: 526 Pago de cliente: sara felipe kery Balance anterior $53000.00 Monto pagado $2650.00 INTERES $53000.00 BALANCE ACTUAL
Agregado; 2025-09-25 13:19:10; Préstamo: 621 Pago de cliente: yoseli pamela calcaño lopez Balance anterior $50000.00 Monto pagado $2500.00 INTERES $50000.00 BALANCE ACTUAL
Agregado; 2025-09-25 13:19:25; Préstamo: 587 Pago de cliente: amancia king green Balance anterior $30000.00 Monto pagado $1500.00 INTERES $30000.00 BALANCE ACTUAL
Agregado; 2025-09-25 13:20:25; Préstamo: 483 Pago de cliente: gloria tatiana fermin de la rosa Balance anterior $200000.00 Monto pagado $10000.00 INTERES $200000.00 BALANCE ACTUAL
Agregado; 2025-09-25 13:36:13; Préstamo: 447 Pago de cliente: brahian canot Balance anterior $170000.00 Monto pagado $8500.00 INTERES $170000.00 BALANCE ACTUAL
Agregado; 2025-09-25 13:36:31; Préstamo: 521 Pago de cliente: orlando nuñez sanchez Balance anterior $155500.00 Monto pagado $7775.00 INTERES $155500.00 BALANCE ACTUAL
Agregado; 2025-09-25 13:36:54; Préstamo: 178 Pago de cliente: gricelida tavarez drullard Balance anterior $203000.00 Monto pagado $10150.00 INTERES $203000.00 BALANCE ACTUAL
Agregado; 2025-09-25 13:37:14; Préstamo: 312 Pago de cliente: vianely trinidad paulino Balance anterior $15000.00 Monto pagado $750.00 INTERES $15000.00 BALANCE ACTUAL
Agregado; 2025-09-25 13:37:29; Préstamo: 477 Pago de cliente: jose miguel ozoria acosta Balance anterior $154000.00 Monto pagado $7700.00 INTERES $154000.00 BALANCE ACTUAL
Agregado; 2025-09-25 13:42:01; Nuevo préstamo cliente: mily cuevas sosa monto prestado $373600 duración: 10 meses interes: 18680
Agregado; 2025-09-25 13:43:47; Préstamo: 646 Pago de cliente: mily cuevas sosa Balance anterior $373600.00 Monto pagado $18680.00 INTERES $373600.00 BALANCE ACTUAL
Agregado; 2025-09-25 13:46:22; Préstamo: 324 Pago de cliente: luisa yanelsi then molina Balance anterior $195500.00 Monto pagado $4600 PAGO IRREGULAR $195500.00 BALANCE ACTUAL
Agregado; 2025-09-25 13:46:43; Préstamo: 588 Pago de cliente: martir carolina hernandez valdez Balance anterior $205000.00 Monto pagado $10250.00 INTERES $205000.00 BALANCE ACTUAL
Agregado; 2025-09-25 13:47:11; Préstamo: 508 Pago de cliente: juana  yesenia facenda hernandez Balance anterior $352000.00 Monto pagado $11800.00 PAGO IRREGULAR $352000.00 BALANCE ACTUAL
Agregado; 2025-09-25 13:47:38; Préstamo: 626 Pago de cliente: ramon quiro melo Balance anterior $160000.00 Monto pagado $6400.00 INTERES $160000.00 BALANCE ACTUAL
Agregado; 2025-09-25 13:47:57; Préstamo: 574 Pago de cliente: maria teresa javiar rodriguez Balance anterior $82000.00 Monto pagado $4100.00 INTERES $82000.00 BALANCE ACTUAL
Agregado; 2025-09-25 13:48:27; Préstamo: 498 Pago de cliente: felix alberto campo Balance anterior $110000.00 Monto pagado $5500.00 INTERES $110000.00 BALANCE ACTUAL
Agregado; 2025-09-25 13:48:56; Préstamo: 618 Pago de cliente: eni maria reynoso aquino Balance anterior $100000.00 Monto pagado $5000.00 INTERES $100000.00 BALANCE ACTUAL
Agregado; 2025-09-25 13:49:13; Préstamo: 473 Pago de cliente: alexander reyes Balance anterior $85000.00 Monto pagado $4250.00 INTERES $85000.00 BALANCE ACTUAL
Agregado; 2025-09-25 13:49:50; Préstamo: 596 Pago de cliente: lorenza maria jose avelino Balance anterior $240000.00 Monto pagado $12000.00 INTERES $240000.00 BALANCE ACTUAL
Agregado; 2025-09-25 13:50:15; Préstamo: 373 Pago de cliente: ramon garcia Balance anterior $142000.00 Monto pagado $7100.00 INTERES $142000.00 BALANCE ACTUAL
Agregado; 2025-09-25 13:52:06; Préstamo: 559 Pago de cliente: antonio ventura hilario Balance anterior $75000.00 Monto pagado $3750.00 INTERES $75000.00 BALANCE ACTUAL
Agregado; 2025-09-25 13:52:30; Préstamo: 586 Pago de cliente: daniel gonzalez vasquez Balance anterior $100000.00 Monto pagado $5000.00 INTERES $100000.00 BALANCE ACTUAL
Agregado; 2025-09-25 13:52:52; Préstamo: 612 Pago de cliente: raul caraballo liranzo Balance anterior $322000.00 Monto pagado $9000.00 PAGO IRREGULAR $322000.00 BALANCE ACTUAL
Agregado; 2025-09-25 13:53:08; Préstamo: 530 Pago de cliente: Marcelino Maldonado Fernández Balance anterior $200000.00 Monto pagado $10000.00 INTERES $200000.00 BALANCE ACTUAL
Agregado; 2025-09-25 13:53:30; Préstamo: 415 Pago de cliente: dorothy cleopatra adolfina vanderhorst almeyda Balance anterior $335000.00 Monto pagado $14200.00 PAGO IRREGULAR $335000.00 BALANCE ACTUAL
Agregado; 2025-09-25 13:55:07; Préstamo: 607 Pago de cliente: emmanuel medina lopez Balance anterior $100000.00 Monto pagado $5000.00 INTERES $100000.00 BALANCE ACTUAL
Agregado; 2025-09-25 13:55:29; Préstamo: 425 Pago de cliente: jack michael morillo Balance anterior $193500.00 Monto pagado $1700.00 PAGO IRREGULAR $193500.00 BALANCE ACTUAL
Agregado; 2025-09-25 13:55:44; Préstamo: 427 Pago de cliente: celso garcia castillo Balance anterior $60000.00 Monto pagado $3000.00 INTERES $60000.00 BALANCE ACTUAL
Agregado; 2025-09-25 13:56:11; Préstamo: 443 Pago de cliente: basilia rodriguez altagracia Balance anterior $300000.00 Monto pagado $15000.00 INTERES $300000.00 BALANCE ACTUAL
Agregado; 2025-09-25 13:57:17; Préstamo: 639 Pago de cliente: nery vianney garcia rodriguez Balance anterior $100000.00 Monto pagado $5000.00 INTERES $100000.00 BALANCE ACTUAL
Agregado; 2025-09-25 13:58:16; Préstamo: 433 Pago de cliente: edilcia encarnacion encarnacion Balance anterior $160000.00 Monto pagado $8000.00 INTERES $160000.00 BALANCE ACTUAL
Agregado; 2025-09-25 14:00:28; Préstamo: 557 Pago de cliente: alba gervancia de la cruz acosta Balance anterior $40000.00 Monto pagado $2000.00 INTERES $40000.00 BALANCE ACTUAL
Agregado; 2025-09-25 14:00:46; Préstamo: 512 Pago de cliente: maribel maria gil Balance anterior $100000.00 Monto pagado $10000.00 INTERES $100000.00 BALANCE ACTUAL
Agregado; 2025-09-25 14:01:07; Préstamo: 610 Pago de cliente: josefina rojas mercedes de garcia Balance anterior $135000.00 Monto pagado $6750.00 INTERES $135000.00 BALANCE ACTUAL
Agregado; 2025-09-25 14:02:25; Préstamo: 481 Pago de cliente: marilyn antonia jimenez de santana Balance anterior $92000.00 Monto pagado $4600.00 INTERES $92000.00 BALANCE ACTUAL
Agregado; 2025-09-25 14:02:45; Préstamo: 518 Pago de cliente: roberto flores acosta Balance anterior $110000.00 Monto pagado $5500.00 INTERES $110000.00 BALANCE ACTUAL
Agregado; 2025-09-25 14:22:20; Préstamo: 628 Adicional al capital, cliente:  $50000
Agregado; 2025-09-25 15:05:55; Préstamo: 332 Pago de cliente: ambiorix almanzar castro Balance anterior $215000.00 Monto pagado $10750.00 INTERES $215000.00 BALANCE ACTUAL
Agregado; 2025-09-25 15:06:58; Préstamo: 601 Pago de cliente: justo rafael dipuglia rosario Balance anterior $225500.00 Monto pagado $11275.00 INTERES $225500.00 BALANCE ACTUAL
Agregado; 2025-09-25 15:11:12; Préstamo: 616 Pago de cliente: angel lorenzo breton castillo Balance anterior $160000.00 Monto pagado $8000.00 INTERES $160000.00 BALANCE ACTUAL
Agregado; 2025-09-25 15:21:55; Préstamo: 606 Pago de cliente: victor martinez Balance anterior $100000.00 Monto pagado $4500.00 INTERES $100000.00 BALANCE ACTUAL
Agregado; 2025-09-25 15:23:02; Préstamo: 551 Pago de cliente: yesenia de los santos marte Balance anterior $400000.00 Monto pagado $20000.00 INTERES $400000.00 BALANCE ACTUAL
Agregado; 2025-09-25 15:23:47; Préstamo: 345 Pago de cliente: nicaurys fermin fermin Balance anterior $281800.00 Monto pagado $9900 PAGO IRREGULAR $281800.00 BALANCE ACTUAL
Agregado; 2025-09-25 15:24:13; Préstamo: 575 Pago de cliente: maria yocasta tejada martinez de guzman Balance anterior $200000.00 Monto pagado $8000.00 INTERES $200000.00 BALANCE ACTUAL
Agregado; 2025-09-25 15:24:39; Préstamo: 112 Pago de cliente: ysidora altagracia minaya duran Balance anterior $387000.00 Monto pagado $8000 PAGO IRREGULAR $387000.00 BALANCE ACTUAL
Agregado; 2025-09-25 15:26:14; Préstamo: 615 Pago de cliente: lowels jhonson mejia Balance anterior $190000.00 Monto pagado $7000.00 PAGO IRREGULAR $190000.00 BALANCE ACTUAL
Agregado; 2025-09-25 15:27:02; Préstamo: 638 Pago de cliente: ana faustina faña gil Balance anterior $125000.00 Monto pagado $6000.00 PAGO IRREGULAR $125000.00 BALANCE ACTUAL
Agregado; 2025-09-25 15:27:33; Préstamo: 564 Pago de cliente: esperanza yanilca amparo castillo Balance anterior $172000.00 Monto pagado $8600.00 INTERES $172000.00 BALANCE ACTUAL
Agregado; 2025-09-25 15:27:57; Préstamo: 597 Pago de cliente: yuderky ramona gama olivo Balance anterior $259000.00 Monto pagado $12950.00 INTERES $259000.00 BALANCE ACTUAL
Agregado; 2025-09-25 15:28:28; Préstamo: 341 Pago de cliente: alba caroligia hernandez rodriguez Balance anterior $392500.00 Monto pagado $15700.00 INTERES $392500.00 BALANCE ACTUAL
Agregado; 2025-09-25 15:28:46; Préstamo: 622 Pago de cliente: masiell alejandra lopez gil Balance anterior $166000.00 Monto pagado $8300.00 INTERES $166000.00 BALANCE ACTUAL
Agregado; 2025-09-25 15:29:01; Préstamo: 627 Pago de cliente: irvin francisco de leon javier Balance anterior $200000.00 Monto pagado $10000.00 INTERES $200000.00 BALANCE ACTUAL
Agregado; 2025-09-25 15:29:17; Préstamo: 598 Pago de cliente: nolberto joel lopez de jesus Balance anterior $44000.00 Monto pagado $2200.00 INTERES $44000.00 BALANCE ACTUAL
Agregado; 2025-09-25 15:30:54; Préstamo: 509 Pago de cliente: dannessa deyanara rodriguez Balance anterior $326000.00 Monto pagado $15300.00 PAGO IRREGULAR $326000.00 BALANCE ACTUAL
Agregado; 2025-09-25 15:31:25; Préstamo: 534 Pago de cliente: sebastiana tirado melo Balance anterior $135000.00 Monto pagado $6750.00 INTERES $135000.00 BALANCE ACTUAL
Agregado; 2025-09-25 15:32:19; Préstamo: 594 Pago de cliente: juan alfonso concepcion vazquez Balance anterior $160000.00 Monto pagado $6400.00 INTERES $160000.00 BALANCE ACTUAL
Agregado; 2025-09-25 15:32:58; Préstamo: 413 Pago de cliente: yovanni acosta  garcia de frias Balance anterior $121200.00 Monto pagado $6000.00 PAGO IRREGULAR $121200.00 BALANCE ACTUAL
Agregado; 2025-09-25 15:33:25; Préstamo: 215 Pago de cliente: lisette zaiz ventura Balance anterior $237200.00 Monto pagado $6000.00 PAGO IRREGULAR $237200.00 BALANCE ACTUAL
Agregado; 2025-09-25 15:33:43; Préstamo: 633 Pago de cliente: leandro moris rosario Balance anterior $100000.00 Monto pagado $5000.00 INTERES $100000.00 BALANCE ACTUAL
Agregado; 2025-09-25 15:34:08; Préstamo: 439 Pago de cliente: erika gonzalez ramirez Balance anterior $200000.00 Monto pagado $8000.00 INTERES $200000.00 BALANCE ACTUAL
Agregado; 2025-09-25 15:35:18; Préstamo: 369 Pago de cliente: marino candelario compres Balance anterior $173000.00 Monto pagado $8650.00 INTERES $173000.00 BALANCE ACTUAL
Agregado; 2025-09-25 15:36:50; Préstamo: 617 Pago de cliente: roberto hernandez sanchez Balance anterior $200000.00 Monto pagado $8000.00 INTERES $200000.00 BALANCE ACTUAL
Agregado; 2025-09-25 15:37:57; Préstamo: 573 Pago de cliente: pedro castillo peralta Balance anterior $181000.00 Monto pagado $7240.00 INTERES $181000.00 BALANCE ACTUAL
Agregado; 2025-09-25 15:38:48; Préstamo: 634 Pago de cliente: edward alexander polanco alvarado Balance anterior $200000.00 Monto pagado $8000.00 INTERES $200000.00 BALANCE ACTUAL
Agregado; 2025-09-25 15:39:58; Préstamo: 547 Pago de cliente: rhoneer guzman ozoria Balance anterior $163500.00 Monto pagado $6540.00 INTERES $163500.00 BALANCE ACTUAL
Agregado; 2025-09-25 15:46:06; Préstamo: 602 Adicional al capital, cliente:  $10000
Agregado; 2025-09-25 15:46:17; Préstamo: 602 Pago de cliente: yngris mercedes brito Balance anterior $20000.00 Monto pagado $1000.00 INTERES $20000.00 BALANCE ACTUAL
