Agregado; 2025-03-13 13:27:21; Préstamo: 460 Adicional al capital, cliente:  $25000
Actualizado; 2025-03-13 13:29:44; Préstamo cliente: juana  yesenia facenda hernandez monto prestado $300000.00 duración: 10 meses interes: 12000
Agregado; 2025-03-13 13:36:19; Nuevo préstamo cliente: yesenia de los santos marte monto prestado $225000 duración: 10 meses interes: 11250
Eliminado; 2025-03-13 13:37:47; Préstamo: 540 Cliente: yesenia de los santos marte monto $225000.00 duración: 10 meses interes: 11250.00
Eliminado; 2025-03-13 13:37:47; Préstamo: 540 
Eliminado; 2025-03-13 13:37:47; amortización: 540 
Agregado; 2025-03-13 13:39:53; Nuevo préstamo cliente: yesenia de los santos marte monto prestado $220000 duración: 10 meses interes: 11000
Eliminado; 2025-03-13 13:43:06; Préstamo: 460 Cliente: yesenia de los santos marte monto $216000.00 duración: 10 meses interes: 10800.00
Eliminado; 2025-03-13 13:43:06; Préstamo: 460 
Eliminado; 2025-03-13 13:43:06; amortización: 460 
Actualizado; 2025-03-13 14:20:11; Préstamo cliente: rafael guzman ragalado monto prestado $150000.00 duración: 10 meses interes: 7750
Agregado; 2025-03-13 14:24:14; Préstamo: 127 Adicional al capital, cliente:  $20000
Actualizado; 2025-03-13 14:24:56; Préstamo cliente: ligia maria dolores alvarado de pereyra monto prestado $85000.00 duración: 10 meses interes: 5500
Actualizado; 2025-03-13 14:25:39; Préstamo cliente: jose francisco lopez fermin monto prestado $150000.00 duración: 10 meses interes: 7500
Actualizado; 2025-03-13 14:28:18; Préstamo cliente: hugo rodriguez  monto prestado $153500.00 duración: 10 meses interes: 7675
Actualizado; 2025-03-13 14:28:48; Préstamo cliente: julia garcia castillo de castillo monto prestado $100000.00 duración: 10 meses interes: 5000
Actualizado; 2025-03-13 14:30:51; Préstamo cliente: colombino mata juma monto prestado $115000.00 duración: 10 meses interes: 5750
Eliminado; 2025-03-13 14:31:09; Préstamo: 395 Cliente: colombino mata juma monto $109500.00 duración: 10 meses interes: 8725.00
Eliminado; 2025-03-13 14:31:09; Préstamo: 395 
Eliminado; 2025-03-13 14:31:09; amortización: 395 
Agregado; 2025-03-13 14:31:44; Préstamo: 493 Adicional al capital, cliente:  $3000
Actualizado; 2025-03-13 14:43:32; Préstamo cliente: ana cristina maloon echavarria monto prestado $55000.00 duración: 10 meses interes: 4100
Agregado; 2025-03-13 14:48:25; Préstamo: 66 Abono al capital de cliente: eusebio elpidio pichardo santos $2500 
Agregado; 2025-03-13 14:48:48; Préstamo: 383 Adicional al capital, cliente:  $2000
Agregado; 2025-03-13 14:49:06; Préstamo: 453 Adicional al capital, cliente:  $2000
