Agregado; 2026-02-06 14:49:12; Nuevo préstamo cliente: jose francisco lopez fermin monto prestado $240000 duración: 10 meses interes: 12000
Eliminado; 2026-02-06 14:49:24; Préstamo: 535 Cliente: jose francisco lopez fermin monto $150000.00 duración: 10 meses interes: 7500.00
Eliminado; 2026-02-06 14:49:24; Préstamo: 535 
Eliminado; 2026-02-06 14:49:24; amortización: 535 
Agregado; 2026-02-06 14:50:47; Préstamo: 716 Pago de cliente: carmen lopez fermin Balance anterior $115000.00 Monto pagado $5750.00 INTERES $115000.00 BALANCE ACTUAL
Agregado; 2026-02-06 14:50:47; Préstamo: 716 Abono al capital de cliente: carmen lopez fermin $115000 
Eliminado; 2026-02-06 14:55:54; Préstamo: 595 Cliente: carmen lopez fermin monto $115000.00 duración: 10 meses interes: 5750.00
Eliminado; 2026-02-06 14:55:54; Préstamo: 595 
Eliminado; 2026-02-06 14:55:54; amortización: 595 
Eliminado; 2026-02-06 14:56:23; Préstamo: 85 Cliente: francisco lopez cross monto $238000.00 duración: 10 meses interes: 11900.00
Eliminado; 2026-02-06 14:56:23; Préstamo: 85 
Eliminado; 2026-02-06 14:56:23; amortización: 85 
Eliminado; 2026-02-06 15:02:38; Préstamo: 413 Cliente: yovanni acosta  garcia de frias monto $121200.00 duración: 10 meses interes: 6060.00
Eliminado; 2026-02-06 15:02:38; Préstamo: 413 
Eliminado; 2026-02-06 15:02:38; amortización: 413 
Eliminado; 2026-02-06 15:03:13; Préstamo: 558 Cliente: claribel altagracia mendoza hernandez monto $123100.00 duración: 10 meses interes: 6155.00
Eliminado; 2026-02-06 15:03:13; Préstamo: 558 
Eliminado; 2026-02-06 15:03:13; amortización: 558 
Eliminado; 2026-02-06 15:03:25; Préstamo: 560 Cliente: yordany ribota peña monto $87000.00 duración: 10 meses interes: 4350.00
Eliminado; 2026-02-06 15:03:25; Préstamo: 560 
Eliminado; 2026-02-06 15:03:25; amortización: 560 
Eliminado; 2026-02-06 15:04:00; Préstamo: 683 Cliente: alfonso hiciano laureano monto $150000.00 duración: 10 meses interes: 7500.00
Eliminado; 2026-02-06 15:04:00; Préstamo: 683 
Eliminado; 2026-02-06 15:04:00; amortización: 683 
Agregado; 2026-02-06 16:21:18; Préstamo: 617 Adicional al capital, cliente:  $15000
Agregado; 2026-02-06 16:24:33; Préstamo: 623 Adicional al capital, cliente:  $5000
Agregado; 2026-02-06 16:55:51; Préstamo: 645 Adicional al capital, cliente:  $6000
Agregado; 2026-02-06 19:38:01; Nuevo préstamo cliente: esperanza yanilca amparo castillo monto prestado $1920000 duración: 10 meses interes: 96000
Eliminado; 2026-02-06 19:38:20; Préstamo: 725 Cliente: esperanza yanilca amparo castillo monto $1920000.00 duración: 10 meses interes: 96000.00
Eliminado; 2026-02-06 19:38:20; Préstamo: 725 
Eliminado; 2026-02-06 19:38:20; amortización: 725 
