Agregado; 2023-10-25 09:16:31; adicional al capital, cliente:  $20000
Actualizado; 2023-10-25 09:25:23; Préstamo cliente: miguel hilario pichardo monto prestado $160000.00 duración: 10 meses interes: 8000
Eliminado; 2023-10-25 09:25:33; Prestamo del cliente: miguel hilario pichardo monto $180000.00 duración: 10 meses interes: 8000.00
Eliminado; 2023-10-25 09:25:33; Préstamo: 275 
Eliminado; 2023-10-25 09:25:33; amortización: 275 
Agregado; 2023-10-25 09:27:53; Nuevo préstamo cliente: miguel hilario pichardo monto prestado $180000 duración: 10 meses interes: 9000
Agregado; 2023-10-25 09:41:14; PAGO IRREGULAR
Agregado; 2023-10-25 09:41:59; PAGO IRREGULAR
Agregado; 2023-10-25 09:42:25; PAGO IRREGULAR
Agregado; 2023-10-25 11:01:51; PAGO IRREGULAR
Agregado; 2023-10-25 11:37:52; adicional al capital, cliente:  $16000
Agregado; 2023-10-25 14:36:56; adicional al capital, cliente:  $19500
Eliminado; 2023-10-25 14:51:34; Prestamo del cliente: julio payano monto $44000.00 duración: 10 meses interes: 2200.00
Eliminado; 2023-10-25 14:51:34; Préstamo: 147 
Eliminado; 2023-10-25 14:51:34; amortización: 147 
Eliminado; 2023-10-25 18:04:42; Prestamo del cliente: alcibiades mendez canario monto $110000.00 duración: 10 meses interes: 5500.00
Eliminado; 2023-10-25 18:04:42; Préstamo: 190 
Eliminado; 2023-10-25 18:04:42; amortización: 190 
Agregado; 2023-10-25 18:06:49; Nuevo préstamo cliente: alcibiades mendez canario monto prestado $110000 duración: 10 meses interes: 5500
Actualizado; 2023-10-25 18:07:51; Préstamo cliente: alcibiades mendez canario monto prestado $110000.00 duración: 10 meses interes: 5500
Agregado; 2023-10-25 18:18:15; PAGO IRREGULAR
