Agregado; 2023-06-23 09:00:12; PAGO IRREGULAR
Agregado; 2023-06-23 09:00:28; PAGO IRREGULAR
Agregado; 2023-06-23 09:00:44; PAGO IRREGULAR
Agregado; 2023-06-23 09:01:01; PAGO IRREGULAR
Agregado; 2023-06-23 09:08:38; PAGO IRREGULAR
Agregado; 2023-06-23 09:09:05; PAGO IRREGULAR
Agregado; 2023-06-23 09:10:22; PAGO IRREGULAR
Agregado; 2023-06-23 09:10:44; PAGO IRREGULAR
Agregado; 2023-06-23 09:11:32; PAGO IRREGULAR
Agregado; 2023-06-23 09:11:41; PAGO IRREGULAR
Agregado; 2023-06-23 09:12:48; PAGO IRREGULAR
Agregado; 2023-06-23 09:13:05; PAGO IRREGULAR
Agregado; 2023-06-23 09:15:03; PAGO IRREGULAR
Agregado; 2023-06-23 09:16:03; PAGO IRREGULAR
Agregado; 2023-06-23 09:16:40; PAGO IRREGULAR
Agregado; 2023-06-23 09:17:13; PAGO IRREGULAR
Agregado; 2023-06-23 09:17:58; PAGO IRREGULAR
Agregado; 2023-06-23 09:18:35; PAGO IRREGULAR
Agregado; 2023-06-23 09:19:13; PAGO IRREGULAR
Agregado; 2023-06-23 09:19:28; PAGO IRREGULAR
Agregado; 2023-06-23 09:21:15; PAGO IRREGULAR
Agregado; 2023-06-23 09:24:21; PAGO IRREGULAR
Agregado; 2023-06-23 09:25:19; PAGO IRREGULAR
Agregado; 2023-06-23 09:26:09; PAGO IRREGULAR
Agregado; 2023-06-23 09:26:43; PAGO IRREGULAR
Agregado; 2023-06-23 09:31:54; PAGO IRREGULAR
Agregado; 2023-06-23 09:32:05; PAGO IRREGULAR
Agregado; 2023-06-23 09:38:14; PAGO IRREGULAR
Agregado; 2023-06-23 09:38:40; PAGO IRREGULAR
Agregado; 2023-06-23 09:40:12; PAGO IRREGULAR
Agregado; 2023-06-23 09:40:32; PAGO IRREGULAR
Agregado; 2023-06-23 09:40:58; PAGO IRREGULAR
Agregado; 2023-06-23 09:41:25; PAGO IRREGULAR
Agregado; 2023-06-23 09:42:12; PAGO IRREGULAR
Agregado; 2023-06-23 09:42:31; PAGO IRREGULAR
Agregado; 2023-06-23 09:42:59; PAGO IRREGULAR
Agregado; 2023-06-23 09:44:01; PAGO IRREGULAR
Agregado; 2023-06-23 09:44:13; PAGO IRREGULAR
Agregado; 2023-06-23 09:44:53; PAGO IRREGULAR
Agregado; 2023-06-23 09:45:21; PAGO IRREGULAR
Agregado; 2023-06-23 09:46:20; PAGO IRREGULAR
Agregado; 2023-06-23 09:46:51; PAGO IRREGULAR
Agregado; 2023-06-23 09:48:48; PAGO IRREGULAR
Agregado; 2023-06-23 09:49:53; PAGO IRREGULAR
Agregado; 2023-06-23 09:50:17; PAGO IRREGULAR
Agregado; 2023-06-23 09:50:49; PAGO IRREGULAR
Agregado; 2023-06-23 09:51:13; PAGO IRREGULAR
Agregado; 2023-06-23 09:51:44; PAGO IRREGULAR
Agregado; 2023-06-23 09:52:18; PAGO IRREGULAR
Agregado; 2023-06-23 09:52:45; PAGO IRREGULAR
Agregado; 2023-06-23 09:53:18; PAGO IRREGULAR
Agregado; 2023-06-23 09:54:07; PAGO IRREGULAR
Agregado; 2023-06-23 09:55:33; PAGO IRREGULAR
Agregado; 2023-06-23 09:56:39; PAGO IRREGULAR
Agregado; 2023-06-23 09:56:50; PAGO IRREGULAR
Agregado; 2023-06-23 09:57:38; PAGO IRREGULAR
Agregado; 2023-06-23 09:58:44; PAGO IRREGULAR
Agregado; 2023-06-23 09:59:06; PAGO IRREGULAR
Agregado; 2023-06-23 09:59:58; PAGO IRREGULAR
Agregado; 2023-06-23 10:06:17; PAGO IRREGULAR
Agregado; 2023-06-23 10:06:35; PAGO IRREGULAR
Agregado; 2023-06-23 10:06:35; abono al capital de cliente: hector bienvenido maria liranzo $175000 
Agregado; 2023-06-23 10:10:15; PAGO IRREGULAR
Agregado; 2023-06-23 11:05:44; PAGO IRREGULAR
Agregado; 2023-06-23 11:06:12; PAGO IRREGULAR
Agregado; 2023-06-23 11:17:22; PAGO IRREGULAR
Eliminado; 2023-06-23 11:38:19; Prestamo del cliente: hector bienvenido maria liranzo  monto $128000.00 duración: 10 meses interes: 15150.00
Eliminado; 2023-06-23 11:38:19; Préstamo: 164 
Eliminado; 2023-06-23 11:38:19; amortización: 164 
Agregado; 2023-06-23 11:39:16; Nuevo préstamo cliente: hector bienvenido maria liranzo  monto prestado $128000 duración: 10 meses interes: 6400
Actualizado; 2023-06-23 11:39:29; Préstamo cliente: hector bienvenido maria liranzo  monto prestado $128000.00 duración: 10 meses interes: 6400
Agregado; 2023-06-23 11:41:36; adicional al capital, cliente:  $50000
Eliminado; 2023-06-23 16:37:04; Prestamo del cliente: ambiorix almanzar castro monto $120000.00 duración: 15 meses interes: 6000.00
Eliminado; 2023-06-23 16:37:04; Préstamo: 145 
Eliminado; 2023-06-23 16:37:04; amortización: 145 
Agregado; 2023-06-23 16:42:14; Nuevo préstamo cliente: ambiorix almanzar castro monto prestado $200000 duración: 10 meses interes: 10000
Agregado; 2023-06-23 16:49:48; PAGO IRREGULAR
Agregado; 2023-06-23 17:01:32; Nuevo préstamo cliente: santa cruceta lantigua de garcia monto prestado $20000 duración: 10 meses interes: 1000
