Agregado; 2024-12-23 14:19:52; Nuevo préstamo cliente: dionisio castillo lora monto prestado $375000 duración: 10 meses interes: 18750
Eliminado; 2024-12-23 14:21:01; Préstamo: 497 Cliente: dionisio castillo lora monto $375000.00 duración: 10 meses interes: 18750.00
Eliminado; 2024-12-23 14:21:01; Préstamo: 497 
Eliminado; 2024-12-23 14:21:01; amortización: 497 
Agregado; 2024-12-23 14:22:53; Nuevo préstamo cliente: dionisio castillo lora monto prestado $380000 duración: 10 meses interes: 19000
Agregado; 2024-12-23 14:40:45; Nuevo préstamo cliente: felix alberto campo monto prestado $110000 duración: 10 meses interes: 5500
Eliminado; 2024-12-23 14:52:38; Préstamo: 452 Cliente: felix alberto campo monto $75000.00 duración: 10 meses interes: 3750.00
Eliminado; 2024-12-23 14:52:38; Préstamo: 452 
Eliminado; 2024-12-23 14:52:38; amortización: 452 
Agregado; 2024-12-23 15:03:49; Préstamo: 431 Adicional al capital, cliente:  $10000
Agregado; 2024-12-23 15:06:23; Préstamo: 111 Adicional al capital, cliente:  $10000
Agregado; 2024-12-23 15:07:25; Préstamo: 137 Adicional al capital, cliente:  $10000
Agregado; 2024-12-23 15:59:39; Préstamo: 459 Adicional al capital, cliente:  $15000
Agregado; 2024-12-23 16:09:01; Préstamo: 454 Adicional al capital, cliente:  $10000
Agregado; 2024-12-23 16:22:42; Préstamo: 455 Adicional al capital, cliente:  $5000
Eliminado; 2024-12-23 16:28:05; Préstamo: 455 Adicional del cliente: adonis taveras garcia  monto ADICIONAL $5000
Eliminado; 2024-12-23 16:28:05; adicional del présamo: 455 
Actualizado; 2024-12-23 16:28:05; Préstamo: 455 
Eliminado; 2024-12-23 16:28:05; Préstamo:  Adicional del cliente:  monto  $
Eliminado; 2024-12-23 16:28:05; adicional del présamo:  
Actualizado; 2024-12-23 16:28:05; Préstamo:  
Agregado; 2024-12-23 16:28:39; Préstamo: 455 Adicional al capital, cliente:  $10000
Agregado; 2024-12-23 17:08:59; Nuevo préstamo cliente: antonio ventura hilario monto prestado $44000 duración: 10 meses interes: 2200
Agregado; 2024-12-23 17:25:45; Préstamo: 411 Adicional al capital, cliente:  $10000
