Agregado; 2025-04-25 12:58:10; Préstamo: 332 Pago de cliente: ambiorix almanzar castro Balance anterior $215000.00 Monto pagado $10750.00 INTERES $215000.00 BALANCE ACTUAL
Agregado; 2025-04-25 12:59:10; Préstamo: 163 Pago de cliente: yulizan encarnacion crooke Balance anterior $40000.00 Monto pagado $2000.00 INTERES $40000.00 BALANCE ACTUAL
Agregado; 2025-04-25 12:59:25; Préstamo: 174 Pago de cliente: jesus de la cruz amparo Balance anterior $20000.00 Monto pagado $1000.00 INTERES $20000.00 BALANCE ACTUAL
Agregado; 2025-04-25 12:59:42; Préstamo: 137 Pago de cliente: ramon quiro melo Balance anterior $110000.00 Monto pagado $5500.00 INTERES $110000.00 BALANCE ACTUAL
Agregado; 2025-04-25 13:00:05; Préstamo: 373 Pago de cliente: ramon garcia Balance anterior $125000.00 Monto pagado $6250.00 INTERES $125000.00 BALANCE ACTUAL
Agregado; 2025-04-25 13:00:51; Préstamo: 544 Pago de cliente: masiell alejandra lopez gil Balance anterior $126000.00 Monto pagado $6300.00 INTERES $126000.00 BALANCE ACTUAL
Agregado; 2025-04-25 13:01:44; Préstamo: 439 Pago de cliente: erika gonzalez ramirez Balance anterior $200000.00 Monto pagado $8000.00 INTERES $200000.00 BALANCE ACTUAL
Agregado; 2025-04-25 13:03:27; Préstamo: 498 Pago de cliente: felix alberto campo Balance anterior $110000.00 Monto pagado $5500.00 INTERES $110000.00 BALANCE ACTUAL
Agregado; 2025-04-25 13:03:46; Préstamo: 443 Pago de cliente: basilia rodriguez altagracia Balance anterior $250000.00 Monto pagado $12500.00 INTERES $250000.00 BALANCE ACTUAL
Agregado; 2025-04-25 13:04:03; Préstamo: 477 Pago de cliente: jose miguel ozoria acosta Balance anterior $154000.00 Monto pagado $7700.00 INTERES $154000.00 BALANCE ACTUAL
Agregado; 2025-04-25 13:04:18; Préstamo: 478 Pago de cliente: jorge luis cepeda martinez Balance anterior $350000.00 Monto pagado $17500.00 INTERES $350000.00 BALANCE ACTUAL
Agregado; 2025-04-25 13:04:37; Préstamo: 191 Pago de cliente: esperanza yanilca amparo castillo Balance anterior $132000.00 Monto pagado $6000.00 PAGO IRREGULAR $132000.00 BALANCE ACTUAL
Agregado; 2025-04-25 13:04:59; Préstamo: 345 Pago de cliente: nicaurys fermin fermin Balance anterior $281800.00 Monto pagado $9800.00 PAGO IRREGULAR $281800.00 BALANCE ACTUAL
Agregado; 2025-04-25 13:05:23; Préstamo: 509 Pago de cliente: dannessa deyanara rodriguez Balance anterior $326000.00 Monto pagado $15300.00 PAGO IRREGULAR $326000.00 BALANCE ACTUAL
Agregado; 2025-04-25 13:05:48; Préstamo: 415 Pago de cliente: dorothy cleopatra adolfina vanderhorst almeyda Balance anterior $335000.00 Monto pagado $14600.00 PAGO IRREGULAR $335000.00 BALANCE ACTUAL
Agregado; 2025-04-25 13:06:03; Préstamo: 135 Pago de cliente: mily cuevas sosa Balance anterior $189000.00 Monto pagado $9450.00 INTERES $189000.00 BALANCE ACTUAL
Agregado; 2025-04-25 13:06:33; Préstamo: 383 Pago de cliente: juan alfonso concepcion vazquez Balance anterior $280500.00 Monto pagado $14025.00 INTERES $280500.00 BALANCE ACTUAL
Agregado; 2025-04-25 13:06:49; Préstamo: 473 Pago de cliente: alexander reyes Balance anterior $75000.00 Monto pagado $3750.00 INTERES $75000.00 BALANCE ACTUAL
Agregado; 2025-04-25 13:07:05; Préstamo: 512 Pago de cliente: maribel maria gil Balance anterior $100000.00 Monto pagado $10000.00 INTERES $100000.00 BALANCE ACTUAL
Agregado; 2025-04-25 13:07:19; Préstamo: 551 Pago de cliente: yesenia de los santos marte Balance anterior $320000.00 Monto pagado $16000.00 INTERES $320000.00 BALANCE ACTUAL
Agregado; 2025-04-25 13:07:41; Préstamo: 215 Pago de cliente: lisette zaiz ventura Balance anterior $237200.00 Monto pagado $5000.00 PAGO IRREGULAR $237200.00 BALANCE ACTUAL
Agregado; 2025-04-25 13:08:58; Préstamo: 413 Pago de cliente: yovanni acosta  garcia de frias Balance anterior $121200.00 Monto pagado $6060.00 INTERES $121200.00 BALANCE ACTUAL
Agregado; 2025-04-25 13:09:50; Préstamo: 425 Pago de cliente: jack michael morillo Balance anterior $193500.00 Monto pagado $900.00 PAGO IRREGULAR $193500.00 BALANCE ACTUAL
Agregado; 2025-04-25 13:10:38; Préstamo: 341 Pago de cliente: alba caroligia hernandez rodriguez Balance anterior $392500.00 Monto pagado $15700.00 INTERES $392500.00 BALANCE ACTUAL
Agregado; 2025-04-25 13:10:56; Préstamo: 447 Pago de cliente: brahian canot Balance anterior $170000.00 Monto pagado $8500.00 INTERES $170000.00 BALANCE ACTUAL
Agregado; 2025-04-25 13:11:12; Préstamo: 508 Pago de cliente: juana  yesenia facenda hernandez Balance anterior $352000.00 Monto pagado $14080.00 INTERES $352000.00 BALANCE ACTUAL
Agregado; 2025-04-25 13:11:28; Préstamo: 534 Pago de cliente: sebastiana tirado melo Balance anterior $100000.00 Monto pagado $5000.00 INTERES $100000.00 BALANCE ACTUAL
Agregado; 2025-04-25 13:11:46; Préstamo: 537 Pago de cliente: ana rosa paredes liriano Balance anterior $50000.00 Monto pagado $2500.00 INTERES $50000.00 BALANCE ACTUAL
Agregado; 2025-04-25 13:12:00; Préstamo: 483 Pago de cliente: gloria tatiana fermin de la rosa Balance anterior $200000.00 Monto pagado $10000.00 INTERES $200000.00 BALANCE ACTUAL
Agregado; 2025-04-25 13:12:58; Préstamo: 506 Pago de cliente: roberto hernandez sanchez Balance anterior $357000.00 Monto pagado $15100.00 PAGO IRREGULAR $357000.00 BALANCE ACTUAL
Agregado; 2025-04-25 13:13:16; Préstamo: 517 Pago de cliente: irvin francisco de leon javier Balance anterior $150000.00 Monto pagado $7500.00 INTERES $150000.00 BALANCE ACTUAL
Agregado; 2025-04-25 13:13:48; Préstamo: 201 Pago de cliente: martir carolina hernandez valdez Balance anterior $140000.00 Monto pagado $7000.00 INTERES $140000.00 BALANCE ACTUAL
Agregado; 2025-04-25 13:14:20; Préstamo: 324 Pago de cliente: luisa yanelsi then molina Balance anterior $164500.00 Monto pagado $6600 PAGO IRREGULAR $164500.00 BALANCE ACTUAL
Agregado; 2025-04-25 13:14:46; Préstamo: 539 Pago de cliente: edward alexander polanco alvarado Balance anterior $295000.00 Monto pagado $7800.00 PAGO IRREGULAR $295000.00 BALANCE ACTUAL
Agregado; 2025-04-25 13:15:03; Préstamo: 329 Pago de cliente: angel lorenzo breton castillo Balance anterior $80000.00 Monto pagado $4000.00 INTERES $80000.00 BALANCE ACTUAL
Agregado; 2025-04-25 13:15:30; Préstamo: 526 Pago de cliente: sara felipe kery Balance anterior $53000.00 Monto pagado $2500.00 PAGO IRREGULAR $53000.00 BALANCE ACTUAL
Agregado; 2025-04-25 13:15:48; Préstamo: 550 Pago de cliente: lorenza maria jose avelino Balance anterior $200000.00 Monto pagado $10000.00 INTERES $200000.00 BALANCE ACTUAL
Agregado; 2025-04-25 13:16:50; Préstamo: 521 Pago de cliente: orlando nuñez sanchez Balance anterior $155500.00 Monto pagado $7775.00 INTERES $155500.00 BALANCE ACTUAL
Agregado; 2025-04-25 13:17:40; Préstamo: 518 Pago de cliente: roberto flores acosta Balance anterior $110000.00 Monto pagado $5500.00 INTERES $110000.00 BALANCE ACTUAL
Agregado; 2025-04-25 13:18:02; Préstamo: 312 Pago de cliente: vianely trinidad paulino Balance anterior $15000.00 Monto pagado $750.00 INTERES $15000.00 BALANCE ACTUAL
Agregado; 2025-04-25 13:18:21; Préstamo: 489 Pago de cliente: rosa lidia paredes miguel Balance anterior $50000.00 Monto pagado $2500.00 INTERES $50000.00 BALANCE ACTUAL
Agregado; 2025-04-25 13:18:37; Préstamo: 522 Pago de cliente: santo benigno rosario Balance anterior $250000.00 Monto pagado $10000.00 INTERES $250000.00 BALANCE ACTUAL
Agregado; 2025-04-25 13:18:56; Préstamo: 561 Pago de cliente: raul caraballo liranzo Balance anterior $269000.00 Monto pagado $13450.00 INTERES $269000.00 BALANCE ACTUAL
Agregado; 2025-04-25 13:19:19; Préstamo: 547 Pago de cliente: rhoneer guzman ozoria Balance anterior $148500.00 Monto pagado $5940.00 INTERES $148500.00 BALANCE ACTUAL
Agregado; 2025-04-25 13:19:35; Préstamo: 454 Pago de cliente: yuderky ramona gama olivo Balance anterior $135000.00 Monto pagado $6750.00 INTERES $135000.00 BALANCE ACTUAL
Agregado; 2025-04-25 13:23:27; Préstamo: 557 Pago de cliente: alba gervancia de la cruz acosta Balance anterior $40000.00 Monto pagado $2000.00 INTERES $40000.00 BALANCE ACTUAL
Agregado; 2025-04-25 13:24:15; Préstamo: 530 Pago de cliente: Marcelino Maldonado Fernández Balance anterior $150000.00 Monto pagado $7500.00 INTERES $150000.00 BALANCE ACTUAL
Agregado; 2025-04-25 13:24:34; Préstamo: 531 Pago de cliente: lowels jhonson mejia Balance anterior $100000.00 Monto pagado $5000.00 INTERES $100000.00 BALANCE ACTUAL
Agregado; 2025-04-25 13:37:00; Préstamo: 178 Pago de cliente: gricelida tavarez drullard Balance anterior $203000.00 Monto pagado $8500.00 PAGO IRREGULAR $203000.00 BALANCE ACTUAL
Agregado; 2025-04-25 13:38:28; Préstamo: 112 Pago de cliente: ysidora altagracia minaya duran Balance anterior $387000.00 Monto pagado $8000.00 PAGO IRREGULAR $387000.00 BALANCE ACTUAL
Agregado; 2025-04-25 13:40:27; Préstamo: 427 Pago de cliente: celso garcia castillo Balance anterior $60000.00 Monto pagado $3000.00 INTERES $60000.00 BALANCE ACTUAL
Agregado; 2025-04-25 13:40:50; Préstamo: 369 Pago de cliente: marino candelario compres Balance anterior $164000.00 Monto pagado $8200.00 INTERES $164000.00 BALANCE ACTUAL
Agregado; 2025-04-25 13:41:57; Préstamo: 559 Pago de cliente: antonio ventura hilario Balance anterior $75000.00 Monto pagado $3750.00 INTERES $75000.00 BALANCE ACTUAL
Agregado; 2025-04-25 13:43:34; Préstamo: 338 Pago de cliente: timmy daniel martinez vilorio Balance anterior $163500.00 Monto pagado $5400.00 PAGO IRREGULAR $163500.00 BALANCE ACTUAL
Agregado; 2025-04-25 13:43:50; Préstamo: 479 Pago de cliente: josefina rojas mercedes de garcia Balance anterior $60000.00 Monto pagado $3000.00 INTERES $60000.00 BALANCE ACTUAL
Agregado; 2025-04-25 13:45:30; Préstamo: 426 Pago de cliente: delva altagracia vanderhorst almeyda Balance anterior $115000.00 Monto pagado $4600.00 INTERES $115000.00 BALANCE ACTUAL
Agregado; 2025-04-25 13:46:08; Préstamo: 481 Pago de cliente: marilyn antonia jimenez de santana Balance anterior $192000.00 Monto pagado $9600.00 INTERES $192000.00 BALANCE ACTUAL
Agregado; 2025-04-25 15:43:58; Préstamo: 484 Pago de cliente: rafael regalado del orbe Balance anterior $150000.00 Monto pagado $7500.00 INTERES $150000.00 BALANCE ACTUAL
Agregado; 2025-04-25 16:45:10; Préstamo: 561 Adicional al capital, cliente:  $1000
Agregado; 2025-04-25 19:15:18; Préstamo: 383 Adicional al capital, cliente:  $67000
Agregado; 2025-04-25 19:18:49; Nuevo préstamo cliente: juan alfonso concepcion vazquez monto prestado $360000 duración: 10 meses interes: 18000
