Eliminado; 2025-05-12 12:21:52; Préstamo: 454 Cliente: yuderky ramona gama olivo monto $145000.00 duración: 10 meses interes: 7250.00
Eliminado; 2025-05-12 12:21:52; Préstamo: 454 
Eliminado; 2025-05-12 12:21:52; amortización: 454 
Actualizado; 2025-05-12 12:22:09; Préstamo cliente: yuderky ramona gama olivo monto prestado $200000.00 duración: 10 meses interes: 10000
Agregado; 2025-05-12 12:25:00; Préstamo: 324 Adicional al capital, cliente:  $24000
Eliminado; 2025-05-12 12:36:18; Préstamo: 137 Cliente: ramon quiro melo monto $115000.00 duración: 10 meses interes: 5750.00
Eliminado; 2025-05-12 12:36:18; Préstamo: 137 
Eliminado; 2025-05-12 12:36:18; amortización: 137 
Agregado; 2025-05-12 12:42:28; Préstamo: 536 Pago de cliente: yoseli pamela calcaño lopez Balance anterior $80000.00 Monto pagado $4000.00 INTERES $80000.00 BALANCE ACTUAL
Agregado; 2025-05-12 12:42:58; Préstamo: 554 Pago de cliente: alciviades paredes javier Balance anterior $30000.00 Monto pagado $1500.00 INTERES $30000.00 BALANCE ACTUAL
Actualizado; 2025-05-12 13:08:13; Préstamo cliente: angela frias genao monto prestado $50000.00 duración: 10 meses interes: 2500
Actualizado; 2025-05-12 13:09:23; Préstamo cliente: epifanio cortorreal balbuena monto prestado $150000.00 duración: 10 meses interes: 7500
Eliminado; 2025-05-12 13:09:32; Préstamo: 546 Cliente: epifanio cortorreal balbuena monto $138000.00 duración: 10 meses interes: 6900.00
Eliminado; 2025-05-12 13:09:32; Préstamo: 546 
Eliminado; 2025-05-12 13:09:32; amortización: 546 
Eliminado; 2025-05-12 13:09:48; Préstamo: 513 Cliente: epifanio cortorreal balbuena monto $163500.00 duración: 10 meses interes: 8500.00
Eliminado; 2025-05-12 13:09:48; Préstamo: 513 
Eliminado; 2025-05-12 13:09:48; amortización: 513 
Agregado; 2025-05-12 20:45:42; Préstamo: 563 Adicional al capital, cliente:  $50000
Agregado; 2025-05-12 20:46:26; Préstamo: 501 Adicional al capital, cliente:  $15000
