Agregado; 2024-05-22 13:12:27; Nuevo préstamo cliente: dionisio castillo lora monto prestado $300000 duración: 10 meses interes: 15000
Eliminado; 2024-05-22 13:16:01; Préstamo: 403 Cliente: dionisio castillo lora monto $300000.00 duración: 10 meses interes: 15000.00
Eliminado; 2024-05-22 13:16:01; Préstamo: 403 
Eliminado; 2024-05-22 13:16:01; amortización: 403 
Agregado; 2024-05-22 13:25:10; Nuevo préstamo cliente: dionisio castillo lora monto prestado $275000 duración: 10 meses interes: 12375
Eliminado; 2024-05-22 13:48:52; Préstamo: 370 Cliente: dionisio castillo lora monto $215000.00 duración: 10 meses interes: 10750.00
Eliminado; 2024-05-22 13:48:52; Préstamo: 370 
Eliminado; 2024-05-22 13:48:52; amortización: 370 
Agregado; 2024-05-22 18:03:40; Préstamo: 392 Pago de cliente: juana  yesenia facenda hernandez Balance anterior $40000.00 Monto pagado $2000.00 INTERES $40000.00 BALANCE ACTUAL
Agregado; 2024-05-22 18:03:53; Préstamo: 341 Pago de cliente: alba caroligia hernandez rodriguez Balance anterior $350000.00 Monto pagado $14000.00 INTERES $350000.00 BALANCE ACTUAL
Agregado; 2024-05-22 18:04:36; Préstamo: 322 Pago de cliente: reina camilo reyes Balance anterior $165000.00 Monto pagado $8250.00 INTERES $165000.00 BALANCE ACTUAL
Agregado; 2024-05-22 18:05:09; Préstamo: 348 Pago de cliente: yesenia de los santos marte Balance anterior $226850.00 Monto pagado $12050.00 INTERES $226850.00 BALANCE ACTUAL
Agregado; 2024-05-22 18:05:39; Préstamo: 329 Pago de cliente: angel lorenzo breton castillo Balance anterior $80000.00 Monto pagado $4000.00 INTERES $80000.00 BALANCE ACTUAL
Agregado; 2024-05-22 18:06:18; Préstamo: 397 Pago de cliente: edilcia encarnacion encarnacion Balance anterior $60000.00 Monto pagado $3000.00 INTERES $60000.00 BALANCE ACTUAL
Agregado; 2024-05-22 18:06:32; Préstamo: 137 Pago de cliente: ramon quiro melo Balance anterior $80000.00 Monto pagado $4000.00 INTERES $80000.00 BALANCE ACTUAL
Agregado; 2024-05-22 18:06:49; Préstamo: 367 Pago de cliente: roberto hernandez sanchez Balance anterior $159500.00 Monto pagado $7975.00 INTERES $159500.00 BALANCE ACTUAL
Agregado; 2024-05-22 18:07:10; Préstamo: 324 Pago de cliente: luisa yanelsi then molina Balance anterior $160000.00 Monto pagado $8000.00 INTERES $160000.00 BALANCE ACTUAL
Agregado; 2024-05-22 18:07:50; Préstamo: 395 Pago de cliente: colombino mata juma Balance anterior $144500.00 Monto pagado $7000 PAGO IRREGULAR $144500.00 BALANCE ACTUAL
Agregado; 2024-05-22 18:08:29; Préstamo: 383 Pago de cliente: juan alfonso concepcion vazquez Balance anterior $205500.00 Monto pagado $10150.00 INTERES $205500.00 BALANCE ACTUAL
Agregado; 2024-05-22 18:09:26; Préstamo: 299 Pago de cliente: dannessa deyanara rodriguez Balance anterior $260000.00 Monto pagado $13000.00 INTERES $260000.00 BALANCE ACTUAL
Agregado; 2024-05-22 18:10:01; Préstamo: 337 Pago de cliente: delva altagracia vanderhorst almeyda Balance anterior $260000.00 Monto pagado $13000.00 INTERES $260000.00 BALANCE ACTUAL
Agregado; 2024-05-22 18:10:44; Préstamo: 377 Pago de cliente: brahian canot Balance anterior $150000.00 Monto pagado $7500.00 INTERES $150000.00 BALANCE ACTUAL
Agregado; 2024-05-22 18:11:17; Préstamo: 269 Pago de cliente: basilia rodriguez altagracia Balance anterior $285000.00 Monto pagado $14250.00 INTERES $285000.00 BALANCE ACTUAL
Agregado; 2024-05-22 18:12:36; Préstamo: 351 Pago de cliente: rosa lidia paredes miguel Balance anterior $135850.00 Monto pagado $7500.00 INTERES $135850.00 BALANCE ACTUAL
Agregado; 2024-05-22 18:12:47; Préstamo: 152 Pago de cliente: rhoneer guzman ozoria Balance anterior $214000.00 Monto pagado $9700.00 INTERES $214000.00 BALANCE ACTUAL
Agregado; 2024-05-22 18:13:04; Préstamo: 178 Pago de cliente: gricelida tavarez drullard Balance anterior $196000.00 Monto pagado $9800.00 INTERES $196000.00 BALANCE ACTUAL
Agregado; 2024-05-22 18:14:01; Préstamo: 362 Pago de cliente: jorge luis cepeda martinez Balance anterior $232000.00 Monto pagado $11600.00 INTERES $232000.00 BALANCE ACTUAL
Agregado; 2024-05-22 18:14:32; Préstamo: 201 Pago de cliente: martir carolina hernandez valdez Balance anterior $140000.00 Monto pagado $7000.00 INTERES $140000.00 BALANCE ACTUAL
Agregado; 2024-05-22 18:14:58; Préstamo: 313 Pago de cliente: enrique perez peña Balance anterior $147000.00 Monto pagado $6200 PAGO IRREGULAR $147000.00 BALANCE ACTUAL
Agregado; 2024-05-22 18:16:30; Préstamo: 205 Pago de cliente: gloria tatiana fermin de la rosa Balance anterior $72000.00 Monto pagado $3750.00 INTERES $72000.00 BALANCE ACTUAL
Agregado; 2024-05-22 18:16:56; Préstamo: 252 Pago de cliente: lorenza maria jose avelino Balance anterior $185850.00 Monto pagado $10000.00 INTERES $185850.00 BALANCE ACTUAL
Agregado; 2024-05-22 18:17:04; Préstamo: 326 Pago de cliente: alciviades paredes javier Balance anterior $110000.00 Monto pagado $7500.00 INTERES $110000.00 BALANCE ACTUAL
Agregado; 2024-05-22 18:18:15; Préstamo: 135 Pago de cliente: mily cuevas sosa Balance anterior $178000.00 Monto pagado $8900.00 INTERES $178000.00 BALANCE ACTUAL
Agregado; 2024-05-22 18:18:15; Préstamo: 135 Abono pago irregular - cliente: mily cuevas sosa $500 PAGO IRREGULAR $178000.00 BALANCE ACTUAL
Agregado; 2024-05-22 18:19:13; Préstamo: 268 Pago de cliente: dorothy cleopatra adolfina vanderhorst almeyda Balance anterior $200000.00 Monto pagado $10000.00 INTERES $200000.00 BALANCE ACTUAL
Agregado; 2024-05-22 18:19:39; Préstamo: 215 Pago de cliente: lisette zaiz ventura Balance anterior $234200.00 Monto pagado $8400 PAGO IRREGULAR $234200.00 BALANCE ACTUAL
Agregado; 2024-05-22 18:21:02; Préstamo: 393 Pago de cliente: yoseli pamela calcaño lopez Balance anterior $200000.00 Monto pagado $10000.00 INTERES $200000.00 BALANCE ACTUAL
Agregado; 2024-05-22 18:21:12; Préstamo: 380 Pago de cliente: santo benigno rosario Balance anterior $150000.00 Monto pagado $7500.00 INTERES $150000.00 BALANCE ACTUAL
Agregado; 2024-05-22 18:21:58; Préstamo: 314 Pago de cliente: pedro castillo peralta Balance anterior $210000.00 Monto pagado $9000 PAGO IRREGULAR $210000.00 BALANCE ACTUAL
Agregado; 2024-05-22 18:23:28; Préstamo: 303 Pago de cliente: erika gonzalez ramirez Balance anterior $178000.00 Monto pagado $8900.00 INTERES $178000.00 BALANCE ACTUAL
Agregado; 2024-05-22 18:24:03; Préstamo: 176 Pago de cliente: ana maria gonzalez peña Balance anterior $211000.00 Monto pagado $10550.00 INTERES $211000.00 BALANCE ACTUAL
Agregado; 2024-05-22 18:24:22; Préstamo: 306 Pago de cliente: winny esther mercado palomino Balance anterior $120000.00 Monto pagado $4800.00 INTERES $120000.00 BALANCE ACTUAL
Agregado; 2024-05-22 18:24:46; Préstamo: 332 Pago de cliente: ambiorix almanzar castro Balance anterior $175000.00 Monto pagado $8750.00 INTERES $175000.00 BALANCE ACTUAL
Agregado; 2024-05-22 18:25:03; Préstamo: 163 Pago de cliente: yulizan encarnacion crooke Balance anterior $80000.00 Monto pagado $4000.00 INTERES $80000.00 BALANCE ACTUAL
Agregado; 2024-05-22 18:25:14; Préstamo: 174 Pago de cliente: jesus de la cruz amparo Balance anterior $20000.00 Monto pagado $1000.00 INTERES $20000.00 BALANCE ACTUAL
Agregado; 2024-05-22 18:25:35; Préstamo: 307 Pago de cliente: luz estel palomino de capois Balance anterior $50000.00 Monto pagado $2000.00 INTERES $50000.00 BALANCE ACTUAL
Agregado; 2024-05-22 18:26:01; Préstamo: 270 Pago de cliente: elizabeth noemi vanderhorst almeyda Balance anterior $100000.00 Monto pagado $5000.00 INTERES $100000.00 BALANCE ACTUAL
Agregado; 2024-05-22 18:26:22; Préstamo: 112 Pago de cliente: ysidora altagracia minaya duran Balance anterior $387000.00 Monto pagado $8000 PAGO IRREGULAR $387000.00 BALANCE ACTUAL
Agregado; 2024-05-22 18:26:47; Préstamo: 283 Pago de cliente: altagracia de la rosa castillo Balance anterior $51000.00 Monto pagado $2550.00 INTERES $51000.00 BALANCE ACTUAL
Agregado; 2024-05-22 18:27:03; Préstamo: 384 Pago de cliente: leoncia de jesus adames Balance anterior $160000.00 Monto pagado $8000.00 INTERES $160000.00 BALANCE ACTUAL
Agregado; 2024-05-22 18:27:33; Préstamo: 191 Pago de cliente: esperanza yanilca amparo castillo Balance anterior $132000.00 Monto pagado $6600.00 INTERES $132000.00 BALANCE ACTUAL
Agregado; 2024-05-22 18:27:55; Préstamo: 338 Pago de cliente: timmy daniel martinez vilorio Balance anterior $133000.00 Monto pagado $6000 PAGO IRREGULAR $133000.00 BALANCE ACTUAL
Agregado; 2024-05-22 18:28:58; Préstamo: 372 Pago de cliente: yuderky ramona gama olivo Balance anterior $147500.00 Monto pagado $6600.00 INTERES $147500.00 BALANCE ACTUAL
Agregado; 2024-05-22 18:30:19; Nuevo préstamo cliente: emilia almanzar de la cruz  monto prestado $100000 duración: 10 meses interes: 5000
Eliminado; 2024-05-22 18:31:01; Préstamo: 203 Cliente: emilia almanzar de la cruz  monto $71000.00 duración: 10 meses interes: 3550.00
Eliminado; 2024-05-22 18:31:01; Préstamo: 203 
Eliminado; 2024-05-22 18:31:01; amortización: 203 
Agregado; 2024-05-22 18:31:22; Préstamo: 404 Pago de cliente: emilia almanzar de la cruz Balance anterior $100000.00 Monto pagado $5000.00 INTERES $100000.00 BALANCE ACTUAL
Agregado; 2024-05-22 18:31:52; Préstamo: 202 Pago de cliente: marilyn antonia jimenez de santana Balance anterior $100000.00 Monto pagado $5000.00 INTERES $100000.00 BALANCE ACTUAL
Agregado; 2024-05-22 18:32:17; Préstamo: 87 Pago de cliente: rafael regalado del orbe Balance anterior $115000.00 Monto pagado $5750.00 INTERES $115000.00 BALANCE ACTUAL
Agregado; 2024-05-22 18:32:43; Préstamo: 346 Pago de cliente: alba gervancia de la cruz acosta Balance anterior $160000.00 Monto pagado $8000.00 INTERES $160000.00 BALANCE ACTUAL
Agregado; 2024-05-22 18:33:00; Préstamo: 345 Pago de cliente: nicaurys fermin fermin Balance anterior $260000.00 Monto pagado $10000 PAGO IRREGULAR $260000.00 BALANCE ACTUAL
Agregado; 2024-05-22 18:33:25; Préstamo: 85 Pago de cliente: francisco lopez cross Balance anterior $200000.00 Monto pagado $10000.00 INTERES $200000.00 BALANCE ACTUAL
Agregado; 2024-05-22 18:33:48; Préstamo: 361 Pago de cliente: orlando nuñez sanchez Balance anterior $135000.00 Monto pagado $6750.00 INTERES $135000.00 BALANCE ACTUAL
Agregado; 2024-05-22 18:34:37; Préstamo: 59 Pago de cliente: margarita disla gonzalez Balance anterior $110000.00 Monto pagado $5500.00 INTERES $110000.00 BALANCE ACTUAL
Agregado; 2024-05-22 18:36:15; Préstamo: 371 Pago de cliente: nestor pablo perreaux hernandez Balance anterior $217000.00 Monto pagado $4000 PAGO IRREGULAR $217000.00 BALANCE ACTUAL
Agregado; 2024-05-22 18:37:49; Préstamo: 373 Pago de cliente: ramon garcia Balance anterior $72000.00 Monto pagado $3400.00 PAGO IRREGULAR $72000.00 BALANCE ACTUAL
Agregado; 2024-05-22 18:38:27; Préstamo: 111 Pago de cliente: edward alexander polanco alvarado Balance anterior $187000.00 Monto pagado $7100 PAGO IRREGULAR $187000.00 BALANCE ACTUAL
Agregado; 2024-05-22 18:39:58; Préstamo: 325 Pago de cliente: maribel maria gil Balance anterior $115000.00 Monto pagado $5750.00 INTERES $115000.00 BALANCE ACTUAL
Agregado; 2024-05-22 18:40:30; Préstamo: 318 Pago de cliente: masiell alejandra lopez gil Balance anterior $76000.00 Monto pagado $3800.00 INTERES $76000.00 BALANCE ACTUAL
Agregado; 2024-05-22 18:41:53; Préstamo: 369 Pago de cliente: marino candelario compres Balance anterior $117000.00 Monto pagado $5850.00 INTERES $117000.00 BALANCE ACTUAL
Agregado; 2024-05-22 18:42:57; Préstamo: 369 Abono pago irregular - cliente: marino candelario compres $1450 PAGO IRREGULAR $117000.00 BALANCE ACTUAL
Agregado; 2024-05-22 18:43:30; Préstamo: 385 Pago de cliente: alexander reyes Balance anterior $50000.00 Monto pagado $2500.00 INTERES $50000.00 BALANCE ACTUAL
Agregado; 2024-05-22 18:44:26; Préstamo: 331 Pago de cliente: candida andujar Balance anterior $60000.00 Monto pagado $3000.00 INTERES $60000.00 BALANCE ACTUAL
Agregado; 2024-05-22 18:44:51; Préstamo: 312 Pago de cliente: vianely trinidad paulino Balance anterior $15000.00 Monto pagado $750.00 INTERES $15000.00 BALANCE ACTUAL
Agregado; 2024-05-22 18:51:57; Préstamo: 391 Pago de cliente: modesto gonzalez lopez Balance anterior $131500.00 Monto pagado $6575.00 INTERES $131500.00 BALANCE ACTUAL
Agregado; 2024-05-22 20:27:42; Préstamo: 354 Pago de cliente: ruddy morales fernandez Balance anterior $79000.00 Monto pagado $4550.00 INTERES $79000.00 BALANCE ACTUAL
Agregado; 2024-05-22 20:53:50; Préstamo: 336 Pago de cliente: luis alberto matias sanchez Balance anterior $23500.00 Monto pagado $2525.00 INTERES $23500.00 BALANCE ACTUAL
Agregado; 2024-05-22 20:55:24; Préstamo: 357 Pago de cliente: teresa morel gabino Balance anterior $53000.00 Monto pagado $2500 PAGO IRREGULAR $53000.00 BALANCE ACTUAL
Agregado; 2024-05-22 20:55:41; Préstamo: 376 Pago de cliente: elisabeth serrano Balance anterior $60000.00 Monto pagado $2500.00 INTERES $60000.00 BALANCE ACTUAL
Agregado; 2024-05-22 20:56:14; Préstamo: 339 Pago de cliente: jenny claritza placencia encarnacion Balance anterior $50000.00 Monto pagado $2500.00 INTERES $50000.00 BALANCE ACTUAL
Agregado; 2024-05-22 20:56:32; Préstamo: 339 Pago de cliente: jenny claritza placencia encarnacion Balance anterior $50000.00 Monto pagado $2500.00 INTERES $50000.00 BALANCE ACTUAL
Agregado; 2024-05-22 20:56:49; Préstamo: 221 Pago de cliente: ulfralina gonzalez de la rosa Balance anterior $115000.00 Monto pagado $5300 PAGO IRREGULAR $115000.00 BALANCE ACTUAL
