Agregado; 2023-12-26 08:25:13; PAGO IRREGULAR
Agregado; 2023-12-26 08:25:34; PAGO IRREGULAR
Agregado; 2023-12-26 08:25:49; PAGO IRREGULAR
Agregado; 2023-12-26 08:26:21; PAGO IRREGULAR
Agregado; 2023-12-26 08:26:38; PAGO IRREGULAR
Agregado; 2023-12-26 08:26:56; PAGO IRREGULAR
Agregado; 2023-12-26 08:33:52; PAGO IRREGULAR
Agregado; 2023-12-26 08:34:04; PAGO IRREGULAR
Agregado; 2023-12-26 08:34:16; PAGO IRREGULAR
Agregado; 2023-12-26 08:34:29; PAGO IRREGULAR
Agregado; 2023-12-26 08:34:53; PAGO IRREGULAR
Agregado; 2023-12-26 08:35:02; PAGO IRREGULAR
Agregado; 2023-12-26 08:35:19; PAGO IRREGULAR
Agregado; 2023-12-26 08:35:30; PAGO IRREGULAR
Agregado; 2023-12-26 08:35:51; PAGO IRREGULAR
Agregado; 2023-12-26 08:39:20; PAGO IRREGULAR
Agregado; 2023-12-26 08:39:51; PAGO IRREGULAR
Agregado; 2023-12-26 08:39:51; Préstamo: 305 Abono al capital de cliente: ramon quiro melo $13850 
Agregado; 2023-12-26 08:40:26; PAGO IRREGULAR
Agregado; 2023-12-26 08:40:26; Préstamo: 4 Abono al capital de cliente: pedro castillo peralta $13850 
Agregado; 2023-12-26 08:40:56; PAGO IRREGULAR
Agregado; 2023-12-26 08:40:56; Préstamo: 267 Abono al capital de cliente: roberto hernandez sanchez $13850 
Eliminado; 2023-12-26 08:41:21; Préstamo: 254 Cliente: timmy daniel martinez vilorio monto $78000.00 duración: 10 meses interes: 3900.00
Eliminado; 2023-12-26 08:41:21; Préstamo: 254 
Eliminado; 2023-12-26 08:41:21; amortización: 254 
Agregado; 2023-12-26 08:41:33; PAGO IRREGULAR
Agregado; 2023-12-26 08:41:46; PAGO IRREGULAR
Agregado; 2023-12-26 08:42:18; PAGO IRREGULAR
Agregado; 2023-12-26 08:42:32; PAGO IRREGULAR
Agregado; 2023-12-26 08:42:45; PAGO IRREGULAR
Agregado; 2023-12-26 08:43:01; PAGO IRREGULAR
Agregado; 2023-12-26 08:43:25; PAGO IRREGULAR
Agregado; 2023-12-26 08:43:41; PAGO IRREGULAR
Agregado; 2023-12-26 08:44:03; PAGO IRREGULAR
Agregado; 2023-12-26 08:44:32; PAGO IRREGULAR
Agregado; 2023-12-26 08:44:32; Préstamo: 61 Abono al capital de cliente: maria hisabeth garcia lantigua $3000 
Agregado; 2023-12-26 08:44:58; PAGO IRREGULAR
Agregado; 2023-12-26 08:44:58; Préstamo: 205 Abono al capital de cliente: gloria tatiana fermin de la rosa $3000 
Agregado; 2023-12-26 08:45:24; PAGO IRREGULAR
Agregado; 2023-12-26 08:45:51; PAGO IRREGULAR
Agregado; 2023-12-26 08:46:06; PAGO IRREGULAR
Agregado; 2023-12-26 08:46:24; PAGO IRREGULAR
Agregado; 2023-12-26 08:46:39; PAGO IRREGULAR
Agregado; 2023-12-26 08:46:51; PAGO IRREGULAR
Agregado; 2023-12-26 08:52:43; PAGO IRREGULAR
Agregado; 2023-12-26 08:53:14; PAGO IRREGULAR
Agregado; 2023-12-26 08:53:30; PAGO IRREGULAR
Agregado; 2023-12-26 08:53:46; PAGO IRREGULAR
Agregado; 2023-12-26 08:53:58; PAGO IRREGULAR
Agregado; 2023-12-26 08:54:11; PAGO IRREGULAR
Agregado; 2023-12-26 08:54:22; PAGO IRREGULAR
Agregado; 2023-12-26 08:54:32; PAGO IRREGULAR
Agregado; 2023-12-26 08:54:42; PAGO IRREGULAR
Agregado; 2023-12-26 08:55:10; PAGO IRREGULAR
Agregado; 2023-12-26 08:55:23; PAGO IRREGULAR
Agregado; 2023-12-26 08:55:36; PAGO IRREGULAR
Agregado; 2023-12-26 08:55:46; PAGO IRREGULAR
Agregado; 2023-12-26 08:56:27; PAGO IRREGULAR
Agregado; 2023-12-26 08:56:49; PAGO IRREGULAR
Agregado; 2023-12-26 08:57:10; PAGO IRREGULAR
Agregado; 2023-12-26 08:57:59; PAGO IRREGULAR
Agregado; 2023-12-26 08:58:31; PAGO IRREGULAR
Agregado; 2023-12-26 09:02:13; PAGO IRREGULAR
Agregado; 2023-12-26 09:11:11; PAGO IRREGULAR
Agregado; 2023-12-26 09:11:28; PAGO IRREGULAR
Agregado; 2023-12-26 09:11:48; PAGO IRREGULAR
Agregado; 2023-12-26 09:11:57; PAGO IRREGULAR
Agregado; 2023-12-26 09:30:13; Préstamo: 191 Adicional al capital, cliente:  $15000
Agregado; 2023-12-26 09:30:54; Préstamo: 226 Adicional al capital, cliente:  $7500
Agregado; 2023-12-26 09:31:49; Préstamo: 5 Adicional al capital, cliente:  $25000
Agregado; 2023-12-26 09:32:17; Préstamo: 152 Adicional al capital, cliente:  $20000
Agregado; 2023-12-26 09:33:09; Préstamo: 170 Adicional al capital, cliente:  $3000
Agregado; 2023-12-26 09:35:10; Préstamo: 253 Adicional al capital, cliente:  $5000
Agregado; 2023-12-26 10:03:58; PAGO IRREGULAR
Eliminado; 2023-12-26 15:19:00; Préstamo: 253 Adicional del cliente: jorge luis cepeda martinez monto ADICIONAL $5000
Eliminado; 2023-12-26 15:19:00; adicional del présamo: 253 
Actualizado; 2023-12-26 15:19:00; Préstamo: 253 
Eliminado; 2023-12-26 15:19:01; Préstamo:  Adicional del cliente:  monto  $
Eliminado; 2023-12-26 15:19:01; adicional del présamo:  
Actualizado; 2023-12-26 15:19:01; Préstamo:  
Agregado; 2023-12-26 15:19:16; Préstamo: 253 Adicional al capital, cliente:  $10000
