Agregado; 2025-03-18 14:31:17; Préstamo: 461 Pago de cliente: winny esther mercado palomino Balance anterior $170000.00 Monto pagado $8500.00 INTERES $170000.00 BALANCE ACTUAL
Agregado; 2025-03-18 14:31:17; Préstamo: 461 Abono al capital de cliente: winny esther mercado palomino $170000 
Agregado; 2025-03-18 19:02:04; Préstamo: 513 Pago de cliente: epifanio cortorreal balbuena Balance anterior $163500.00 Monto pagado $8500.00 INTERES $163500.00 BALANCE ACTUAL
Agregado; 2025-03-18 19:02:23; Préstamo: 486 Pago de cliente: belgica acosta de fernandez Balance anterior $100000.00 Monto pagado $5000.00 INTERES $100000.00 BALANCE ACTUAL
Agregado; 2025-03-18 19:02:43; Préstamo: 519 Pago de cliente: modesta crecencia paredes pierrot Balance anterior $122000.00 Monto pagado $5490.00 INTERES $122000.00 BALANCE ACTUAL
Agregado; 2025-03-18 19:03:13; Préstamo: 516 Pago de cliente: nidia elsa ramona oller javier Balance anterior $180000.00 Monto pagado $8700.00 PAGO IRREGULAR $180000.00 BALANCE ACTUAL
Agregado; 2025-03-18 19:04:35; Préstamo: 424 Pago de cliente: luisa kery Balance anterior $120000.00 Monto pagado $5000.00 PAGO IRREGULAR $120000.00 BALANCE ACTUAL
Agregado; 2025-03-18 19:04:55; Préstamo: 127 Pago de cliente: ligia maria dolores alvarado de pereyra Balance anterior $185000.00 Monto pagado $5500.00 INTERES $185000.00 BALANCE ACTUAL
Agregado; 2025-03-18 19:06:38; Préstamo: 497 Pago de cliente: dionisio castillo lora Balance anterior $382000.00 Monto pagado $19000.00 PAGO IRREGULAR $382000.00 BALANCE ACTUAL
Agregado; 2025-03-18 19:06:58; Préstamo: 538 Pago de cliente: julia garcia castillo de castillo Balance anterior $100000.00 Monto pagado $5000.00 INTERES $100000.00 BALANCE ACTUAL
Agregado; 2025-03-18 19:07:30; Préstamo: 532 Pago de cliente: hugo rodriguez Balance anterior $175500.00 Monto pagado $8775.00 INTERES $175500.00 BALANCE ACTUAL
Agregado; 2025-03-18 19:07:51; Préstamo: 493 Pago de cliente: ana cristina maloon echavarria Balance anterior $82000.00 Monto pagado $4100.00 INTERES $82000.00 BALANCE ACTUAL
Agregado; 2025-03-18 19:08:13; Préstamo: 437 Pago de cliente: eugenio ernesto marchena fermin Balance anterior $180000.00 Monto pagado $9000.00 INTERES $180000.00 BALANCE ACTUAL
Agregado; 2025-03-18 19:08:49; Préstamo: 524 Pago de cliente: natividad maldonado de los santos Balance anterior $239700.00 Monto pagado $11200.00 PAGO IRREGULAR $239700.00 BALANCE ACTUAL
Agregado; 2025-03-18 19:09:17; Préstamo: 525 Pago de cliente: rafael guzman ragalado Balance anterior $156000.00 Monto pagado $7800.00 INTERES $156000.00 BALANCE ACTUAL
Agregado; 2025-03-18 19:09:40; Préstamo: 501 Pago de cliente: ana maria gonzalez peña Balance anterior $50000.00 Monto pagado $2500.00 INTERES $50000.00 BALANCE ACTUAL
Agregado; 2025-03-18 19:10:15; Préstamo: 470 Pago de cliente: aracelis jimenez peña de hernandez Balance anterior $116000.00 Monto pagado $5800.00 INTERES $116000.00 BALANCE ACTUAL
Agregado; 2025-03-18 19:10:35; Préstamo: 535 Pago de cliente: jose francisco lopez fermin Balance anterior $150000.00 Monto pagado $7500.00 INTERES $150000.00 BALANCE ACTUAL
Agregado; 2025-03-18 19:10:59; Préstamo: 408 Pago de cliente: leoncia de jesus adames Balance anterior $180000.00 Monto pagado $9000.00 INTERES $180000.00 BALANCE ACTUAL
Agregado; 2025-03-18 19:11:16; Préstamo: 463 Pago de cliente: amarilis lora alonzo de capellan Balance anterior $80000.00 Monto pagado $4000.00 INTERES $80000.00 BALANCE ACTUAL
Agregado; 2025-03-18 19:12:00; Préstamo: 381 Pago de cliente: pedro garcia reyes Balance anterior $63000.00 Monto pagado $3000.00 PAGO IRREGULAR $63000.00 BALANCE ACTUAL
Agregado; 2025-03-18 19:12:20; Préstamo: 245 Pago de cliente: santa cruceta lantigua de garcia Balance anterior $20000.00 Monto pagado $1000.00 INTERES $20000.00 BALANCE ACTUAL
Agregado; 2025-03-18 19:12:41; Préstamo: 502 Pago de cliente: claribel altagracia mendoza hernandez Balance anterior $75000.00 Monto pagado $3750.00 INTERES $75000.00 BALANCE ACTUAL
Agregado; 2025-03-18 19:14:44; Préstamo: 527 Pago de cliente: colombino mata juma Balance anterior $115000.00 Monto pagado $5750.00 INTERES $115000.00 BALANCE ACTUAL
Agregado; 2025-03-18 19:15:58; Préstamo: 490 Pago de cliente: pedro pablo valdez sanchez Balance anterior $248000.00 Monto pagado $9100.00 PAGO IRREGULAR $248000.00 BALANCE ACTUAL
Agregado; 2025-03-18 19:16:31; Préstamo: 444 Pago de cliente: miguel hilario pichardo Balance anterior $110000.00 Monto pagado $5500.00 INTERES $110000.00 BALANCE ACTUAL
Agregado; 2025-03-18 19:19:28; Préstamo: 378 Pago de cliente: marcia martinez y adames de ferrera Balance anterior $212000.00 Monto pagado $8100.00 PAGO IRREGULAR $212000.00 BALANCE ACTUAL
Agregado; 2025-03-18 19:20:57; Préstamo: 391 Pago de cliente: modesto gonzalez lopez Balance anterior $131500.00 Monto pagado $6575.00 INTERES $131500.00 BALANCE ACTUAL
Agregado; 2025-03-18 19:21:18; Préstamo: 482 Pago de cliente: luz estel palomino de capois Balance anterior $100000.00 Monto pagado $4000.00 INTERES $100000.00 BALANCE ACTUAL
