Agregado; 2025-10-18 13:30:42; Préstamo: 637 Pago de cliente: tomas garcia rodriguez Balance anterior $105000.00 Monto pagado $5250.00 INTERES $105000.00 BALANCE ACTUAL
Agregado; 2025-10-18 13:31:42; Préstamo: 609 Pago de cliente: ana maria gonzalez peña Balance anterior $125000.00 Monto pagado $6250.00 INTERES $125000.00 BALANCE ACTUAL
Agregado; 2025-10-18 13:33:38; Préstamo: 595 Pago de cliente: carmen lopez fermin Balance anterior $40000.00 Monto pagado $2000.00 INTERES $40000.00 BALANCE ACTUAL
Agregado; 2025-10-18 13:34:08; Préstamo: 556 Pago de cliente: pedro pablo valdez sanchez Balance anterior $321000.00 Monto pagado $7000.00 PAGO IRREGULAR $321000.00 BALANCE ACTUAL
Agregado; 2025-10-18 13:34:50; Préstamo: 463 Pago de cliente: amarilis lora alonzo de capellan Balance anterior $100000.00 Monto pagado $5000.00 INTERES $100000.00 BALANCE ACTUAL
Agregado; 2025-10-18 13:35:04; Préstamo: 636 Pago de cliente: dionisio castillo lora Balance anterior $200000.00 Monto pagado $8000.00 INTERES $200000.00 BALANCE ACTUAL
Eliminado; 2025-10-18 13:36:08; Préstamo: 549 Cliente: aracelis jimenez peña de hernandez monto $156000.00 duración: 10 meses interes: 7800.00
Eliminado; 2025-10-18 13:36:08; Préstamo: 549 
Eliminado; 2025-10-18 13:36:08; amortización: 549 
Agregado; 2025-10-18 13:36:50; Préstamo: 486 Pago de cliente: belgica acosta de fernandez Balance anterior $100000.00 Monto pagado $5000.00 INTERES $100000.00 BALANCE ACTUAL
Agregado; 2025-10-18 13:37:22; Préstamo: 625 Pago de cliente: luz estel palomino de capois Balance anterior $75000.00 Monto pagado $2000.00 PAGO IRREGULAR $75000.00 BALANCE ACTUAL
Agregado; 2025-10-18 13:37:43; Préstamo: 631 Pago de cliente: mercedes muñoz rodriguez de breton Balance anterior $150000.00 Monto pagado $7500.00 INTERES $150000.00 BALANCE ACTUAL
Agregado; 2025-10-18 13:38:22; Préstamo: 590 Pago de cliente: pedro garcia reyes Balance anterior $50000.00 Monto pagado $2500.00 INTERES $50000.00 BALANCE ACTUAL
Agregado; 2025-10-18 13:40:10; Préstamo: 127 Pago de cliente: ligia maria dolores alvarado de pereyra Balance anterior $205000.00 Monto pagado $6500.00 INTERES $205000.00 BALANCE ACTUAL
Agregado; 2025-10-18 13:43:38; Préstamo: 645 Pago de cliente: aracelis jimenez peña de hernandez Balance anterior $176000.00 Monto pagado $8800.00 INTERES $176000.00 BALANCE ACTUAL
Agregado; 2025-10-18 13:44:46; Préstamo: 437 Pago de cliente: eugenio ernesto marchena fermin Balance anterior $213000.00 Monto pagado $10650.00 INTERES $213000.00 BALANCE ACTUAL
Agregado; 2025-10-18 13:45:21; Préstamo: 643 Pago de cliente: nidia elsa ramona oller javier Balance anterior $140000.00 Monto pagado $7000.00 INTERES $140000.00 BALANCE ACTUAL
Agregado; 2025-10-18 13:49:38; Préstamo: 592 Pago de cliente: rafael guzman ragalado Balance anterior $84000.00 Monto pagado $4100.00 PAGO IRREGULAR $84000.00 BALANCE ACTUAL
Agregado; 2025-10-18 13:50:06; Préstamo: 628 Pago de cliente: alfonso hiciano laureano Balance anterior $115000.00 Monto pagado $5750.00 INTERES $115000.00 BALANCE ACTUAL
Agregado; 2025-10-18 13:50:42; Préstamo: 620 Pago de cliente: epifanio cortorreal balbuena Balance anterior $300000.00 Monto pagado $15000.00 INTERES $300000.00 BALANCE ACTUAL
Agregado; 2025-10-18 13:51:33; Préstamo: 524 Pago de cliente: natividad maldonado de los santos Balance anterior $285700.00 Monto pagado $12000.00 PAGO IRREGULAR $285700.00 BALANCE ACTUAL
Agregado; 2025-10-18 13:51:58; Préstamo: 527 Pago de cliente: colombino mata juma Balance anterior $127000.00 Monto pagado $6350.00 INTERES $127000.00 BALANCE ACTUAL
Agregado; 2025-10-18 13:52:41; Préstamo: 629 Pago de cliente: jorge luis cepeda martinez Balance anterior $100000.00 Monto pagado $5000.00 INTERES $100000.00 BALANCE ACTUAL
Agregado; 2025-10-18 13:53:21; Préstamo: 623 Pago de cliente: ana cristina maloon echavarria Balance anterior $144600.00 Monto pagado $7000.00 PAGO IRREGULAR $144600.00 BALANCE ACTUAL
Agregado; 2025-10-18 13:54:08; Préstamo: 444 Pago de cliente: miguel hilario pichardo Balance anterior $200000.00 Monto pagado $6000.00 PAGO IRREGULAR $200000.00 BALANCE ACTUAL
Agregado; 2025-10-18 13:54:54; Préstamo: 408 Pago de cliente: leoncia de jesus adames Balance anterior $80000.00 Monto pagado $4000.00 INTERES $80000.00 BALANCE ACTUAL
Agregado; 2025-10-18 13:58:25; Préstamo: 599 Pago de cliente: modesto gonzalez lopez Balance anterior $201200.00 Monto pagado $4100.00 PAGO IRREGULAR $201200.00 BALANCE ACTUAL
Agregado; 2025-10-18 13:59:25; Préstamo: 535 Pago de cliente: jose francisco lopez fermin Balance anterior $150000.00 Monto pagado $7300.00 PAGO IRREGULAR $150000.00 BALANCE ACTUAL
Agregado; 2025-10-18 13:59:56; Préstamo: 605 Pago de cliente: ana rosa paredes liriano Balance anterior $120000.00 Monto pagado $6000.00 INTERES $120000.00 BALANCE ACTUAL
Agregado; 2025-10-18 14:00:57; Préstamo: 558 Pago de cliente: claribel altagracia mendoza hernandez Balance anterior $123100.00 Monto pagado $6155.00 INTERES $123100.00 BALANCE ACTUAL
Agregado; 2025-10-18 14:09:40; Préstamo: 378 Pago de cliente: marcia martinez y adames de ferrera Balance anterior $212000.00 Monto pagado $7600.00 PAGO IRREGULAR $212000.00 BALANCE ACTUAL
Agregado; 2025-10-18 14:11:23; Préstamo: 589 Pago de cliente: modesta crecencia paredes pierrot Balance anterior $222000.00 Monto pagado $8880.00 INTERES $222000.00 BALANCE ACTUAL
