Eliminado; 2026-03-18 15:03:57; Préstamo: 477 Adicional del cliente: jose miguel ozoria acosta monto ADICIONAL $6000
Eliminado; 2026-03-18 15:03:57; adicional del présamo: 477 
Actualizado; 2026-03-18 15:03:57; Préstamo: 477 
Eliminado; 2026-03-18 15:03:57; Préstamo:  Adicional del cliente:  monto  $
Eliminado; 2026-03-18 15:03:57; adicional del présamo:  
Actualizado; 2026-03-18 15:03:57; Préstamo:  
Agregado; 2026-03-18 15:05:40; Préstamo: 477 Pago de cliente: jose miguel ozoria acosta Balance anterior $204000.00 Monto pagado $10200.00 INTERES $204000.00 BALANCE ACTUAL
Agregado; 2026-03-18 15:05:59; Préstamo: 463 Pago de cliente: amarilis lora alonzo de capellan Balance anterior $100000.00 Monto pagado $5000.00 INTERES $100000.00 BALANCE ACTUAL
Agregado; 2026-03-18 15:06:17; Préstamo: 708 Pago de cliente: alfonso hiciano laureano Balance anterior $170000.00 Monto pagado $8500.00 INTERES $170000.00 BALANCE ACTUAL
Agregado; 2026-03-18 15:08:30; Préstamo: 696 Pago de cliente: natividad maldonado de los santos Balance anterior $137000.00 Monto pagado $5480.00 INTERES $137000.00 BALANCE ACTUAL
Agregado; 2026-03-18 15:08:51; Préstamo: 623 Pago de cliente: ana cristina maloon echavarria Balance anterior $191600.00 Monto pagado $9580.00 INTERES $191600.00 BALANCE ACTUAL
Agregado; 2026-03-18 15:09:33; Préstamo: 681 Pago de cliente: epifanio cortorreal balbuena Balance anterior $340000.00 Monto pagado $17000.00 INTERES $340000.00 BALANCE ACTUAL
Agregado; 2026-03-18 15:11:08; Préstamo: 724 Pago de cliente: jose francisco lopez fermin Balance anterior $240000.00 Monto pagado $11500 PAGO IRREGULAR $240000.00 BALANCE ACTUAL
Agregado; 2026-03-18 15:11:49; Préstamo: 678 Pago de cliente: eugenio ernesto marchena fermin Balance anterior $261400.00 Monto pagado $11300 PAGO IRREGULAR $261400.00 BALANCE ACTUAL
Agregado; 2026-03-18 15:12:17; Préstamo: 605 Pago de cliente: ana rosa paredes liriano Balance anterior $120000.00 Monto pagado $6000.00 INTERES $120000.00 BALANCE ACTUAL
Agregado; 2026-03-18 15:12:44; Préstamo: 636 Pago de cliente: dionisio castillo lora Balance anterior $250000.00 Monto pagado $10000.00 INTERES $250000.00 BALANCE ACTUAL
Agregado; 2026-03-18 15:13:42; Préstamo: 556 Pago de cliente: pedro pablo valdez sanchez Balance anterior $321000.00 Monto pagado $6100 PAGO IRREGULAR $321000.00 BALANCE ACTUAL
Agregado; 2026-03-18 15:14:14; Préstamo: 556 Pago de cliente: pedro pablo valdez sanchez Balance anterior $321000.00 Monto pagado $6100 PAGO IRREGULAR $321000.00 BALANCE ACTUAL
Agregado; 2026-03-18 15:16:12; Préstamo: 589 Pago de cliente: modesta crecencia paredes pierrot Balance anterior $270400.00 Monto pagado $10816.00 INTERES $270400.00 BALANCE ACTUAL
Agregado; 2026-03-18 15:19:08; Préstamo: 739 Pago de cliente: tomas garcia rodriguez Balance anterior $300000.00 Monto pagado $12000.00 INTERES $300000.00 BALANCE ACTUAL
Agregado; 2026-03-18 15:19:39; Préstamo: 378 Pago de cliente: marcia martinez y adames de ferrera Balance anterior $212000.00 Monto pagado $7500 PAGO IRREGULAR $212000.00 BALANCE ACTUAL
Agregado; 2026-03-18 15:26:52; Préstamo: 645 Pago de cliente: aracelis jimenez peña de hernandez Balance anterior $207500.00 Monto pagado $10375.00 INTERES $207500.00 BALANCE ACTUAL
Agregado; 2026-03-18 15:27:11; Préstamo: 722 Pago de cliente: dulce maria olivo cheriz Balance anterior $50000.00 Monto pagado $2500.00 INTERES $50000.00 BALANCE ACTUAL
Agregado; 2026-03-18 15:32:58; Préstamo: 665 Pago de cliente: modesto gonzalez lopez Balance anterior $273000.00 Monto pagado $9300 PAGO IRREGULAR $273000.00 BALANCE ACTUAL
Agregado; 2026-03-18 15:33:21; Préstamo: 732 Pago de cliente: mercedes muñoz rodriguez de breton Balance anterior $350000.00 Monto pagado $17500.00 INTERES $350000.00 BALANCE ACTUAL
Agregado; 2026-03-18 15:33:57; Préstamo: 725 Pago de cliente: belgica acosta de fernandez Balance anterior $250000.00 Monto pagado $12500.00 INTERES $250000.00 BALANCE ACTUAL
Agregado; 2026-03-18 15:34:16; Préstamo: 733 Pago de cliente: leoncia de jesus adames Balance anterior $221000.00 Monto pagado $11050.00 INTERES $221000.00 BALANCE ACTUAL
Agregado; 2026-03-18 15:34:44; Préstamo: 746 Pago de cliente: ligia maria dolores alvarado de pereyra Balance anterior $180000.00 Monto pagado $9000.00 INTERES $180000.00 BALANCE ACTUAL
Agregado; 2026-03-18 15:36:49; Préstamo: 625 Pago de cliente: luz estel palomino de capois Balance anterior $125000.00 Monto pagado $5000.00 INTERES $125000.00 BALANCE ACTUAL
Agregado; 2026-03-18 15:37:07; Préstamo: 721 Pago de cliente: julia garcia castillo de castillo Balance anterior $200000.00 Monto pagado $8000.00 INTERES $200000.00 BALANCE ACTUAL
Agregado; 2026-03-18 15:37:40; Préstamo: 592 Pago de cliente: rafael guzman ragalado Balance anterior $119000.00 Monto pagado $5950.00 INTERES $119000.00 BALANCE ACTUAL
Agregado; 2026-03-18 15:41:47; Préstamo: 679 Pago de cliente: ana maria gonzalez peña Balance anterior $190500.00 Monto pagado $9525.00 INTERES $190500.00 BALANCE ACTUAL
Agregado; 2026-03-18 15:43:05; Préstamo: 689 Pago de cliente: pedro garcia reyes Balance anterior $120000.00 Monto pagado $4800.00 INTERES $120000.00 BALANCE ACTUAL
Agregado; 2026-03-18 15:44:08; Préstamo: 719 Pago de cliente: jose lucas de jesus rodriguez Balance anterior $300000.00 Monto pagado $11000 PAGO IRREGULAR $300000.00 BALANCE ACTUAL
Agregado; 2026-03-18 15:53:29; Préstamo: 527 Pago de cliente: colombino mata juma Balance anterior $127000.00 Monto pagado $6350.00 INTERES $127000.00 BALANCE ACTUAL
Agregado; 2026-03-18 16:09:49; Préstamo: 643 Pago de cliente: nidia elsa ramona oller javier Balance anterior $150000.00 Monto pagado $7500.00 INTERES $150000.00 BALANCE ACTUAL
Agregado; 2026-03-18 16:10:10; Préstamo: 670 Pago de cliente: miguel hilario pichardo Balance anterior $240000.00 Monto pagado $12000.00 INTERES $240000.00 BALANCE ACTUAL
Agregado; 2026-03-18 18:52:32; Nuevo préstamo cliente: modesta crecencia paredes pierrot monto prestado $276400 duración: 10 meses interes: 11056
Eliminado; 2026-03-18 18:52:52; Préstamo: 589 Cliente: modesta crecencia paredes pierrot monto $270400.00 duración: 10 meses interes: 10816.00
Eliminado; 2026-03-18 18:52:52; Préstamo: 589 
Eliminado; 2026-03-18 18:52:52; amortización: 589 
