Agregado; 2026-03-25 12:51:59; Préstamo: 745 Pago de cliente: adriano compres rodrigues Balance anterior $30000.00 Monto pagado $1500.00 INTERES $30000.00 BALANCE ACTUAL
Agregado; 2026-03-25 12:53:29; Préstamo: 448 Pago de cliente: jose hernandez Balance anterior $158400.00 Monto pagado $2900 PAGO IRREGULAR $158400.00 BALANCE ACTUAL
Agregado; 2026-03-25 12:55:12; Préstamo: 748 Pago de cliente: Leonel Almonte ortega Balance anterior $100000.00 Monto pagado $4000 PAGO IRREGULAR $100000.00 BALANCE ACTUAL
Agregado; 2026-03-25 13:00:15; Préstamo: 687 Pago de cliente: gregori contrera herrera Balance anterior $16000.00 Monto pagado $960.00 INTERES $16000.00 BALANCE ACTUAL
Agregado; 2026-03-25 13:00:41; Préstamo: 693 Pago de cliente: juan ulloa altagracia Balance anterior $60000.00 Monto pagado $3000.00 INTERES $60000.00 BALANCE ACTUAL
Agregado; 2026-03-25 13:01:18; Préstamo: 660 Pago de cliente: rolando franco guzman Balance anterior $50000.00 Monto pagado $2500.00 INTERES $50000.00 BALANCE ACTUAL
Agregado; 2026-03-25 13:01:48; Préstamo: 734 Pago de cliente: ricardo paula polanco Balance anterior $50000.00 Monto pagado $2500.00 INTERES $50000.00 BALANCE ACTUAL
Agregado; 2026-03-25 13:02:16; Préstamo: 699 Pago de cliente: inmaculada concepcion peña Balance anterior $40000.00 Monto pagado $2000.00 INTERES $40000.00 BALANCE ACTUAL
Agregado; 2026-03-25 13:02:41; Préstamo: 591 Pago de cliente: felix ureña luciano Balance anterior $68000.00 Monto pagado $3400.00 INTERES $68000.00 BALANCE ACTUAL
Agregado; 2026-03-25 13:06:17; Préstamo: 604 Pago de cliente: camilo vargas suriel Balance anterior $55000.00 Monto pagado $2750.00 INTERES $55000.00 BALANCE ACTUAL
Agregado; 2026-03-25 13:11:32; Préstamo: 705 Pago de cliente: ramon dario garcia ventura Balance anterior $30000.00 Monto pagado $1500.00 INTERES $30000.00 BALANCE ACTUAL
Agregado; 2026-03-25 13:13:42; Préstamo: 727 Pago de cliente: rafael antonio reynoso lopez Balance anterior $20000.00 Monto pagado $1000.00 INTERES $20000.00 BALANCE ACTUAL
Agregado; 2026-03-25 13:14:02; Préstamo: 583 Pago de cliente: ines gonzalez polanco Balance anterior $25000.00 Monto pagado $1250.00 INTERES $25000.00 BALANCE ACTUAL
Agregado; 2026-03-25 13:14:22; Préstamo: 715 Pago de cliente: rafael gil ureña Balance anterior $30000.00 Monto pagado $1500.00 INTERES $30000.00 BALANCE ACTUAL
Agregado; 2026-03-25 13:18:30; Préstamo: 376 Pago de cliente: elisabeth serrano Balance anterior $65000.00 Monto pagado $2700 PAGO IRREGULAR $65000.00 BALANCE ACTUAL
Agregado; 2026-03-25 13:18:58; Préstamo: 673 Pago de cliente: virking yanet sierra moya Balance anterior $40000.00 Monto pagado $2000.00 INTERES $40000.00 BALANCE ACTUAL
Agregado; 2026-03-25 13:21:34; Préstamo: 624 Pago de cliente: luis alfredo bruno morel Balance anterior $25000.00 Monto pagado $1250.00 INTERES $25000.00 BALANCE ACTUAL
Agregado; 2026-03-25 14:18:07; Nuevo préstamo cliente: fanny reyes de los santos  monto prestado $150000 duración: 10 meses interes: 7500
Agregado; 2026-03-25 14:37:17; Préstamo: 646 Adicional al capital, cliente:  $6000
Agregado; 2026-03-25 15:06:30; Nuevo préstamo cliente: jorge luis cepeda martinez monto prestado $200000 duración: 10 meses interes: 8000
Agregado; 2026-03-25 15:59:22; Nuevo préstamo cliente: delva altagracia vanderhorst almeyda monto prestado $280000 duración: 10 meses interes: 14000
Agregado; 2026-03-25 20:06:07; Nuevo préstamo cliente: dennissa david de peña  monto prestado $50000 duración: 10 meses interes: 2500
