Agregado; 2023-12-16 08:32:06; Préstamo: 242 Adicional al capital, cliente:  $2000
Eliminado; 2023-12-16 08:33:03; Préstamo:  Adicional del cliente:  monto  $
Eliminado; 2023-12-16 08:33:03; adicional del présamo:  
Actualizado; 2023-12-16 08:33:03; Préstamo:  
Eliminado; 2023-12-16 08:33:03; Préstamo: 242 Adicional del cliente: orlando nuñez sanchez monto ADICIONAL $2000
Eliminado; 2023-12-16 08:33:03; adicional del présamo: 242 
Actualizado; 2023-12-16 08:33:03; Préstamo: 242 
Agregado; 2023-12-16 08:33:17; Préstamo: 242 Adicional al capital, cliente:  $20000
Actualizado; 2023-12-16 08:35:14; Préstamo cliente: orlando nuñez sanchez monto prestado $70000.00 duración: 10 meses interes: 4500
Eliminado; 2023-12-16 08:35:39; Préstamo: 242 Cliente: orlando nuñez sanchez monto $90000.00 duración: 10 meses interes: 4500.00
Eliminado; 2023-12-16 08:35:39; Préstamo: 242 
Eliminado; 2023-12-16 08:35:39; amortización: 242 
Agregado; 2023-12-16 08:36:20; Nuevo préstamo cliente: orlando nuñez sanchez monto prestado $90000 duración: 10 meses interes: 4500
Agregado; 2023-12-16 09:28:45; Préstamo: 229 Abono al capital de cliente: rosa lidia paredes miguel $40000 
Eliminado; 2023-12-16 11:28:04; Préstamo:  Adicional del cliente:  monto  $
Eliminado; 2023-12-16 11:28:04; adicional del présamo:  
Actualizado; 2023-12-16 11:28:04; Préstamo:  
Eliminado; 2023-12-16 11:28:04; Préstamo: 167 Adicional del cliente: hugo rodriguez  monto ADICIONAL $30000
Eliminado; 2023-12-16 11:28:04; adicional del présamo: 167 
Actualizado; 2023-12-16 11:28:04; Préstamo: 167 
Actualizado; 2023-12-16 11:29:53; Préstamo cliente: ligia maria dolores alvarado de pereyra monto prestado $85000.00 duración: 10 meses interes: 4500
Agregado; 2023-12-16 11:41:35; Préstamo: 203 Adicional al capital, cliente:  $21000
Actualizado; 2023-12-16 11:47:32; Préstamo cliente: ramon garcia monto prestado $70000.00 duración: 10 meses interes: 2000
Agregado; 2023-12-16 11:47:54; Préstamo: 291 Abono al capital de cliente: ramon garcia $70000 
Eliminado; 2023-12-16 11:48:24; Préstamo: 291 Cliente: ramon garcia monto $-30000.00 duración: 10 meses interes: 2000.00
Eliminado; 2023-12-16 11:48:24; Préstamo: 291 
Eliminado; 2023-12-16 11:48:24; amortización: 291 
Agregado; 2023-12-16 11:49:20; Nuevo préstamo cliente: ramon garcia monto prestado $80000 duración: 10 meses interes: 4000
Agregado; 2023-12-16 11:49:34; Préstamo: 309 Abono al capital de cliente: ramon garcia $70000 
Eliminado; 2023-12-16 12:12:06; Préstamo: 136 Cliente: erika gonzalez ramirez  monto $154800.00 duración: 10 meses interes: 7740.00
Eliminado; 2023-12-16 12:12:06; Préstamo: 136 
Eliminado; 2023-12-16 12:12:06; amortización: 136 
Agregado; 2023-12-16 12:21:16; Préstamo: 176 Adicional al capital, cliente:  $10000
Eliminado; 2023-12-16 12:24:29; Préstamo: 228 Cliente: dannessa deyanara rodriguez  monto $200000.00 duración: 10 meses interes: 10000.00
Eliminado; 2023-12-16 12:24:29; Préstamo: 228 
Eliminado; 2023-12-16 12:24:29; amortización: 228 
Agregado; 2023-12-16 12:32:27; Préstamo: 112 Adicional al capital, cliente:  $80000
Eliminado; 2023-12-16 12:35:30; Préstamo: 36 Cliente: ana cristina maloon echavarria monto $110000.00 duración: 10 meses interes: 5500.00
Eliminado; 2023-12-16 12:35:30; Préstamo: 36 
Eliminado; 2023-12-16 12:35:30; amortización: 36 
Agregado; 2023-12-16 13:08:52; Préstamo: 221 Adicional al capital, cliente:  $10000
