Agregado; 2024-05-24 14:33:11; Préstamo: 215 Adicional al capital, cliente:  $3000
Agregado; 2024-05-24 14:43:41; Préstamo: 342 Adicional al capital, cliente:  $20000
Agregado; 2024-05-24 15:22:00; Nuevo préstamo cliente: alciviades paredes javier monto prestado $125000 duración: 10 meses interes: 6250
Eliminado; 2024-05-24 15:22:06; Préstamo: 326 Cliente: alciviades paredes javier monto $110000.00 duración: 10 meses interes: 7500.00
Eliminado; 2024-05-24 15:22:06; Préstamo: 326 
Eliminado; 2024-05-24 15:22:06; amortización: 326 
Agregado; 2024-05-24 15:27:53; Préstamo: 384 Adicional al capital, cliente:  $20000
Actualizado; 2024-05-24 15:28:41; Préstamo cliente: leoncia de jesus adames monto prestado $160000.00 duración: 18 meses interes: 9000
Actualizado; 2024-05-24 15:30:36; Préstamo cliente: gloria tatiana fermin de la rosa monto prestado $75000.00 duración: 10 meses interes: 4350
Actualizado; 2024-05-24 15:33:09; Préstamo cliente: juan alfonso concepcion vazquez monto prestado $203000.00 duración: 10 meses interes: 11275
Actualizado; 2024-05-24 15:33:20; Préstamo cliente: ramon garcia monto prestado $62000.00 duración: 10 meses interes: 4850
Actualizado; 2024-05-24 15:33:28; Préstamo cliente: masiell alejandra lopez gil monto prestado $76000.00 duración: 10 meses interes: 4800
Actualizado; 2024-05-24 15:33:38; Préstamo cliente: marino candelario compres monto prestado $107000.00 duración: 10 meses interes: 6850
Actualizado; 2024-05-24 15:34:38; Préstamo cliente: natividad maldonado de los santos  monto prestado $125000.00 duración: 10 meses interes: 8500
Agregado; 2024-05-24 15:35:33; Préstamo: 338 Adicional al capital, cliente:  $2000
Actualizado; 2024-05-24 15:35:54; Préstamo cliente: timmy daniel martinez vilorio monto prestado $123000.00 duración: 10 meses interes: 6750
Agregado; 2024-05-24 15:39:22; Nuevo préstamo cliente: leoncia de jesus adames monto prestado $180000 duración: 10 meses interes: 9000
Eliminado; 2024-05-24 15:40:07; Préstamo: 384 Cliente: leoncia de jesus adames monto $180000.00 duración: 18 meses interes: 9000.00
Eliminado; 2024-05-24 15:40:07; Préstamo: 384 
Eliminado; 2024-05-24 15:40:07; amortización: 384 
Agregado; 2024-05-24 17:42:19; Préstamo: 354 Adicional al capital, cliente:  $26000
Agregado; 2024-05-24 17:44:51; Préstamo: 386 Pago de cliente: nelson maximiliano sosa guillermo Balance anterior $60000.00 Monto pagado $1500.00 INTERES $60000.00 BALANCE ACTUAL
Agregado; 2024-05-24 17:50:29; Préstamo: 98 Pago de cliente: yissel de jesus Balance anterior $100000.00 Monto pagado $5000.00 INTERES $100000.00 BALANCE ACTUAL
