Actualizado; 2025-01-15 13:40:48; Préstamo cliente: julia garcia castillo de castillo monto prestado $30000.00 duración: 10 meses interes: 1500
Actualizado; 2025-01-15 13:40:58; Préstamo cliente: julia garcia castillo de castillo monto prestado $30000.00 duración: 10 meses interes: 1500
Actualizado; 2025-01-15 13:41:39; Préstamo cliente: rafael guzman ragalado monto prestado $130000.00 duración: 10 meses interes: 6900
Agregado; 2025-01-15 13:42:14; Préstamo: 471 Adicional al capital, cliente:  $3000
Eliminado; 2025-01-15 13:45:05; Préstamo: 364 Cliente: jose francisco lopez fermin monto $200000.00 duración: 10 meses interes: 10000.00
Eliminado; 2025-01-15 13:45:05; Préstamo: 364 
Eliminado; 2025-01-15 13:45:05; amortización: 364 
Actualizado; 2025-01-15 13:53:34; Préstamo cliente: modesta crecencia paredes pierrot monto prestado $70000.00 duración: 10 meses interes: 3600
Actualizado; 2025-01-15 13:55:13; Préstamo cliente: epifanio cortorreal balbuena monto prestado $136500.00 duración: 10 meses interes: 6825
Actualizado; 2025-01-15 13:56:25; Préstamo cliente: dionisio castillo lora monto prestado $380000.00 duración: 10 meses interes: 19000
Eliminado; 2025-01-15 13:57:30; Préstamo: 457 Cliente: dionisio castillo lora monto $335000.00 duración: 10 meses interes: 16750.00
Eliminado; 2025-01-15 13:57:30; Préstamo: 457 
Eliminado; 2025-01-15 13:57:30; amortización: 457 
Actualizado; 2025-01-15 13:58:04; Préstamo cliente: dulce maria olivo cheriz monto prestado $100000.00 duración: 10 meses interes: 7000
Actualizado; 2025-01-15 13:58:43; Préstamo cliente: hugo rodriguez  monto prestado $71500.00 duración: 10 meses interes: 3575
Actualizado; 2025-01-15 14:33:22; Préstamo cliente: ruddy morales fernandez monto prestado $141000.00 duración: 10 meses interes: 7050
Eliminado; 2025-01-15 14:49:04; Préstamo: 409 Cliente: roberto hernandez sanchez monto $264000.00 duración: 10 meses interes: 13200.00
Eliminado; 2025-01-15 14:49:04; Préstamo: 409 
Eliminado; 2025-01-15 14:49:04; amortización: 409 
Actualizado; 2025-01-15 14:52:33; Préstamo cliente: rhoneer guzman ozoria monto prestado $348500.00 duración: 10 meses interes: 17425
Eliminado; 2025-01-15 14:53:44; Préstamo: 459 Cliente: rhoneer guzman ozoria monto $348500.00 duración: 10 meses interes: 17425.00
Eliminado; 2025-01-15 14:53:44; Préstamo: 459 
Eliminado; 2025-01-15 14:53:44; amortización: 459 
Agregado; 2025-01-15 15:04:14; Nuevo préstamo cliente: juana  yesenia facenda hernandez monto prestado $300000 duración: 10 meses interes: 12000
Eliminado; 2025-01-15 15:04:39; Préstamo: 462 Cliente: juana  yesenia facenda hernandez monto $300000.00 duración: 10 meses interes: 12000.00
Eliminado; 2025-01-15 15:04:39; Préstamo: 462 
Eliminado; 2025-01-15 15:04:39; amortización: 462 
Actualizado; 2025-01-15 15:28:00; Préstamo cliente: dannessa deyanara rodriguez  monto prestado $327000.00 duración: 10 meses interes: 16850
Agregado; 2025-01-15 15:30:57; Nuevo préstamo cliente: dannessa deyanara rodriguez  monto prestado $270000 duración: 10 meses interes: 13500
Agregado; 2025-01-15 17:15:16; Préstamo: 425 Adicional al capital, cliente:  $2000
Agregado; 2025-01-15 18:05:10; Préstamo: 279 Pago de cliente: perla massiel acosta faña Balance anterior $100000.00 Monto pagado $2500.00 INTERES $100000.00 BALANCE ACTUAL
