Agregado; 2026-02-17 17:23:36; Préstamo: 689 Pago de cliente: pedro garcia reyes Balance anterior $120000.00 Monto pagado $4800.00 INTERES $120000.00 BALANCE ACTUAL
Agregado; 2026-02-17 17:24:24; Préstamo: 721 Pago de cliente: julia garcia castillo de castillo Balance anterior $200000.00 Monto pagado $8000.00 INTERES $200000.00 BALANCE ACTUAL
Agregado; 2026-02-17 17:24:53; Préstamo: 677 Pago de cliente: leoncia de jesus adames Balance anterior $202000.00 Monto pagado $10000 PAGO IRREGULAR $202000.00 BALANCE ACTUAL
Agregado; 2026-02-17 17:25:35; Préstamo: 722 Pago de cliente: dulce maria olivo cheriz Balance anterior $35000.00 Monto pagado $1750.00 INTERES $35000.00 BALANCE ACTUAL
Agregado; 2026-02-17 17:25:57; Préstamo: 724 Pago de cliente: jose francisco lopez fermin Balance anterior $240000.00 Monto pagado $11600.00 PAGO IRREGULAR $240000.00 BALANCE ACTUAL
Agregado; 2026-02-17 17:26:52; Préstamo: 589 Pago de cliente: modesta crecencia paredes pierrot Balance anterior $255400.00 Monto pagado $10216.00 INTERES $255400.00 BALANCE ACTUAL
Agregado; 2026-02-17 17:28:58; Préstamo: 665 Pago de cliente: modesto gonzalez lopez Balance anterior $273000.00 Monto pagado $9300.00 PAGO IRREGULAR $273000.00 BALANCE ACTUAL
Agregado; 2026-02-17 17:29:19; Préstamo: 670 Pago de cliente: miguel hilario pichardo Balance anterior $240000.00 Monto pagado $12000.00 INTERES $240000.00 BALANCE ACTUAL
Agregado; 2026-02-17 17:30:28; Préstamo: 592 Pago de cliente: rafael guzman ragalado Balance anterior $117000.00 Monto pagado $5850.00 INTERES $117000.00 BALANCE ACTUAL
Agregado; 2026-02-17 17:31:04; Préstamo: 643 Pago de cliente: nidia elsa ramona oller javier Balance anterior $150000.00 Monto pagado $7500.00 INTERES $150000.00 BALANCE ACTUAL
Agregado; 2026-02-17 17:32:01; Préstamo: 656 Pago de cliente: mercedes muñoz rodriguez de breton Balance anterior $300000.00 Monto pagado $15000.00 INTERES $300000.00 BALANCE ACTUAL
Agregado; 2026-02-17 17:32:42; Préstamo: 681 Pago de cliente: epifanio cortorreal balbuena Balance anterior $340000.00 Monto pagado $17000.00 INTERES $340000.00 BALANCE ACTUAL
Agregado; 2026-02-17 17:34:51; Préstamo: 679 Pago de cliente: ana maria gonzalez peña Balance anterior $190500.00 Monto pagado $9525.00 INTERES $190500.00 BALANCE ACTUAL
Agregado; 2026-02-17 17:35:07; Préstamo: 605 Pago de cliente: ana rosa paredes liriano Balance anterior $120000.00 Monto pagado $6000.00 INTERES $120000.00 BALANCE ACTUAL
Agregado; 2026-02-17 17:35:29; Préstamo: 708 Pago de cliente: alfonso hiciano laureano Balance anterior $170000.00 Monto pagado $8500.00 INTERES $170000.00 BALANCE ACTUAL
Agregado; 2026-02-17 17:36:28; Préstamo: 625 Pago de cliente: luz estel palomino de capois Balance anterior $125000.00 Monto pagado $5000.00 INTERES $125000.00 BALANCE ACTUAL
Agregado; 2026-02-17 17:36:57; Préstamo: 527 Pago de cliente: colombino mata juma Balance anterior $127000.00 Monto pagado $6350.00 INTERES $127000.00 BALANCE ACTUAL
Agregado; 2026-02-17 17:38:19; Préstamo: 725 Pago de cliente: belgica acosta de fernandez Balance anterior $250000.00 Monto pagado $12500.00 INTERES $250000.00 BALANCE ACTUAL
Agregado; 2026-02-17 17:39:14; Préstamo: 676 Pago de cliente: tomas garcia rodriguez Balance anterior $271000.00 Monto pagado $10840.00 INTERES $271000.00 BALANCE ACTUAL
Agregado; 2026-02-17 17:39:47; Préstamo: 556 Pago de cliente: pedro pablo valdez sanchez Balance anterior $321000.00 Monto pagado $6200.00 PAGO IRREGULAR $321000.00 BALANCE ACTUAL
Agregado; 2026-02-17 17:40:13; Préstamo: 378 Pago de cliente: marcia martinez y adames de ferrera Balance anterior $212000.00 Monto pagado $7500 PAGO IRREGULAR $212000.00 BALANCE ACTUAL
Agregado; 2026-02-17 17:40:35; Préstamo: 719 Pago de cliente: jose lucas de jesus rodriguez Balance anterior $300000.00 Monto pagado $11000.00 PAGO IRREGULAR $300000.00 BALANCE ACTUAL
Agregado; 2026-02-17 17:40:49; Préstamo: 636 Pago de cliente: dionisio castillo lora Balance anterior $250000.00 Monto pagado $10000.00 INTERES $250000.00 BALANCE ACTUAL
Agregado; 2026-02-17 17:41:40; Préstamo: 696 Pago de cliente: natividad maldonado de los santos Balance anterior $137000.00 Monto pagado $5480.00 INTERES $137000.00 BALANCE ACTUAL
Agregado; 2026-02-17 17:43:01; Préstamo: 127 Pago de cliente: ligia maria dolores alvarado de pereyra Balance anterior $212000.00 Monto pagado $6850.00 INTERES $212000.00 BALANCE ACTUAL
Agregado; 2026-02-17 17:45:44; Préstamo: 678 Pago de cliente: eugenio ernesto marchena fermin Balance anterior $261400.00 Monto pagado $11300.00 PAGO IRREGULAR $261400.00 BALANCE ACTUAL
Agregado; 2026-02-17 17:46:05; Préstamo: 623 Pago de cliente: ana cristina maloon echavarria Balance anterior $189600.00 Monto pagado $9480.00 INTERES $189600.00 BALANCE ACTUAL
Agregado; 2026-02-17 17:46:33; Préstamo: 463 Pago de cliente: amarilis lora alonzo de capellan Balance anterior $100000.00 Monto pagado $5000.00 INTERES $100000.00 BALANCE ACTUAL
Agregado; 2026-02-17 17:46:58; Préstamo: 645 Pago de cliente: aracelis jimenez peña de hernandez Balance anterior $187500.00 Monto pagado $9375.00 INTERES $187500.00 BALANCE ACTUAL
Agregado; 2026-02-17 17:47:31; Préstamo: 477 Pago de cliente: jose miguel ozoria acosta Balance anterior $204000.00 Monto pagado $10200.00 INTERES $204000.00 BALANCE ACTUAL
Eliminado; 2026-02-17 18:12:14; Préstamo: 651 Cliente: jorge chavez  monto $75000.00 duración: 10 meses interes: 3750.00
Eliminado; 2026-02-17 18:12:14; Préstamo: 651 
Eliminado; 2026-02-17 18:12:14; amortización: 651 
Actualizado; 2026-02-17 18:13:00; Préstamo cliente: emmanuel medina lopez monto prestado $180000.00 duración: 10 meses interes: 9000
Eliminado; 2026-02-17 18:13:11; Préstamo: 607 Cliente: emmanuel medina lopez monto $130000.00 duración: 10 meses interes: 6500.00
Eliminado; 2026-02-17 18:13:11; Préstamo: 607 
Eliminado; 2026-02-17 18:13:11; amortización: 607 
Actualizado; 2026-02-17 18:16:38; Préstamo cliente: alciviades paredes javier monto prestado $170000.00 duración: 10 meses interes: 8500
Actualizado; 2026-02-17 18:19:45; Préstamo cliente: nery vianney garcia rodriguez monto prestado $190000.00 duración: 10 meses interes: 9500
Eliminado; 2026-02-17 18:22:24; Préstamo: 369 Cliente: marino candelario compres monto $207700.00 duración: 10 meses interes: 10385.00
Eliminado; 2026-02-17 18:22:24; Préstamo: 369 
Eliminado; 2026-02-17 18:22:24; amortización: 369 
Eliminado; 2026-02-17 18:28:30; Préstamo: 657 Cliente: henry alexander mercedes cabrera  monto $120000.00 duración: 10 meses interes: 6000.00
Eliminado; 2026-02-17 18:28:30; Préstamo: 657 
Eliminado; 2026-02-17 18:28:30; amortización: 657 
Actualizado; 2026-02-17 18:32:29; Préstamo cliente: yuderky ramona gama olivo monto prestado $316000.00 duración: 10 meses interes: 16250
Eliminado; 2026-02-17 18:33:56; Préstamo: 686 Cliente: sebastiana tirado melo monto $220000.00 duración: 10 meses interes: 11000.00
Eliminado; 2026-02-17 18:33:56; Préstamo: 686 
Eliminado; 2026-02-17 18:33:56; amortización: 686 
Agregado; 2026-02-17 18:46:02; Préstamo: 596 Adicional al capital, cliente:  $8000
Agregado; 2026-02-17 18:47:32; Préstamo: 483 Adicional al capital, cliente:  $5800
Agregado; 2026-02-17 20:15:59; Nuevo préstamo cliente: raul caraballo liranzo monto prestado $250000 duración: 10 meses interes: 10000
Eliminado; 2026-02-17 20:21:58; Préstamo: 720 Cliente: raul caraballo liranzo monto $215000.00 duración: 10 meses interes: 8600.00
Eliminado; 2026-02-17 20:21:58; Préstamo: 720 
Eliminado; 2026-02-17 20:21:58; amortización: 720 
Eliminado; 2026-02-17 20:27:22; Préstamo: 705 Adicional del cliente: ramon dario garcia ventura  monto ADICIONAL $1000
Eliminado; 2026-02-17 20:27:22; adicional del présamo: 705 
Actualizado; 2026-02-17 20:27:22; Préstamo: 705 
Eliminado; 2026-02-17 20:27:22; Préstamo:  Adicional del cliente:  monto  $
Eliminado; 2026-02-17 20:27:22; adicional del présamo:  
Actualizado; 2026-02-17 20:27:22; Préstamo:  
