Agregado; 2025-01-27 14:10:43; Préstamo: 454 Adicional al capital, cliente:  $2000
Agregado; 2025-01-27 20:57:38; Préstamo: 505 Pago de cliente: rhoneer guzman ozoria Balance anterior $348500.00 Monto pagado $17425.00 INTERES $348500.00 BALANCE ACTUAL
Agregado; 2025-01-27 20:58:15; Préstamo: 252 Pago de cliente: lorenza maria jose avelino Balance anterior $185850.00 Monto pagado $10000.00 INTERES $185850.00 BALANCE ACTUAL
Agregado; 2025-01-27 20:59:12; Préstamo: 341 Pago de cliente: alba caroligia hernandez rodriguez Balance anterior $392500.00 Monto pagado $15700.00 INTERES $392500.00 BALANCE ACTUAL
Agregado; 2025-01-27 20:59:56; Préstamo: 461 Pago de cliente: winny esther mercado palomino Balance anterior $170000.00 Monto pagado $8500.00 INTERES $170000.00 BALANCE ACTUAL
Agregado; 2025-01-27 21:00:45; Préstamo: 506 Pago de cliente: roberto hernandez sanchez Balance anterior $293500.00 Monto pagado $14675.00 INTERES $293500.00 BALANCE ACTUAL
Agregado; 2025-01-27 21:02:09; Préstamo: 345 Pago de cliente: nicaurys fermin fermin Balance anterior $281800.00 Monto pagado $9000 PAGO IRREGULAR $281800.00 BALANCE ACTUAL
Agregado; 2025-01-27 21:03:03; Préstamo: 477 Pago de cliente: jose miguel ozoria acosta Balance anterior $275000.00 Monto pagado $13750.00 INTERES $275000.00 BALANCE ACTUAL
Agregado; 2025-01-27 21:03:44; Préstamo: 499 Pago de cliente: antonio ventura hilario Balance anterior $44000.00 Monto pagado $2200.00 INTERES $44000.00 BALANCE ACTUAL
Agregado; 2025-01-27 21:04:45; Préstamo: 481 Pago de cliente: marilyn antonia jimenez de santana Balance anterior $192000.00 Monto pagado $9600.00 INTERES $192000.00 BALANCE ACTUAL
Agregado; 2025-01-27 21:05:27; Préstamo: 484 Pago de cliente: rafael regalado del orbe Balance anterior $150000.00 Monto pagado $7500.00 INTERES $150000.00 BALANCE ACTUAL
Agregado; 2025-01-27 21:06:03; Préstamo: 511 Pago de cliente: sebastiana tirado melo Balance anterior $50000.00 Monto pagado $2500.00 INTERES $50000.00 BALANCE ACTUAL
Agregado; 2025-01-27 21:08:16; Préstamo: 496 Pago de cliente: lowels jhonson mejia Balance anterior $80000.00 Monto pagado $4000.00 INTERES $80000.00 BALANCE ACTUAL
Actualizado; 2025-01-27 21:09:28; Préstamo cliente: maribel maria gil monto prestado $200000.00 duración: 10 meses interes: 10000
Agregado; 2025-01-27 21:09:42; Préstamo: 512 Pago de cliente: maribel maria gil Balance anterior $100000.00 Monto pagado $10000.00 INTERES $100000.00 BALANCE ACTUAL
Agregado; 2025-01-27 21:10:38; Préstamo: 509 Pago de cliente: dannessa deyanara rodriguez Balance anterior $276000.00 Monto pagado $13800.00 INTERES $276000.00 BALANCE ACTUAL
Eliminado; 2025-01-27 21:10:57; Préstamo: 411 Cliente: dannessa deyanara rodriguez  monto $337000.00 duración: 10 meses interes: 16850.00
Eliminado; 2025-01-27 21:10:57; Préstamo: 411 
Eliminado; 2025-01-27 21:10:57; amortización: 411 
Agregado; 2025-01-27 21:11:28; Préstamo: 483 Pago de cliente: gloria tatiana fermin de la rosa Balance anterior $200000.00 Monto pagado $10000.00 INTERES $200000.00 BALANCE ACTUAL
Agregado; 2025-01-27 21:14:34; Préstamo: 469 Pago de cliente: santo benigno rosario Balance anterior $212000.00 Monto pagado $8480.00 INTERES $212000.00 BALANCE ACTUAL
Agregado; 2025-01-27 21:15:37; Préstamo: 439 Pago de cliente: erika gonzalez ramirez Balance anterior $200000.00 Monto pagado $8000.00 INTERES $200000.00 BALANCE ACTUAL
Agregado; 2025-01-27 21:16:19; Préstamo: 504 Pago de cliente: ruddy morales fernandez Balance anterior $141000.00 Monto pagado $7050.00 INTERES $141000.00 BALANCE ACTUAL
Agregado; 2025-01-27 21:17:19; Préstamo: 478 Pago de cliente: jorge luis cepeda martinez Balance anterior $350000.00 Monto pagado $9300.00 PAGO IRREGULAR $350000.00 BALANCE ACTUAL
Agregado; 2025-01-27 21:18:21; Préstamo: 112 Pago de cliente: ysidora altagracia minaya duran Balance anterior $387000.00 Monto pagado $8000.00 PAGO IRREGULAR $387000.00 BALANCE ACTUAL
Agregado; 2025-01-27 21:20:57; Préstamo: 447 Pago de cliente: brahian canot Balance anterior $170000.00 Monto pagado $8500.00 INTERES $170000.00 BALANCE ACTUAL
Agregado; 2025-01-27 21:21:56; Préstamo: 178 Pago de cliente: gricelida tavarez drullard Balance anterior $203000.00 Monto pagado $10150.00 INTERES $203000.00 BALANCE ACTUAL
Agregado; 2025-01-27 21:22:38; Préstamo: 201 Pago de cliente: martir carolina hernandez valdez Balance anterior $140000.00 Monto pagado $7000.00 INTERES $140000.00 BALANCE ACTUAL
Agregado; 2025-01-27 21:24:01; Préstamo: 137 Pago de cliente: ramon quiro melo Balance anterior $100000.00 Monto pagado $5000.00 INTERES $100000.00 BALANCE ACTUAL
Agregado; 2025-01-27 21:26:45; Préstamo: 332 Pago de cliente: ambiorix almanzar castro Balance anterior $205000.00 Monto pagado $10250.00 INTERES $205000.00 BALANCE ACTUAL
Agregado; 2025-01-27 21:27:56; Préstamo: 473 Pago de cliente: alexander reyes Balance anterior $50000.00 Monto pagado $2500.00 INTERES $50000.00 BALANCE ACTUAL
Agregado; 2025-01-27 21:28:52; Préstamo: 373 Pago de cliente: ramon garcia Balance anterior $118000.00 Monto pagado $5900.00 INTERES $118000.00 BALANCE ACTUAL
Agregado; 2025-01-27 21:30:15; Préstamo: 346 Pago de cliente: alba gervancia de la cruz acosta Balance anterior $86000.00 Monto pagado $4300.00 INTERES $86000.00 BALANCE ACTUAL
Agregado; 2025-01-27 21:31:27; Préstamo: 489 Pago de cliente: rosa lidia paredes miguel Balance anterior $50000.00 Monto pagado $2500.00 INTERES $50000.00 BALANCE ACTUAL
Agregado; 2025-01-27 21:34:03; Préstamo: 454 Pago de cliente: yuderky ramona gama olivo Balance anterior $204100.00 Monto pagado $10205.00 INTERES $204100.00 BALANCE ACTUAL
Agregado; 2025-01-27 21:34:36; Préstamo: 215 Pago de cliente: lisette zaiz ventura Balance anterior $237200.00 Monto pagado $5000.00 PAGO IRREGULAR $237200.00 BALANCE ACTUAL
Agregado; 2025-01-27 21:36:45; Préstamo: 111 Pago de cliente: edward alexander polanco alvarado Balance anterior $200500.00 Monto pagado $6000 PAGO IRREGULAR $200500.00 BALANCE ACTUAL
Agregado; 2025-01-27 21:39:18; Préstamo: 361 Pago de cliente: orlando nuñez sanchez Balance anterior $135000.00 Monto pagado $6750.00 INTERES $135000.00 BALANCE ACTUAL
Agregado; 2025-01-27 21:40:30; Préstamo: 191 Pago de cliente: esperanza yanilca amparo castillo Balance anterior $132000.00 Monto pagado $6600.00 INTERES $132000.00 BALANCE ACTUAL
Agregado; 2025-01-27 21:40:57; Préstamo: 413 Pago de cliente: yovanni acosta  garcia de frias Balance anterior $81200.00 Monto pagado $4060.00 INTERES $81200.00 BALANCE ACTUAL
Agregado; 2025-01-27 21:42:04; Préstamo: 460 Pago de cliente: yesenia de los santos marte Balance anterior $191000.00 Monto pagado $9550.00 INTERES $191000.00 BALANCE ACTUAL
Agregado; 2025-01-27 21:42:36; Préstamo: 163 Pago de cliente: yulizan encarnacion crooke Balance anterior $40000.00 Monto pagado $2000.00 INTERES $40000.00 BALANCE ACTUAL
Agregado; 2025-01-27 21:42:56; Préstamo: 174 Pago de cliente: jesus de la cruz amparo Balance anterior $20000.00 Monto pagado $1000.00 INTERES $20000.00 BALANCE ACTUAL
Agregado; 2025-01-27 21:44:45; Préstamo: 338 Pago de cliente: timmy daniel martinez vilorio Balance anterior $163500.00 Monto pagado $4800 PAGO IRREGULAR $163500.00 BALANCE ACTUAL
Agregado; 2025-01-27 21:48:06; Préstamo: 369 Pago de cliente: marino candelario compres Balance anterior $157000.00 Monto pagado $7850.00 INTERES $157000.00 BALANCE ACTUAL
Agregado; 2025-01-27 21:49:14; Préstamo: 427 Pago de cliente: celso garcia castillo Balance anterior $60000.00 Monto pagado $3000.00 INTERES $60000.00 BALANCE ACTUAL
Agregado; 2025-01-27 21:50:06; Préstamo: 412 Pago de cliente: roberto flores acosta Balance anterior $50000.00 Monto pagado $2500.00 INTERES $50000.00 BALANCE ACTUAL
Agregado; 2025-01-27 21:50:25; Préstamo: 135 Pago de cliente: mily cuevas sosa Balance anterior $184000.00 Monto pagado $8000.00 PAGO IRREGULAR $184000.00 BALANCE ACTUAL
Agregado; 2025-01-27 21:51:38; Préstamo: 464 Pago de cliente: Marcelino Maldonado Fernández Balance anterior $125000.00 Monto pagado $6250.00 INTERES $125000.00 BALANCE ACTUAL
Agregado; 2025-01-27 21:51:59; Préstamo: 318 Pago de cliente: masiell alejandra lopez gil Balance anterior $96000.00 Monto pagado $4800.00 INTERES $96000.00 BALANCE ACTUAL
Agregado; 2025-01-27 21:52:54; Préstamo: 425 Pago de cliente: jack michael morillo Balance anterior $191500.00 Monto pagado $2800.00 PAGO IRREGULAR $191500.00 BALANCE ACTUAL
Agregado; 2025-01-27 21:54:23; Préstamo: 433 Pago de cliente: edilcia encarnacion encarnacion Balance anterior $135000.00 Monto pagado $6750.00 INTERES $135000.00 BALANCE ACTUAL
Agregado; 2025-01-27 21:54:46; Préstamo: 371 Pago de cliente: nestor pablo perreaux hernandez Balance anterior $254000.00 Monto pagado $4000.00 PAGO IRREGULAR $254000.00 BALANCE ACTUAL
Actualizado; 2025-01-27 21:55:20; Préstamo cliente: raul caraballo liranzo monto prestado $195000.00 duración: 10 meses interes: 9750
Agregado; 2025-01-27 21:55:44; Préstamo: 488 Pago de cliente: raul caraballo liranzo Balance anterior $195000.00 Monto pagado $9750.00 INTERES $195000.00 BALANCE ACTUAL
Agregado; 2025-01-27 21:56:20; Préstamo: 415 Pago de cliente: dorothy cleopatra adolfina vanderhorst almeyda Balance anterior $335000.00 Monto pagado $14700 PAGO IRREGULAR $335000.00 BALANCE ACTUAL
Agregado; 2025-01-27 21:57:12; Préstamo: 329 Pago de cliente: angel lorenzo breton castillo Balance anterior $80000.00 Monto pagado $4000.00 INTERES $80000.00 BALANCE ACTUAL
Agregado; 2025-01-27 21:57:45; Préstamo: 440 Pago de cliente: nolberto joel lopez de jesus Balance anterior $138000.00 Monto pagado $6900.00 INTERES $138000.00 BALANCE ACTUAL
Agregado; 2025-01-27 21:58:41; Préstamo: 426 Pago de cliente: delva altagracia vanderhorst almeyda Balance anterior $115000.00 Monto pagado $4000.00 PAGO IRREGULAR $115000.00 BALANCE ACTUAL
Agregado; 2025-01-27 22:00:02; Préstamo: 503 Pago de cliente: yoseli pamela calcaño lopez Balance anterior $40000.00 Monto pagado $2000.00 INTERES $40000.00 BALANCE ACTUAL
Agregado; 2025-01-27 22:00:33; Préstamo: 479 Pago de cliente: josefina rojas mercedes de garcia Balance anterior $60000.00 Monto pagado $3000.00 INTERES $60000.00 BALANCE ACTUAL
Agregado; 2025-01-27 22:01:07; Préstamo: 324 Pago de cliente: luisa yanelsi then molina Balance anterior $164500.00 Monto pagado $2800 PAGO IRREGULAR $164500.00 BALANCE ACTUAL
Agregado; 2025-01-27 22:01:37; Préstamo: 312 Pago de cliente: vianely trinidad paulino Balance anterior $15000.00 Monto pagado $750.00 INTERES $15000.00 BALANCE ACTUAL
Agregado; 2025-01-27 22:22:50; Préstamo: 508 Pago de cliente: juana  yesenia facenda hernandez Balance anterior $300000.00 Monto pagado $12000.00 INTERES $300000.00 BALANCE ACTUAL
Agregado; 2025-01-27 22:23:46; Préstamo: 383 Pago de cliente: juan alfonso concepcion vazquez Balance anterior $251500.00 Monto pagado $12575.00 INTERES $251500.00 BALANCE ACTUAL
