Agregado; 2024-10-23 12:57:46; Préstamo: 448 Pago de cliente: jose hernandez Balance anterior $85000.00 Monto pagado $2300.00 PAGO IRREGULAR $85000.00 BALANCE ACTUAL
Agregado; 2024-10-23 13:03:59; Préstamo: 341 Pago de cliente: alba caroligia hernandez rodriguez Balance anterior $392500.00 Monto pagado $15700.00 INTERES $392500.00 BALANCE ACTUAL
Agregado; 2024-10-23 13:07:01; Préstamo: 112 Pago de cliente: ysidora altagracia minaya duran Balance anterior $387000.00 Monto pagado $7800.00 PAGO IRREGULAR $387000.00 BALANCE ACTUAL
Agregado; 2024-10-23 13:09:01; Préstamo: 215 Pago de cliente: lisette zaiz ventura Balance anterior $237200.00 Monto pagado $5000.00 PAGO IRREGULAR $237200.00 BALANCE ACTUAL
Agregado; 2024-10-23 13:09:37; Préstamo: 191 Pago de cliente: esperanza yanilca amparo castillo Balance anterior $132000.00 Monto pagado $6600.00 INTERES $132000.00 BALANCE ACTUAL
Agregado; 2024-10-23 13:10:20; Préstamo: 371 Pago de cliente: nestor pablo perreaux hernandez Balance anterior $217000.00 Monto pagado $3300.00 PAGO IRREGULAR $217000.00 BALANCE ACTUAL
Agregado; 2024-10-23 13:11:29; Préstamo: 459 Pago de cliente: rhoneer guzman ozoria Balance anterior $318500.00 Monto pagado $15925.00 INTERES $318500.00 BALANCE ACTUAL
Agregado; 2024-10-23 13:12:39; Préstamo: 135 Pago de cliente: mily cuevas sosa Balance anterior $184000.00 Monto pagado $8700.00 PAGO IRREGULAR $184000.00 BALANCE ACTUAL
Agregado; 2024-10-23 13:14:17; Préstamo: 441 Pago de cliente: yoseli pamela calcaño lopez Balance anterior $300000.00 Monto pagado $15000.00 INTERES $300000.00 BALANCE ACTUAL
Agregado; 2024-10-23 13:16:22; Préstamo: 163 Pago de cliente: yulizan encarnacion crooke Balance anterior $80000.00 Monto pagado $4000.00 INTERES $80000.00 BALANCE ACTUAL
Agregado; 2024-10-23 13:16:42; Préstamo: 174 Pago de cliente: jesus de la cruz amparo Balance anterior $20000.00 Monto pagado $1000.00 INTERES $20000.00 BALANCE ACTUAL
Agregado; 2024-10-23 13:17:06; Préstamo: 460 Pago de cliente: yesenia de los santos marte Balance anterior $191000.00 Monto pagado $9550.00 INTERES $191000.00 BALANCE ACTUAL
Agregado; 2024-10-23 13:17:56; Préstamo: 318 Pago de cliente: masiell alejandra lopez gil Balance anterior $96000.00 Monto pagado $4800.00 INTERES $96000.00 BALANCE ACTUAL
Agregado; 2024-10-23 13:20:21; Préstamo: 202 Pago de cliente: marilyn antonia jimenez de santana Balance anterior $160000.00 Monto pagado $8000.00 INTERES $160000.00 BALANCE ACTUAL
Agregado; 2024-10-23 13:22:39; Préstamo: 412 Pago de cliente: roberto flores acosta Balance anterior $50000.00 Monto pagado $2500.00 INTERES $50000.00 BALANCE ACTUAL
Agregado; 2024-10-23 13:23:40; Préstamo: 409 Pago de cliente: roberto hernandez sanchez Balance anterior $192000.00 Monto pagado $9600.00 INTERES $192000.00 BALANCE ACTUAL
Agregado; 2024-10-23 13:26:06; Préstamo: 462 Pago de cliente: juana  yesenia facenda hernandez Balance anterior $325000.00 Monto pagado $12700.00 PAGO IRREGULAR $325000.00 BALANCE ACTUAL
Agregado; 2024-10-23 13:28:54; Préstamo: 87 Pago de cliente: rafael regalado del orbe Balance anterior $115000.00 Monto pagado $5750.00 INTERES $115000.00 BALANCE ACTUAL
Agregado; 2024-10-23 13:29:41; Préstamo: 332 Pago de cliente: ambiorix almanzar castro Balance anterior $175000.00 Monto pagado $8750.00 INTERES $175000.00 BALANCE ACTUAL
Agregado; 2024-10-23 13:30:31; Préstamo: 346 Pago de cliente: alba gervancia de la cruz acosta Balance anterior $80000.00 Monto pagado $4000.00 INTERES $80000.00 BALANCE ACTUAL
Agregado; 2024-10-23 13:31:01; Préstamo: 407 Pago de cliente: alciviades paredes javier Balance anterior $200000.00 Monto pagado $10000.00 INTERES $200000.00 BALANCE ACTUAL
Agregado; 2024-10-23 13:35:30; Préstamo: 383 Pago de cliente: juan alfonso concepcion vazquez Balance anterior $234500.00 Monto pagado $11725.00 INTERES $234500.00 BALANCE ACTUAL
Agregado; 2024-10-23 13:37:14; Préstamo: 461 Pago de cliente: winny esther mercado palomino Balance anterior $170000.00 Monto pagado $8500.00 INTERES $170000.00 BALANCE ACTUAL
Agregado; 2024-10-23 13:38:01; Préstamo: 440 Pago de cliente: nolberto joel lopez de jesus Balance anterior $131000.00 Monto pagado $6550.00 INTERES $131000.00 BALANCE ACTUAL
Agregado; 2024-10-23 13:38:47; Préstamo: 426 Pago de cliente: delva altagracia vanderhorst almeyda Balance anterior $115000.00 Monto pagado $4600.00 INTERES $115000.00 BALANCE ACTUAL
Agregado; 2024-10-23 13:39:56; Préstamo: 465 Pago de cliente: sebastiana tirado melo Balance anterior $50000.00 Monto pagado $2500.00 INTERES $50000.00 BALANCE ACTUAL
Agregado; 2024-10-23 13:40:36; Préstamo: 432 Pago de cliente: raul caraballo liranzo Balance anterior $146000.00 Monto pagado $8050.00 INTERES $146000.00 BALANCE ACTUAL
Agregado; 2024-10-23 13:42:07; Préstamo: 454 Pago de cliente: yuderky ramona gama olivo Balance anterior $176000.00 Monto pagado $8800.00 INTERES $176000.00 BALANCE ACTUAL
Agregado; 2024-10-23 13:43:17; Préstamo: 324 Pago de cliente: luisa yanelsi then molina Balance anterior $160000.00 Monto pagado $5000.00 PAGO IRREGULAR $160000.00 BALANCE ACTUAL
Agregado; 2024-10-23 14:06:30; Préstamo: 329 Pago de cliente: angel lorenzo breton castillo Balance anterior $80000.00 Monto pagado $4000.00 INTERES $80000.00 BALANCE ACTUAL
Agregado; 2024-10-23 14:07:04; Préstamo: 411 Pago de cliente: dannessa deyanara rodriguez Balance anterior $327000.00 Monto pagado $16000.00 PAGO IRREGULAR $327000.00 BALANCE ACTUAL
Agregado; 2024-10-23 14:07:24; Préstamo: 373 Pago de cliente: ramon garcia Balance anterior $100000.00 Monto pagado $5000.00 INTERES $100000.00 BALANCE ACTUAL
Agregado; 2024-10-23 14:31:40; Préstamo: 451 Pago de cliente: justo rafael dipuglia rosario Balance anterior $100000.00 Monto pagado $5000.00 INTERES $100000.00 BALANCE ACTUAL
Agregado; 2024-10-23 14:32:04; Préstamo: 451 Pago de cliente: justo rafael dipuglia rosario Balance anterior $100000.00 Monto pagado $5000.00 INTERES $100000.00 BALANCE ACTUAL
Agregado; 2024-10-23 14:34:32; Préstamo: 345 Pago de cliente: nicaurys fermin fermin Balance anterior $260000.00 Monto pagado $8900.00 PAGO IRREGULAR $260000.00 BALANCE ACTUAL
Agregado; 2024-10-23 14:34:55; Préstamo: 464 Pago de cliente: Marcelino Maldonado Fernández Balance anterior $75000.00 Monto pagado $3750.00 INTERES $75000.00 BALANCE ACTUAL
Agregado; 2024-10-23 14:37:53; Préstamo: 111 Pago de cliente: edward alexander polanco alvarado Balance anterior $188500.00 Monto pagado $6500.00 PAGO IRREGULAR $188500.00 BALANCE ACTUAL
Agregado; 2024-10-23 14:38:37; Préstamo: 428 Pago de cliente: josefina rojas mercedes de garcia Balance anterior $40000.00 Monto pagado $2000.00 INTERES $40000.00 BALANCE ACTUAL
Agregado; 2024-10-23 14:42:56; Préstamo: 178 Pago de cliente: gricelida tavarez drullard Balance anterior $196000.00 Monto pagado $9200.00 PAGO IRREGULAR $196000.00 BALANCE ACTUAL
Agregado; 2024-10-23 14:43:13; Préstamo: 452 Pago de cliente: felix alberto campo Balance anterior $75000.00 Monto pagado $3750.00 INTERES $75000.00 BALANCE ACTUAL
Agregado; 2024-10-23 14:43:54; Préstamo: 443 Pago de cliente: basilia rodriguez altagracia Balance anterior $350000.00 Monto pagado $17500.00 INTERES $350000.00 BALANCE ACTUAL
Agregado; 2024-10-23 14:45:07; Préstamo: 201 Pago de cliente: martir carolina hernandez valdez Balance anterior $140000.00 Monto pagado $7000.00 INTERES $140000.00 BALANCE ACTUAL
Agregado; 2024-10-23 14:48:18; Préstamo: 369 Pago de cliente: marino candelario compres Balance anterior $142000.00 Monto pagado $7100.00 INTERES $142000.00 BALANCE ACTUAL
Agregado; 2024-10-23 14:48:47; Préstamo: 439 Pago de cliente: erika gonzalez ramirez Balance anterior $200000.00 Monto pagado $8000.00 INTERES $200000.00 BALANCE ACTUAL
Agregado; 2024-10-23 14:49:28; Préstamo: 425 Pago de cliente: jack michael morillo Balance anterior $178500.00 Monto pagado $7000.00 PAGO IRREGULAR $178500.00 BALANCE ACTUAL
Agregado; 2024-10-23 14:50:57; Préstamo: 427 Pago de cliente: celso garcia castillo Balance anterior $60000.00 Monto pagado $3000.00 INTERES $60000.00 BALANCE ACTUAL
Agregado; 2024-10-23 14:51:39; Préstamo: 205 Pago de cliente: gloria tatiana fermin de la rosa Balance anterior $110000.00 Monto pagado $5600.00 PAGO IRREGULAR $110000.00 BALANCE ACTUAL
Agregado; 2024-10-23 14:53:26; Préstamo: 430 Pago de cliente: santo benigno rosario Balance anterior $200000.00 Monto pagado $10000.00 INTERES $200000.00 BALANCE ACTUAL
Agregado; 2024-10-23 14:54:24; Préstamo: 137 Pago de cliente: ramon quiro melo Balance anterior $90000.00 Monto pagado $4500.00 INTERES $90000.00 BALANCE ACTUAL
Agregado; 2024-10-23 14:56:43; Préstamo: 252 Pago de cliente: lorenza maria jose avelino Balance anterior $185850.00 Monto pagado $10000.00 INTERES $185850.00 BALANCE ACTUAL
Agregado; 2024-10-23 14:58:32; Préstamo: 429 Pago de cliente: maribel maria gil Balance anterior $165000.00 Monto pagado $8250.00 INTERES $165000.00 BALANCE ACTUAL
Agregado; 2024-10-23 15:00:20; Préstamo: 338 Pago de cliente: timmy daniel martinez vilorio Balance anterior $155000.00 Monto pagado $3000.00 PAGO IRREGULAR $155000.00 BALANCE ACTUAL
Agregado; 2024-10-23 15:01:27; Préstamo: 433 Pago de cliente: edilcia encarnacion encarnacion Balance anterior $120000.00 Monto pagado $5500.00 PAGO IRREGULAR $120000.00 BALANCE ACTUAL
Agregado; 2024-10-23 15:04:50; Préstamo: 361 Pago de cliente: orlando nuñez sanchez Balance anterior $135000.00 Monto pagado $6750.00 INTERES $135000.00 BALANCE ACTUAL
Agregado; 2024-10-23 15:08:33; Préstamo: 362 Pago de cliente: jorge luis cepeda martinez Balance anterior $267000.00 Monto pagado $12500.00 PAGO IRREGULAR $267000.00 BALANCE ACTUAL
Agregado; 2024-10-23 15:09:06; Préstamo: 362 Pago de cliente: jorge luis cepeda martinez Balance anterior $267000.00 Monto pagado $12500.00 PAGO IRREGULAR $267000.00 BALANCE ACTUAL
Agregado; 2024-10-23 15:09:07; Préstamo: 362 Pago de cliente: jorge luis cepeda martinez Balance anterior $267000.00 Monto pagado $12500.00 PAGO IRREGULAR $267000.00 BALANCE ACTUAL
Agregado; 2024-10-23 15:13:09; Préstamo: 413 Pago de cliente: yovanni acosta  garcia de frias Balance anterior $80000.00 Monto pagado $4000.00 INTERES $80000.00 BALANCE ACTUAL
Agregado; 2024-10-23 15:13:27; Préstamo: 415 Pago de cliente: dorothy cleopatra adolfina vanderhorst almeyda Balance anterior $305000.00 Monto pagado $15250.00 INTERES $305000.00 BALANCE ACTUAL
Agregado; 2024-10-23 15:14:51; Préstamo: 312 Pago de cliente: vianely trinidad paulino Balance anterior $15000.00 Monto pagado $750.00 INTERES $15000.00 BALANCE ACTUAL
Eliminado; 2024-10-23 15:17:52; Préstamo: 422 Cliente: ruddy morales fernandez monto $115000.00 duración: 10 meses interes: 7650.00
Eliminado; 2024-10-23 15:17:52; Préstamo: 422 
Eliminado; 2024-10-23 15:17:52; amortización: 422 
Agregado; 2024-10-23 15:19:10; Nuevo préstamo cliente: ruddy morales fernandez monto prestado $118000 duración: 10 meses interes: 5900
Agregado; 2024-10-23 15:19:20; Préstamo: 467 Pago de cliente: ruddy morales fernandez Balance anterior $118000.00 Monto pagado $5900.00 INTERES $118000.00 BALANCE ACTUAL
Actualizado; 2024-10-23 15:20:46; Préstamo cliente: rosa lidia paredes miguel monto prestado $150000.00 duración: 10 meses interes: 7500
Eliminado; 2024-10-23 15:21:17; Préstamo: 351 Cliente: rosa lidia paredes miguel monto $110000.00 duración: 10 meses interes: 7500.00
Eliminado; 2024-10-23 15:21:17; Préstamo: 351 
Eliminado; 2024-10-23 15:21:17; amortización: 351 
Agregado; 2024-10-23 15:22:11; Nuevo préstamo cliente: ana rosa paredes liriano monto prestado $110000 duración: 10 meses interes: 5500
Agregado; 2024-10-23 15:22:27; Préstamo: 468 Pago de cliente: ana rosa paredes liriano Balance anterior $110000.00 Monto pagado $5500.00 INTERES $110000.00 BALANCE ACTUAL
