Agregado; 2025-05-26 14:09:12; Préstamo: 463 Pago de cliente: amarilis lora alonzo de capellan Balance anterior $100000.00 Monto pagado $5000.00 INTERES $100000.00 BALANCE ACTUAL
Agregado; 2025-05-26 14:09:28; Préstamo: 437 Pago de cliente: eugenio ernesto marchena fermin Balance anterior $185000.00 Monto pagado $9250.00 INTERES $185000.00 BALANCE ACTUAL
Agregado; 2025-05-26 14:09:50; Préstamo: 524 Pago de cliente: natividad maldonado de los santos Balance anterior $260700.00 Monto pagado $11200 PAGO IRREGULAR $260700.00 BALANCE ACTUAL
Agregado; 2025-05-26 14:10:12; Préstamo: 565 Pago de cliente: modesto gonzalez lopez Balance anterior $82000.00 Monto pagado $4100.00 INTERES $82000.00 BALANCE ACTUAL
Agregado; 2025-05-26 14:11:08; Préstamo: 497 Pago de cliente: dionisio castillo lora Balance anterior $391000.00 Monto pagado $15000.00 PAGO IRREGULAR $391000.00 BALANCE ACTUAL
Agregado; 2025-05-26 14:11:22; Préstamo: 127 Pago de cliente: ligia maria dolores alvarado de pereyra Balance anterior $205000.00 Monto pagado $6500.00 INTERES $205000.00 BALANCE ACTUAL
Eliminado; 2025-05-26 14:13:02; Préstamo: 532 Cliente: hugo rodriguez  monto $205500.00 duración: 10 meses interes: 10275.00
Eliminado; 2025-05-26 14:13:02; Préstamo: 532 
Eliminado; 2025-05-26 14:13:02; amortización: 532 
Agregado; 2025-05-26 14:13:59; Préstamo: 388 Pago de cliente: dulce maria olivo cheriz Balance anterior $160000.00 Monto pagado $8000.00 INTERES $160000.00 BALANCE ACTUAL
Agregado; 2025-05-26 14:14:14; Préstamo: 501 Pago de cliente: ana maria gonzalez peña Balance anterior $75000.00 Monto pagado $3750.00 INTERES $75000.00 BALANCE ACTUAL
Agregado; 2025-05-26 14:14:27; Préstamo: 527 Pago de cliente: colombino mata juma Balance anterior $127000.00 Monto pagado $6350.00 INTERES $127000.00 BALANCE ACTUAL
Agregado; 2025-05-26 14:14:59; Préstamo: 535 Pago de cliente: jose francisco lopez fermin Balance anterior $150000.00 Monto pagado $7200.00 PAGO IRREGULAR $150000.00 BALANCE ACTUAL
Agregado; 2025-05-26 14:15:17; Préstamo: 424 Pago de cliente: luisa kery Balance anterior $120000.00 Monto pagado $4200.00 PAGO IRREGULAR $120000.00 BALANCE ACTUAL
Agregado; 2025-05-26 14:15:33; Préstamo: 444 Pago de cliente: miguel hilario pichardo Balance anterior $120000.00 Monto pagado $6000.00 INTERES $120000.00 BALANCE ACTUAL
Agregado; 2025-05-26 14:15:54; Préstamo: 378 Pago de cliente: marcia martinez y adames de ferrera Balance anterior $212000.00 Monto pagado $8200.00 PAGO IRREGULAR $212000.00 BALANCE ACTUAL
Agregado; 2025-05-26 14:16:19; Préstamo: 519 Pago de cliente: modesta crecencia paredes pierrot Balance anterior $167000.00 Monto pagado $6680.00 INTERES $167000.00 BALANCE ACTUAL
Agregado; 2025-05-26 14:18:26; Préstamo: 553 Pago de cliente: angela frias genao Balance anterior $50000.00 Monto pagado $2500.00 INTERES $50000.00 BALANCE ACTUAL
Agregado; 2025-05-26 14:18:48; Préstamo: 538 Pago de cliente: julia garcia castillo de castillo Balance anterior $106000.00 Monto pagado $5300.00 INTERES $106000.00 BALANCE ACTUAL
Agregado; 2025-05-26 14:19:06; Préstamo: 541 Pago de cliente: ana cristina maloon echavarria Balance anterior $173000.00 Monto pagado $8650.00 INTERES $173000.00 BALANCE ACTUAL
Agregado; 2025-05-26 14:19:23; Préstamo: 570 Pago de cliente: epifanio cortorreal balbuena Balance anterior $220000.00 Monto pagado $11000.00 INTERES $220000.00 BALANCE ACTUAL
Eliminado; 2025-05-26 14:19:35; Préstamo: 563 Cliente: epifanio cortorreal balbuena monto $220000.00 duración: 10 meses interes: 11000.00
Eliminado; 2025-05-26 14:19:35; Préstamo: 563 
Eliminado; 2025-05-26 14:19:35; amortización: 563 
Agregado; 2025-05-26 14:19:47; Préstamo: 486 Pago de cliente: belgica acosta de fernandez Balance anterior $100000.00 Monto pagado $5000.00 INTERES $100000.00 BALANCE ACTUAL
Agregado; 2025-05-26 14:20:19; Préstamo: 556 Pago de cliente: pedro pablo valdez sanchez Balance anterior $316000.00 Monto pagado $7100.00 PAGO IRREGULAR $316000.00 BALANCE ACTUAL
Agregado; 2025-05-26 14:20:37; Préstamo: 549 Pago de cliente: aracelis jimenez peña de hernandez Balance anterior $156000.00 Monto pagado $7800.00 INTERES $156000.00 BALANCE ACTUAL
Agregado; 2025-05-26 14:20:52; Préstamo: 408 Pago de cliente: leoncia de jesus adames Balance anterior $180000.00 Monto pagado $9000.00 INTERES $180000.00 BALANCE ACTUAL
Agregado; 2025-05-26 14:21:15; Préstamo: 525 Pago de cliente: rafael guzman ragalado Balance anterior $163000.00 Monto pagado $5800.00 PAGO IRREGULAR $163000.00 BALANCE ACTUAL
Agregado; 2025-05-26 14:21:37; Préstamo: 516 Pago de cliente: nidia elsa ramona oller javier Balance anterior $180000.00 Monto pagado $8600.00 PAGO IRREGULAR $180000.00 BALANCE ACTUAL
Agregado; 2025-05-26 14:22:00; Préstamo: 558 Pago de cliente: claribel altagracia mendoza hernandez Balance anterior $123100.00 Monto pagado $6155.00 INTERES $123100.00 BALANCE ACTUAL
Agregado; 2025-05-26 18:36:59; Préstamo: 201 Adicional al capital, cliente:  $5000
Agregado; 2025-05-26 19:21:19; Nuevo préstamo cliente: adonis taveras garcia  monto prestado $85000 duración: 10 meses interes: 4250
Agregado; 2025-05-26 19:22:19; Nuevo préstamo cliente: josefina rojas mercedes de garcia monto prestado $85000 duración: 10 meses interes: 4250
Eliminado; 2025-05-26 19:22:28; Préstamo: 580 Cliente: adonis taveras garcia  monto $85000.00 duración: 10 meses interes: 4250.00
Eliminado; 2025-05-26 19:22:28; Préstamo: 580 
Eliminado; 2025-05-26 19:22:28; amortización: 580 
