Agregado; 2023-09-23 09:14:17; PAGO IRREGULAR
Agregado; 2023-09-23 09:15:23; PAGO IRREGULAR
Agregado; 2023-09-23 09:15:41; PAGO IRREGULAR
Agregado; 2023-09-23 09:16:36; PAGO IRREGULAR
Agregado; 2023-09-23 09:17:12; PAGO IRREGULAR
Agregado; 2023-09-23 09:17:56; PAGO IRREGULAR
Agregado; 2023-09-23 09:19:44; PAGO IRREGULAR
Agregado; 2023-09-23 09:24:03; PAGO IRREGULAR
Agregado; 2023-09-23 09:24:40; PAGO IRREGULAR
Agregado; 2023-09-23 09:25:16; PAGO IRREGULAR
Agregado; 2023-09-23 09:25:25; PAGO IRREGULAR
Agregado; 2023-09-23 09:26:22; PAGO IRREGULAR
Agregado; 2023-09-23 09:26:52; PAGO IRREGULAR
Agregado; 2023-09-23 09:28:09; PAGO IRREGULAR
Agregado; 2023-09-23 09:28:37; PAGO IRREGULAR
Agregado; 2023-09-23 09:29:41; PAGO IRREGULAR
Agregado; 2023-09-23 09:30:17; PAGO IRREGULAR
Agregado; 2023-09-23 09:30:33; PAGO IRREGULAR
Agregado; 2023-09-23 09:31:12; PAGO IRREGULAR
Agregado; 2023-09-23 09:32:54; PAGO IRREGULAR
Agregado; 2023-09-23 09:33:40; PAGO IRREGULAR
Agregado; 2023-09-23 09:34:15; PAGO IRREGULAR
Agregado; 2023-09-23 09:35:48; PAGO IRREGULAR
Agregado; 2023-09-23 09:36:39; PAGO IRREGULAR
Agregado; 2023-09-23 09:37:13; PAGO IRREGULAR
Agregado; 2023-09-23 09:37:25; PAGO IRREGULAR
Agregado; 2023-09-23 09:38:14; PAGO IRREGULAR
Agregado; 2023-09-23 09:38:52; PAGO IRREGULAR
Agregado; 2023-09-23 09:39:59; PAGO IRREGULAR
Agregado; 2023-09-23 09:41:16; PAGO IRREGULAR
Agregado; 2023-09-23 09:42:00; PAGO IRREGULAR
Agregado; 2023-09-23 09:44:08; PAGO IRREGULAR
Agregado; 2023-09-23 09:44:47; PAGO IRREGULAR
Agregado; 2023-09-23 09:46:00; PAGO IRREGULAR
Agregado; 2023-09-23 09:47:29; PAGO IRREGULAR
Agregado; 2023-09-23 09:48:17; PAGO IRREGULAR
Agregado; 2023-09-23 09:49:25; PAGO IRREGULAR
Agregado; 2023-09-23 09:54:57; PAGO IRREGULAR
Agregado; 2023-09-23 09:56:49; Nuevo préstamo cliente: pablo vazquez sanchez  monto prestado $100000 duración: 10 meses interes: 5000
Agregado; 2023-09-23 10:14:51; PAGO IRREGULAR
Agregado; 2023-09-23 10:17:38; PAGO IRREGULAR
Agregado; 2023-09-23 10:18:01; PAGO IRREGULAR
Agregado; 2023-09-23 10:18:39; PAGO IRREGULAR
Agregado; 2023-09-23 10:19:14; PAGO IRREGULAR
Agregado; 2023-09-23 10:20:54; PAGO IRREGULAR
Agregado; 2023-09-23 10:21:37; PAGO IRREGULAR
Agregado; 2023-09-23 10:22:24; PAGO IRREGULAR
Agregado; 2023-09-23 10:23:04; PAGO IRREGULAR
Agregado; 2023-09-23 10:23:35; PAGO IRREGULAR
Actualizado; 2023-09-23 10:54:59; Préstamo cliente: nicolas morel toribio  monto prestado $80000.00 duración: 10 meses interes: 4000
Agregado; 2023-09-23 11:03:14; PAGO IRREGULAR
Agregado; 2023-09-23 11:03:31; PAGO IRREGULAR
Agregado; 2023-09-23 11:05:37; PAGO IRREGULAR
Agregado; 2023-09-23 11:06:15; PAGO IRREGULAR
Agregado; 2023-09-23 11:10:08; PAGO IRREGULAR
Agregado; 2023-09-23 11:10:25; PAGO IRREGULAR
Agregado; 2023-09-23 11:19:07; PAGO IRREGULAR
Agregado; 2023-09-23 11:31:09; PAGO IRREGULAR
Agregado; 2023-09-23 12:49:40; PAGO IRREGULAR
Agregado; 2023-09-23 12:49:40; abono al capital de cliente: maria hisabeth garcia lantigua $12000 
Agregado; 2023-09-23 12:59:07; PAGO IRREGULAR
Agregado; 2023-09-23 12:59:07; abono al capital de cliente: nicolas morel toribio $4500 
Agregado; 2023-09-23 13:04:09; PAGO IRREGULAR
