Agregado; 2026-04-23 14:13:02; Nuevo préstamo cliente: rafael gil ureña monto prestado $40000 duración: 10 meses interes: 2000
Actualizado; 2026-04-23 14:13:29; Préstamo cliente: rafael gil ureña monto prestado $30000.00 duración: 10 meses interes: 1500
Actualizado; 2026-04-23 14:13:53; Préstamo cliente: rafael gil ureña monto prestado $40000.00 duración: 10 meses interes: 2000
Agregado; 2026-04-23 14:23:41; Nuevo préstamo cliente: jhonson brito henriquez  monto prestado $150000 duración: 10 meses interes: 7500
Actualizado; 2026-04-23 14:27:21; Préstamo cliente: jhonson brito henriquez  monto prestado $150000.00 duración: 10 meses interes: 6000
Agregado; 2026-04-23 19:15:31; Préstamo: 709 Adicional al capital, cliente:  $1000
Agregado; 2026-04-23 19:18:58; Préstamo: 668 Pago de cliente: roberto flores acosta Balance anterior $200000.00 Monto pagado $10000.00 INTERES $200000.00 BALANCE ACTUAL
Agregado; 2026-04-23 19:19:33; Préstamo: 433 Pago de cliente: edilcia encarnacion encarnacion Balance anterior $188500.00 Monto pagado $4600 PAGO IRREGULAR $188500.00 BALANCE ACTUAL
Agregado; 2026-04-23 19:22:13; Préstamo: 324 Pago de cliente: luisa yanelsi then molina Balance anterior $208200.00 Monto pagado $10000 PAGO IRREGULAR $208200.00 BALANCE ACTUAL
Agregado; 2026-04-23 19:24:44; Préstamo: 713 Pago de cliente: nery vianney garcia rodriguez Balance anterior $190000.00 Monto pagado $9500.00 INTERES $190000.00 BALANCE ACTUAL
Agregado; 2026-04-23 19:25:55; Préstamo: 757 Pago de cliente: delva altagracia vanderhorst almeyda Balance anterior $280000.00 Monto pagado $14000.00 INTERES $280000.00 BALANCE ACTUAL
Agregado; 2026-04-23 19:26:36; Préstamo: 439 Pago de cliente: erika gonzalez ramirez Balance anterior $200000.00 Monto pagado $8000.00 INTERES $200000.00 BALANCE ACTUAL
Agregado; 2026-04-23 19:28:28; Préstamo: 698 Pago de cliente: irvin francisco de leon javier Balance anterior $120000.00 Monto pagado $6000.00 INTERES $120000.00 BALANCE ACTUAL
Agregado; 2026-04-23 19:28:48; Préstamo: 700 Pago de cliente: yuli mercedes caraballo abreu Balance anterior $200000.00 Monto pagado $10000.00 INTERES $200000.00 BALANCE ACTUAL
Agregado; 2026-04-23 19:29:31; Préstamo: 709 Pago de cliente: marino candelario compres Balance anterior $229000.00 Monto pagado $11450.00 INTERES $229000.00 BALANCE ACTUAL
Agregado; 2026-04-23 19:30:46; Préstamo: 680 Pago de cliente: pedro castillo peralta Balance anterior $265000.00 Monto pagado $10600.00 INTERES $265000.00 BALANCE ACTUAL
Agregado; 2026-04-23 19:32:18; Préstamo: 714 Pago de cliente: henry alexander mercedes cabrera Balance anterior $152000.00 Monto pagado $7600.00 INTERES $152000.00 BALANCE ACTUAL
Agregado; 2026-04-23 19:32:56; Préstamo: 646 Pago de cliente: mily cuevas sosa Balance anterior $416600.00 Monto pagado $13800 PAGO IRREGULAR $416600.00 BALANCE ACTUAL
Agregado; 2026-04-23 19:35:46; Préstamo: 575 Pago de cliente: maria yocasta tejada martinez de guzman Balance anterior $200000.00 Monto pagado $8000.00 INTERES $200000.00 BALANCE ACTUAL
Agregado; 2026-04-23 19:36:12; Préstamo: 707 Pago de cliente: ramon felix frias polanco Balance anterior $212000.00 Monto pagado $10600.00 INTERES $212000.00 BALANCE ACTUAL
Agregado; 2026-04-23 19:36:44; Préstamo: 427 Pago de cliente: celso garcia castillo Balance anterior $75000.00 Monto pagado $3750.00 INTERES $75000.00 BALANCE ACTUAL
Agregado; 2026-04-23 19:41:00; Préstamo: 754 Adicional al capital, cliente:  $10000
Agregado; 2026-04-23 19:42:42; Préstamo: 755 Pago de cliente: fanny reyes de los santos Balance anterior $150000.00 Monto pagado $7300 PAGO IRREGULAR $150000.00 BALANCE ACTUAL
Agregado; 2026-04-23 19:43:12; Préstamo: 341 Pago de cliente: alba caroligia hernandez rodriguez Balance anterior $402500.00 Monto pagado $16100.00 INTERES $402500.00 BALANCE ACTUAL
Agregado; 2026-04-23 19:43:45; Préstamo: 764 Pago de cliente: daniel gonzalez vasquez Balance anterior $150000.00 Monto pagado $7500.00 INTERES $150000.00 BALANCE ACTUAL
Agregado; 2026-04-23 19:44:10; Préstamo: 766 Pago de cliente: yovanni acosta  garcia de frias Balance anterior $200000.00 Monto pagado $8000.00 INTERES $200000.00 BALANCE ACTUAL
Agregado; 2026-04-23 19:44:34; Préstamo: 618 Pago de cliente: eni maria reynoso aquino Balance anterior $120000.00 Monto pagado $6000.00 INTERES $120000.00 BALANCE ACTUAL
Agregado; 2026-04-23 19:44:58; Préstamo: 564 Pago de cliente: esperanza yanilca amparo castillo Balance anterior $207000.00 Monto pagado $10350.00 INTERES $207000.00 BALANCE ACTUAL
Agregado; 2026-04-23 19:45:19; Préstamo: 483 Pago de cliente: gloria tatiana fermin de la rosa Balance anterior $228000.00 Monto pagado $9300 PAGO IRREGULAR $228000.00 BALANCE ACTUAL
Agregado; 2026-04-23 19:46:00; Préstamo: 594 Pago de cliente: juan alfonso concepcion vazquez Balance anterior $170000.00 Monto pagado $6800.00 INTERES $170000.00 BALANCE ACTUAL
Agregado; 2026-04-23 19:47:01; Préstamo: 617 Pago de cliente: roberto hernandez sanchez Balance anterior $243400.00 Monto pagado $9500 PAGO IRREGULAR $243400.00 BALANCE ACTUAL
Agregado; 2026-04-23 19:47:51; Préstamo: 758 Pago de cliente: dennissa david de peña Balance anterior $50000.00 Monto pagado $1000 PAGO IRREGULAR $50000.00 BALANCE ACTUAL
Agregado; 2026-04-23 19:48:14; Préstamo: 740 Pago de cliente: eladio antonio brito lopez Balance anterior $250000.00 Monto pagado $12500.00 INTERES $250000.00 BALANCE ACTUAL
Agregado; 2026-04-23 19:48:40; Préstamo: 509 Pago de cliente: dannessa deyanara rodriguez Balance anterior $345200.00 Monto pagado $17200 PAGO IRREGULAR $345200.00 BALANCE ACTUAL
Agregado; 2026-04-23 19:50:39; Préstamo: 481 Pago de cliente: marilyn antonia jimenez de santana Balance anterior $165000.00 Monto pagado $8250.00 INTERES $165000.00 BALANCE ACTUAL
Agregado; 2026-04-23 19:51:00; Préstamo: 332 Pago de cliente: ambiorix almanzar castro Balance anterior $244000.00 Monto pagado $11000 PAGO IRREGULAR $244000.00 BALANCE ACTUAL
Agregado; 2026-04-23 19:51:24; Préstamo: 685 Pago de cliente: luz edith paredes garcia Balance anterior $240000.00 Monto pagado $12000.00 INTERES $240000.00 BALANCE ACTUAL
Agregado; 2026-04-23 19:51:44; Préstamo: 653 Pago de cliente: Belkin marilin santiago de brito Balance anterior $100000.00 Monto pagado $5000.00 INTERES $100000.00 BALANCE ACTUAL
Agregado; 2026-04-23 19:52:08; Préstamo: 682 Pago de cliente: maria ramos nolasco Balance anterior $160000.00 Monto pagado $8000.00 INTERES $160000.00 BALANCE ACTUAL
Agregado; 2026-04-23 19:52:27; Préstamo: 691 Pago de cliente: laura reynoso cruz Balance anterior $200000.00 Monto pagado $10000.00 INTERES $200000.00 BALANCE ACTUAL
Agregado; 2026-04-23 19:52:45; Préstamo: 738 Pago de cliente: ysabelita sanchez tineo Balance anterior $150000.00 Monto pagado $7500.00 INTERES $150000.00 BALANCE ACTUAL
Agregado; 2026-04-23 19:53:08; Préstamo: 498 Pago de cliente: Felix Alberto campos Balance anterior $118000.00 Monto pagado $5900.00 INTERES $118000.00 BALANCE ACTUAL
Agregado; 2026-04-23 19:54:50; Préstamo: 744 Pago de cliente: ysidora altagracia minaya duran Balance anterior $137000.00 Monto pagado $4500 PAGO IRREGULAR $137000.00 BALANCE ACTUAL
Agregado; 2026-04-23 19:55:24; Préstamo: 730 Pago de cliente: raul caraballo liranzo Balance anterior $260000.00 Monto pagado $10400.00 INTERES $260000.00 BALANCE ACTUAL
Agregado; 2026-04-23 19:56:15; Préstamo: 737 Pago de cliente: josefina rojas mercedes de garcia Balance anterior $185000.00 Monto pagado $9250.00 INTERES $185000.00 BALANCE ACTUAL
Agregado; 2026-04-23 19:56:38; Préstamo: 373 Pago de cliente: ramon garcia Balance anterior $164000.00 Monto pagado $8200.00 INTERES $164000.00 BALANCE ACTUAL
Agregado; 2026-04-23 19:57:05; Préstamo: 634 Pago de cliente: edward alexander polanco alvarado Balance anterior $262000.00 Monto pagado $10480.00 INTERES $262000.00 BALANCE ACTUAL
Agregado; 2026-04-23 20:02:09; Préstamo: 692 Pago de cliente: yuderky ramona gama olivo Balance anterior $325000.00 Monto pagado $14600 PAGO IRREGULAR $325000.00 BALANCE ACTUAL
Agregado; 2026-04-23 20:02:29; Préstamo: 178 Pago de cliente: gricelida tavarez drullard Balance anterior $203000.00 Monto pagado $10150.00 INTERES $203000.00 BALANCE ACTUAL
Agregado; 2026-04-23 20:03:44; Préstamo: 762 Pago de cliente: dorothy cleopatra adolfina vanderhorst almeyda Balance anterior $332000.00 Monto pagado $13280.00 INTERES $332000.00 BALANCE ACTUAL
Agregado; 2026-04-23 20:04:07; Préstamo: 606 Pago de cliente: victor martinez Balance anterior $100000.00 Monto pagado $4500.00 INTERES $100000.00 BALANCE ACTUAL
Agregado; 2026-04-23 20:04:28; Préstamo: 759 Pago de cliente: CIRILA MARITZA BEATO SANTANA Balance anterior $200000.00 Monto pagado $10000.00 INTERES $200000.00 BALANCE ACTUAL
Agregado; 2026-04-23 20:07:59; Préstamo: 598 Pago de cliente: nolberto joel lopez de jesus Balance anterior $79000.00 Monto pagado $3950.00 INTERES $79000.00 BALANCE ACTUAL
Agregado; 2026-04-23 20:08:24; Préstamo: 690 Pago de cliente: yuraina guerrero coplin Balance anterior $50000.00 Monto pagado $2500.00 INTERES $50000.00 BALANCE ACTUAL
Agregado; 2026-04-23 20:08:46; Préstamo: 443 Pago de cliente: basilia rodriguez altagracia Balance anterior $300000.00 Monto pagado $15000.00 INTERES $300000.00 BALANCE ACTUAL
Agregado; 2026-04-23 20:09:11; Préstamo: 345 Pago de cliente: nicaurys fermin fermin Balance anterior $281800.00 Monto pagado $9800 PAGO IRREGULAR $281800.00 BALANCE ACTUAL
Agregado; 2026-04-23 20:09:38; Préstamo: 742 Pago de cliente: ana faustina faña gil Balance anterior $235000.00 Monto pagado $6000 PAGO IRREGULAR $235000.00 BALANCE ACTUAL
Agregado; 2026-04-23 20:10:05; Préstamo: 559 Pago de cliente: antonio ventura hilario Balance anterior $121700.00 Monto pagado $3900 PAGO IRREGULAR $121700.00 BALANCE ACTUAL
Agregado; 2026-04-23 20:10:30; Préstamo: 557 Pago de cliente: alba gervancia de la cruz acosta Balance anterior $66500.00 Monto pagado $3325.00 INTERES $66500.00 BALANCE ACTUAL
Agregado; 2026-04-23 20:10:59; Préstamo: 626 Pago de cliente: ramon quiro melo Balance anterior $175000.00 Monto pagado $7000.00 INTERES $175000.00 BALANCE ACTUAL
Agregado; 2026-04-23 20:12:01; Préstamo: 711 Pago de cliente: francisca vasquez mercedes Balance anterior $115000.00 Monto pagado $5750.00 INTERES $115000.00 BALANCE ACTUAL
Agregado; 2026-04-23 20:13:30; Préstamo: 596 Pago de cliente: lorenza maria jose avelino Balance anterior $289000.00 Monto pagado $8800 PAGO IRREGULAR $289000.00 BALANCE ACTUAL
Agregado; 2026-04-23 20:13:55; Préstamo: 547 Pago de cliente: rhoneer guzman ozoria Balance anterior $163500.00 Monto pagado $6540.00 INTERES $163500.00 BALANCE ACTUAL
Agregado; 2026-04-23 20:15:34; Préstamo: 765 Pago de cliente: maribel maria gil Balance anterior $300000.00 Monto pagado $15000.00 INTERES $300000.00 BALANCE ACTUAL
Agregado; 2026-04-23 20:15:53; Préstamo: 723 Pago de cliente: emmanuel medina lopez Balance anterior $180000.00 Monto pagado $9000.00 INTERES $180000.00 BALANCE ACTUAL
Agregado; 2026-04-23 20:16:14; Préstamo: 574 Pago de cliente: maria teresa javiar rodriguez Balance anterior $82000.00 Monto pagado $4100.00 INTERES $82000.00 BALANCE ACTUAL
Agregado; 2026-04-23 20:16:31; Préstamo: 526 Pago de cliente: sara felipe kery Balance anterior $68000.00 Monto pagado $3400.00 INTERES $68000.00 BALANCE ACTUAL
Agregado; 2026-04-23 20:17:02; Préstamo: 622 Pago de cliente: masiell alejandra lopez gil Balance anterior $178000.00 Monto pagado $8900.00 INTERES $178000.00 BALANCE ACTUAL
Agregado; 2026-04-23 20:17:26; Préstamo: 551 Pago de cliente: yesenia de los santos marte Balance anterior $400000.00 Monto pagado $20000.00 INTERES $400000.00 BALANCE ACTUAL
Agregado; 2026-04-23 20:17:47; Préstamo: 706 Pago de cliente: alexander reyes Balance anterior $116000.00 Monto pagado $5800.00 INTERES $116000.00 BALANCE ACTUAL
Agregado; 2026-04-23 20:18:04; Préstamo: 616 Pago de cliente: angel lorenzo breton castillo Balance anterior $160000.00 Monto pagado $8000.00 INTERES $160000.00 BALANCE ACTUAL
Agregado; 2026-04-23 20:18:38; Préstamo: 749 Pago de cliente: yoelis morales Balance anterior $50000.00 Monto pagado $2500.00 INTERES $50000.00 BALANCE ACTUAL
Agregado; 2026-04-23 20:19:03; Préstamo: 710 Pago de cliente: dianelba gizeh mercedes de castillo Balance anterior $266200.00 Monto pagado $9100 PAGO IRREGULAR $266200.00 BALANCE ACTUAL
Agregado; 2026-04-23 20:19:20; Préstamo: 760 Pago de cliente: vianely trinidad paulino Balance anterior $25000.00 Monto pagado $1250.00 INTERES $25000.00 BALANCE ACTUAL
Agregado; 2026-04-23 20:19:41; Préstamo: 750 Pago de cliente: solandy vasquez de la cruz Balance anterior $100000.00 Monto pagado $5000.00 INTERES $100000.00 BALANCE ACTUAL
Agregado; 2026-04-23 20:20:05; Préstamo: 736 Pago de cliente: dionicia fermin acosta Balance anterior $200000.00 Monto pagado $9000 PAGO IRREGULAR $200000.00 BALANCE ACTUAL
Agregado; 2026-04-23 20:20:36; Préstamo: 215 Pago de cliente: lisette zaiz ventura Balance anterior $263200.00 Monto pagado $10000 PAGO IRREGULAR $263200.00 BALANCE ACTUAL
Agregado; 2026-04-23 20:21:40; Préstamo: 633 Pago de cliente: leandro moris rosario Balance anterior $92500.00 Monto pagado $4625.00 INTERES $92500.00 BALANCE ACTUAL
Agregado; 2026-04-23 20:22:10; Préstamo: 741 Pago de cliente: yoseli pamela calcaño lopez Balance anterior $50000.00 Monto pagado $2500.00 INTERES $50000.00 BALANCE ACTUAL
Agregado; 2026-04-23 20:23:01; Préstamo: 743 Pago de cliente: jose francisco silvestre marte Balance anterior $220000.00 Monto pagado $10000 PAGO IRREGULAR $220000.00 BALANCE ACTUAL
Agregado; 2026-04-23 20:28:48; Préstamo: 763 Pago de cliente: jorge chavez Balance anterior $100000.00 Monto pagado $3500 PAGO IRREGULAR $100000.00 BALANCE ACTUAL
