Agregado; 2025-11-25 12:31:30; Préstamo: 332 Pago de cliente: ambiorix almanzar castro Balance anterior $215000.00 Monto pagado $10750.00 INTERES $215000.00 BALANCE ACTUAL
Agregado; 2025-11-25 12:32:09; Préstamo: 178 Pago de cliente: gricelida tavarez drullard Balance anterior $203000.00 Monto pagado $10150.00 INTERES $203000.00 BALANCE ACTUAL
Agregado; 2025-11-25 12:33:57; Préstamo: 312 Pago de cliente: vianely trinidad paulino Balance anterior $15000.00 Monto pagado $750.00 INTERES $15000.00 BALANCE ACTUAL
Agregado; 2025-11-25 12:34:13; Préstamo: 575 Pago de cliente: maria yocasta tejada martinez de guzman Balance anterior $200000.00 Monto pagado $8000.00 INTERES $200000.00 BALANCE ACTUAL
Agregado; 2025-11-25 12:34:29; Préstamo: 627 Pago de cliente: irvin francisco de leon javier Balance anterior $200000.00 Monto pagado $10000.00 INTERES $200000.00 BALANCE ACTUAL
Agregado; 2025-11-25 12:35:12; Préstamo: 638 Pago de cliente: ana faustina faña gil Balance anterior $135000.00 Monto pagado $6750.00 INTERES $135000.00 BALANCE ACTUAL
Agregado; 2025-11-25 12:35:51; Préstamo: 481 Pago de cliente: marilyn antonia jimenez de santana Balance anterior $92000.00 Monto pagado $4600.00 INTERES $92000.00 BALANCE ACTUAL
Agregado; 2025-11-25 12:37:55; Préstamo: 633 Pago de cliente: leandro moris rosario Balance anterior $100000.00 Monto pagado $2500.00 PAGO IRREGULAR $100000.00 BALANCE ACTUAL
Agregado; 2025-11-25 12:40:04; Préstamo: 530 Pago de cliente: Marcelino Maldonado Fernández Balance anterior $200000.00 Monto pagado $8300.00 PAGO IRREGULAR $200000.00 BALANCE ACTUAL
Agregado; 2025-11-25 12:40:37; Préstamo: 612 Pago de cliente: raul caraballo liranzo Balance anterior $322000.00 Monto pagado $9000.00 PAGO IRREGULAR $322000.00 BALANCE ACTUAL
Agregado; 2025-11-25 12:40:59; Préstamo: 427 Pago de cliente: celso garcia castillo Balance anterior $75000.00 Monto pagado $3750.00 INTERES $75000.00 BALANCE ACTUAL
Agregado; 2025-11-25 12:43:53; Préstamo: 534 Pago de cliente: sebastiana tirado melo Balance anterior $156000.00 Monto pagado $7800.00 INTERES $156000.00 BALANCE ACTUAL
Agregado; 2025-11-25 12:47:00; Préstamo: 639 Pago de cliente: nery vianney garcia rodriguez Balance anterior $100000.00 Monto pagado $5000.00 INTERES $100000.00 BALANCE ACTUAL
Agregado; 2025-11-25 12:48:03; Préstamo: 324 Pago de cliente: luisa yanelsi then molina Balance anterior $195500.00 Monto pagado $9775.00 INTERES $195500.00 BALANCE ACTUAL
Agregado; 2025-11-25 12:50:05; Préstamo: 646 Pago de cliente: mily cuevas sosa Balance anterior $373600.00 Monto pagado $18680.00 INTERES $373600.00 BALANCE ACTUAL
Agregado; 2025-11-25 12:51:37; Préstamo: 521 Pago de cliente: orlando nuñez sanchez Balance anterior $155500.00 Monto pagado $7775.00 INTERES $155500.00 BALANCE ACTUAL
Agregado; 2025-11-25 12:52:10; Préstamo: 551 Pago de cliente: yesenia de los santos marte Balance anterior $400000.00 Monto pagado $20000.00 INTERES $400000.00 BALANCE ACTUAL
Agregado; 2025-11-25 12:52:39; Préstamo: 626 Pago de cliente: ramon quiro melo Balance anterior $160000.00 Monto pagado $6400.00 INTERES $160000.00 BALANCE ACTUAL
Agregado; 2025-11-25 12:53:02; Préstamo: 498 Pago de cliente: felix alberto campo Balance anterior $110000.00 Monto pagado $5500.00 INTERES $110000.00 BALANCE ACTUAL
Agregado; 2025-11-25 12:54:51; Préstamo: 526 Pago de cliente: sara felipe kery Balance anterior $53000.00 Monto pagado $2650.00 INTERES $53000.00 BALANCE ACTUAL
Agregado; 2025-11-25 12:57:08; Préstamo: 215 Pago de cliente: lisette zaiz ventura Balance anterior $248200.00 Monto pagado $8000.00 PAGO IRREGULAR $248200.00 BALANCE ACTUAL
Agregado; 2025-11-25 13:07:14; Préstamo: 413 Pago de cliente: yovanni acosta  garcia de frias Balance anterior $121200.00 Monto pagado $6000.00 PAGO IRREGULAR $121200.00 BALANCE ACTUAL
Agregado; 2025-11-25 13:07:35; Préstamo: 668 Pago de cliente: roberto flores acosta Balance anterior $200000.00 Monto pagado $10000.00 INTERES $200000.00 BALANCE ACTUAL
Agregado; 2025-11-25 13:07:57; Préstamo: 616 Pago de cliente: angel lorenzo breton castillo Balance anterior $160000.00 Monto pagado $8000.00 INTERES $160000.00 BALANCE ACTUAL
Agregado; 2025-11-25 13:08:43; Préstamo: 587 Pago de cliente: amancia king green Balance anterior $30000.00 Monto pagado $1500.00 INTERES $30000.00 BALANCE ACTUAL
Agregado; 2025-11-25 13:10:03; Préstamo: 473 Pago de cliente: alexander reyes Balance anterior $100000.00 Monto pagado $5000.00 INTERES $100000.00 BALANCE ACTUAL
Agregado; 2025-11-25 13:10:26; Préstamo: 659 Pago de cliente: alciviades paredes javier Balance anterior $50000.00 Monto pagado $2500.00 INTERES $50000.00 BALANCE ACTUAL
Agregado; 2025-11-25 13:10:52; Préstamo: 425 Pago de cliente: jack michael morillo Balance anterior $195500.00 Monto pagado $1600 PAGO IRREGULAR $195500.00 BALANCE ACTUAL
Agregado; 2025-11-25 13:11:13; Préstamo: 621 Pago de cliente: yoseli pamela calcaño lopez Balance anterior $50000.00 Monto pagado $2500.00 INTERES $50000.00 BALANCE ACTUAL
Agregado; 2025-11-25 13:12:05; Préstamo: 415 Pago de cliente: dorothy cleopatra adolfina vanderhorst almeyda Balance anterior $335000.00 Monto pagado $14400.00 PAGO IRREGULAR $335000.00 BALANCE ACTUAL
Agregado; 2025-11-25 13:12:39; Préstamo: 586 Pago de cliente: daniel gonzalez vasquez Balance anterior $100000.00 Monto pagado $5000.00 INTERES $100000.00 BALANCE ACTUAL
Agregado; 2025-11-25 13:13:04; Préstamo: 649 Pago de cliente: eladio antonio brito lopez Balance anterior $175000.00 Monto pagado $8750.00 INTERES $175000.00 BALANCE ACTUAL
Agregado; 2025-11-25 13:13:33; Préstamo: 641 Pago de cliente: luz edith paredes garcia Balance anterior $170000.00 Monto pagado $8500.00 INTERES $170000.00 BALANCE ACTUAL
Agregado; 2025-11-25 13:14:09; Préstamo: 112 Pago de cliente: ysidora altagracia minaya duran Balance anterior $387000.00 Monto pagado $8000.00 PAGO IRREGULAR $387000.00 BALANCE ACTUAL
Agregado; 2025-11-25 13:14:31; Préstamo: 657 Pago de cliente: henry alexander mercedes cabrera Balance anterior $120000.00 Monto pagado $6000.00 INTERES $120000.00 BALANCE ACTUAL
Agregado; 2025-11-25 13:14:55; Préstamo: 602 Pago de cliente: yngris mercedes brito Balance anterior $20000.00 Monto pagado $1000.00 INTERES $20000.00 BALANCE ACTUAL
Agregado; 2025-11-25 13:16:01; Préstamo: 617 Pago de cliente: roberto hernandez sanchez Balance anterior $200000.00 Monto pagado $8000.00 INTERES $200000.00 BALANCE ACTUAL
Agregado; 2025-11-25 13:16:26; Préstamo: 607 Pago de cliente: emmanuel medina lopez Balance anterior $105000.00 Monto pagado $5250.00 INTERES $105000.00 BALANCE ACTUAL
Agregado; 2025-11-25 13:16:44; Préstamo: 650 Pago de cliente: zenon osiris brito acosta Balance anterior $150000.00 Monto pagado $7500.00 INTERES $150000.00 BALANCE ACTUAL
Agregado; 2025-11-25 13:17:00; Préstamo: 615 Pago de cliente: lowels jhonson mejia Balance anterior $201000.00 Monto pagado $10050.00 INTERES $201000.00 BALANCE ACTUAL
Agregado; 2025-11-25 13:17:18; Préstamo: 598 Pago de cliente: nolberto joel lopez de jesus Balance anterior $79000.00 Monto pagado $3950.00 INTERES $79000.00 BALANCE ACTUAL
Agregado; 2025-11-25 13:17:38; Préstamo: 557 Pago de cliente: alba gervancia de la cruz acosta Balance anterior $40000.00 Monto pagado $2000.00 INTERES $40000.00 BALANCE ACTUAL
Agregado; 2025-11-25 13:19:20; Préstamo: 610 Pago de cliente: josefina rojas mercedes de garcia Balance anterior $135000.00 Monto pagado $6750.00 INTERES $135000.00 BALANCE ACTUAL
Agregado; 2025-11-25 13:19:36; Préstamo: 648 Pago de cliente: CIRILA MARITZA BEATO SANTANA Balance anterior $100000.00 Monto pagado $5000.00 INTERES $100000.00 BALANCE ACTUAL
Agregado; 2025-11-25 13:19:56; Préstamo: 664 Pago de cliente: delva altagracia vanderhorst almeyda Balance anterior $150000.00 Monto pagado $7500.00 INTERES $150000.00 BALANCE ACTUAL
Agregado; 2025-11-25 13:20:21; Préstamo: 509 Pago de cliente: dannessa deyanara rodriguez Balance anterior $326000.00 Monto pagado $16300.00 INTERES $326000.00 BALANCE ACTUAL
Agregado; 2025-11-25 13:20:51; Préstamo: 618 Pago de cliente: eni maria reynoso aquino Balance anterior $100000.00 Monto pagado $5000.00 INTERES $100000.00 BALANCE ACTUAL
Agregado; 2025-11-25 13:21:22; Préstamo: 508 Pago de cliente: juana  yesenia facenda hernandez Balance anterior $352000.00 Monto pagado $11800.00 PAGO IRREGULAR $352000.00 BALANCE ACTUAL
Agregado; 2025-11-25 13:21:56; Préstamo: 596 Pago de cliente: lorenza maria jose avelino Balance anterior $240000.00 Monto pagado $9100.00 PAGO IRREGULAR $240000.00 BALANCE ACTUAL
Agregado; 2025-11-25 13:22:24; Préstamo: 564 Pago de cliente: esperanza yanilca amparo castillo Balance anterior $172000.00 Monto pagado $8600.00 INTERES $172000.00 BALANCE ACTUAL
Agregado; 2025-11-25 13:23:33; Préstamo: 622 Pago de cliente: masiell alejandra lopez gil Balance anterior $166000.00 Monto pagado $8300.00 INTERES $166000.00 BALANCE ACTUAL
Agregado; 2025-11-25 13:24:03; Préstamo: 559 Pago de cliente: antonio ventura hilario Balance anterior $75000.00 Monto pagado $2300.00 PAGO IRREGULAR $75000.00 BALANCE ACTUAL
Agregado; 2025-11-25 13:26:49; Préstamo: 653 Pago de cliente: Belkin marilin santiago de brito Balance anterior $100000.00 Monto pagado $5000.00 INTERES $100000.00 BALANCE ACTUAL
Agregado; 2025-11-25 13:29:00; Préstamo: 373 Pago de cliente: ramon garcia Balance anterior $145000.00 Monto pagado $7250.00 INTERES $145000.00 BALANCE ACTUAL
Agregado; 2025-11-25 13:30:00; Préstamo: 574 Pago de cliente: maria teresa javiar rodriguez Balance anterior $82000.00 Monto pagado $4100.00 INTERES $82000.00 BALANCE ACTUAL
Agregado; 2025-11-25 13:30:31; Préstamo: 341 Pago de cliente: alba caroligia hernandez rodriguez Balance anterior $402500.00 Monto pagado $16100.00 INTERES $402500.00 BALANCE ACTUAL
Agregado; 2025-11-25 13:31:05; Préstamo: 578 Pago de cliente: timmy daniel martinez vilorio Balance anterior $158950.00 Monto pagado $3000.00 PAGO IRREGULAR $158950.00 BALANCE ACTUAL
Agregado; 2025-11-25 13:32:01; Préstamo: 443 Pago de cliente: basilia rodriguez altagracia Balance anterior $300000.00 Monto pagado $15000.00 INTERES $300000.00 BALANCE ACTUAL
Agregado; 2025-11-25 13:35:12; Préstamo: 439 Pago de cliente: erika gonzalez ramirez Balance anterior $200000.00 Monto pagado $8000.00 INTERES $200000.00 BALANCE ACTUAL
Agregado; 2025-11-25 13:36:37; Préstamo: 433 Pago de cliente: edilcia encarnacion encarnacion Balance anterior $170000.00 Monto pagado $8500.00 INTERES $170000.00 BALANCE ACTUAL
Agregado; 2025-11-25 13:37:14; Préstamo: 597 Pago de cliente: yuderky ramona gama olivo Balance anterior $291000.00 Monto pagado $14550.00 INTERES $291000.00 BALANCE ACTUAL
Agregado; 2025-11-25 13:40:08; Préstamo: 369 Pago de cliente: marino candelario compres Balance anterior $173000.00 Monto pagado $8650.00 INTERES $173000.00 BALANCE ACTUAL
Agregado; 2025-11-25 13:40:54; Préstamo: 658 Pago de cliente: maribel maria gil Balance anterior $250000.00 Monto pagado $12500.00 INTERES $250000.00 BALANCE ACTUAL
Agregado; 2025-11-25 13:42:21; Préstamo: 547 Pago de cliente: rhoneer guzman ozoria Balance anterior $163500.00 Monto pagado $6540.00 INTERES $163500.00 BALANCE ACTUAL
Agregado; 2025-11-25 13:43:51; Préstamo: 647 Pago de cliente: pedro castillo peralta Balance anterior $200000.00 Monto pagado $8000.00 INTERES $200000.00 BALANCE ACTUAL
Agregado; 2025-11-25 13:44:46; Préstamo: 601 Pago de cliente: justo rafael dipuglia rosario Balance anterior $225500.00 Monto pagado $11275.00 INTERES $225500.00 BALANCE ACTUAL
Agregado; 2025-11-25 13:49:26; Préstamo: 634 Pago de cliente: edward alexander polanco alvarado Balance anterior $240000.00 Monto pagado $9600.00 INTERES $240000.00 BALANCE ACTUAL
Agregado; 2025-11-25 14:09:04; Préstamo: 594 Pago de cliente: juan alfonso concepcion vazquez Balance anterior $160000.00 Monto pagado $6400.00 INTERES $160000.00 BALANCE ACTUAL
Agregado; 2025-11-25 15:23:19; Préstamo: 643 Adicional al capital, cliente:  $10000
Agregado; 2025-11-25 15:52:25; Préstamo: 324 Adicional al capital, cliente:  $2000
Agregado; 2025-11-25 16:20:18; Préstamo: 606 Pago de cliente: victor martinez Balance anterior $100000.00 Monto pagado $4500.00 INTERES $100000.00 BALANCE ACTUAL
Agregado; 2025-11-25 21:04:04; Préstamo: 651 Pago de cliente: jorge chavez Balance anterior $22000.00 Monto pagado $1100.00 INTERES $22000.00 BALANCE ACTUAL
