Actualizado; 2024-11-18 13:34:47; Préstamo cliente: roberto flores acosta monto prestado $50000.00 duración: 10 meses interes: 2500
Agregado; 2024-11-18 13:42:04; Préstamo: 327 Adicional al capital, cliente:  $4500
Eliminado; 2024-11-18 14:10:34; Préstamo: 205 Cliente: gloria tatiana fermin de la rosa monto $111000.00 duración: 10 meses interes: 5550.00
Eliminado; 2024-11-18 14:10:34; Préstamo: 205 
Eliminado; 2024-11-18 14:10:34; amortización: 205 
Eliminado; 2024-11-18 14:13:37; Préstamo: 430 Cliente: santo benigno rosario monto $200000.00 duración: 10 meses interes: 10000.00
Eliminado; 2024-11-18 14:13:37; Préstamo: 430 
Eliminado; 2024-11-18 14:13:37; amortización: 430 
Eliminado; 2024-11-18 14:28:08; Préstamo: 252 Adicional del cliente: lorenza maria jose avelino monto ADICIONAL $450000
Eliminado; 2024-11-18 14:28:08; adicional del présamo: 252 
Actualizado; 2024-11-18 14:28:08; Préstamo: 252 
Eliminado; 2024-11-18 14:28:08; Préstamo:  Adicional del cliente:  monto  $
Eliminado; 2024-11-18 14:28:08; adicional del présamo:  
Actualizado; 2024-11-18 14:28:08; Préstamo:  
Actualizado; 2024-11-18 14:30:57; Préstamo cliente: lorenza maria jose avelino monto prestado $142000.00 duración: 10 meses interes: 10000
Eliminado; 2024-11-18 14:48:52; Préstamo: 468 Cliente: ana rosa paredes liriano monto $110000.00 duración: 10 meses interes: 5500.00
Eliminado; 2024-11-18 14:48:52; Préstamo: 468 
Eliminado; 2024-11-18 14:48:52; amortización: 468 
Agregado; 2024-11-18 14:50:12; Nuevo préstamo cliente: rosa lidia paredes miguel monto prestado $110000 duración: 10 meses interes: 5500
Agregado; 2024-11-18 14:50:43; Préstamo: 476 Pago de cliente: rosa lidia paredes miguel Balance anterior $110000.00 Monto pagado $5500.00 INTERES $110000.00 BALANCE ACTUAL
Actualizado; 2024-11-18 14:51:55; Préstamo cliente: raul caraballo liranzo monto prestado $145000.00 duración: 10 meses interes: 8650
Actualizado; 2024-11-18 15:00:49; Préstamo cliente: Marcelino Maldonado Fernández monto prestado $75000.00 duración: 10 meses interes: 3750
Actualizado; 2024-11-18 15:32:32; Préstamo cliente: ulfralina gonzalez de la rosa monto prestado $80000.00 duración: 10 meses interes: 6100
Actualizado; 2024-11-18 15:33:57; Préstamo cliente: reyna compres diez monto prestado $40000.00 duración: 10 meses interes: 2855
Agregado; 2024-11-18 19:21:53; Préstamo: 437 Pago de cliente: eugenio ernesto marchena fermin Balance anterior $150000.00 Monto pagado $7500.00 INTERES $150000.00 BALANCE ACTUAL
Agregado; 2024-11-18 19:22:42; Préstamo: 342 Pago de cliente: natividad maldonado de los santos Balance anterior $167500.00 Monto pagado $6300 PAGO IRREGULAR $167500.00 BALANCE ACTUAL
Agregado; 2024-11-18 19:23:16; Préstamo: 307 Pago de cliente: luz estel palomino de capois Balance anterior $75000.00 Monto pagado $3000.00 INTERES $75000.00 BALANCE ACTUAL
Agregado; 2024-11-18 19:23:58; Préstamo: 378 Pago de cliente: marcia martinez y adames de ferrera Balance anterior $185000.00 Monto pagado $6800 PAGO IRREGULAR $185000.00 BALANCE ACTUAL
Agregado; 2024-11-18 19:25:08; Préstamo: 400 Pago de cliente: nidia elsa ramona oller javier Balance anterior $136000.00 Monto pagado $5000 PAGO IRREGULAR $136000.00 BALANCE ACTUAL
Agregado; 2024-11-18 19:26:49; Préstamo: 471 Pago de cliente: rafael guzman ragalado Balance anterior $130000.00 Monto pagado $5800.00 PAGO IRREGULAR $130000.00 BALANCE ACTUAL
Agregado; 2024-11-18 19:28:16; Préstamo: 127 Pago de cliente: ligia maria dolores alvarado de pereyra Balance anterior $165000.00 Monto pagado $4500.00 INTERES $165000.00 BALANCE ACTUAL
Agregado; 2024-11-18 19:30:23; Préstamo: 381 Pago de cliente: pedro garcia reyes Balance anterior $63000.00 Monto pagado $3150.00 INTERES $63000.00 BALANCE ACTUAL
Agregado; 2024-11-18 19:31:31; Préstamo: 245 Pago de cliente: santa cruceta lantigua de garcia Balance anterior $20000.00 Monto pagado $1000.00 INTERES $20000.00 BALANCE ACTUAL
Agregado; 2024-11-18 19:31:59; Préstamo: 395 Pago de cliente: colombino mata juma Balance anterior $164500.00 Monto pagado $8225.00 INTERES $164500.00 BALANCE ACTUAL
Agregado; 2024-11-18 19:33:35; Préstamo: 457 Pago de cliente: dionisio castillo lora Balance anterior $335000.00 Monto pagado $16750.00 INTERES $335000.00 BALANCE ACTUAL
Agregado; 2024-11-18 19:35:44; Préstamo: 424 Pago de cliente: luisa kery Balance anterior $170000.00 Monto pagado $7700.00 PAGO IRREGULAR $170000.00 BALANCE ACTUAL
Agregado; 2024-11-18 19:36:16; Préstamo: 463 Pago de cliente: amarilis lora alonzo de capellan Balance anterior $50000.00 Monto pagado $2500.00 INTERES $50000.00 BALANCE ACTUAL
Agregado; 2024-11-18 19:36:48; Préstamo: 408 Pago de cliente: leoncia de jesus adames Balance anterior $180000.00 Monto pagado $9000.00 INTERES $180000.00 BALANCE ACTUAL
Agregado; 2024-11-18 19:39:26; Préstamo: 176 Pago de cliente: ana maria gonzalez peña Balance anterior $211000.00 Monto pagado $10550.00 INTERES $211000.00 BALANCE ACTUAL
Agregado; 2024-11-18 19:40:17; Préstamo: 470 Pago de cliente: aracelis jimenez peña de hernandez Balance anterior $100000.00 Monto pagado $5000.00 INTERES $100000.00 BALANCE ACTUAL
Eliminado; 2024-11-18 19:41:31; Préstamo:  Adicional del cliente:  monto  $
Eliminado; 2024-11-18 19:41:31; adicional del présamo:  
Actualizado; 2024-11-18 19:41:31; Préstamo:  
Eliminado; 2024-11-18 19:41:31; Préstamo: 327 Adicional del cliente: claribel altagracia mendoza hernandez monto ADICIONAL $4500
Eliminado; 2024-11-18 19:41:31; adicional del présamo: 327 
Actualizado; 2024-11-18 19:41:31; Préstamo: 327 
Agregado; 2024-11-18 19:42:53; Préstamo: 327 Pago de cliente: claribel altagracia mendoza hernandez Balance anterior $50000.00 Monto pagado $2500.00 INTERES $50000.00 BALANCE ACTUAL
Agregado; 2024-11-18 19:45:02; Préstamo: 283 Pago de cliente: altagracia de la rosa castillo Balance anterior $51000.00 Monto pagado $2550.00 INTERES $51000.00 BALANCE ACTUAL
Agregado; 2024-11-18 19:45:59; Préstamo: 466 Pago de cliente: hugo rodriguez Balance anterior $45000.00 Monto pagado $2250.00 INTERES $45000.00 BALANCE ACTUAL
Agregado; 2024-11-18 19:46:29; Préstamo: 431 Pago de cliente: modesta crecencia paredes pierrot Balance anterior $70000.00 Monto pagado $2800.00 INTERES $70000.00 BALANCE ACTUAL
Agregado; 2024-11-18 19:49:03; Préstamo: 444 Pago de cliente: miguel hilario pichardo Balance anterior $80000.00 Monto pagado $4000.00 INTERES $80000.00 BALANCE ACTUAL
Agregado; 2024-11-18 19:49:25; Préstamo: 388 Pago de cliente: dulce maria olivo cheriz Balance anterior $125000.00 Monto pagado $6250.00 INTERES $125000.00 BALANCE ACTUAL
Agregado; 2024-11-18 19:50:04; Préstamo: 391 Pago de cliente: modesto gonzalez lopez Balance anterior $131500.00 Monto pagado $6575.00 INTERES $131500.00 BALANCE ACTUAL
Agregado; 2024-11-18 19:52:36; Préstamo: 446 Pago de cliente: hector bienvenido maria liranzo Balance anterior $180000.00 Monto pagado $9000.00 INTERES $180000.00 BALANCE ACTUAL
