Agregado; 2025-08-22 14:07:39; Préstamo: 604 Pago de cliente: camilo vargas suriel Balance anterior $60000.00 Monto pagado $3000.00 INTERES $60000.00 BALANCE ACTUAL
Agregado; 2025-08-22 14:08:06; Préstamo: 543 Pago de cliente: ulfralina gonzalez de la rosa Balance anterior $150000.00 Monto pagado $7900.00 INTERES $150000.00 BALANCE ACTUAL
Agregado; 2025-08-22 14:09:17; Préstamo: 624 Pago de cliente: luis alfredo bruno morel Balance anterior $50000.00 Monto pagado $2500.00 INTERES $50000.00 BALANCE ACTUAL
Agregado; 2025-08-22 14:10:30; Préstamo: 591 Pago de cliente: felix ureña luciano Balance anterior $60000.00 Monto pagado $3000.00 INTERES $60000.00 BALANCE ACTUAL
Agregado; 2025-08-22 14:12:36; Préstamo: 455 Pago de cliente: adonis taveras garcia Balance anterior $55000.00 Monto pagado $2500.00 PAGO IRREGULAR $55000.00 BALANCE ACTUAL
Agregado; 2025-08-22 14:16:14; Préstamo: 448 Pago de cliente: jose hernandez Balance anterior $152000.00 Monto pagado $2400.00 PAGO IRREGULAR $152000.00 BALANCE ACTUAL
Agregado; 2025-08-22 14:17:46; Préstamo: 491 Pago de cliente: juan ulloa altagracia Balance anterior $40000.00 Monto pagado $2000.00 INTERES $40000.00 BALANCE ACTUAL
Agregado; 2025-08-22 14:18:01; Préstamo: 583 Pago de cliente: ines gonzalez polanco Balance anterior $25000.00 Monto pagado $1250.00 INTERES $25000.00 BALANCE ACTUAL
Agregado; 2025-08-22 14:19:10; Préstamo: 376 Pago de cliente: elisabeth serrano Balance anterior $60000.00 Monto pagado $2600.00 PAGO IRREGULAR $60000.00 BALANCE ACTUAL
Agregado; 2025-08-22 14:21:29; Nuevo préstamo cliente: reyna compres diez monto prestado $65000 duración: 10 meses interes: 3250
Eliminado; 2025-08-22 14:21:40; Préstamo: 453 Cliente: reyna compres diez monto $64835.00 duración: 10 meses interes: 3241.75
Eliminado; 2025-08-22 14:21:40; Préstamo: 453 
Eliminado; 2025-08-22 14:21:40; amortización: 453 
Agregado; 2025-08-22 14:22:06; Préstamo: 630 Pago de cliente: reyna compres diez Balance anterior $65000.00 Monto pagado $3250.00 INTERES $65000.00 BALANCE ACTUAL
Agregado; 2025-08-22 14:22:06; Préstamo: 630 Abono al capital de cliente: reyna compres diez $9500 
Agregado; 2025-08-22 14:22:07; Préstamo: 630 Pago de cliente: reyna compres diez Balance anterior $55500.00 Monto pagado $3250.00 PAGO IRREGULAR $55500.00 BALANCE ACTUAL
Agregado; 2025-08-22 14:22:07; Préstamo: 630 Abono al capital de cliente: reyna compres diez $9500 
Eliminado; 2025-08-22 14:22:32; Préstamo: 630 Cliente: reyna compres diez monto $46000.00 duración: 10 meses interes: 2300.00
Eliminado; 2025-08-22 14:22:32; Préstamo: 630 
Eliminado; 2025-08-22 14:22:32; amortización: 630 
Agregado; 2025-08-22 14:23:05; Nuevo préstamo cliente: reyna compres diez monto prestado $65000 duración: 10 meses interes: 3250
Agregado; 2025-08-22 14:23:23; Préstamo: 630 Pago de cliente: reyna compres diez Balance anterior $65000.00 Monto pagado $3250.00 INTERES $65000.00 BALANCE ACTUAL
Agregado; 2025-08-22 14:23:23; Préstamo: 630 Abono al capital de cliente: reyna compres diez $950 
Eliminado; 2025-08-22 14:24:06; Préstamo: 630 Cliente: reyna compres diez monto $64050.00 duración: 10 meses interes: 3202.50
Eliminado; 2025-08-22 14:24:06; Préstamo: 630 
Eliminado; 2025-08-22 14:24:06; amortización: 630 
Agregado; 2025-08-22 14:24:42; Nuevo préstamo cliente: reyna compres diez monto prestado $65000 duración: 10 meses interes: 3250
Agregado; 2025-08-22 14:27:55; Préstamo: 560 Pago de cliente: yordany ribota peña Balance anterior $70000.00 Monto pagado $3000.00 PAGO IRREGULAR $70000.00 BALANCE ACTUAL
Agregado; 2025-08-22 14:50:47; Préstamo: 124 Pago de cliente: mercedes michell concepcion Balance anterior $91500.00 Monto pagado $3000 PAGO IRREGULAR $91500.00 BALANCE ACTUAL
Agregado; 2025-08-22 15:04:26; Préstamo: 630 Pago de cliente: reyna compres diez Balance anterior $65000.00 Monto pagado $3250.00 INTERES $65000.00 BALANCE ACTUAL
Agregado; 2025-08-22 15:04:26; Préstamo: 630 Abono al capital de cliente: reyna compres diez $950 
