Agregado; 2025-01-28 18:41:52; Préstamo: 494 Pago de cliente: julia garcia castillo de castillo Balance anterior $30000.00 Monto pagado $1500.00 INTERES $30000.00 BALANCE ACTUAL
Agregado; 2025-01-28 18:43:02; Préstamo: 378 Pago de cliente: marcia martinez y adames de ferrera Balance anterior $210000.00 Monto pagado $10500.00 INTERES $210000.00 BALANCE ACTUAL
Agregado; 2025-01-28 18:43:22; Préstamo: 463 Pago de cliente: amarilis lora alonzo de capellan Balance anterior $50000.00 Monto pagado $2500.00 INTERES $50000.00 BALANCE ACTUAL
Eliminado; 2025-01-28 18:43:51; Préstamo: 495 Cliente: epifanio cortorreal balbuena monto $136500.00 duración: 10 meses interes: 6825.00
Eliminado; 2025-01-28 18:43:51; Préstamo: 495 
Eliminado; 2025-01-28 18:43:51; amortización: 495 
Agregado; 2025-01-28 18:44:10; Préstamo: 513 Pago de cliente: epifanio cortorreal balbuena Balance anterior $163500.00 Monto pagado $3500 PAGO IRREGULAR $163500.00 BALANCE ACTUAL
Agregado; 2025-01-28 18:46:27; Préstamo: 342 Pago de cliente: natividad maldonado de los santos Balance anterior $192500.00 Monto pagado $9625.00 INTERES $192500.00 BALANCE ACTUAL
Agregado; 2025-01-28 19:01:58; Préstamo: 395 Pago de cliente: colombino mata juma Balance anterior $164500.00 Monto pagado $8225.00 INTERES $164500.00 BALANCE ACTUAL
Actualizado; 2025-01-28 19:02:18; Préstamo cliente: hugo rodriguez  monto prestado $91500.00 duración: 10 meses interes: 4575
Agregado; 2025-01-28 19:03:43; Préstamo: 510 Pago de cliente: hugo rodriguez Balance anterior $91500.00 Monto pagado $4575.00 INTERES $91500.00 BALANCE ACTUAL
Agregado; 2025-01-28 19:04:39; Préstamo: 471 Pago de cliente: rafael guzman ragalado Balance anterior $138000.00 Monto pagado $6900.00 INTERES $138000.00 BALANCE ACTUAL
Agregado; 2025-01-28 19:06:04; Préstamo: 482 Pago de cliente: luz estel palomino de capois Balance anterior $100000.00 Monto pagado $4000.00 INTERES $100000.00 BALANCE ACTUAL
Agregado; 2025-01-28 19:06:30; Préstamo: 502 Pago de cliente: claribel altagracia mendoza hernandez Balance anterior $75000.00 Monto pagado $3750.00 INTERES $75000.00 BALANCE ACTUAL
Agregado; 2025-01-28 19:09:31; Préstamo: 486 Pago de cliente: belgica acosta de fernandez Balance anterior $100000.00 Monto pagado $5000.00 INTERES $100000.00 BALANCE ACTUAL
Agregado; 2025-01-28 19:09:54; Préstamo: 493 Pago de cliente: ana cristina maloon echavarria Balance anterior $59000.00 Monto pagado $2950.00 INTERES $59000.00 BALANCE ACTUAL
Agregado; 2025-01-28 19:10:52; Préstamo: 497 Pago de cliente: dionisio castillo lora Balance anterior $380000.00 Monto pagado $15000.00 PAGO IRREGULAR $380000.00 BALANCE ACTUAL
Agregado; 2025-01-28 19:11:11; Préstamo: 437 Pago de cliente: eugenio ernesto marchena fermin Balance anterior $180000.00 Monto pagado $9000.00 INTERES $180000.00 BALANCE ACTUAL
Agregado; 2025-01-28 19:11:34; Préstamo: 431 Pago de cliente: modesta crecencia paredes pierrot Balance anterior $90000.00 Monto pagado $3500.00 PAGO IRREGULAR $90000.00 BALANCE ACTUAL
Agregado; 2025-01-28 19:11:56; Préstamo: 490 Pago de cliente: pedro pablo valdez sanchez Balance anterior $248000.00 Monto pagado $2000.00 PAGO IRREGULAR $248000.00 BALANCE ACTUAL
Agregado; 2025-01-28 19:13:38; Préstamo: 381 Pago de cliente: pedro garcia reyes Balance anterior $63000.00 Monto pagado $3000.00 PAGO IRREGULAR $63000.00 BALANCE ACTUAL
Agregado; 2025-01-28 19:13:58; Préstamo: 245 Adicional al capital, cliente:  $0
Agregado; 2025-01-28 19:14:20; Préstamo: 388 Pago de cliente: dulce maria olivo cheriz Balance anterior $140000.00 Monto pagado $7000.00 INTERES $140000.00 BALANCE ACTUAL
Agregado; 2025-01-28 19:14:35; Préstamo: 408 Pago de cliente: leoncia de jesus adames Balance anterior $180000.00 Monto pagado $9000.00 INTERES $180000.00 BALANCE ACTUAL
Agregado; 2025-01-28 19:14:58; Préstamo: 127 Pago de cliente: ligia maria dolores alvarado de pereyra Balance anterior $165000.00 Monto pagado $4500.00 INTERES $165000.00 BALANCE ACTUAL
Agregado; 2025-01-28 19:15:52; Préstamo: 400 Pago de cliente: nidia elsa ramona oller javier Balance anterior $139000.00 Monto pagado $6950.00 INTERES $139000.00 BALANCE ACTUAL
Agregado; 2025-01-28 19:16:47; Préstamo: 400 Pago de cliente: nidia elsa ramona oller javier Balance anterior $139000.00 Monto pagado $6950.00 INTERES $139000.00 BALANCE ACTUAL
Agregado; 2025-01-28 19:16:47; Préstamo: 400 Abono pago irregular - cliente: nidia elsa ramona oller javier $1600 PAGO IRREGULAR $139000.00 BALANCE ACTUAL
Agregado; 2025-01-28 19:17:04; Préstamo: 470 Pago de cliente: aracelis jimenez peña de hernandez Balance anterior $106000.00 Monto pagado $5300.00 INTERES $106000.00 BALANCE ACTUAL
Agregado; 2025-01-28 19:27:38; Préstamo: 501 Pago de cliente: ana maria gonzalez peña Balance anterior $50000.00 Monto pagado $2500.00 INTERES $50000.00 BALANCE ACTUAL
Agregado; 2025-01-28 19:28:09; Préstamo: 391 Pago de cliente: modesto gonzalez lopez Balance anterior $131500.00 Monto pagado $6575.00 INTERES $131500.00 BALANCE ACTUAL
Agregado; 2025-01-28 19:28:27; Préstamo: 444 Pago de cliente: miguel hilario pichardo Balance anterior $100000.00 Monto pagado $5000.00 INTERES $100000.00 BALANCE ACTUAL
Agregado; 2025-01-28 19:54:37; Préstamo: 498 Pago de cliente: felix alberto campo Balance anterior $110000.00 Monto pagado $5500.00 INTERES $110000.00 BALANCE ACTUAL
