Agregado; 2024-06-18 12:44:43; Préstamo: 388 Pago de cliente: dulce maria olivo cheriz Balance anterior $110000.00 Monto pagado $5500.00 INTERES $110000.00 BALANCE ACTUAL
Agregado; 2024-06-18 12:45:25; Préstamo: 400 Pago de cliente: nidia elsa ramona oller javier Balance anterior $100000.00 Monto pagado $5000.00 INTERES $100000.00 BALANCE ACTUAL
Agregado; 2024-06-18 12:46:28; Préstamo: 378 Pago de cliente: marcia martinez y adames de ferrera Balance anterior $185000.00 Monto pagado $7400 PAGO IRREGULAR $185000.00 BALANCE ACTUAL
Agregado; 2024-06-18 12:47:25; Préstamo: 342 Pago de cliente: natividad maldonado de los santos Balance anterior $150000.00 Monto pagado $7200 PAGO IRREGULAR $150000.00 BALANCE ACTUAL
Agregado; 2024-06-18 12:47:59; Préstamo: 398 Pago de cliente: eugenio ernesto marchena fermin Balance anterior $100000.00 Monto pagado $5000.00 INTERES $100000.00 BALANCE ACTUAL
Agregado; 2024-06-18 12:48:16; Préstamo: 402 Pago de cliente: hugo rodriguez Balance anterior $25000.00 Monto pagado $1250.00 INTERES $25000.00 BALANCE ACTUAL
Agregado; 2024-06-18 12:48:33; Préstamo: 381 Pago de cliente: pedro garcia reyes Balance anterior $63000.00 Monto pagado $3150.00 INTERES $63000.00 BALANCE ACTUAL
Agregado; 2024-06-18 12:48:46; Préstamo: 245 Pago de cliente: santa cruceta lantigua de garcia Balance anterior $20000.00 Monto pagado $1000.00 INTERES $20000.00 BALANCE ACTUAL
Agregado; 2024-06-18 12:49:09; Préstamo: 381 Abono pago irregular - cliente: pedro garcia reyes $150 PAGO IRREGULAR $63000.00 BALANCE ACTUAL
Agregado; 2024-06-18 12:53:16; Préstamo: 127 Pago de cliente: ligia maria dolores alvarado de pereyra Balance anterior $165000.00 Monto pagado $4500.00 INTERES $165000.00 BALANCE ACTUAL
Agregado; 2024-06-18 12:53:37; Préstamo: 353 Pago de cliente: rafael guzman ragalado Balance anterior $70000.00 Monto pagado $3500.00 INTERES $70000.00 BALANCE ACTUAL
Agregado; 2024-06-18 12:54:08; Préstamo: 382 Pago de cliente: julia garcia castilo de castillo Balance anterior $85000.00 Monto pagado $3750.00 INTERES $85000.00 BALANCE ACTUAL
Agregado; 2024-06-18 12:57:05; Nuevo préstamo cliente: miguel hilario pichardo monto prestado $55000 duración: 10 meses interes: 2750
Agregado; 2024-06-18 12:57:18; Préstamo: 418 Pago de cliente: miguel hilario pichardo Balance anterior $55000.00 Monto pagado $2500 PAGO IRREGULAR $55000.00 BALANCE ACTUAL
Agregado; 2024-06-18 12:58:24; Préstamo: 387 Pago de cliente: modesta crecencia paredes pierrot Balance anterior $170000.00 Monto pagado $8500.00 INTERES $170000.00 BALANCE ACTUAL
Agregado; 2024-06-18 13:07:40; Préstamo: 356 Pago de cliente: angela frias genao Balance anterior $95000.00 Monto pagado $5000.00 INTERES $95000.00 BALANCE ACTUAL
Agregado; 2024-06-18 13:08:03; Préstamo: 327 Pago de cliente: claribel altagracia mendoza hernandez Balance anterior $50000.00 Monto pagado $2500.00 INTERES $50000.00 BALANCE ACTUAL
Agregado; 2024-06-18 13:08:39; Préstamo: 103 Pago de cliente: pedro pablo valdez sanchez Balance anterior $206000.00 Monto pagado $10300.00 INTERES $206000.00 BALANCE ACTUAL
Agregado; 2024-06-18 13:08:59; Préstamo: 403 Pago de cliente: dionisio castillo lora Balance anterior $275000.00 Monto pagado $12375.00 INTERES $275000.00 BALANCE ACTUAL
Eliminado; 2024-06-18 13:10:50; Préstamo: 208 Adicional del cliente: luisa kery monto ADICIONAL $50000
Eliminado; 2024-06-18 13:10:50; adicional del présamo: 208 
Actualizado; 2024-06-18 13:10:50; Préstamo: 208 
Eliminado; 2024-06-18 13:10:50; Préstamo:  Adicional del cliente:  monto  $
Eliminado; 2024-06-18 13:10:50; adicional del présamo:  
Actualizado; 2024-06-18 13:10:50; Préstamo:  
Eliminado; 2024-06-18 13:12:28; Préstamo: 208 Adicional del cliente: luisa kery monto ADICIONAL $50000
Eliminado; 2024-06-18 13:12:28; adicional del présamo: 208 
Actualizado; 2024-06-18 13:12:28; Préstamo: 208 
Eliminado; 2024-06-18 13:12:28; Préstamo:  Adicional del cliente:  monto  $
Eliminado; 2024-06-18 13:12:28; adicional del présamo:  
Actualizado; 2024-06-18 13:12:28; Préstamo:  
Agregado; 2024-06-18 13:17:29; Nuevo préstamo cliente: luisa kery monto prestado $100000 duración: 10 meses interes: 5000
Agregado; 2024-06-18 13:17:38; Préstamo: 419 Pago de cliente: luisa kery Balance anterior $100000.00 Monto pagado $5000.00 INTERES $100000.00 BALANCE ACTUAL
Agregado; 2024-06-18 13:40:18; Préstamo: 137 Adicional al capital, cliente:  $10000
Agregado; 2024-06-18 14:32:58; Préstamo: 386 Adicional al capital, cliente:  $5000
Actualizado; 2024-06-18 15:09:33; Préstamo cliente: colombino mata juma monto prestado $144500.00 duración: 10 meses interes: 8225
Actualizado; 2024-06-18 15:12:32; Préstamo cliente: erika gonzalez ramirez  monto prestado $170000.00 duración: 10 meses interes: 8900
Actualizado; 2024-06-18 15:13:12; Préstamo cliente: edilcia encarnacion encarnacion  monto prestado $60000.00 duración: 10 meses interes: 3500
Actualizado; 2024-06-18 15:21:51; Préstamo cliente: marino candelario compres monto prestado $107000.00 duración: 10 meses interes: 6850
Actualizado; 2024-06-18 15:24:01; Préstamo cliente: nolberto joel lopez de jesus monto prestado $35000.00 duración: 10 meses interes: 5525
Actualizado; 2024-06-18 15:29:00; Préstamo cliente: rhoneer guzman ozoria monto prestado $100000.00 duración: 10 meses interes: 10700
Actualizado; 2024-06-18 15:29:36; Préstamo cliente: ramon garcia monto prestado $62000.00 duración: 10 meses interes: 4850
Actualizado; 2024-06-18 15:29:59; Préstamo cliente: ramon quiro melo monto prestado $60000.00 duración: 10 meses interes: 4500
Actualizado; 2024-06-18 15:31:03; Préstamo cliente: timmy daniel martinez vilorio monto prestado $123000.00 duración: 10 meses interes: 7750
Actualizado; 2024-06-18 15:32:30; Préstamo cliente: winny esther mercado palomino monto prestado $100000.00 duración: 10 meses interes: 4800
Agregado; 2024-06-18 18:52:15; Préstamo: 407 Adicional al capital, cliente:  $25000
Agregado; 2024-06-18 18:58:08; Préstamo: 364 Pago de cliente: jose francisco lopez fermin Balance anterior $185000.00 Monto pagado $9250.00 INTERES $185000.00 BALANCE ACTUAL
Actualizado; 2024-06-18 18:59:56; Préstamo cliente: alciviades paredes javier monto prestado $125000.00 duración: 10 meses interes: 7500
Actualizado; 2024-06-18 19:04:59; Préstamo cliente: ulfralina gonzalez de la rosa monto prestado $80000.00 duración: 10 meses interes: 6100
