Agregado; 2025-01-31 14:31:05; Nuevo préstamo cliente: Daniel Antonio roque brito monto prestado $30000 duración: 10 meses interes: 1500
Agregado; 2025-01-31 15:03:47; Préstamo: 330 Pago de cliente: juan carlos medina osorio Balance anterior $160000.00 Monto pagado $4000.00 INTERES $160000.00 BALANCE ACTUAL
Agregado; 2025-01-31 15:04:21; Préstamo: 330 Pago de cliente: juan carlos medina osorio Balance anterior $160000.00 Monto pagado $3000.00 PAGO IRREGULAR $160000.00 BALANCE ACTUAL
Actualizado; 2025-01-31 15:16:37; Préstamo cliente: Daniel Antonio roque brito monto prestado $25000 duración: 10 meses interes: 1500
Actualizado; 2025-01-31 15:16:53; Préstamo cliente: Daniel Antonio roque brito monto prestado $25000.00 duración: 10 meses interes: 1250
Actualizado; 2025-01-31 15:17:38; Préstamo cliente: Daniel Antonio roque brito monto prestado $25000.00 duración: 3 meses interes: 1250
Agregado; 2025-01-31 15:54:09; Préstamo: 279 Pago de cliente: perla massiel acosta faña Balance anterior $100000.00 Monto pagado $2500.00 INTERES $100000.00 BALANCE ACTUAL
Agregado; 2025-01-31 16:00:45; Préstamo: 357 Abono al capital de cliente: teresa morel gabino $1300 
Agregado; 2025-01-31 16:25:04; Nuevo préstamo cliente: celso garcia castillo monto prestado $40000 duración: 10 meses interes: 2800
Actualizado; 2025-01-31 16:47:42; Préstamo cliente: nidia elsa ramona oller javier monto prestado $100000.00 duración: 10 meses interes: 6950
Agregado; 2025-01-31 16:56:08; Préstamo: 400 Adicional al capital, cliente:  $20000
Agregado; 2025-01-31 16:59:52; Nuevo préstamo cliente: nidia elsa ramona oller javier monto prestado $170000 duración: 10 meses interes: 8500
Actualizado; 2025-01-31 17:00:58; Préstamo cliente: nidia elsa ramona oller javier monto prestado $170000.00 duración: 10 meses interes: 8500
Actualizado; 2025-01-31 17:01:08; Préstamo cliente: nidia elsa ramona oller javier monto prestado $170000.00 duración: 10 meses interes: 8500
Actualizado; 2025-01-31 17:03:27; Préstamo cliente: nidia elsa ramona oller javier monto prestado $170000.00 duración: 10 meses interes: 8500
Eliminado; 2025-01-31 17:05:46; Préstamo: 400 Cliente: nidia elsa ramona oller javier monto $159000.00 duración: 10 meses interes: 7950.00
Eliminado; 2025-01-31 17:05:46; Préstamo: 400 
Eliminado; 2025-01-31 17:05:46; amortización: 400 
Agregado; 2025-01-31 17:57:07; Nuevo préstamo cliente: irvin francisco de leon javier monto prestado $285000 duración: 10 meses interes: 14250
Agregado; 2025-01-31 19:05:47; Nuevo préstamo cliente: roberto flores acosta monto prestado $110000 duración: 10 meses interes: 5500
Eliminado; 2025-01-31 19:08:21; Préstamo: 518 Cliente: roberto flores acosta monto $110000.00 duración: 10 meses interes: 5500.00
Eliminado; 2025-01-31 19:08:21; Préstamo: 518 
Eliminado; 2025-01-31 19:08:21; amortización: 518 
Agregado; 2025-01-31 19:22:04; Nuevo préstamo cliente: roberto flores acosta monto prestado $110000 duración: 10 meses interes: 5500
Agregado; 2025-01-31 19:42:48; Préstamo: 453 Adicional al capital, cliente:  $6000
