Agregado; 2023-08-24 09:09:48; PAGO IRREGULAR
Agregado; 2023-08-24 09:10:35; PAGO IRREGULAR
Agregado; 2023-08-24 09:10:45; PAGO IRREGULAR
Agregado; 2023-08-24 09:12:25; PAGO IRREGULAR
Agregado; 2023-08-24 09:12:34; PAGO IRREGULAR
Agregado; 2023-08-24 09:12:44; PAGO IRREGULAR
Agregado; 2023-08-24 09:12:54; PAGO IRREGULAR
Agregado; 2023-08-24 09:13:02; PAGO IRREGULAR
Agregado; 2023-08-24 09:13:29; PAGO IRREGULAR
Agregado; 2023-08-24 09:13:42; PAGO IRREGULAR
Agregado; 2023-08-24 09:14:01; PAGO IRREGULAR
Agregado; 2023-08-24 09:14:44; PAGO IRREGULAR
Agregado; 2023-08-24 09:15:18; PAGO IRREGULAR
Agregado; 2023-08-24 09:28:30; PAGO IRREGULAR
Agregado; 2023-08-24 09:28:47; PAGO IRREGULAR
Agregado; 2023-08-24 09:29:21; PAGO IRREGULAR
Agregado; 2023-08-24 09:29:48; PAGO IRREGULAR
Agregado; 2023-08-24 09:30:06; PAGO IRREGULAR
Agregado; 2023-08-24 09:30:19; PAGO IRREGULAR
Agregado; 2023-08-24 09:30:31; PAGO IRREGULAR
Agregado; 2023-08-24 09:30:41; PAGO IRREGULAR
Agregado; 2023-08-24 09:30:59; PAGO IRREGULAR
Agregado; 2023-08-24 09:36:24; PAGO IRREGULAR
Agregado; 2023-08-24 09:36:32; PAGO IRREGULAR
Agregado; 2023-08-24 09:37:43; PAGO IRREGULAR
Agregado; 2023-08-24 09:38:17; PAGO IRREGULAR
Agregado; 2023-08-24 09:38:28; PAGO IRREGULAR
Agregado; 2023-08-24 09:38:39; PAGO IRREGULAR
Agregado; 2023-08-24 09:39:00; PAGO IRREGULAR
Agregado; 2023-08-24 09:39:10; PAGO IRREGULAR
Agregado; 2023-08-24 09:39:25; PAGO IRREGULAR
Agregado; 2023-08-24 09:39:38; PAGO IRREGULAR
Agregado; 2023-08-24 09:40:21; PAGO IRREGULAR
Agregado; 2023-08-24 09:40:56; PAGO IRREGULAR
Agregado; 2023-08-24 09:43:16; PAGO IRREGULAR
Agregado; 2023-08-24 09:43:48; PAGO IRREGULAR
Agregado; 2023-08-24 09:44:09; PAGO IRREGULAR
Agregado; 2023-08-24 09:44:45; PAGO IRREGULAR
Agregado; 2023-08-24 09:45:09; PAGO IRREGULAR
Agregado; 2023-08-24 09:46:03; PAGO IRREGULAR
Agregado; 2023-08-24 09:46:30; PAGO IRREGULAR
Agregado; 2023-08-24 09:46:40; PAGO IRREGULAR
Agregado; 2023-08-24 09:47:23; PAGO IRREGULAR
Agregado; 2023-08-24 09:48:35; PAGO IRREGULAR
Agregado; 2023-08-24 09:49:17; PAGO IRREGULAR
Agregado; 2023-08-24 09:51:06; PAGO IRREGULAR
Agregado; 2023-08-24 09:51:28; PAGO IRREGULAR
Agregado; 2023-08-24 09:52:37; PAGO IRREGULAR
Agregado; 2023-08-24 10:57:30; PAGO IRREGULAR
Actualizado; 2023-08-24 11:26:36; Préstamo cliente: nidia elsa ramona oller javier monto prestado $60000.00 duración: 10 meses interes: 3000
Agregado; 2023-08-24 11:38:48; PAGO IRREGULAR
Agregado; 2023-08-24 11:49:58; PAGO IRREGULAR
Agregado; 2023-08-24 12:32:51; PAGO IRREGULAR
Agregado; 2023-08-24 13:29:26; PAGO IRREGULAR
Eliminado; 2023-08-24 17:04:47; Prestamo del cliente: ruth ydelca valdez acosta monto $150000.00 duración: 10 meses interes: 6000.00
Eliminado; 2023-08-24 17:04:47; Préstamo: 92 
Eliminado; 2023-08-24 17:04:47; amortización: 92 
Agregado; 2023-08-24 17:05:34; Nuevo préstamo cliente: ruth ydelca valdez acosta monto prestado $201400 duración: 10 meses interes: 10070
Agregado; 2023-08-24 17:56:37; PAGO IRREGULAR
