Levantada; 2024-03-13 14:50:36; Prestamo del cliente: ana cristina maloon echavarria monto $100000.00 duración: 10 meses interes: 5500.00
Levantada; 2024-03-13 14:50:36; Oposición: 36 
Levantada; 2024-03-13 14:50:50; Prestamo del cliente: estalyn cortorreal ventura monto $60000.00 duración: 10 meses interes: 4200.00
Levantada; 2024-03-13 14:50:50; Oposición: 172 
Agregada; 2024-03-13 15:02:28; Nueva oposición cliente: concepcion jazmin ramon monto prestada $357600.00 duración: 10 meses interes: 17880.00
Agregada; 2024-03-13 15:02:41; Nueva oposición cliente: cruz milda benjamin henriquez monto prestada $140000.00 duración: 10 meses interes: 9880.00
Agregada; 2024-03-13 15:03:03; Nueva oposición cliente: dionisio castillo lora monto prestada $200000.00 duración: 10 meses interes: 10000.00
Agregada; 2024-03-13 15:03:25; Nueva oposición cliente: estanislao peña monto prestada $72000.00 duración: 10 meses interes: 3600.00
Agregada; 2024-03-13 15:04:16; Nueva oposición cliente: francisco paulino esteban monto prestada $50000.00 duración: 10 meses interes: 5170.00
Agregada; 2024-03-13 15:04:37; Nueva oposición cliente: jorge chavez  monto prestada $110000.00 duración: 10 meses interes: 6230.00
Agregada; 2024-03-13 15:05:02; Nueva oposición cliente: jose orlando vasquez payano monto prestada $25000.00 duración: 15 meses interes: 2500.00
Agregada; 2024-03-13 15:05:38; Nueva oposición cliente: joselisa maridrea payano reyes monto prestada $50000.00 duración: 10 meses interes: 2500.00
Agregada; 2024-03-13 15:05:59; Nueva oposición cliente: lisette zaiz ventura monto prestada $100000.00 duración: 10 meses interes: 11710.00
Agregada; 2024-03-13 15:06:12; Nueva oposición cliente: luisa yanelsi then molina monto prestada $160000.00 duración: 10 meses interes: 8000.00
Agregada; 2024-03-13 15:06:25; Nueva oposición cliente: margarita disla gonzalez monto prestada $80000.00 duración: 10 meses interes: 5500.00
Agregada; 2024-03-13 15:06:42; Nueva oposición cliente: mary cruz henriquez mercedes monto prestada $150000.00 duración: 10 meses interes: 7500.00
Agregada; 2024-03-13 15:08:57; Nueva oposición cliente: nestor pablo perreaux hernandez monto prestada $217000.00 duración: 10 meses interes: 10850.00
Agregada; 2024-03-13 15:10:04; Nueva oposición cliente: jose demetrio abreu monto prestada $36000.00 duración: 9 meses interes: 5000.00
Agregada; 2024-03-13 15:10:45; Nueva oposición cliente: paula ramon jimenez monto prestada $23000.00 duración: 10 meses interes: 1150.00
Agregada; 2024-03-13 15:11:31; Nueva oposición cliente: placido binet caraballo monto prestada $45000.00 duración: 15 meses interes: 4500.00
Agregada; 2024-03-13 15:17:47; Nueva oposición cliente: raquel mercedes marte ferreyra de rodriguez monto prestada $10000.00 duración: 10 meses interes: 500.00
Agregada; 2024-03-13 15:18:10; Nueva oposición cliente: ROSALY ULLOA  monto prestada $272000.00 duración: 23 meses interes: 14100.00
Agregada; 2024-03-13 15:19:06; Nueva oposición cliente: viterbina azor capois monto prestada $260000.00 duración: 10 meses interes: 13000.00
Agregada; 2024-03-13 15:19:18; Nueva oposición cliente: yngris mercedes brito monto prestada $19600.00 duración: 10 meses interes: 980.00
Agregada; 2024-03-13 15:19:29; Nueva oposición cliente: dannessa deyanara rodriguez  monto prestada $250000.00 duración: 10 meses interes: 13000.00
Agregada; 2024-03-13 15:19:41; Nueva oposición cliente: emilia almanzar de la cruz  monto prestada $50000.00 duración: 10 meses interes: 3550.00
Agregada; 2024-03-13 15:20:01; Nueva oposición cliente: jack michael morillo  monto prestada $15000.00 duración: 10 semanas interes: 5700.00
Agregada; 2024-03-13 15:20:11; Nueva oposición cliente: mily cuevas sosa monto prestada $112000.00 duración: 10 meses interes: 8550.00
Agregada; 2024-03-13 15:20:27; Nueva oposición cliente: nicaurys fermin fermin monto prestada $260000.00 duración: 10 meses interes: 13000.00
Agregada; 2024-03-13 15:20:39; Nueva oposición cliente: pedro castillo peralta monto prestada $200000.00 duración: 10 meses interes: 10500.00
Agregada; 2024-03-13 15:20:52; Nueva oposición cliente: colombino mata juma monto prestada $61000.00 duración: 10 meses interes: 7300.00
Agregada; 2024-03-13 15:21:08; Nueva oposición cliente: teresa morel gabino monto prestada $53000.00 duración: 10 meses interes: 2650.00
Agregada; 2024-03-13 15:21:17; Nueva oposición cliente: victoria bueno de peña monto prestada $50000.00 duración: 18 meses interes: 4000.00
Agregada; 2024-03-13 15:21:29; Nueva oposición cliente: roberto rosa polonia monto prestada $60500.00 duración: 20 quincenas interes: 3000.00
Agregada; 2024-03-13 15:21:45; Nueva oposición cliente: maria lopez mejia  monto prestada $50000.00 duración: 10 meses interes: 3000.00
Agregada; 2024-03-13 15:22:37; Nueva oposición cliente: jose hernandez monto prestada $50000.00 duración: 20 meses interes: 3300.00
