Agregado; 2025-06-30 13:27:38; Préstamo: 813 Abono al capital de cliente: pedro castillo peralta $1000 
Agregado; 2025-06-30 13:45:06; PAGO IRREGULAR
Agregado; 2025-06-30 13:45:06; Préstamo: 807 Abono al capital de cliente: marino candelario compres $12000 
Agregado; 2025-06-30 13:49:30; Préstamo: 712 Abono al capital de cliente: erika gonzalez ramirez $2200 
Agregado; 2025-06-30 13:50:00; PAGO IRREGULAR
Agregado; 2025-06-30 13:50:00; Préstamo: 816 Abono al capital de cliente: erika gonzalez ramirez $3000 
Agregado; 2025-06-30 13:50:39; PAGO IRREGULAR
Agregado; 2025-06-30 13:50:39; Préstamo: 797 Abono al capital de cliente: erika gonzalez ramirez $5000 
Agregado; 2025-06-30 13:52:35; PAGO IRREGULAR
Agregado; 2025-06-30 13:52:35; Préstamo: 790 Abono al capital de cliente: luisa yanelsi then molina $4900 
Agregado; 2025-06-30 13:53:42; PAGO IRREGULAR
Agregado; 2025-06-30 13:53:42; Préstamo: 771 Abono al capital de cliente: gloria tatiana fermin de la rosa $3300 
Agregado; 2025-06-30 13:54:40; PAGO IRREGULAR
Agregado; 2025-06-30 13:55:22; Préstamo: 799 Abono al capital de cliente: vianela almonte lopez $1500 
Agregado; 2025-06-30 14:00:06; PAGO IRREGULAR
Agregado; 2025-06-30 14:00:06; Préstamo: 806 Abono al capital de cliente: juan alfonso concepcion vazquez $10000 
Agregado; 2025-06-30 14:03:01; Nuevo préstamo cliente: ROSALY ULLOA  monto prestado $4900 duración: 1 mes interes: 0
Agregado; 2025-06-30 14:03:19; Préstamo: 833 Abono al capital de cliente: ROSALY ULLOA $4900 
Agregado; 2025-06-30 14:09:34; Nuevo préstamo cliente: lorenza maria jose avelino monto prestado $6800 duración: 1 mes interes: 0
Eliminado; 2025-06-30 14:09:45; Préstamo: 808 Cliente: lorenza maria jose avelino monto $5000.00 duración: 1 mes interes: 1800.00
Agregado; 2025-06-30 14:10:04; Préstamo: 834 Abono al capital de cliente: lorenza maria jose avelino $1700 
Agregado; 2025-06-30 18:01:55; Préstamo: 834 Abono al capital de cliente: lorenza maria jose avelino $5100 
