Agregado; 2023-08-24 08:21:30; PAGO IRREGULAR
Agregado; 2023-08-24 08:21:30; abono al capital de cliente: dannessa deyanara rodriguez $1000 
Agregado; 2023-08-24 08:36:37; Nuevo préstamo cliente: modesto gonzalez lopez monto prestado $9200.00 duración: 1 mes interes: 500.00
Eliminado; 2023-08-24 08:56:59; Prestamo del cliente: modesto gonzalez lopez monto $26500.00 duración: 6 meses interes: 5.00
Agregado; 2023-08-24 08:59:16; PAGO IRREGULAR
Agregado; 2023-08-24 08:59:16; abono al capital de cliente: modesto gonzalez lopez $9200 
Agregado; 2023-08-24 09:27:05; Nuevo préstamo cliente: modesto gonzalez lopez monto prestado $800 duración: 1 mes interes: 200
Agregado; 2023-08-24 09:58:33; Nuevo préstamo cliente: jorge luis cepeda martinez monto prestado $3500.00 duración: 1 mes interes: 500.00
Agregado; 2023-08-24 09:58:41; PAGO IRREGULAR
Agregado; 2023-08-24 09:58:41; abono al capital de cliente: jorge luis cepeda martinez $3500 
Agregado; 2023-08-24 09:58:55; PAGO IRREGULAR
Agregado; 2023-08-24 09:58:55; abono al capital de cliente: JUAN ALFONSO CONCEPCION VAZQUEZ $2000 
Eliminado; 2023-08-24 10:16:22; Abono del cliente: ramon quiro melo monto INTERES $3000
Eliminado; 2023-08-24 10:16:22; Abono del cliente:  monto  $
Eliminado; 2023-08-24 10:16:31; Abono del cliente: ramon quiro melo monto CAPITAL $4000
Eliminado; 2023-08-24 10:16:31; Abono del cliente:  monto  $
Eliminado; 2023-08-24 10:16:48; Abono del cliente: ramon quiro melo monto INTERES $3000
Eliminado; 2023-08-24 10:16:48; Abono del cliente:  monto  $
Agregado; 2023-08-24 10:17:53; Nuevo préstamo cliente: ramon quiro melo monto prestado $11000.00 duración: 4 meses interes: 750
Agregado; 2023-08-24 10:18:08; Nuevo préstamo cliente: ramon quiro melo monto prestado $15000.00 duración: 4 meses interes: 750.00
Agregado; 2023-08-24 10:18:25; PAGO IRREGULAR
Agregado; 2023-08-24 10:18:25; abono al capital de cliente: ramon quiro melo $2250 
Eliminado; 2023-08-24 10:18:37; Abono del cliente: ramon quiro melo monto INTERES $750
Eliminado; 2023-08-24 10:18:37; Abono del cliente:  monto  $
Eliminado; 2023-08-24 10:18:44; Abono del cliente: ramon quiro melo monto CAPITAL $2250
Eliminado; 2023-08-24 10:18:45; Abono del cliente:  monto  $
Agregado; 2023-08-24 10:19:02; Nuevo préstamo cliente: ramon quiro melo monto prestado $12750.00 duración: 4 meses interes: 750.00
Agregado; 2023-08-24 10:19:13; Nuevo préstamo cliente: ramon quiro melo monto prestado $15000.00 duración: 4 meses interes: 750.00
Agregado; 2023-08-24 10:20:06; PAGO IRREGULAR
Agregado; 2023-08-24 10:20:06; abono al capital de cliente: ramon quiro melo $6250 
Eliminado; 2023-08-24 10:20:24; Abono del cliente: ramon quiro melo monto INTERES $750
Eliminado; 2023-08-24 10:20:24; Abono del cliente:  monto  $
Eliminado; 2023-08-24 10:20:33; Abono del cliente: ramon quiro melo monto CAPITAL $6250
Eliminado; 2023-08-24 10:20:33; Abono del cliente:  monto  $
Agregado; 2023-08-24 10:20:46; Nuevo préstamo cliente: ramon quiro melo monto prestado $15000 duración: 4 meses interes: 750.00
Agregado; 2023-08-24 10:21:02; PAGO IRREGULAR
Agregado; 2023-08-24 10:21:02; abono al capital de cliente: ramon quiro melo $6250 
Agregado; 2023-08-24 10:21:19; PAGO IRREGULAR
Agregado; 2023-08-24 10:21:19; abono al capital de cliente: ramon quiro melo $2250 
Agregado; 2023-08-24 10:21:37; PAGO IRREGULAR
Agregado; 2023-08-24 10:21:37; abono al capital de cliente: ramon quiro melo $2250 
Eliminado; 2023-08-24 10:23:00; Abono del cliente: ramon quiro melo monto INTERES $750
Eliminado; 2023-08-24 10:23:00; Abono del cliente:  monto  $
Eliminado; 2023-08-24 10:23:13; Abono del cliente:  monto  $
Eliminado; 2023-08-24 10:23:14; Abono del cliente: ramon quiro melo monto CAPITAL $2250
Agregado; 2023-08-24 10:24:02; Nuevo préstamo cliente: ramon quiro melo monto prestado $6500 duración: 4 meses interes: 750.00
Agregado; 2023-08-24 10:24:16; PAGO IRREGULAR
Agregado; 2023-08-24 10:24:16; abono al capital de cliente: ramon quiro melo $2250 
Agregado; 2023-08-24 10:47:46; PAGO IRREGULAR
Agregado; 2023-08-24 10:47:46; abono al capital de cliente: hector bienvenido maria liranzo $2800 
Agregado; 2023-08-24 10:52:50; PAGO IRREGULAR
Agregado; 2023-08-24 10:53:03; PAGO IRREGULAR
Agregado; 2023-08-24 15:11:15; Nuevo préstamo cliente: roberto rosa polonia monto prestado $110000.00 duración: 1 mes interes: 10.00
