Agregado; 2025-10-23 14:08:09; Nuevo préstamo cliente: orlando nuñez sanchez monto prestado $10000 duración: 1 mes interes: 2000
Agregado; 2025-10-23 15:05:25; PAGO IRREGULAR
Agregado; 2025-10-23 15:05:25; Préstamo: 941 Abono al capital de cliente: mily cuevas sosa $5000 
Agregado; 2025-10-23 15:43:43; Nuevo préstamo cliente: sebastiana tirado melo monto prestado $5000 duración: 1 mes interes: 300
Agregado; 2025-10-23 15:47:22; Nuevo préstamo cliente: ROSALY ULLOA  monto prestado $4700 duración: 1 mes interes: 0
Agregado; 2025-10-23 15:47:52; Préstamo: 967 Abono al capital de cliente: ROSALY ULLOA $4700 
Agregado; 2025-10-23 15:51:07; Préstamo: 966 Abono al capital de cliente: sebastiana tirado melo $2000 
Agregado; 2025-10-23 15:51:29; Préstamo: 966 Abono al capital de cliente: sebastiana tirado melo $3000 
Agregado; 2025-10-23 15:59:13; PAGO IRREGULAR
Agregado; 2025-10-23 15:59:13; Préstamo: 960 Abono al capital de cliente: rhoneer guzman ozoria $4500 
Agregado; 2025-10-23 16:29:24; PAGO IRREGULAR
Agregado; 2025-10-23 16:29:24; Préstamo: 956 Abono al capital de cliente: pedro castillo peralta $4300 
Agregado; 2025-10-23 16:33:11; PAGO IRREGULAR
Agregado; 2025-10-23 16:33:11; Préstamo: 945 Abono al capital de cliente: justo rafael dipuglia rosario $5000 
Agregado; 2025-10-23 16:41:39; PAGO IRREGULAR
Agregado; 2025-10-23 16:41:39; Préstamo: 953 Abono al capital de cliente: erika gonzalez ramirez $1700 
Agregado; 2025-10-23 16:41:59; Préstamo: 908 Abono al capital de cliente: erika gonzalez ramirez $5100 
Agregado; 2025-10-23 16:45:17; Préstamo: 958 Abono al capital de cliente: edward alexander polanco alvarado $3200 
Agregado; 2025-10-23 16:50:33; Nuevo préstamo cliente: gloria tatiana fermin de la rosa monto prestado $2000 duración: 1 mes interes: 300
Agregado; 2025-10-23 16:50:47; PAGO IRREGULAR
Agregado; 2025-10-23 16:50:47; Préstamo: 968 Abono al capital de cliente: gloria tatiana fermin de la rosa $2000 
Agregado; 2025-10-23 19:46:12; Préstamo: 954 Adicional al capital, cliente:  $16500
Agregado; 2025-10-23 19:49:39; Nuevo préstamo cliente: pedro castillo peralta monto prestado $4000 duración: 1 mes interes: 500
