Agregado; 2026-02-24 12:52:51; PAGO IRREGULAR
Agregado; 2026-02-24 12:52:51; Préstamo: 1100 Abono al capital de cliente: CIRILA MARITZA BEATO SANTANA $8700 
Agregado; 2026-02-24 12:54:42; PAGO IRREGULAR
Agregado; 2026-02-24 12:54:42; Préstamo: 1106 Abono al capital de cliente: ana faustina faña gil $4000 
Agregado; 2026-02-24 12:58:01; Nuevo préstamo cliente: ROSALY ULLOA  monto prestado $4600 duración: 1 mes interes: 0
Agregado; 2026-02-24 12:58:15; Préstamo: 1115 Abono al capital de cliente: ROSALY ULLOA $4600 
Agregado; 2026-02-24 13:07:02; Préstamo: 1101 Abono al capital de cliente: teresa adaldenia paula $3000 
Agregado; 2026-02-24 13:07:24; Préstamo: 1072 Abono al capital de cliente: teresa adaldenia paula $4470 
Agregado; 2026-02-24 13:12:45; Préstamo: 1071 Abono al capital de cliente: ramon quiro melo $6000 
Agregado; 2026-02-24 13:20:12; Préstamo: 1096 Adicional al capital, cliente:  $5500
Agregado; 2026-02-24 13:21:26; Préstamo: 1085 Abono al capital de cliente: enrique perez peña $5000 
Agregado; 2026-02-24 13:27:29; Préstamo: 1083 Abono al capital de cliente: pedro castillo peralta $1700 
Agregado; 2026-02-24 13:28:54; PAGO IRREGULAR
Agregado; 2026-02-24 13:28:54; Préstamo: 1024 Abono al capital de cliente: edward alexander polanco alvarado $1300 
Agregado; 2026-02-24 13:30:54; PAGO IRREGULAR
Agregado; 2026-02-24 13:30:54; Préstamo: 1108 Abono al capital de cliente: rhoneer guzman ozoria $2000 
Agregado; 2026-02-24 13:33:01; Préstamo: 1097 Abono al capital de cliente: erika gonzalez ramirez $7800 
Agregado; 2026-02-24 13:43:34; Préstamo: 1076 Abono al capital de cliente: robert herminio de jesus rodriguez $2900 
Agregado; 2026-02-24 13:45:12; PAGO IRREGULAR
Agregado; 2026-02-24 13:45:12; Préstamo: 1099 Abono al capital de cliente: nery vianney garcia rodriguez $4000 
Agregado; 2026-02-24 16:12:16; Nuevo préstamo cliente: alexis paredes faña monto prestado $5000 duración: 1 mes interes: 500
Agregado; 2026-02-24 16:46:17; Préstamo: 1098 Adicional al capital, cliente:  $5500
Agregado; 2026-02-24 18:44:28; Préstamo: 963 Adicional al capital, cliente:  $2000
