Agregado; 2026-01-29 14:15:45; Préstamo: 1067 Abono al capital de cliente: rhoneer guzman ozoria $4100 
Agregado; 2026-01-29 14:19:37; Préstamo: 1044 Abono al capital de cliente: justo rafael dipuglia rosario $2200 
Agregado; 2026-01-29 14:37:19; PAGO IRREGULAR
Agregado; 2026-01-29 14:37:19; Préstamo: 1071 Abono al capital de cliente: ramon quiro melo $00 
Eliminado; 2026-01-29 14:37:52; Préstamo: 1071 Abono del cliente: ramon quiro melo monto PAGO IRREGULAR $6000
Eliminado; 2026-01-29 14:37:52; Préstamo:  Abono del cliente:  monto  $
Agregado; 2026-01-29 14:38:16; Préstamo: 1071 Abono al capital de cliente: ramon quiro melo $6000 
Agregado; 2026-01-29 14:52:22; Préstamo: 1014 Adicional al capital, cliente:  $8000
Agregado; 2026-01-29 14:56:48; Préstamo: 1074 Abono al capital de cliente: luisa yanelsi then molina $2200 
Agregado; 2026-01-29 15:02:01; Préstamo: 1072 Abono al capital de cliente: teresa adaldenia paula $4300 
Agregado; 2026-01-29 15:03:13; Préstamo: 1058 Abono al capital de cliente: enrique perez peña $5000 
Agregado; 2026-01-29 15:06:13; Préstamo: 1068 Abono al capital de cliente: roberto hernandez sanchez $3600 
Agregado; 2026-01-29 15:07:51; Nuevo préstamo cliente: ROSALY ULLOA  monto prestado $4600 duración: 1 mes interes: 0
Agregado; 2026-01-29 15:08:11; Préstamo: 1078 Abono al capital de cliente: ROSALY ULLOA $4600 
Agregado; 2026-01-29 15:11:41; Préstamo: 1043 Abono al capital de cliente: yuderky ramona gama olivo $900 
Agregado; 2026-01-29 15:20:36; Préstamo: 1065 Abono al capital de cliente: edward alexander polanco alvarado $2200 
Eliminado; 2026-01-29 15:21:02; Préstamo:  Abono del cliente:  monto  $
Eliminado; 2026-01-29 15:21:03; Préstamo: 1024 Abono del cliente: edward alexander polanco alvarado monto CAPITAL $2700
Agregado; 2026-01-29 15:24:12; Préstamo: 1024 Abono al capital de cliente: edward alexander polanco alvarado $600 
Agregado; 2026-01-29 15:28:05; Préstamo: 908 Abono al capital de cliente: erika gonzalez ramirez $5400 
Agregado; 2026-01-29 15:32:10; Préstamo: 1063 Abono al capital de cliente: nery vianney garcia rodriguez $4500 
Agregado; 2026-01-29 15:37:29; Préstamo: 1057 Abono al capital de cliente: juan alfonso concepcion vazquez $1100 
Agregado; 2026-01-29 15:42:01; Préstamo: 1036 Abono al capital de cliente: pedro castillo peralta $1100 
Agregado; 2026-01-29 15:54:53; Préstamo: 1069 Abono al capital de cliente: concepcion jazmin ramon $20000 
Agregado; 2026-01-29 16:10:46; Préstamo: 914 Abono al capital de cliente: raul caraballo liranzo $5500 
Agregado; 2026-01-29 19:17:43; PAGO IRREGULAR
Agregado; 2026-01-29 19:17:43; Préstamo: 992 Abono al capital de cliente: mily cuevas sosa $1800 
Agregado; 2026-01-29 20:27:45; Préstamo: 1068 Adicional al capital, cliente:  $7000
Agregado; 2026-01-29 20:55:15; Nuevo préstamo cliente: modesta crecencia paredes pierrot monto prestado $1500 duración: 1 mes interes: 200
