Agregado; 2025-04-01 17:16:08; Nuevo préstamo cliente: jose alberto rodriguez de aza monto prestado $3000 duración: 1 mes interes: 500
Agregado; 2025-04-01 17:52:34; Préstamo: 728 Adicional al capital, cliente:  $11000
Agregado; 2025-04-01 18:41:44; Préstamo: 693 Adicional al capital, cliente:  $23500
Agregado; 2025-04-01 19:58:29; TEST: Préstamo: 351 Saldo del préstamo de cliente:  $33000.00 
Agregado; 2025-04-01 19:58:33; TEST: Préstamo:  Saldo del préstamo de cliente:  $ 
Agregado; 2025-04-01 20:02:20; TEST: Préstamo:  Saldo del préstamo de cliente:  $ 
Agregado; 2025-04-01 20:02:26; TEST: Préstamo:  Saldo del préstamo de cliente:  $ 
Agregado; 2025-04-01 20:02:59; TEST: Préstamo: 351 Saldo del préstamo de cliente:  $33000.00 
Agregado; 2025-04-01 20:03:02; TEST: Préstamo:  Saldo del préstamo de cliente:  $ 
Agregado; 2025-04-01 20:04:00; TEST: Préstamo: 351 Saldo del préstamo de cliente:  $33000.00 
Agregado; 2025-04-01 20:04:04; TEST: Préstamo:  Saldo del préstamo de cliente:  $ 
Agregado; 2025-04-01 20:08:57; Nuevo préstamo cliente: angel luis moris echavarria monto prestado $1500 duración: 1 mes interes: 0
Agregado; 2025-04-01 20:14:41; TEST: Préstamo: 351 Saldo del préstamo de cliente:  $33000.00 Balance actual: 33000.00  Debido: 0
Agregado; 2025-04-01 20:14:45; TEST: Préstamo:  Saldo del préstamo de cliente:  $ Balance actual:   Debido: 0
Agregado; 2025-04-01 20:15:13; Nuevo préstamo cliente: erika gonzalez ramirez  monto prestado $2500 duración: 1 mes interes: 200
Agregado; 2025-04-01 20:20:09; TEST: Préstamo: 506 Saldo del préstamo de cliente:  $80000.00 Balance actual: 80000.00  Debido: 0
Agregado; 2025-04-01 20:20:14; TEST: Préstamo:  Saldo del préstamo de cliente:  $ Balance actual:   Debido: 0
Agregado; 2025-04-01 20:31:21; TEST: Préstamo: 506 Saldo del préstamo de cliente:  $80000.00 Balance actual: 80000.00  Debido: 0
Agregado; 2025-04-01 20:31:24; TEST: Préstamo:  Saldo del préstamo de cliente:  $ Balance actual:   Debido: 0
Agregado; 2025-04-01 20:37:24; TEST: Préstamo:  Saldo del préstamo de cliente:  $ Balance actual:   Debido: 0
Agregado; 2025-04-01 20:37:30; TEST: Préstamo:  Saldo del préstamo de cliente:  $ Balance actual:   Debido: 0
Agregado; 2025-04-01 20:38:02; TEST: Préstamo: 506 Saldo del préstamo de cliente:  $80000.00 Balance actual: 80000.00  Debido: 0
Agregado; 2025-04-01 20:38:05; TEST: Préstamo:  Saldo del préstamo de cliente:  $ Balance actual:   Debido: 0
Agregado; 2025-04-01 20:39:21; TEST: Préstamo: 506 Saldo del préstamo de cliente:  $80000.00 Balance actual: 80000.00  Debido: 0
Agregado; 2025-04-01 20:39:24; TEST: Préstamo:  Saldo del préstamo de cliente:  $ Balance actual:   Debido: 0
Agregado; 2025-04-01 20:40:35; TEST: Préstamo:  Saldo del préstamo de cliente:  $ Balance actual:   Debido: 0
Agregado; 2025-04-01 20:40:40; TEST: Préstamo:  Saldo del préstamo de cliente:  $ Balance actual:   Debido: 0
Agregado; 2025-04-01 20:41:23; TEST: Préstamo: 506 Saldo del préstamo de cliente:  $80000.00 Balance actual: 80000.00  Debido: 0
Agregado; 2025-04-01 20:41:25; TEST: Préstamo:  Saldo del préstamo de cliente:  $ Balance actual:   Debido: 0
Agregado; 2025-04-01 20:45:26; TEST: Préstamo: 685 Saldo del préstamo de cliente:  $15000.00 Balance actual: 15000.00  Debido: 0
Agregado; 2025-04-01 20:45:29; TEST: Préstamo:  Saldo del préstamo de cliente:  $ Balance actual:   Debido: 0
Agregado; 2025-04-01 20:47:02; TEST: Préstamo: 597 Saldo del préstamo de cliente:  $167000.00 Balance actual: 167000.00  Debido: 0
Agregado; 2025-04-01 20:47:06; TEST: Préstamo:  Saldo del préstamo de cliente:  $ Balance actual:   Debido: 0
