Agregado; 2025-08-23 13:07:19; PAGO IRREGULAR
Agregado; 2025-08-23 13:07:20; Préstamo: 857 Abono al capital de cliente: pedro castillo peralta $5000 
Agregado; 2025-08-23 13:09:34; PAGO IRREGULAR
Agregado; 2025-08-23 13:09:34; Préstamo: 877 Abono al capital de cliente: justo rafael dipuglia rosario $1000 
Agregado; 2025-08-23 13:09:52; Préstamo: 846 Abono al capital de cliente: justo rafael dipuglia rosario $1500 
Agregado; 2025-08-23 13:10:06; Préstamo: 855 Abono al capital de cliente: justo rafael dipuglia rosario $1200 
Agregado; 2025-08-23 13:12:57; Nuevo préstamo cliente: justo rafael dipuglia rosario monto prestado $2500 duración: 1 mes interes: 0
Agregado; 2025-08-23 13:33:50; Nuevo préstamo cliente: ROSALY ULLOA  monto prestado $4800 duración: 1 mes interes: 0
Agregado; 2025-08-23 13:34:02; Préstamo: 900 Abono al capital de cliente: ROSALY ULLOA $4800 
Agregado; 2025-08-23 13:47:57; Nuevo préstamo cliente: dannessa deyanara rodriguez  monto prestado $11000 duración: 1 mes interes: 0
Agregado; 2025-08-23 13:50:55; Préstamo: 891 Abono al capital de cliente: edward alexander polanco alvarado $3200 
Agregado; 2025-08-23 13:53:00; PAGO IRREGULAR
Agregado; 2025-08-23 13:53:00; Préstamo: 860 Abono al capital de cliente: yuderky ramona gama olivo $4600 
Agregado; 2025-08-23 13:56:33; PAGO IRREGULAR
Agregado; 2025-08-23 13:56:33; Préstamo: 866 Abono al capital de cliente: rhoneer guzman ozoria $2500 
Agregado; 2025-08-23 13:59:17; Préstamo: 837 Abono al capital de cliente: erika gonzalez ramirez $6800 
Agregado; 2025-08-23 14:11:23; Nuevo préstamo cliente: sebastiana tirado melo monto prestado $2300 duración: 1 mes interes: 0
Agregado; 2025-08-23 14:11:36; Préstamo: 902 Abono al capital de cliente: sebastiana tirado melo $2300 
Agregado; 2025-08-23 15:48:00; Nuevo préstamo cliente: pedro castillo peralta monto prestado $14000 duración: 1 mes interes: 0
Agregado; 2025-08-23 15:53:23; Nuevo préstamo cliente: angel luis moris echavarria monto prestado $7000 duración: 1 mes interes: 0
Agregado; 2025-08-23 15:56:28; Nuevo préstamo cliente: rhoneer guzman ozoria monto prestado $5500 duración: 1 mes interes: 0
Agregado; 2025-08-23 15:56:42; Préstamo: 871 Adicional al capital, cliente:  $3000
Eliminado; 2025-08-23 16:06:10; Préstamo: 905 Cliente: rhoneer guzman ozoria monto $5500.00 duración: 1 mes interes: 0.00
Agregado; 2025-08-23 16:06:54; Nuevo préstamo cliente: rhoneer guzman ozoria monto prestado $45000 duración: 1 mes interes: 0
Agregado; 2025-08-23 16:32:49; Nuevo préstamo cliente: luisa yanelsi then molina monto prestado $1500 duración: 1 mes interes: 500
