Agregado; 2026-03-24 12:58:25; PAGO IRREGULAR
Agregado; 2026-03-24 12:58:25; Préstamo: 1100 Abono al capital de cliente: CIRILA MARITZA BEATO SANTANA $1300 
Agregado; 2026-03-24 12:59:49; Préstamo: 1071 Abono al capital de cliente: ramon quiro melo $6000 
Agregado; 2026-03-24 13:14:30; PAGO IRREGULAR
Agregado; 2026-03-24 13:14:30; Préstamo: 1118 Abono al capital de cliente: rhoneer guzman ozoria $2000 
Agregado; 2026-03-24 13:27:46; PAGO IRREGULAR
Agregado; 2026-03-24 13:32:58; PAGO IRREGULAR
Agregado; 2026-03-24 13:32:58; Préstamo: 1117 Abono al capital de cliente: marino candelario compres $900 
Agregado; 2026-03-24 13:34:54; Préstamo: 1121 Abono al capital de cliente: jose francisco silvestre marte $4000 
Agregado; 2026-03-24 13:35:24; Préstamo: 718 Abono al capital de cliente: ROSALY ULLOA $15000 
Agregado; 2026-03-24 13:36:13; Préstamo: 718 Adicional al capital, cliente:  $15000
Agregado; 2026-03-24 13:41:32; Préstamo: 1083 Abono al capital de cliente: pedro castillo peralta $1800 
Agregado; 2026-03-24 13:44:30; Préstamo: 1072 Abono al capital de cliente: teresa adaldenia paula $1100 
Agregado; 2026-03-24 13:48:43; Préstamo: 1097 Abono al capital de cliente: erika gonzalez ramirez $5100 
Agregado; 2026-03-24 13:50:13; PAGO IRREGULAR
Agregado; 2026-03-24 13:50:13; Préstamo: 1133 Abono al capital de cliente: nery vianney garcia rodriguez $4200 
Agregado; 2026-03-24 13:51:41; PAGO IRREGULAR
Agregado; 2026-03-24 13:51:41; Préstamo: 1024 Abono al capital de cliente: edward alexander polanco alvarado $1200 
Agregado; 2026-03-24 13:52:03; PAGO IRREGULAR
Agregado; 2026-03-24 13:52:03; Préstamo: 1131 Abono al capital de cliente: gloria tatiana fermin de la rosa $2000 
Agregado; 2026-03-24 13:54:22; Nuevo préstamo cliente: jorge chavez  monto prestado $5000 duración: 1 mes interes: 0
Agregado; 2026-03-24 13:54:50; Nuevo préstamo cliente: jorge chavez  monto prestado $6000.00 duración: 1 mes interes: 
Agregado; 2026-03-24 15:30:40; Préstamo: 1117 Adicional al capital, cliente:  $800
