Agregado; 2026-02-17 17:24:03; PAGO IRREGULAR
Agregado; 2026-02-17 17:24:04; Préstamo: 1092 Abono al capital de cliente: pedro garcia reyes $4000 
Agregado; 2026-02-17 17:27:20; PAGO IRREGULAR
Agregado; 2026-02-17 17:27:20; Préstamo: 1079 Abono al capital de cliente: modesta crecencia paredes pierrot $1500 
Agregado; 2026-02-17 17:33:04; PAGO IRREGULAR
Agregado; 2026-02-17 17:33:04; Préstamo: 1075 Abono al capital de cliente: epifanio cortorreal balbuena $5000 
Agregado; 2026-02-17 17:44:18; PAGO IRREGULAR
Agregado; 2026-02-17 17:44:18; Préstamo: 1026 Abono al capital de cliente: ligia maria dolores alvarado de pereyra $15500 
Agregado; 2026-02-17 17:44:41; Préstamo: 1098 Adicional al capital, cliente:  $1500
Eliminado; 2026-02-17 17:44:56; Préstamo: 1026 Cliente: ligia maria dolores alvarado de pereyra monto $1500.00 duración: 1 mes interes: 3000.00
Agregado; 2026-02-17 17:54:34; Nuevo préstamo cliente: ligia maria dolores alvarado de pereyra monto prestado $18500 duración: 1 mes interes: 0
Agregado; 2026-02-17 17:54:48; Préstamo: 1105 Abono al capital de cliente: ligia maria dolores alvarado de pereyra $18500 
Eliminado; 2026-02-17 18:42:40; Préstamo: 949 Cliente: ramon lopez fabian monto $2000.00 duración: 1 mes interes: 300.00
Eliminado; 2026-02-17 18:44:40; Préstamo: 1027 Cliente: ana faustina faña gil monto $1324600.00 duración: 1 mes interes: 0.00
Agregado; 2026-02-17 18:45:12; Nuevo préstamo cliente: ana faustina faña gil monto prestado $4000 duración: 1 mes interes: 400
Eliminado; 2026-02-17 18:47:10; Préstamo: 861 Cliente: lorenza maria jose avelino monto $8000.00 duración: 1 mes interes: 0.00
Eliminado; 2026-02-17 18:48:12; Préstamo: 981 Cliente: gloria tatiana fermin de la rosa monto $5500.00 duración: 1 mes interes: 300.00
Eliminado; 2026-02-17 18:48:30; Préstamo: 994 Cliente: julio francisco rosario serrano monto $6000.00 duración: 1 mes interes: 600.00
Eliminado; 2026-02-17 18:51:40; Préstamo: 1001 Cliente: juan ulloa altagracia  monto $418500.00 duración: 1 mes interes: 0.00
Eliminado; 2026-02-17 18:51:48; Préstamo: 951 Cliente: juan ulloa altagracia  monto $15000.00 duración: 1 mes interes: 1500.00
Agregado; 2026-02-17 18:53:52; Nuevo préstamo cliente: alba gervancia de la cruz acosta monto prestado $26500 duración: 1 mes interes: 0
Eliminado; 2026-02-17 20:33:45; Préstamo: 1030 Cliente: rafael antonio reynoso lopez monto $371000.00 duración: 1 mes interes: 0.00
Eliminado; 2026-02-17 20:33:52; Préstamo:  Cliente:  monto $ duración:  meses interes: 
Eliminado; 2026-02-17 20:34:01; Préstamo:  Cliente:  monto $ duración:  meses interes: 
