Eliminado; 2024-01-23 11:26:28; Préstamo: 269 Cliente: dionisio castillo lora monto $2500.00 duración: 1 mes interes: 500.00
Eliminado; 2024-01-23 11:26:36; Préstamo: 189 Cliente: dionisio castillo lora monto $10000.00 duración: 1 mes interes: 500.00
Eliminado; 2024-01-23 11:26:46; Préstamo: 181 Cliente: dionisio castillo lora monto $7300.00 duración: 1 mes interes: 300.00
Eliminado; 2024-01-23 11:27:02; Préstamo: 81 Cliente: dionisio castillo lora monto $3000.00 duración: 1 mes interes: 500.00
Agregado; 2024-01-23 19:57:47; PAGO IRREGULAR
Agregado; 2024-01-23 19:57:47; Préstamo: 405 Abono al capital de cliente: tomas gonzalez nolazco $400 
Agregado; 2024-01-23 20:10:04; Nuevo préstamo cliente: ambiorix almanzar castro monto prestado $3000 duración: 1 mes interes: 
Agregado; 2024-01-23 20:10:15; Préstamo: 431 Abono al capital de cliente: ambiorix almanzar castro $3000 
Agregado; 2024-01-23 20:10:45; PAGO IRREGULAR
Agregado; 2024-01-23 20:10:45; Préstamo: 407 Abono al capital de cliente: timmy daniel martinez vilorio $1600 
Agregado; 2024-01-23 20:11:19; PAGO IRREGULAR
Agregado; 2024-01-23 20:11:19; Préstamo: 419 Abono al capital de cliente: angel jimenez paniagua $3500 
Agregado; 2024-01-23 20:11:48; Préstamo: 417 Abono al capital de cliente: reina camilo reyes $5000 
Agregado; 2024-01-23 20:12:54; Nuevo préstamo cliente: lorenza maria jose avelino monto prestado $18000 duración: 1 mes interes: 
Agregado; 2024-01-23 20:13:07; Préstamo: 432 Abono al capital de cliente: lorenza maria jose avelino $6700 
Eliminado; 2024-01-23 20:14:32; Préstamo: 370 Cliente: francisco lopez cross monto $13000.00 duración: 2 meses interes: 0.00
Agregado; 2024-01-23 20:14:44; Nuevo préstamo cliente: francisco lopez cross monto prestado $13000 duración: 1 mes interes: 0
Agregado; 2024-01-23 20:14:54; Préstamo: 433 Abono al capital de cliente: francisco lopez cross $2000 
Agregado; 2024-01-23 20:15:30; PAGO IRREGULAR
Agregado; 2024-01-23 20:15:30; Préstamo: 429 Abono al capital de cliente: angel luis moris echavarria $3000 
Agregado; 2024-01-23 20:17:12; PAGO IRREGULAR
Agregado; 2024-01-23 20:17:12; Préstamo: 425 Abono al capital de cliente: modesto gonzalez lopez $6500 
Agregado; 2024-01-23 20:17:40; PAGO IRREGULAR
Agregado; 2024-01-23 20:17:40; Préstamo: 411 Abono al capital de cliente: magaly rivas tejada $3000 
Agregado; 2024-01-23 20:18:25; PAGO IRREGULAR
Agregado; 2024-01-23 20:18:25; Préstamo: 394 Abono al capital de cliente: JUAN ALFONSO CONCEPCION VAZQUEZ $3100 
Agregado; 2024-01-23 20:19:02; PAGO IRREGULAR
Agregado; 2024-01-23 20:19:02; Préstamo: 424 Abono al capital de cliente: yuderky ramona gama olivo $3000 
