Agregado; 2025-09-25 13:20:51; PAGO IRREGULAR
Agregado; 2025-09-25 13:20:51; Préstamo: 929 Abono al capital de cliente: gloria tatiana fermin de la rosa $2000 
Agregado; 2025-09-25 13:38:23; Préstamo: 938 Adicional al capital, cliente:  $600
Agregado; 2025-09-25 13:38:37; Préstamo: 938 Abono al capital de cliente: mily cuevas sosa $6600 
Agregado; 2025-09-25 13:45:40; PAGO IRREGULAR
Agregado; 2025-09-25 13:45:40; Préstamo: 906 Abono al capital de cliente: luisa yanelsi then molina $3200 
Agregado; 2025-09-25 13:45:59; PAGO IRREGULAR
Agregado; 2025-09-25 13:45:59; Préstamo: 867 Abono al capital de cliente: luisa yanelsi then molina $1500 
Agregado; 2025-09-25 14:01:50; Nuevo préstamo cliente: ROSALY ULLOA  monto prestado $4800 duración: 1 mes interes: 0
Agregado; 2025-09-25 14:02:04; Préstamo: 939 Abono al capital de cliente: ROSALY ULLOA $4800 
Agregado; 2025-09-25 15:08:47; Préstamo: 855 Abono al capital de cliente: justo rafael dipuglia rosario $3600 
Agregado; 2025-09-25 15:10:21; Préstamo: 899 Adicional al capital, cliente:  $200
Eliminado; 2025-09-25 15:10:29; Préstamo: 855 Cliente: justo rafael dipuglia rosario monto $200.00 duración: 1 mes interes: 0.00
Agregado; 2025-09-25 15:34:35; Préstamo: 908 Abono al capital de cliente: erika gonzalez ramirez $7700 
Agregado; 2025-09-25 15:35:52; PAGO IRREGULAR
Agregado; 2025-09-25 15:35:52; Préstamo: 913 Abono al capital de cliente: marino candelario compres $2000 
Agregado; 2025-09-25 15:38:24; Préstamo: 903 Abono al capital de cliente: pedro castillo peralta $5200 
Agregado; 2025-09-25 15:39:20; PAGO IRREGULAR
Agregado; 2025-09-25 15:39:20; Préstamo: 932 Abono al capital de cliente: edward alexander polanco alvarado $3500 
Agregado; 2025-09-25 15:40:43; PAGO IRREGULAR
Agregado; 2025-09-25 15:40:43; Préstamo: 911 Abono al capital de cliente: rhoneer guzman ozoria $4000 
Agregado; 2025-09-25 16:00:14; PAGO IRREGULAR
Agregado; 2025-09-25 16:00:14; Préstamo: 850 Abono al capital de cliente: yuderky ramona gama olivo $2050 
Agregado; 2025-09-25 17:23:07; Préstamo: 924 Adicional al capital, cliente:  $1600
Agregado; 2025-09-25 17:23:41; Préstamo: 918 Adicional al capital, cliente:  $11000
Agregado; 2025-09-25 17:38:45; Préstamo: 931 Adicional al capital, cliente:  $11000
Agregado; 2025-09-25 19:05:02; Nuevo préstamo cliente: nelson maximiliano sosa guillermo monto prestado $2000 duración: 1 mes interes: 200
Agregado; 2025-09-25 19:34:37; Nuevo préstamo cliente: mily cuevas sosa monto prestado $3000 duración: 1 mes interes: 200
