Agregado; 2025-11-25 12:35:32; PAGO IRREGULAR
Agregado; 2025-11-25 12:35:32; Préstamo: 1006 Abono al capital de cliente: ana faustina faña gil $3000 
Agregado; 2025-11-25 12:47:20; PAGO IRREGULAR
Agregado; 2025-11-25 12:47:20; Préstamo: 997 Abono al capital de cliente: nery vianney garcia rodriguez $3000 
Agregado; 2025-11-25 12:50:40; PAGO IRREGULAR
Agregado; 2025-11-25 12:50:40; Préstamo: 978 Abono al capital de cliente: mily cuevas sosa $6000 
Agregado; 2025-11-25 12:50:59; PAGO IRREGULAR
Agregado; 2025-11-25 12:50:59; Préstamo: 992 Abono al capital de cliente: mily cuevas sosa $600 
Agregado; 2025-11-25 12:53:43; Nuevo préstamo cliente: ROSALY ULLOA  monto prestado $4600 duración: 1 mes interes: 0
Agregado; 2025-11-25 12:53:58; Préstamo: 1012 Abono al capital de cliente: ROSALY ULLOA $4600 
Agregado; 2025-11-25 13:15:30; PAGO IRREGULAR
Agregado; 2025-11-25 13:15:30; Préstamo: 1010 Abono al capital de cliente: dianelba gizeh mercedes de castillo $4500 
Agregado; 2025-11-25 13:35:56; Préstamo: 908 Abono al capital de cliente: erika gonzalez ramirez $6000 
Agregado; 2025-11-25 13:40:32; PAGO IRREGULAR
Agregado; 2025-11-25 13:40:32; Préstamo: 1011 Abono al capital de cliente: marino candelario compres $3700 
Agregado; 2025-11-25 13:43:00; PAGO IRREGULAR
Agregado; 2025-11-25 13:43:00; Préstamo: 971 Abono al capital de cliente: rhoneer guzman ozoria $4000 
Agregado; 2025-11-25 13:44:17; PAGO IRREGULAR
Agregado; 2025-11-25 13:44:17; Préstamo: 969 Abono al capital de cliente: pedro castillo peralta $4000 
Agregado; 2025-11-25 13:48:41; Préstamo: 974 Abono al capital de cliente: justo rafael dipuglia rosario $6700 
Agregado; 2025-11-25 13:49:47; PAGO IRREGULAR
Agregado; 2025-11-25 13:49:47; Préstamo: 983 Abono al capital de cliente: edward alexander polanco alvarado $2000 
Agregado; 2025-11-25 15:38:06; Préstamo: 974 Adicional al capital, cliente:  $4500
Agregado; 2025-11-25 19:35:08; Nuevo préstamo cliente: ramon felix frias polanco monto prestado $632300 duración: 1 mes interes: 0
