Agregado; 2023-09-23 09:11:29; Nuevo préstamo cliente: modesto gonzalez lopez monto prestado $3600.00 duración: 1 mes interes: 200.00
Agregado; 2023-09-23 11:50:59; PAGO IRREGULAR
Agregado; 2023-09-23 11:50:59; abono al capital de cliente: lorenza maria jose avelino $5000 
Agregado; 2023-09-23 11:51:15; PAGO IRREGULAR
Agregado; 2023-09-23 11:51:15; abono al capital de cliente: lorenza maria jose avelino $4000 
Agregado; 2023-09-23 11:52:31; Nuevo préstamo cliente: jorge luis cepeda martinez monto prestado $2000.00 duración: 1 mes interes: 3000
Agregado; 2023-09-23 11:52:42; Nuevo préstamo cliente: jorge luis cepeda martinez monto prestado $2000.00 duración: 1 mes interes: 300
Agregado; 2023-09-23 11:52:54; PAGO IRREGULAR
Agregado; 2023-09-23 11:52:54; abono al capital de cliente: jorge luis cepeda martinez $2000 
Agregado; 2023-09-23 11:54:08; PAGO IRREGULAR
Agregado; 2023-09-23 11:54:08; abono al capital de cliente: ramon quiro melo $2250 
Agregado; 2023-09-23 11:54:40; Nuevo préstamo cliente: angel luis moris echavarria monto prestado $3000.00 duración: 1 mes interes: 200
Agregado; 2023-09-23 11:55:06; PAGO IRREGULAR
Agregado; 2023-09-23 11:55:06; abono al capital de cliente: angel luis moris echavarria $3000 
Eliminado; 2023-09-23 11:55:52; Prestamo del cliente: modesto gonzalez lopez monto $3600.00 duración: 1 mes interes: 200.00
Agregado; 2023-09-23 11:56:14; PAGO IRREGULAR
Agregado; 2023-09-23 11:56:14; abono al capital de cliente: modesto gonzalez lopez $13000 
Agregado; 2023-09-23 11:56:28; Nuevo préstamo cliente: adonis taveras garcia  monto prestado $4000 duración: 1 mes interes: 0
Agregado; 2023-09-23 11:56:33; PAGO IRREGULAR
Agregado; 2023-09-23 11:56:33; abono al capital de cliente: adonis taveras garcia $4000 
Agregado; 2023-09-23 11:58:37; Nuevo préstamo cliente: jose alberto rodriguez de aza monto prestado $20000.00 duración: 1 mes interes: 3500
Agregado; 2023-09-23 12:42:49; PAGO IRREGULAR
Agregado; 2023-09-23 12:42:49; abono al capital de cliente: jose hernandez $800 
Agregado; 2023-09-23 13:01:23; Nuevo préstamo cliente: pablo vazquez sanchez  monto prestado $100000 duración: 1 mes interes: 0
Agregado; 2023-09-23 13:01:36; PAGO IRREGULAR
Agregado; 2023-09-23 13:01:36; abono al capital de cliente: pablo vazquez sanchez $100000 
