Agregado; 2023-05-25 10:26:16; Nuevo préstamo cliente: dannessa deyanara rodriguez  monto prestado $4000 duración: 1 mes interes: 500
Agregado; 2023-05-25 15:55:18; adicional al capital, cliente:  $2000
Agregado; 2023-05-25 16:05:06; Nuevo préstamo cliente: jose alberto rodriguez de aza monto prestado $2000 duración: 1 mes interes: 100
Agregado; 2023-05-25 16:29:44; Nuevo préstamo cliente: cruz milda benjamin henriquez monto prestado $3000.00 duración: 1 mes interes: 200.00
Agregado; 2023-05-25 16:29:55; PAGO IRREGULAR
Agregado; 2023-05-25 16:29:55; abono al capital de cliente: cruz milda benjamin henriquez $1000 
Agregado; 2023-05-25 16:30:32; Nuevo préstamo cliente: jorge luis cepeda martinez monto prestado $5000 duración: 1 mes interes: 500
Agregado; 2023-05-25 16:54:39; PAGO IRREGULAR
Agregado; 2023-05-25 17:06:45; Nuevo préstamo cliente: nicolas morel toribio  monto prestado $10000 duración: 1 mes interes: 500
Agregado; 2023-05-25 17:07:00; PAGO IRREGULAR
Agregado; 2023-05-25 17:07:00; abono al capital de cliente: nicolas morel toribio $1800 
Agregado; 2023-05-25 17:30:03; PAGO IRREGULAR
Agregado; 2023-05-25 17:30:03; abono al capital de cliente: luis alberto matias sanchez $2600 
Agregado; 2023-05-25 17:43:35; PAGO IRREGULAR
Agregado; 2023-05-25 17:43:35; abono al capital de cliente: miguel hilario pichardo $1000 
Agregado; 2023-05-25 17:43:54; Nuevo préstamo cliente: miguel hilario pichardo monto prestado $19000.00 duración: 1 mes interes: 3000.00
Agregado; 2023-05-25 17:44:10; PAGO IRREGULAR
Agregado; 2023-05-25 17:44:10; abono al capital de cliente: miguel hilario pichardo $19000 
Agregado; 2023-05-25 17:44:32; Nuevo préstamo cliente: edward alexander polanco alvarado monto prestado $15000.00 duración: 1 mes interes: 200.00
Agregado; 2023-05-25 17:44:43; PAGO IRREGULAR
Agregado; 2023-05-25 17:44:43; abono al capital de cliente: edward alexander polanco alvarado $15000 
Agregado; 2023-05-25 18:43:10; Nuevo préstamo cliente: ana dilcia jones castillo monto prestado $40000 duración: 1 mes interes: 
