Agregado; 2023-10-27 09:10:19; Nuevo préstamo cliente: jose alberto rodriguez de aza monto prestado $3000.00 duración: 1 mes interes: 1000.00
Agregado; 2023-10-27 09:10:20; Nuevo préstamo cliente: jose alberto rodriguez de aza monto prestado $3000.00 duración: 1 mes interes: 1000.00
Agregado; 2023-10-27 09:10:25; Nuevo préstamo cliente: jose alberto rodriguez de aza monto prestado $3000.00 duración: 1 mes interes: 1000.00
Eliminado; 2023-10-27 09:11:29; Prestamo del cliente: jose alberto rodriguez de aza monto $3000.00 duración: 1 mes interes: 1000.00
Eliminado; 2023-10-27 09:11:38; Prestamo del cliente:  monto $ duración:  meses interes: 
Eliminado; 2023-10-27 09:11:45; Prestamo del cliente:  monto $ duración:  meses interes: 
Eliminado; 2023-10-27 09:11:53; Prestamo del cliente:  monto $ duración:  meses interes: 
Agregado; 2023-10-27 09:12:16; PAGO IRREGULAR
Agregado; 2023-10-27 09:12:16; abono al capital de cliente: jose alberto rodriguez de aza $3000 
Eliminado; 2023-10-27 09:12:25; Prestamo del cliente:  monto $ duración:  meses interes: 
Eliminado; 2023-10-27 09:14:09; Prestamo del cliente: jose alberto rodriguez de aza monto $3000.00 duración: 1 mes interes: 1000.00
Eliminado; 2023-10-27 09:14:34; Prestamo del cliente:  monto $ duración:  meses interes: 
Agregado; 2023-10-27 09:14:44; PAGO IRREGULAR
Agregado; 2023-10-27 09:14:44; abono al capital de cliente: jose alberto rodriguez de aza $3000 
Agregado; 2023-10-27 09:15:00; PAGO IRREGULAR
Agregado; 2023-10-27 09:15:14; PAGO IRREGULAR
Agregado; 2023-10-27 09:15:28; PAGO IRREGULAR
Agregado; 2023-10-27 09:15:39; PAGO IRREGULAR
Agregado; 2023-10-27 09:15:40; abono al capital de cliente: jose alberto rodriguez de aza $3000 
Agregado; 2023-10-27 09:26:30; PAGO IRREGULAR
Agregado; 2023-10-27 09:26:30; abono al capital de cliente: roberto rosa polonia $3000 
Agregado; 2023-10-27 09:26:37; PAGO IRREGULAR
Agregado; 2023-10-27 09:26:37; abono al capital de cliente: roberto rosa polonia $3000 
Agregado; 2023-10-27 09:46:34; PAGO IRREGULAR
Agregado; 2023-10-27 10:35:25; Nuevo préstamo cliente: roberto rosa polonia monto prestado $3000 duración: 1 mes interes: 500
Agregado; 2023-10-27 15:24:20; Nuevo préstamo cliente: julia garcia castilo de castillo monto prestado $44000 duración: 1 mes interes: 000
Agregado; 2023-10-27 15:24:34; abono al capital de cliente: julia garcia castilo de castillo $44000 
