Agregado; 2025-07-24 13:56:15; Préstamo: 841 Adicional al capital, cliente:  $10700
Agregado; 2025-07-24 18:36:45; PAGO IRREGULAR
Agregado; 2025-07-24 18:37:17; PAGO IRREGULAR
Agregado; 2025-07-24 18:37:17; Préstamo: 843 Abono al capital de cliente: gloria tatiana fermin de la rosa $2000 
Agregado; 2025-07-24 18:42:35; PAGO IRREGULAR
Agregado; 2025-07-24 18:42:35; Préstamo: 853 Abono al capital de cliente: yuderky ramona gama olivo $5000 
Agregado; 2025-07-24 18:43:26; PAGO IRREGULAR
Agregado; 2025-07-24 18:43:26; Préstamo: 850 Abono al capital de cliente: yuderky ramona gama olivo $950 
Agregado; 2025-07-24 19:00:25; PAGO IRREGULAR
Agregado; 2025-07-24 20:37:40; PAGO IRREGULAR
Agregado; 2025-07-24 20:37:40; Préstamo: 797 Abono al capital de cliente: erika gonzalez ramirez $5000 
Agregado; 2025-07-24 20:38:25; PAGO IRREGULAR
Agregado; 2025-07-24 20:39:08; Nuevo préstamo cliente: ROSALY ULLOA  monto prestado $4700 duración: 1 mes interes: 0
Agregado; 2025-07-24 20:39:24; Préstamo: 856 Abono al capital de cliente: ROSALY ULLOA $4700 
Agregado; 2025-07-24 20:41:05; PAGO IRREGULAR
Agregado; 2025-07-24 20:41:05; Préstamo: 847 Abono al capital de cliente: luisa yanelsi then molina $2000 
Agregado; 2025-07-24 20:45:11; PAGO IRREGULAR
Agregado; 2025-07-24 20:45:11; Préstamo: 848 Abono al capital de cliente: rhoneer guzman ozoria $2000 
Agregado; 2025-07-24 20:50:24; Préstamo: 831 Abono al capital de cliente: pedro castillo peralta $4500 
Agregado; 2025-07-24 20:51:00; Nuevo préstamo cliente: pedro castillo peralta monto prestado $5000 duración: 1 mes interes: 500
Eliminado; 2025-07-24 20:51:11; Préstamo: 831 Cliente: pedro castillo peralta monto $500.00 duración: 1 mes interes: 500.00
