Agregado; 2026-02-06 13:52:13; Nuevo préstamo cliente: ysidora altagracia minaya duran monto prestado $700000 duración: 1 mes interes: 0
Eliminado; 2026-02-06 13:57:34; Préstamo: 1070 Cliente: ysidora altagracia minaya duran monto $550000.00 duración: 1 mes interes: 0.00
Agregado; 2026-02-06 14:00:56; Nuevo préstamo cliente: ysidora altagracia minaya duran monto prestado $2510900 duración: 1 mes interes: 0
Agregado; 2026-02-06 14:07:56; Nuevo préstamo cliente: wagner francisco docis martinez  monto prestado $319500 duración: 1 mes interes: 0
Eliminado; 2026-02-06 14:57:48; Préstamo: 1069 Cliente: concepcion jazmin ramon monto $2000.00 duración: 1 mes interes: 0.00
Eliminado; 2026-02-06 14:57:56; Préstamo: 1014 Cliente: concepcion jazmin ramon monto $1727200.00 duración: 1 mes interes: 0.00
Eliminado; 2026-02-06 14:58:02; Préstamo: 1032 Cliente: concepcion jazmin ramon monto $1900.00 duración: 1 mes interes: 0.00
Eliminado; 2026-02-06 14:58:55; Préstamo: 1062 Cliente: claribel altagracia mendoza hernandez monto $962500.00 duración: 1 mes interes: 0.00
Eliminado; 2026-02-06 14:59:42; Préstamo: 976 Cliente: julia garcia castillo de castillo monto $4000.00 duración: 1 mes interes: 500.00
Eliminado; 2026-02-06 14:59:53; Préstamo: 1028 Cliente: jose lucas de jesus rodriguez monto $1188000.00 duración: 1 mes interes: 0.00
Eliminado; 2026-02-06 15:00:00; Préstamo: 1008 Cliente: jose lucas de jesus rodriguez monto $1188000.00 duración: 1 mes interes: 0.00
Eliminado; 2026-02-06 15:00:26; Préstamo: 1073 Cliente: mary cruz henriquez mercedes monto $1670500.00 duración: 1 mes interes: 0.00
Eliminado; 2026-02-06 15:01:06; Préstamo: 1038 Cliente: raquel mercedes marte ferreyra de rodriguez monto $25000.00 duración: 1 mes interes: 0.00
Eliminado; 2026-02-06 15:01:48; Préstamo: 928 Cliente: yoseli pamela calcaño lopez monto $30000.00 duración: 1 mes interes: 15000.00
Eliminado; 2026-02-06 15:01:56; Préstamo: 1021 Cliente: yovanni acosta  garcia de frias monto $990000.00 duración: 1 mes interes: 0.00
Eliminado; 2026-02-06 15:02:09; Préstamo: 909 Cliente: yovanni acosta  garcia de frias monto $522700.00 duración: 1 mes interes: 0.00
Eliminado; 2026-02-06 15:02:15; Préstamo: 1088 Cliente: ysidora altagracia minaya duran monto $700000.00 duración: 1 mes interes: 0.00
Agregado; 2026-02-06 15:24:31; Nuevo préstamo cliente: herminio esteban y rivera  monto prestado $19000 duración: 1 mes interes: 1200
Agregado; 2026-02-06 17:20:42; Nuevo préstamo cliente: pedro garcia reyes monto prestado $4000 duración: 1 mes interes: 300
Agregado; 2026-02-06 17:25:00; Nuevo préstamo cliente: victoria bueno de peña monto prestado $17000 duración: 1 mes interes: 0
Agregado; 2026-02-06 19:39:20; Nuevo préstamo cliente: esperanza yanilca amparo castillo monto prestado $1900000 duración: 1 mes interes: 0
