Agregado; 2024-07-23 15:06:38; PAGO IRREGULAR
Agregado; 2024-07-23 15:06:38; Préstamo: 544 Abono al capital de cliente: ramon quiro melo $15000 
Agregado; 2024-07-23 15:07:15; PAGO IRREGULAR
Agregado; 2024-07-23 15:07:15; Préstamo: 554 Abono al capital de cliente: modesto gonzalez lopez $13500 
Agregado; 2024-07-23 15:07:45; PAGO IRREGULAR
Agregado; 2024-07-23 15:07:45; Préstamo: 528 Abono al capital de cliente: rhoneer guzman ozoria $2500 
Agregado; 2024-07-23 15:08:38; Nuevo préstamo cliente: yoseli pamela calcaño lopez monto prestado $5000.00 duración: 1 mes interes: 1500.00
Agregado; 2024-07-23 15:08:47; PAGO IRREGULAR
Agregado; 2024-07-23 15:08:47; Préstamo: 564 Abono al capital de cliente: yoseli pamela calcaño lopez $5000 
Agregado; 2024-07-23 15:09:40; PAGO IRREGULAR
Agregado; 2024-07-23 15:09:40; Préstamo: 561 Abono al capital de cliente: ruddy morales fernandez $5000 
Agregado; 2024-07-23 15:13:23; Nuevo préstamo cliente: leoncia de jesus adames monto prestado $2000 duración: 1 mes interes: 200
Agregado; 2024-07-23 15:13:34; PAGO IRREGULAR
Agregado; 2024-07-23 15:13:34; Préstamo: 565 Abono al capital de cliente: leoncia de jesus adames $2000 
Agregado; 2024-07-23 15:40:22; PAGO IRREGULAR
Agregado; 2024-07-23 15:40:22; Préstamo: 562 Abono al capital de cliente: roberto hernandez sanchez $3000 
Agregado; 2024-07-23 16:07:08; Préstamo: 547 Adicional al capital, cliente:  $1000
Agregado; 2024-07-23 16:08:44; Nuevo préstamo cliente: antonia penzo ozoria monto prestado $50000 duración: 1 mes interes: 0
Agregado; 2024-07-23 16:08:53; Préstamo: 566 Abono al capital de cliente: antonia penzo ozoria $50000 
Agregado; 2024-07-23 19:10:10; Préstamo: 547 Abono al capital de cliente: felix ureña luciano $73600 
Agregado; 2024-07-23 19:12:51; PAGO IRREGULAR
Agregado; 2024-07-23 19:12:51; Préstamo: 530 Abono al capital de cliente: lorenza maria jose avelino $4000 
Eliminado; 2024-07-23 19:33:33; Préstamo: 528 Cliente: rhoneer guzman ozoria monto $0.00 duración: 1 mes interes: 500.00
Eliminado; 2024-07-23 19:56:49; Préstamo: 560 Cliente: raul caraballo liranzo monto $3000.00 duración: 1 mes interes: 0.00
Eliminado; 2024-07-23 19:57:55; Préstamo: 147 Cliente: raul caraballo liranzo monto $12000.00 duración: 6 meses interes: 800.00
