Eliminado; 2025-12-18 13:28:42; Préstamo: 580 Cliente: ana maria gonzalez peña monto $64000.00 duración: 6 meses interes: 6500.00
Eliminado; 2025-12-18 13:28:42; Préstamo: 580 
Eliminado; 2025-12-18 13:28:42; amortización: 580 
Eliminado; 2025-12-18 13:34:48; Préstamo: 684 Cliente: aracelis jimenez peña de hernandez monto $40000.00 duración: 1 mes interes: 4500.00
Eliminado; 2025-12-18 13:34:48; Préstamo: 684 
Eliminado; 2025-12-18 13:34:48; amortización: 684 
Eliminado; 2025-12-18 13:37:10; Préstamo: 681 Cliente: dianelba gizeh mercedes de castillo monto $28000.00 duración: 1 mes interes: 0.00
Eliminado; 2025-12-18 13:37:10; Préstamo: 681 
Eliminado; 2025-12-18 13:37:10; amortización: 681 
Eliminado; 2025-12-18 13:37:56; Préstamo: 578 Cliente: edilcia encarnacion encarnacion  monto $18500.00 duración: 6 meses interes: 4200.00
Eliminado; 2025-12-18 13:37:56; Préstamo: 578 
Eliminado; 2025-12-18 13:37:56; amortización: 578 
Eliminado; 2025-12-18 13:38:52; Préstamo: 602 Cliente: dorothy cleopatra adolfina vanderhorst almeyda monto $2000.00 duración: 5 meses interes: 18000.00
Eliminado; 2025-12-18 13:38:52; Préstamo: 602 
Eliminado; 2025-12-18 13:38:52; amortización: 602 
Eliminado; 2025-12-18 13:53:46; Préstamo: 584 Cliente: elvin jose del orbe peguero monto $30000.00 duración: 6 meses interes: 12600.00
Eliminado; 2025-12-18 13:53:46; Préstamo: 584 
Eliminado; 2025-12-18 13:53:46; amortización: 584 
Eliminado; 2025-12-18 13:53:53; Préstamo: 615 Cliente: felix alberto campo monto $8000.00 duración: 5 meses interes: 18000.00
Eliminado; 2025-12-18 13:53:53; Préstamo: 615 
Eliminado; 2025-12-18 13:53:53; amortización: 615 
Eliminado; 2025-12-18 13:54:03; Préstamo: 593 Cliente: francisco paulino esteban monto $25600.00 duración: 5 meses interes: 12600.00
Eliminado; 2025-12-18 13:54:03; Préstamo: 593 
Eliminado; 2025-12-18 13:54:03; amortización: 593 
Eliminado; 2025-12-18 13:54:08; Préstamo: 567 Cliente: gloria tatiana fermin de la rosa monto $1600.00 duración: 6 meses interes: 4600.00
Eliminado; 2025-12-18 13:54:08; Préstamo: 567 
Eliminado; 2025-12-18 13:54:08; amortización: 567 
Eliminado; 2025-12-18 13:54:18; Préstamo: 624 Cliente: julio rodriguez sanchez  monto $2000.00 duración: 5 meses interes: 3000.00
Eliminado; 2025-12-18 13:54:18; Préstamo: 624 
Eliminado; 2025-12-18 13:54:18; amortización: 624 
