Agregado; 2025-11-11 13:49:50; PAGO IRREGULAR
Agregado; 2025-11-11 13:49:50; Préstamo: 613 Abono al capital de cliente: miguelina alonzo paulino $8000 
Agregado; 2025-11-11 13:50:31; PAGO IRREGULAR
Agregado; 2025-11-11 13:50:31; Préstamo: 543 Abono al capital de cliente: angel luis moris echavarria $8000 
Agregado; 2025-11-11 13:51:01; PAGO IRREGULAR
Agregado; 2025-11-11 13:51:01; Préstamo: 648 Abono al capital de cliente: isaias antigua rodriguez $9500 
Agregado; 2025-11-11 13:51:37; PAGO IRREGULAR
Agregado; 2025-11-11 13:51:37; Préstamo: 549 Abono al capital de cliente: jose hernandez $8000 
Agregado; 2025-11-11 13:52:04; PAGO IRREGULAR
Agregado; 2025-11-11 13:52:04; Préstamo: 642 Abono al capital de cliente: felix ureña luciano $9000 
Agregado; 2025-11-11 13:54:41; Préstamo: 625 Abono al capital de cliente: juan ulloa altagracia $12700 
Agregado; 2025-11-11 13:55:39; PAGO IRREGULAR
Agregado; 2025-11-11 13:55:39; Préstamo: 630 Abono al capital de cliente: nelson villa espinal $8500 
Agregado; 2025-11-11 13:56:08; PAGO IRREGULAR
Agregado; 2025-11-11 13:56:08; Préstamo: 605 Abono al capital de cliente: maribel guillen bonilla $8000 
Agregado; 2025-11-11 13:57:17; Nuevo préstamo cliente: rolando franco guzman  monto prestado $10000 duración: 1 mes interes: 2700
Agregado; 2025-11-11 13:57:33; PAGO IRREGULAR
Agregado; 2025-11-11 13:57:33; Préstamo: 678 Abono al capital de cliente: rolando franco guzman $10000 
Agregado; 2025-11-11 13:57:57; PAGO IRREGULAR
Agregado; 2025-11-11 13:57:57; Préstamo: 610 Abono al capital de cliente: juana martinez frias $8000 
Agregado; 2025-11-11 13:59:57; PAGO IRREGULAR
Agregado; 2025-11-11 13:59:57; Préstamo: 604 Abono al capital de cliente: tomas de aza martinez $8000 
Agregado; 2025-11-11 14:01:10; Nuevo préstamo cliente: maria lopez mejia  monto prestado $10500 duración: 1 mes interes: 2200
Agregado; 2025-11-11 14:03:12; PAGO IRREGULAR
Agregado; 2025-11-11 14:03:12; Préstamo: 581 Abono al capital de cliente: maria lopez mejia $8000 
Agregado; 2025-11-11 14:03:51; PAGO IRREGULAR
Agregado; 2025-11-11 14:03:51; Préstamo: 547 Abono al capital de cliente: reyna compres diez $8000 
Agregado; 2025-11-11 14:04:12; PAGO IRREGULAR
Agregado; 2025-11-11 14:04:12; Préstamo: 568 Abono al capital de cliente: fabio rafael moris geronimo $8000 
Agregado; 2025-11-11 14:04:53; PAGO IRREGULAR
Agregado; 2025-11-11 14:04:53; Préstamo: 641 Abono al capital de cliente: rafael gil ureña $8000 
Agregado; 2025-11-11 14:05:44; Nuevo préstamo cliente: fabio rafael moris geronimo monto prestado $10000 duración: 1 mes interes: 2700
Agregado; 2025-11-11 14:07:52; Préstamo: 536 Abono al capital de cliente: adonis taveras garcia $12700 
Agregado; 2025-11-11 14:08:34; PAGO IRREGULAR
Agregado; 2025-11-11 14:08:34; Préstamo: 663 Abono al capital de cliente: angel jimenez paniagua $10000 
Agregado; 2025-11-11 14:08:54; PAGO IRREGULAR
Agregado; 2025-11-11 14:08:54; Préstamo: 534 Abono al capital de cliente: bienvenido amparo padilla $8000 
Agregado; 2025-11-11 14:09:15; PAGO IRREGULAR
Agregado; 2025-11-11 14:09:15; Préstamo: 607 Abono al capital de cliente: virking yanet sierra moya $10000 
Agregado; 2025-11-11 14:10:09; PAGO IRREGULAR
Agregado; 2025-11-11 14:10:09; Préstamo: 544 Abono al capital de cliente: ernesto moris geronimo $10000 
Agregado; 2025-11-11 14:11:05; PAGO IRREGULAR
Agregado; 2025-11-11 14:11:05; Préstamo: 660 Abono al capital de cliente: elisabeth serrano $4000 
Agregado; 2025-11-11 14:15:54; Préstamo: 650 Abono al capital de cliente: pablo medina gonzalez $6400 
