Eliminado; 2025-10-07 13:40:00; Préstamo: 557 Cliente: natividad maldonado de los santos  monto $30000.00 duración: 7 meses interes: 14700.00
Eliminado; 2025-10-07 13:40:00; Préstamo: 557 
Eliminado; 2025-10-07 13:40:00; amortización: 557 
Eliminado; 2025-10-07 13:40:12; Préstamo: 552 Cliente: leoncia de jesus adames monto $46700.00 duración: 7 meses interes: 7400.00
Eliminado; 2025-10-07 13:40:12; Préstamo: 552 
Eliminado; 2025-10-07 13:40:13; amortización: 552 
Agregado; 2025-10-07 14:00:16; Nuevo préstamo cliente: ernesto moris geronimo monto prestado $9000 duración: 2 meses interes: 3700
Eliminado; 2025-10-07 14:09:57; Préstamo: 622 Cliente: concepcion jazmin ramon monto $30000.00 duración: 5 meses interes: 12600.00
Eliminado; 2025-10-07 14:09:57; Préstamo: 622 
Eliminado; 2025-10-07 14:09:57; amortización: 622 
Eliminado; 2025-10-07 14:11:05; Préstamo: 492 Cliente: eliane elizabeth gomez padilla monto $7000.00 duración: 3 meses interes: 2000.00
Eliminado; 2025-10-07 14:11:05; Préstamo: 492 
Eliminado; 2025-10-07 14:11:05; amortización: 492 
Agregado; 2025-10-07 14:44:02; Nuevo préstamo cliente: angel lorenzo breton castillo monto prestado $35000 duración: 2 meses interes: 7500
Agregado; 2025-10-07 14:53:48; Préstamo: 625 Adicional al capital, cliente:  $6500
Eliminado; 2025-10-07 15:11:23; Préstamo: 619 Cliente: pedro pablo valdez sanchez monto $58000.00 duración: 5 meses interes: 3000.00
Eliminado; 2025-10-07 15:11:23; Préstamo: 619 
Eliminado; 2025-10-07 15:11:23; amortización: 619 
Eliminado; 2025-10-07 15:13:41; Préstamo: 437 Cliente: roberto hernandez sanchez monto $51000.00 duración: 5 meses interes: 4000.00
Eliminado; 2025-10-07 15:13:41; Préstamo: 437 
Eliminado; 2025-10-07 15:13:41; amortización: 437 
