Agregado; 2024-12-09 18:51:44; PAGO IRREGULAR
Agregado; 2024-12-09 18:51:44; Préstamo: 498 Abono al capital de cliente: julio rodriguez sanchez $14900 
Agregado; 2024-12-09 18:52:45; PAGO IRREGULAR
Agregado; 2024-12-09 18:52:45; Préstamo: 464 Abono al capital de cliente: dulce maria olivo cheriz $26500 
Agregado; 2024-12-09 18:53:12; PAGO IRREGULAR
Agregado; 2024-12-09 18:53:12; Préstamo: 408 Abono al capital de cliente: josefa rosario bonilla de ureña $8000 
Agregado; 2024-12-09 18:53:34; PAGO IRREGULAR
Agregado; 2024-12-09 18:53:34; Préstamo: 440 Abono al capital de cliente: miguel hilario pichardo $36500 
Agregado; 2024-12-09 18:54:08; PAGO IRREGULAR
Agregado; 2024-12-09 18:54:08; Préstamo: 420 Abono al capital de cliente: luisa kery $30000 
Agregado; 2024-12-09 18:54:34; PAGO IRREGULAR
Agregado; 2024-12-09 18:54:34; Préstamo: 402 Abono al capital de cliente: dionisio castillo lora $20000 
Agregado; 2024-12-09 18:55:08; PAGO IRREGULAR
Agregado; 2024-12-09 18:55:08; Préstamo: 422 Abono al capital de cliente: ana maria gonzalez peña $59000 
Agregado; 2024-12-09 18:57:12; PAGO IRREGULAR
Agregado; 2024-12-09 18:57:12; Préstamo: 497 Abono al capital de cliente: epifanio cortorreal balbuena $20000 
Agregado; 2024-12-09 18:58:19; PAGO IRREGULAR
Agregado; 2024-12-09 18:58:19; Préstamo: 425 Abono al capital de cliente: leoncia de jesus adames $46000 
Agregado; 2024-12-09 18:59:07; PAGO IRREGULAR
Agregado; 2024-12-09 18:59:07; Préstamo: 449 Abono al capital de cliente: ligia maria dolores alvarado de pereyra $37700 
Agregado; 2024-12-09 18:59:36; PAGO IRREGULAR
Agregado; 2024-12-09 18:59:36; Préstamo: 484 Abono al capital de cliente: jose francisco lopez fermin $26000 
Agregado; 2024-12-09 19:00:10; PAGO IRREGULAR
Agregado; 2024-12-09 19:00:10; Préstamo: 405 Abono al capital de cliente: marcia martinez y adames de ferrera $23000 
Agregado; 2024-12-09 19:01:20; PAGO IRREGULAR
Agregado; 2024-12-09 19:01:20; Préstamo: 433 Abono al capital de cliente: modesto gonzalez lopez $71000 
Agregado; 2024-12-09 19:02:01; PAGO IRREGULAR
Agregado; 2024-12-09 19:02:01; Préstamo: 419 Abono al capital de cliente: colombino mata juma $507000 
Agregado; 2024-12-09 19:02:34; PAGO IRREGULAR
Agregado; 2024-12-09 19:02:34; Préstamo: 424 Abono al capital de cliente: eugenio ernesto marchena fermin $52300 
Agregado; 2024-12-09 19:03:02; PAGO IRREGULAR
Agregado; 2024-12-09 19:03:02; Préstamo: 461 Abono al capital de cliente: hector bienvenido maria liranzo $42000 
Agregado; 2024-12-09 19:03:47; PAGO IRREGULAR
Agregado; 2024-12-09 19:03:47; Préstamo: 415 Abono al capital de cliente: pedro garcia reyes $51000 
Agregado; 2024-12-09 19:04:09; PAGO IRREGULAR
Agregado; 2024-12-09 19:04:09; Préstamo: 398 Abono al capital de cliente: natividad maldonado de los santos $25000 
Agregado; 2024-12-09 19:04:31; PAGO IRREGULAR
Agregado; 2024-12-09 19:04:31; Préstamo: 514 Abono al capital de cliente: modesta crecencia paredes pierrot $15000 
Agregado; 2024-12-09 19:04:55; PAGO IRREGULAR
Agregado; 2024-12-09 19:04:55; Préstamo: 515 Abono al capital de cliente: julia garcia castillo de castillo $20000 
Agregado; 2024-12-09 19:05:16; PAGO IRREGULAR
Agregado; 2024-12-09 19:05:16; Préstamo: 457 Abono al capital de cliente: nelson maximiliano sosa guillermo $22000 
Agregado; 2024-12-09 19:05:41; PAGO IRREGULAR
Agregado; 2024-12-09 19:05:41; Préstamo: 458 Abono al capital de cliente: ramon lopez fabian $4000 
Agregado; 2024-12-09 19:06:17; PAGO IRREGULAR
Agregado; 2024-12-09 19:06:17; Préstamo: 487 Abono al capital de cliente: joan domingo acosta polanco $40000 
Agregado; 2024-12-09 19:06:46; PAGO IRREGULAR
Agregado; 2024-12-09 19:06:46; Préstamo: 466 Abono al capital de cliente: gloria tatiana fermin de la rosa $45000 
Agregado; 2024-12-09 19:07:09; PAGO IRREGULAR
Agregado; 2024-12-09 19:07:09; Préstamo: 439 Abono al capital de cliente: esperanza yanilca amparo castillo $48300 
Agregado; 2024-12-09 19:08:13; Préstamo: 505 Abono al capital de cliente: sara felipe kery $41000 
Agregado; 2024-12-09 19:08:40; PAGO IRREGULAR
Agregado; 2024-12-09 19:08:40; Préstamo: 477 Abono al capital de cliente: timmy daniel martinez vilorio $20000 
Agregado; 2024-12-09 19:10:25; PAGO IRREGULAR
Agregado; 2024-12-09 19:10:25; Préstamo: 496 Abono al capital de cliente: lisette zaiz ventura $5000 
Agregado; 2024-12-09 19:11:30; PAGO IRREGULAR
Agregado; 2024-12-09 19:11:30; Préstamo: 510 Abono al capital de cliente: santo benigno rosario $53000 
Agregado; 2024-12-09 19:18:07; PAGO IRREGULAR
Agregado; 2024-12-09 19:18:07; Préstamo: 472 Abono al capital de cliente: marino candelario compres $41000 
Agregado; 2024-12-09 19:18:34; PAGO IRREGULAR
Agregado; 2024-12-09 19:18:34; Préstamo: 512 Abono al capital de cliente: ramon quiro melo $15500 
Agregado; 2024-12-09 19:18:58; PAGO IRREGULAR
Agregado; 2024-12-09 19:18:58; Préstamo: 443 Abono al capital de cliente: margarita disla gonzalez $86500 
Agregado; 2024-12-09 19:20:14; PAGO IRREGULAR
Agregado; 2024-12-09 19:20:14; Préstamo: 470 Abono al capital de cliente: justo rafael dipuglia rosario $42000 
Agregado; 2024-12-09 19:20:58; PAGO IRREGULAR
Agregado; 2024-12-09 19:20:58; Préstamo: 418 Abono al capital de cliente: yuderky ramona gama olivo $41500 
Agregado; 2024-12-09 19:21:41; PAGO IRREGULAR
Agregado; 2024-12-09 19:21:42; Préstamo: 478 Abono al capital de cliente: jorge luis cepeda martinez $50300 
Agregado; 2024-12-09 19:22:18; PAGO IRREGULAR
Agregado; 2024-12-09 19:22:18; Préstamo: 414 Abono al capital de cliente: pedro castillo peralta $59500 
Agregado; 2024-12-09 19:22:46; PAGO IRREGULAR
Agregado; 2024-12-09 19:22:46; Préstamo: 503 Abono al capital de cliente: delva altagracia vanderhorst almeyda $57000 
Agregado; 2024-12-09 19:23:12; PAGO IRREGULAR
Agregado; 2024-12-09 19:23:12; Préstamo: 490 Abono al capital de cliente: josefina rojas mercedes de garcia $15000 
Agregado; 2024-12-09 19:30:27; Préstamo: 447 Abono al capital de cliente: antonio ventura hilario $30000 
Agregado; 2024-12-09 19:32:28; PAGO IRREGULAR
Agregado; 2024-12-09 19:32:29; Préstamo: 460 Abono al capital de cliente: nicaurys fermin fermin $21200 
Agregado; 2024-12-09 19:32:56; PAGO IRREGULAR
Agregado; 2024-12-09 19:32:56; Préstamo: 471 Abono al capital de cliente: lorenza maria jose avelino $71000 
Agregado; 2024-12-09 19:33:20; PAGO IRREGULAR
Agregado; 2024-12-09 19:33:20; Préstamo: 429 Abono al capital de cliente: gricelida tavarez drullard $20000 
Agregado; 2024-12-09 19:33:41; PAGO IRREGULAR
Agregado; 2024-12-09 19:33:42; Préstamo: 513 Abono al capital de cliente: Marcelino Maldonado Fernández $30000 
Agregado; 2024-12-09 19:34:17; PAGO IRREGULAR
Agregado; 2024-12-09 19:34:17; Préstamo: 454 Abono al capital de cliente: marilyn antonia jimenez de santana $25000 
Agregado; 2024-12-09 19:34:45; PAGO IRREGULAR
Agregado; 2024-12-09 19:34:45; Préstamo: 397 Abono al capital de cliente: rhoneer guzman ozoria $59000 
Agregado; 2024-12-09 19:35:21; PAGO IRREGULAR
Agregado; 2024-12-09 19:35:21; Préstamo: 482 Abono al capital de cliente: rafael regalado del orbe $20000 
Agregado; 2024-12-09 19:36:08; PAGO IRREGULAR
Agregado; 2024-12-09 19:36:08; Préstamo: 451 Abono al capital de cliente: juan alfonso concepcion vazquez $4000 
Eliminado; 2024-12-09 19:36:45; Préstamo: 451 Abono del cliente: juan alfonso concepcion vazquez monto INTERES $8000
Eliminado; 2024-12-09 19:36:45; Transacción: 756 
Eliminado; 2024-12-09 19:36:45; amortización: 451 
Eliminado; 2024-12-09 19:36:45; Préstamo:  Abono del cliente:  monto  $
Eliminado; 2024-12-09 19:36:45; Transacción:  
Eliminado; 2024-12-09 19:36:45; amortización:  
Eliminado; 2024-12-09 19:39:00; Préstamo: 451 Abono del cliente: juan alfonso concepcion vazquez monto CAPITAL $4000
Eliminado; 2024-12-09 19:39:00; Transacción: 757 
Actualizado; 2024-12-09 19:39:00; Préstamo: 451 
Eliminado; 2024-12-09 19:39:00; amortización: 451 
Eliminado; 2024-12-09 19:39:00; Préstamo:  Abono del cliente:  monto  $
Eliminado; 2024-12-09 19:39:00; Transacción:  
Eliminado; 2024-12-09 19:39:00; amortización:  
Agregado; 2024-12-09 19:39:22; PAGO IRREGULAR
Agregado; 2024-12-09 19:39:22; Préstamo: 451 Abono al capital de cliente: juan alfonso concepcion vazquez $40000 
Agregado; 2024-12-09 19:40:39; Préstamo: 463 Abono al capital de cliente: erika gonzalez ramirez $32800 
Agregado; 2024-12-09 19:41:25; PAGO IRREGULAR
Agregado; 2024-12-09 19:41:25; Préstamo: 396 Abono al capital de cliente: edward alexander polanco alvarado $44000 
Agregado; 2024-12-09 19:42:18; PAGO IRREGULAR
Agregado; 2024-12-09 19:42:18; Préstamo: 431 Abono al capital de cliente: luisa yanelsi then molina $55000 
Agregado; 2024-12-09 19:43:05; PAGO IRREGULAR
Agregado; 2024-12-09 19:43:05; Préstamo: 411 Abono al capital de cliente: ramon garcia $42000 
Agregado; 2024-12-09 19:43:51; PAGO IRREGULAR
Agregado; 2024-12-09 19:43:51; Préstamo: 506 Abono al capital de cliente: dorothy cleopatra adolfina vanderhorst almeyda $50000 
Agregado; 2024-12-09 19:44:20; Préstamo: 404 Abono al capital de cliente: dannessa deyanara rodriguez $68500 
Agregado; 2024-12-09 19:45:46; PAGO IRREGULAR
Agregado; 2024-12-09 19:45:46; Préstamo: 476 Abono al capital de cliente: jack michael morillo $58500 
Agregado; 2024-12-09 19:46:11; PAGO IRREGULAR
Agregado; 2024-12-09 19:46:11; Préstamo: 401 Abono al capital de cliente: vianela almonte lopez $8000 
Agregado; 2024-12-09 19:46:43; PAGO IRREGULAR
Agregado; 2024-12-09 19:46:43; Préstamo: 467 Abono al capital de cliente: edilcia encarnacion encarnacion $56500 
Agregado; 2024-12-09 19:47:07; PAGO IRREGULAR
Agregado; 2024-12-09 19:47:07; Préstamo: 511 Abono al capital de cliente: ana rosa paredes liriano $19000 
Agregado; 2024-12-09 19:49:30; PAGO IRREGULAR
Agregado; 2024-12-09 19:49:30; Préstamo: 456 Abono al capital de cliente: nestor pablo perreaux hernandez $22500 
Agregado; 2024-12-09 19:50:01; PAGO IRREGULAR
Agregado; 2024-12-09 19:50:01; Préstamo: 459 Abono al capital de cliente: alba daniela roque osorio $21300 
Agregado; 2024-12-09 19:50:26; PAGO IRREGULAR
Agregado; 2024-12-09 19:50:26; Préstamo: 480 Abono al capital de cliente: masiell alejandra lopez gil $34000 
Agregado; 2024-12-09 19:54:43; PAGO IRREGULAR
Agregado; 2024-12-09 19:54:43; Préstamo: 441 Abono al capital de cliente: raquel mercedes marte ferreyra de rodriguez $49500 
Agregado; 2024-12-09 19:55:29; Préstamo: 520 Abono al capital de cliente: ROSALY ULLOA $25000 
Agregado; 2024-12-09 19:55:52; PAGO IRREGULAR
Agregado; 2024-12-09 19:55:53; Préstamo: 462 Abono al capital de cliente: raul caraballo liranzo $49900 
Agregado; 2024-12-09 19:56:23; PAGO IRREGULAR
Agregado; 2024-12-09 19:56:23; Préstamo: 493 Abono al capital de cliente: orlando nuñez sanchez $42000 
Agregado; 2024-12-09 19:56:52; PAGO IRREGULAR
Agregado; 2024-12-09 19:56:52; Préstamo: 469 Abono al capital de cliente: ruddy morales fernandez $46000 
Agregado; 2024-12-09 19:57:23; PAGO IRREGULAR
Agregado; 2024-12-09 19:57:23; Préstamo: 428 Abono al capital de cliente: mily cuevas sosa $45300 
Agregado; 2024-12-09 19:57:51; PAGO IRREGULAR
Agregado; 2024-12-09 19:57:51; Préstamo: 504 Abono al capital de cliente: felix alberto campo $39500 
Agregado; 2024-12-09 19:58:17; PAGO IRREGULAR
Agregado; 2024-12-09 19:58:17; Préstamo: 417 Abono al capital de cliente: brahian canot $38500 
Agregado; 2024-12-09 19:58:45; PAGO IRREGULAR
Agregado; 2024-12-09 19:58:45; Préstamo: 519 Abono al capital de cliente: marino martinez trinidad $20000 
Agregado; 2024-12-09 19:59:14; PAGO IRREGULAR
Agregado; 2024-12-09 19:59:14; Préstamo: 426 Abono al capital de cliente: elisabeth serrano $10000 
Agregado; 2024-12-09 19:59:37; PAGO IRREGULAR
Agregado; 2024-12-09 19:59:37; Préstamo: 427 Abono al capital de cliente: nicolas morel toribio $9500 
Agregado; 2024-12-09 20:00:01; PAGO IRREGULAR
Agregado; 2024-12-09 20:00:01; Préstamo: 489 Abono al capital de cliente: angel luis moris echavarria $10000 
Agregado; 2024-12-09 20:00:31; PAGO IRREGULAR
Agregado; 2024-12-09 20:00:31; Préstamo: 508 Abono al capital de cliente: fabio rafael moris geronimo $9500 
Agregado; 2024-12-09 20:00:50; PAGO IRREGULAR
Agregado; 2024-12-09 20:00:50; Préstamo: 407 Abono al capital de cliente: ernesto moris geronimo $8000 
Agregado; 2024-12-09 20:01:11; PAGO IRREGULAR
Agregado; 2024-12-09 20:01:11; Préstamo: 474 Abono al capital de cliente: juana martinez frias $6000 
Agregado; 2024-12-09 20:02:02; PAGO IRREGULAR
Agregado; 2024-12-09 20:02:03; Préstamo: 416 Abono al capital de cliente: juan ulloa altagracia $10500 
Agregado; 2024-12-09 20:02:33; PAGO IRREGULAR
Agregado; 2024-12-09 20:02:33; Préstamo: 509 Abono al capital de cliente: adonis taveras garcia $9500 
Agregado; 2024-12-09 20:07:45; PAGO IRREGULAR
Agregado; 2024-12-09 20:07:45; Préstamo: 483 Abono al capital de cliente: reyna compres diez $8000 
Agregado; 2024-12-09 20:08:25; PAGO IRREGULAR
Agregado; 2024-12-09 20:08:25; Préstamo: 491 Abono al capital de cliente: isaias antigua rodriguez $9000 
Agregado; 2024-12-09 20:08:47; PAGO IRREGULAR
Agregado; 2024-12-09 20:08:47; Préstamo: 488 Abono al capital de cliente: bienvenido amparo padilla $9500 
Agregado; 2024-12-09 20:09:07; PAGO IRREGULAR
Agregado; 2024-12-09 20:09:07; Préstamo: 455 Abono al capital de cliente: maria lopez mejia $8500 
Agregado; 2024-12-09 20:09:30; PAGO IRREGULAR
Agregado; 2024-12-09 20:09:30; Préstamo: 479 Abono al capital de cliente: rafael gil ureña $7000 
Agregado; 2024-12-09 20:09:47; PAGO IRREGULAR
Agregado; 2024-12-09 20:09:47; Préstamo: 434 Abono al capital de cliente: nelson villa espinal $8000 
Agregado; 2024-12-09 20:10:36; PAGO IRREGULAR
Agregado; 2024-12-09 20:10:36; Préstamo: 468 Abono al capital de cliente: ulfralina gonzalez de la rosa $13800 
Agregado; 2024-12-09 20:11:30; PAGO IRREGULAR
Agregado; 2024-12-09 20:11:30; Préstamo: 400 Abono al capital de cliente: ambiorix almanzar castro $76600 
Agregado; 2024-12-09 20:12:18; PAGO IRREGULAR
Agregado; 2024-12-09 20:12:18; Préstamo: 481 Abono al capital de cliente: alba gervancia de la cruz acosta $29000 
Eliminado; 2024-12-09 20:12:42; Préstamo: 459 Abono del cliente: alba daniela roque osorio monto INTERES $8700
Eliminado; 2024-12-09 20:12:42; Transacción: 778 
Eliminado; 2024-12-09 20:12:42; amortización: 459 
Eliminado; 2024-12-09 20:12:43; Préstamo:  Abono del cliente:  monto  $
Eliminado; 2024-12-09 20:12:43; Transacción:  
Eliminado; 2024-12-09 20:12:43; amortización:  
Eliminado; 2024-12-09 20:13:04; Préstamo: 459 Abono del cliente: alba daniela roque osorio monto CAPITAL $21300
Eliminado; 2024-12-09 20:13:04; Transacción: 779 
Actualizado; 2024-12-09 20:13:04; Préstamo: 459 
Eliminado; 2024-12-09 20:13:04; amortización: 459 
Eliminado; 2024-12-09 20:13:04; Préstamo:  Abono del cliente:  monto  $
Eliminado; 2024-12-09 20:13:04; Transacción:  
Eliminado; 2024-12-09 20:13:04; amortización:  
Agregado; 2024-12-09 20:13:22; PAGO IRREGULAR
Agregado; 2024-12-09 20:13:22; Préstamo: 459 Abono al capital de cliente: alba daniela roque osorio $22300 
Agregado; 2024-12-09 20:14:46; PAGO IRREGULAR
Agregado; 2024-12-09 20:14:46; Préstamo: 442 Abono al capital de cliente: angel lorenzo breton castillo $30000 
Agregado; 2024-12-09 20:16:57; PAGO IRREGULAR
Agregado; 2024-12-09 20:16:57; Préstamo: 403 Abono al capital de cliente: francisco lopez cross $22000 
Agregado; 2024-12-09 20:17:20; PAGO IRREGULAR
Agregado; 2024-12-09 20:17:20; Préstamo: 475 Abono al capital de cliente: celso garcia castillo $38500 
Eliminado; 2024-12-09 20:17:55; Préstamo: 400 Abono del cliente: ambiorix almanzar castro monto INTERES $8400
Eliminado; 2024-12-09 20:17:55; Transacción: 829 
Eliminado; 2024-12-09 20:17:55; amortización: 400 
Eliminado; 2024-12-09 20:17:55; Préstamo:  Abono del cliente:  monto  $
Eliminado; 2024-12-09 20:17:55; Transacción:  
Eliminado; 2024-12-09 20:17:55; amortización:  
Eliminado; 2024-12-09 20:18:13; Préstamo: 400 Abono del cliente: ambiorix almanzar castro monto CAPITAL $76600
Eliminado; 2024-12-09 20:18:13; Transacción: 830 
Actualizado; 2024-12-09 20:18:13; Préstamo: 400 
Eliminado; 2024-12-09 20:18:13; amortización: 400 
Eliminado; 2024-12-09 20:18:13; Préstamo:  Abono del cliente:  monto  $
Eliminado; 2024-12-09 20:18:13; Transacción:  
Eliminado; 2024-12-09 20:18:13; amortización:  
Agregado; 2024-12-09 20:18:35; PAGO IRREGULAR
Agregado; 2024-12-09 20:18:35; Préstamo: 400 Abono al capital de cliente: ambiorix almanzar castro $78600 
Eliminado; 2024-12-09 20:19:09; Préstamo: 447 Abono del cliente: antonio ventura hilario monto CAPITAL $30000
Eliminado; 2024-12-09 20:19:09; Transacción: 741 
Actualizado; 2024-12-09 20:19:09; Préstamo: 447 
Eliminado; 2024-12-09 20:19:09; amortización: 447 
Eliminado; 2024-12-09 20:19:09; Préstamo:  Abono del cliente:  monto  $
Eliminado; 2024-12-09 20:19:09; Transacción:  
Eliminado; 2024-12-09 20:19:09; amortización:  
Agregado; 2024-12-09 20:19:46; PAGO IRREGULAR
Agregado; 2024-12-09 20:19:46; Préstamo: 447 Abono al capital de cliente: antonio ventura hilario $31500 
Eliminado; 2024-12-09 20:20:03; Préstamo:  Abono del cliente:  monto  $
Eliminado; 2024-12-09 20:20:03; Transacción:  
Eliminado; 2024-12-09 20:20:03; amortización:  
Eliminado; 2024-12-09 20:20:03; Préstamo: 510 Abono del cliente: santo benigno rosario monto INTERES $15000
Eliminado; 2024-12-09 20:20:03; Transacción: 721 
Eliminado; 2024-12-09 20:20:03; amortización: 510 
Eliminado; 2024-12-09 20:20:17; Préstamo: 510 Abono del cliente: santo benigno rosario monto CAPITAL $53000
Eliminado; 2024-12-09 20:20:17; Transacción: 722 
Actualizado; 2024-12-09 20:20:17; Préstamo: 510 
Eliminado; 2024-12-09 20:20:17; amortización: 510 
Eliminado; 2024-12-09 20:20:18; Préstamo:  Abono del cliente:  monto  $
Eliminado; 2024-12-09 20:20:18; Transacción:  
Eliminado; 2024-12-09 20:20:18; amortización:  
Agregado; 2024-12-09 20:20:36; PAGO IRREGULAR
Agregado; 2024-12-09 20:20:37; Préstamo: 510 Abono al capital de cliente: santo benigno rosario $58000 
Eliminado; 2024-12-09 20:21:02; Préstamo: 396 Abono del cliente: edward alexander polanco alvarado monto INTERES $16000
Eliminado; 2024-12-09 20:21:02; Transacción: 759 
Eliminado; 2024-12-09 20:21:02; amortización: 396 
Eliminado; 2024-12-09 20:21:02; Préstamo:  Abono del cliente:  monto  $
Eliminado; 2024-12-09 20:21:02; Transacción:  
Eliminado; 2024-12-09 20:21:03; amortización:  
Eliminado; 2024-12-09 20:21:14; Préstamo:  Abono del cliente:  monto  $
Eliminado; 2024-12-09 20:21:14; Transacción:  
Eliminado; 2024-12-09 20:21:14; amortización:  
Eliminado; 2024-12-09 20:21:14; Préstamo: 396 Abono del cliente: edward alexander polanco alvarado monto CAPITAL $44000
Eliminado; 2024-12-09 20:21:14; Transacción: 760 
Actualizado; 2024-12-09 20:21:15; Préstamo: 396 
Eliminado; 2024-12-09 20:21:15; amortización: 396 
Agregado; 2024-12-09 20:21:31; PAGO IRREGULAR
Agregado; 2024-12-09 20:21:31; Préstamo: 396 Abono al capital de cliente: edward alexander polanco alvarado $50000 
Eliminado; 2024-12-09 20:23:14; Préstamo: 476 Abono del cliente: jack michael morillo  monto INTERES $8000
Eliminado; 2024-12-09 20:23:14; Transacción: 768 
Eliminado; 2024-12-09 20:23:14; amortización: 476 
Eliminado; 2024-12-09 20:23:14; Préstamo:  Abono del cliente:  monto  $
Eliminado; 2024-12-09 20:23:14; Transacción:  
Eliminado; 2024-12-09 20:23:14; amortización:  
Eliminado; 2024-12-09 20:23:25; Préstamo:  Abono del cliente:  monto  $
Eliminado; 2024-12-09 20:23:25; Transacción:  
Eliminado; 2024-12-09 20:23:25; amortización:  
Eliminado; 2024-12-09 20:23:25; Préstamo: 476 Abono del cliente: jack michael morillo  monto CAPITAL $58500
Eliminado; 2024-12-09 20:23:25; Transacción: 769 
Actualizado; 2024-12-09 20:23:25; Préstamo: 476 
Eliminado; 2024-12-09 20:23:25; amortización: 476 
Agregado; 2024-12-09 20:23:44; PAGO IRREGULAR
Agregado; 2024-12-09 20:23:44; Préstamo: 476 Abono al capital de cliente: jack michael morillo $61100 
Eliminado; 2024-12-09 20:24:15; Préstamo: 498 Abono del cliente: julio rodriguez sanchez  monto INTERES $3000
Eliminado; 2024-12-09 20:24:15; Transacción: 666 
Eliminado; 2024-12-09 20:24:15; amortización: 498 
Eliminado; 2024-12-09 20:24:16; Préstamo:  Abono del cliente:  monto  $
Eliminado; 2024-12-09 20:24:16; Transacción:  
Eliminado; 2024-12-09 20:24:16; amortización:  
Eliminado; 2024-12-09 20:24:34; Préstamo: 498 Abono del cliente: julio rodriguez sanchez  monto CAPITAL $14900
Eliminado; 2024-12-09 20:24:34; Transacción: 667 
Actualizado; 2024-12-09 20:24:34; Préstamo: 498 
Eliminado; 2024-12-09 20:24:34; amortización: 498 
Eliminado; 2024-12-09 20:24:35; Préstamo:  Abono del cliente:  monto  $
Eliminado; 2024-12-09 20:24:35; Transacción:  
Eliminado; 2024-12-09 20:24:35; amortización:  
Agregado; 2024-12-09 20:24:53; PAGO IRREGULAR
Agregado; 2024-12-09 20:24:53; Préstamo: 498 Abono al capital de cliente: julio rodriguez sanchez $17000 
Eliminado; 2024-12-09 20:25:20; Préstamo: 431 Abono del cliente: luisa yanelsi then molina monto INTERES $5000
Eliminado; 2024-12-09 20:25:20; Transacción: 761 
Eliminado; 2024-12-09 20:25:20; amortización: 431 
Eliminado; 2024-12-09 20:25:20; Préstamo:  Abono del cliente:  monto  $
Eliminado; 2024-12-09 20:25:20; Transacción:  
Eliminado; 2024-12-09 20:25:20; amortización:  
Eliminado; 2024-12-09 20:26:14; Préstamo: 431 Abono del cliente: luisa yanelsi then molina monto CAPITAL $55000
Eliminado; 2024-12-09 20:26:14; Transacción: 762 
Actualizado; 2024-12-09 20:26:14; Préstamo: 431 
Eliminado; 2024-12-09 20:26:14; amortización: 431 
Eliminado; 2024-12-09 20:26:14; Préstamo:  Abono del cliente:  monto  $
Eliminado; 2024-12-09 20:26:14; Transacción:  
Eliminado; 2024-12-09 20:26:14; amortización:  
Agregado; 2024-12-09 20:26:31; PAGO IRREGULAR
Agregado; 2024-12-09 20:26:31; Préstamo: 431 Abono al capital de cliente: luisa yanelsi then molina $56800 
Eliminado; 2024-12-09 20:27:25; Préstamo: 500 Cliente: nancy garcia monto $10000.00 duración: 2 meses interes: 2000.00
Eliminado; 2024-12-09 20:27:25; Préstamo: 500 
Eliminado; 2024-12-09 20:27:25; transacciones del préstamo: 500 
Eliminado; 2024-12-09 20:27:25; amortización: 500 
Agregado; 2024-12-09 20:29:20; PAGO IRREGULAR
Agregado; 2024-12-09 20:29:20; Préstamo: 436 Abono al capital de cliente: nidia elsa ramona oller javier $20000 
Eliminado; 2024-12-09 20:29:54; Préstamo:  Abono del cliente:  monto  $
Eliminado; 2024-12-09 20:29:54; Transacción:  
Eliminado; 2024-12-09 20:29:54; amortización:  
Eliminado; 2024-12-09 20:29:54; Préstamo: 415 Abono del cliente: pedro garcia reyes monto INTERES $7500
Eliminado; 2024-12-09 20:29:54; Transacción: 698 
Eliminado; 2024-12-09 20:29:54; amortización: 415 
Eliminado; 2024-12-09 20:30:06; Préstamo: 415 Abono del cliente: pedro garcia reyes monto CAPITAL $51000
Eliminado; 2024-12-09 20:30:06; Transacción: 699 
Actualizado; 2024-12-09 20:30:06; Préstamo: 415 
Eliminado; 2024-12-09 20:30:06; amortización: 415 
Eliminado; 2024-12-09 20:30:06; Préstamo:  Abono del cliente:  monto  $
Eliminado; 2024-12-09 20:30:06; Transacción:  
Eliminado; 2024-12-09 20:30:06; amortización:  
Agregado; 2024-12-09 20:30:29; PAGO IRREGULAR
Agregado; 2024-12-09 20:30:29; Préstamo: 415 Abono al capital de cliente: pedro garcia reyes $51500 
Eliminado; 2024-12-09 20:31:38; Préstamo:  Abono del cliente:  monto  $
Eliminado; 2024-12-09 20:31:38; Transacción:  
Eliminado; 2024-12-09 20:31:38; amortización:  
Eliminado; 2024-12-09 20:31:38; Préstamo: 462 Abono del cliente: raul caraballo liranzo monto INTERES $10500
Eliminado; 2024-12-09 20:31:38; Transacción: 785 
Eliminado; 2024-12-09 20:31:38; amortización: 462 
Eliminado; 2024-12-09 20:31:50; Préstamo: 462 Abono del cliente: raul caraballo liranzo monto CAPITAL $49900
Eliminado; 2024-12-09 20:31:50; Transacción: 786 
Actualizado; 2024-12-09 20:31:50; Préstamo: 462 
Eliminado; 2024-12-09 20:31:50; amortización: 462 
Eliminado; 2024-12-09 20:31:50; Préstamo:  Abono del cliente:  monto  $
Eliminado; 2024-12-09 20:31:50; Transacción:  
Eliminado; 2024-12-09 20:31:50; amortización:  
Agregado; 2024-12-09 20:32:08; PAGO IRREGULAR
Agregado; 2024-12-09 20:32:08; Préstamo: 462 Abono al capital de cliente: raul caraballo liranzo $52900 
Eliminado; 2024-12-09 20:32:38; Préstamo: 411 Abono del cliente: ramon garcia monto INTERES $8000
Eliminado; 2024-12-09 20:32:38; Transacción: 763 
Eliminado; 2024-12-09 20:32:38; amortización: 411 
Eliminado; 2024-12-09 20:32:39; Préstamo:  Abono del cliente:  monto  $
Eliminado; 2024-12-09 20:32:39; Transacción:  
Eliminado; 2024-12-09 20:32:39; amortización:  
Agregado; 2024-12-09 20:33:01; PAGO IRREGULAR
Agregado; 2024-12-09 20:33:02; Préstamo: 432 Abono al capital de cliente: rafael guzman ragalado $21000 
Eliminado; 2024-12-09 20:33:32; Préstamo:  Abono del cliente:  monto  $
Eliminado; 2024-12-09 20:33:32; Transacción:  
Eliminado; 2024-12-09 20:33:32; amortización:  
Eliminado; 2024-12-09 20:33:33; Préstamo: 505 Abono del cliente: sara felipe kery monto CAPITAL $41000
Eliminado; 2024-12-09 20:33:33; Transacción: 716 
Actualizado; 2024-12-09 20:33:33; Préstamo: 505 
Eliminado; 2024-12-09 20:33:33; amortización: 505 
Agregado; 2024-12-09 20:33:50; Préstamo: 505 Abono al capital de cliente: sara felipe kery $47500 
Eliminado; 2024-12-09 20:34:27; Préstamo: 468 Abono del cliente: ulfralina gonzalez de la rosa monto CAPITAL $13800
Eliminado; 2024-12-09 20:34:27; Transacción: 828 
Actualizado; 2024-12-09 20:34:27; Préstamo: 468 
Eliminado; 2024-12-09 20:34:27; amortización: 468 
Eliminado; 2024-12-09 20:34:27; Préstamo:  Abono del cliente:  monto  $
Eliminado; 2024-12-09 20:34:27; Transacción:  
Eliminado; 2024-12-09 20:34:27; amortización:  
Eliminado; 2024-12-09 20:34:42; Préstamo:  Abono del cliente:  monto  $
Eliminado; 2024-12-09 20:34:42; Transacción:  
Eliminado; 2024-12-09 20:34:42; amortización:  
Eliminado; 2024-12-09 20:34:42; Préstamo: 468 Abono del cliente: ulfralina gonzalez de la rosa monto INTERES $3500
Eliminado; 2024-12-09 20:34:42; Transacción: 827 
Eliminado; 2024-12-09 20:34:42; amortización: 468 
Agregado; 2024-12-09 20:34:58; PAGO IRREGULAR
Agregado; 2024-12-09 20:34:58; Préstamo: 468 Abono al capital de cliente: ulfralina gonzalez de la rosa $17800 
Eliminado; 2024-12-09 20:35:26; Préstamo: 418 Abono del cliente: yuderky ramona gama olivo monto INTERES $12600
Eliminado; 2024-12-09 20:35:26; Transacción: 731 
Eliminado; 2024-12-09 20:35:26; amortización: 418 
Eliminado; 2024-12-09 20:35:26; Préstamo:  Abono del cliente:  monto  $
Eliminado; 2024-12-09 20:35:26; Transacción:  
Eliminado; 2024-12-09 20:35:26; amortización:  
Eliminado; 2024-12-09 20:35:39; Préstamo: 418 Abono del cliente: yuderky ramona gama olivo monto CAPITAL $41500
Eliminado; 2024-12-09 20:35:39; Transacción: 732 
Actualizado; 2024-12-09 20:35:39; Préstamo: 418 
Eliminado; 2024-12-09 20:35:39; amortización: 418 
Eliminado; 2024-12-09 20:35:39; Préstamo:  Abono del cliente:  monto  $
Eliminado; 2024-12-09 20:35:39; Transacción:  
Eliminado; 2024-12-09 20:35:39; amortización:  
Agregado; 2024-12-09 20:36:06; PAGO IRREGULAR
Agregado; 2024-12-09 20:36:06; Préstamo: 418 Abono al capital de cliente: yuderky ramona gama olivo $47500 
Eliminado; 2024-12-09 20:39:35; Préstamo: 294 Cliente: amadito del rosario tejada monto $12100.00 duración: 5 meses interes: 1500.00
Eliminado; 2024-12-09 20:39:35; Préstamo: 294 
Eliminado; 2024-12-09 20:39:35; transacciones del préstamo: 294 
Eliminado; 2024-12-09 20:39:35; amortización: 294 
