Eliminado; 2023-08-21 11:42:08; Prestamo del cliente: yissel de jesus monto $20000.00 duración: 1 mes interes: 4000.00
Eliminado; 2023-08-21 11:42:08; Préstamo: 233 
Eliminado; 2023-08-21 11:42:08; transacciones del préstamo: 233 
Eliminado; 2023-08-21 11:42:08; amortización: 233 
Eliminado; 2023-08-21 11:45:02; Prestamo del cliente: arcenio perez monto $10000.00 duración: 19 meses interes: 4000.00
Eliminado; 2023-08-21 11:45:02; Préstamo: 273 
Eliminado; 2023-08-21 11:45:02; transacciones del préstamo: 273 
Eliminado; 2023-08-21 11:45:02; amortización: 273 
Eliminado; 2023-08-21 11:59:24; Prestamo del cliente: porfiria ramona ozoria mejia monto $30000.00 duración: 5 meses interes: 7500.00
Eliminado; 2023-08-21 11:59:24; Préstamo: 101 
Eliminado; 2023-08-21 11:59:24; transacciones del préstamo: 101 
Eliminado; 2023-08-21 11:59:24; amortización: 101 
Eliminado; 2023-08-21 12:13:42; Prestamo del cliente: darlin de jesus hernandez de la rosa  monto $9000.00 duración: 5 meses interes: 2900.00
Eliminado; 2023-08-21 12:13:42; Préstamo: 21 
Eliminado; 2023-08-21 12:13:42; transacciones del préstamo: 21 
Eliminado; 2023-08-21 12:13:42; amortización: 21 
Eliminado; 2023-08-21 12:13:52; Prestamo del cliente: gelacio luis emilio luperon mercedes monto $15000.00 duración: 5 meses interes: 5800.00
Eliminado; 2023-08-21 12:13:52; Préstamo: 43 
Eliminado; 2023-08-21 12:13:52; transacciones del préstamo: 43 
Eliminado; 2023-08-21 12:13:52; amortización: 43 
Agregado; 2023-08-21 13:57:27; Nuevo préstamo cliente: julio rodriguez sanchez  monto prestado $5000 duración: 4 meses interes: 2500
Agregado; 2023-08-21 16:55:27; Nuevo préstamo cliente: rafael gil ureña monto prestado $8500 duración: 4 meses interes: 3400
Agregado; 2023-08-21 17:09:20; Nuevo préstamo cliente: francisco lopez cross monto prestado $45000 duración: 4 meses interes: 17000
