Agregado; 2025-12-11 15:04:42; PAGO IRREGULAR
Agregado; 2025-12-11 15:04:42; Préstamo: 603 Abono al capital de cliente: alexis paredes faña $24000 
Agregado; 2025-12-11 15:05:08; Préstamo: 681 Abono al capital de cliente: dianelba gizeh mercedes de castillo $48000 
Agregado; 2025-12-11 15:07:14; PAGO IRREGULAR
Agregado; 2025-12-11 15:07:14; Préstamo: 670 Abono al capital de cliente: eni maria reynoso aquino $12000 
Agregado; 2025-12-11 15:07:35; PAGO IRREGULAR
Agregado; 2025-12-11 15:07:35; Préstamo: 687 Abono al capital de cliente: teresa adaldenia paula $5000 
Agregado; 2025-12-11 15:09:06; PAGO IRREGULAR
Agregado; 2025-12-11 15:09:06; Préstamo: 536 Abono al capital de cliente: adonis taveras garcia $6900 
Agregado; 2025-12-11 15:09:30; PAGO IRREGULAR
Agregado; 2025-12-11 15:09:30; Préstamo: 649 Abono al capital de cliente: alba gervancia de la cruz acosta $31000 
Agregado; 2025-12-11 15:09:50; PAGO IRREGULAR
Agregado; 2025-12-11 15:09:50; Préstamo: 636 Abono al capital de cliente: alciviades paredes javier $43500 
Agregado; 2025-12-11 15:10:59; Préstamo: 690 Abono al capital de cliente: alfonso hiciano laureano $57000 
Agregado; 2025-12-11 15:11:18; PAGO IRREGULAR
Agregado; 2025-12-11 15:11:18; Préstamo: 564 Abono al capital de cliente: ambiorix almanzar castro $54700 
Agregado; 2025-12-11 15:11:49; PAGO IRREGULAR
Agregado; 2025-12-11 15:11:49; Préstamo: 635 Abono al capital de cliente: ana cristina maloon echavarria $23000 
Agregado; 2025-12-11 15:12:18; PAGO IRREGULAR
Agregado; 2025-12-11 15:12:18; Préstamo: 656 Abono al capital de cliente: ana faustina faña gil $65800 
Agregado; 2025-12-11 15:12:40; PAGO IRREGULAR
Agregado; 2025-12-11 15:12:40; Préstamo: 664 Abono al capital de cliente: angel jimenez paniagua $10000 
Agregado; 2025-12-11 15:13:23; PAGO IRREGULAR
Agregado; 2025-12-11 15:13:23; Préstamo: 655 Abono al capital de cliente: angel lorenzo breton castillo $35000 
Agregado; 2025-12-11 15:13:54; PAGO IRREGULAR
Agregado; 2025-12-11 15:13:54; Préstamo: 659 Abono al capital de cliente: angel luis moris echavarria $8500 
Agregado; 2025-12-11 15:14:19; PAGO IRREGULAR
Agregado; 2025-12-11 15:14:19; Préstamo: 661 Abono al capital de cliente: angela morel andujar $10000 
Agregado; 2025-12-11 15:15:11; PAGO IRREGULAR
Agregado; 2025-12-11 15:15:11; Préstamo: 550 Abono al capital de cliente: antonio ventura hilario $24600 
Agregado; 2025-12-11 15:18:18; PAGO IRREGULAR
Agregado; 2025-12-11 15:18:18; Préstamo: 639 Abono al capital de cliente: bienvenido amparo padilla $8000 
Agregado; 2025-12-11 15:18:39; PAGO IRREGULAR
Agregado; 2025-12-11 15:18:39; Préstamo: 596 Abono al capital de cliente: camilo vargas suriel $8000 
Agregado; 2025-12-11 15:18:58; PAGO IRREGULAR
Agregado; 2025-12-11 15:18:58; Préstamo: 666 Abono al capital de cliente: carmen lopez fermin $30000 
Agregado; 2025-12-11 15:19:18; PAGO IRREGULAR
Agregado; 2025-12-11 15:19:18; Préstamo: 623 Abono al capital de cliente: celso garcia castillo $15000 
Agregado; 2025-12-11 15:19:41; Préstamo: 633 Abono al capital de cliente: concepcion jazmin ramon $75500 
Agregado; 2025-12-11 15:20:50; PAGO IRREGULAR
Agregado; 2025-12-11 15:20:50; Préstamo: 651 Abono al capital de cliente: daniel gonzalez vasquez $50000 
Agregado; 2025-12-11 15:21:14; PAGO IRREGULAR
Agregado; 2025-12-11 15:21:14; Préstamo: 629 Abono al capital de cliente: daniela de leon de rodriguez $50000 
Agregado; 2025-12-11 15:22:30; PAGO IRREGULAR
Agregado; 2025-12-11 15:22:30; Préstamo: 545 Abono al capital de cliente: dannessa deyanara rodriguez $38900 
Agregado; 2025-12-11 15:23:08; PAGO IRREGULAR
Agregado; 2025-12-11 15:23:08; Préstamo: 535 Abono al capital de cliente: dionisio castillo lora $41000 
Agregado; 2025-12-11 15:27:49; PAGO IRREGULAR
Agregado; 2025-12-11 15:27:49; Préstamo: 602 Abono al capital de cliente: dorothy cleopatra adolfina vanderhorst almeyda $48000 
Agregado; 2025-12-11 15:29:02; PAGO IRREGULAR
Agregado; 2025-12-11 15:29:02; Préstamo: 578 Abono al capital de cliente: edilcia encarnacion encarnacion $45800 
Agregado; 2025-12-11 15:29:24; PAGO IRREGULAR
Agregado; 2025-12-11 15:29:24; Préstamo: 572 Abono al capital de cliente: edward alexander polanco alvarado $63600 
Agregado; 2025-12-11 15:30:53; PAGO IRREGULAR
Agregado; 2025-12-11 15:30:53; Préstamo: 686 Abono al capital de cliente: eladio antonio brito lopez $30000 
Agregado; 2025-12-11 15:31:21; PAGO IRREGULAR
Agregado; 2025-12-11 15:31:21; Préstamo: 558 Abono al capital de cliente: elisabeth serrano $10000 
Agregado; 2025-12-11 15:32:16; PAGO IRREGULAR
Agregado; 2025-12-11 15:32:16; Préstamo: 628 Abono al capital de cliente: emmanuel medina lopez $25000 
Agregado; 2025-12-11 15:32:41; PAGO IRREGULAR
Agregado; 2025-12-11 15:32:41; Préstamo: 589 Abono al capital de cliente: epifanio cortorreal balbuena $57400 
Agregado; 2025-12-11 15:33:16; PAGO IRREGULAR
Agregado; 2025-12-11 15:33:16; Préstamo: 541 Abono al capital de cliente: erika gonzalez ramirez $40300 
Agregado; 2025-12-11 15:33:59; PAGO IRREGULAR
Agregado; 2025-12-11 15:33:59; Préstamo: 654 Abono al capital de cliente: ernesto moris geronimo $9000 
Agregado; 2025-12-11 15:34:21; PAGO IRREGULAR
Agregado; 2025-12-11 15:34:21; Préstamo: 533 Abono al capital de cliente: esperanza yanilca amparo castillo $28000 
Agregado; 2025-12-11 15:34:50; PAGO IRREGULAR
Agregado; 2025-12-11 15:34:50; Préstamo: 538 Abono al capital de cliente: eugenio ernesto marchena fermin $55000 
Agregado; 2025-12-11 15:35:47; PAGO IRREGULAR
Agregado; 2025-12-11 15:35:47; Préstamo: 680 Abono al capital de cliente: fabio rafael moris geronimo $10000 
Agregado; 2025-12-11 15:36:11; PAGO IRREGULAR
Agregado; 2025-12-11 15:36:11; Préstamo: 615 Abono al capital de cliente: felix alberto campo $42000 
Agregado; 2025-12-11 15:36:29; PAGO IRREGULAR
Agregado; 2025-12-11 15:36:29; Préstamo: 691 Abono al capital de cliente: felix ureña luciano $11000 
Agregado; 2025-12-11 15:37:15; PAGO IRREGULAR
Agregado; 2025-12-11 15:37:15; Préstamo: 593 Abono al capital de cliente: francisco paulino esteban $17400 
Agregado; 2025-12-11 15:37:55; PAGO IRREGULAR
Agregado; 2025-12-11 15:37:55; Préstamo: 567 Abono al capital de cliente: gloria tatiana fermin de la rosa $55000 
Agregado; 2025-12-11 15:38:18; PAGO IRREGULAR
Agregado; 2025-12-11 15:38:18; Préstamo: 657 Abono al capital de cliente: gricelida tavarez drullard $10000 
Agregado; 2025-12-11 15:39:00; PAGO IRREGULAR
Agregado; 2025-12-11 15:39:00; Préstamo: 532 Abono al capital de cliente: hugo rodriguez $59000 
Agregado; 2025-12-11 15:39:33; PAGO IRREGULAR
Agregado; 2025-12-11 15:39:33; Préstamo: 646 Abono al capital de cliente: ines gonzalez polanco $5000 
Agregado; 2025-12-11 15:39:53; PAGO IRREGULAR
Agregado; 2025-12-11 15:39:53; Préstamo: 577 Abono al capital de cliente: isaias antigua rodriguez $8000 
Agregado; 2025-12-11 15:40:21; PAGO IRREGULAR
Agregado; 2025-12-11 15:40:21; Préstamo: 522 Abono al capital de cliente: jack michael morillo $54400 
Agregado; 2025-12-11 15:40:42; PAGO IRREGULAR
Agregado; 2025-12-11 15:40:42; Préstamo: 588 Abono al capital de cliente: joan domingo acosta polanco $10000 
Agregado; 2025-12-11 15:41:06; PAGO IRREGULAR
Agregado; 2025-12-11 15:41:06; Préstamo: 652 Abono al capital de cliente: jorge luis cepeda martinez $49000 
Agregado; 2025-12-11 15:41:23; PAGO IRREGULAR
Agregado; 2025-12-11 15:41:23; Préstamo: 637 Abono al capital de cliente: jorge chavez $34500 
Agregado; 2025-12-11 15:41:40; PAGO IRREGULAR
Agregado; 2025-12-11 15:41:40; Préstamo: 525 Abono al capital de cliente: jose francisco lopez fermin $31600 
Agregado; 2025-12-11 15:42:26; PAGO IRREGULAR
Agregado; 2025-12-11 15:42:26; Préstamo: 626 Abono al capital de cliente: jose hernandez $8000 
Agregado; 2025-12-11 15:42:46; PAGO IRREGULAR
Agregado; 2025-12-11 15:42:46; Préstamo: 586 Abono al capital de cliente: juan alfonso concepcion vazquez $44600 
Agregado; 2025-12-11 15:43:13; PAGO IRREGULAR
Agregado; 2025-12-11 15:43:13; Préstamo: 625 Abono al capital de cliente: juan ulloa altagracia $3800 
Agregado; 2025-12-11 15:43:33; PAGO IRREGULAR
Agregado; 2025-12-11 15:43:33; Préstamo: 673 Abono al capital de cliente: juana castillo de matos $5000 
Agregado; 2025-12-11 15:44:00; PAGO IRREGULAR
Agregado; 2025-12-11 15:44:00; Préstamo: 609 Abono al capital de cliente: juana martinez frias $8000 
Agregado; 2025-12-11 15:44:33; Préstamo: 688 Abono al capital de cliente: julia garcia castillo de castillo $33000 
Agregado; 2025-12-11 15:45:09; PAGO IRREGULAR
Agregado; 2025-12-11 15:45:09; Préstamo: 683 Abono al capital de cliente: julio francisco rosario serrano $10000 
Agregado; 2025-12-11 15:45:57; PAGO IRREGULAR
Agregado; 2025-12-11 15:45:57; Préstamo: 624 Abono al capital de cliente: julio rodriguez sanchez $15000 
Agregado; 2025-12-11 15:46:32; Préstamo: 594 Abono al capital de cliente: justo rafael dipuglia rosario $67000 
Agregado; 2025-12-11 15:47:10; PAGO IRREGULAR
Agregado; 2025-12-11 15:47:10; Préstamo: 658 Abono al capital de cliente: leoncia de jesus adames $45500 
Agregado; 2025-12-11 15:47:44; Préstamo: 693 Abono al capital de cliente: Leonel Almonte ortega $6000 
Agregado; 2025-12-11 15:47:45; Préstamo: 693 Abono al capital de cliente: Leonel Almonte ortega $6000 
Eliminado; 2025-12-11 15:48:16; Préstamo: 693 Abono del cliente: Leonel Almonte ortega  monto CAPITAL $6000
Eliminado; 2025-12-11 15:48:16; Transacción: 1163 
Actualizado; 2025-12-11 15:48:16; Préstamo: 693 
Eliminado; 2025-12-11 15:48:16; amortización: 693 
Eliminado; 2025-12-11 15:48:16; Préstamo:  Abono del cliente:  monto  $
Eliminado; 2025-12-11 15:48:16; Transacción:  
Eliminado; 2025-12-11 15:48:16; amortización:  
Agregado; 2025-12-11 15:48:39; Préstamo: 595 Abono al capital de cliente: ligia maria dolores alvarado de pereyra $50000 
Agregado; 2025-12-11 15:49:16; Préstamo: 674 Abono al capital de cliente: lisette zaiz ventura $25000 
Agregado; 2025-12-11 15:49:45; Préstamo: 559 Abono al capital de cliente: lorenza maria jose avelino $100800 
Agregado; 2025-12-11 15:50:09; PAGO IRREGULAR
Agregado; 2025-12-11 15:50:09; Préstamo: 576 Abono al capital de cliente: lowels jhonson mejia $28000 
Agregado; 2025-12-11 15:51:47; PAGO IRREGULAR
Agregado; 2025-12-11 15:51:47; Préstamo: 524 Abono al capital de cliente: luisa yanelsi then molina $47700 
Agregado; 2025-12-11 15:52:11; PAGO IRREGULAR
Agregado; 2025-12-11 15:52:11; Préstamo: 644 Abono al capital de cliente: Marcelino Maldonado Fernández $70000 
Agregado; 2025-12-11 15:52:36; PAGO IRREGULAR
Agregado; 2025-12-11 15:52:36; Préstamo: 591 Abono al capital de cliente: marcia martinez y adames de ferrera $17100 
Agregado; 2025-12-11 15:53:00; PAGO IRREGULAR
Agregado; 2025-12-11 15:53:00; Préstamo: 546 Abono al capital de cliente: margarita disla gonzalez $52000 
Agregado; 2025-12-11 15:53:27; PAGO IRREGULAR
Agregado; 2025-12-11 15:53:27; Préstamo: 679 Abono al capital de cliente: maria lopez mejia $10500 
Agregado; 2025-12-11 15:53:59; PAGO IRREGULAR
Agregado; 2025-12-11 15:53:59; Préstamo: 621 Abono al capital de cliente: maria teresa javiar rodriguez $20000 
Agregado; 2025-12-11 15:54:31; PAGO IRREGULAR
Agregado; 2025-12-11 15:54:31; Préstamo: 614 Abono al capital de cliente: marilyn antonia jimenez de santana $53000 
Agregado; 2025-12-11 15:55:27; Préstamo: 631 Abono al capital de cliente: marino candelario compres $76400 
Agregado; 2025-12-11 15:56:03; PAGO IRREGULAR
Agregado; 2025-12-11 15:56:03; Préstamo: 583 Abono al capital de cliente: masiell alejandra lopez gil $46300 
Agregado; 2025-12-11 15:56:25; PAGO IRREGULAR
Agregado; 2025-12-11 15:56:25; Préstamo: 551 Abono al capital de cliente: miguel hilario pichardo $35000 
Agregado; 2025-12-11 15:56:41; PAGO IRREGULAR
Agregado; 2025-12-11 15:56:41; Préstamo: 539 Abono al capital de cliente: miguel hilario pichardo $35000 
Agregado; 2025-12-11 15:57:04; PAGO IRREGULAR
Agregado; 2025-12-11 15:57:04; Préstamo: 634 Abono al capital de cliente: miguelin eusebio dishmey $9000 
Agregado; 2025-12-11 15:57:25; PAGO IRREGULAR
Agregado; 2025-12-11 15:57:25; Préstamo: 523 Abono al capital de cliente: mily cuevas sosa $74500 
Agregado; 2025-12-11 15:57:56; PAGO IRREGULAR
Agregado; 2025-12-11 15:57:56; Préstamo: 565 Abono al capital de cliente: modesta crecencia paredes pierrot $50200 
Agregado; 2025-12-11 15:58:18; PAGO IRREGULAR
Agregado; 2025-12-11 15:58:18; Préstamo: 574 Abono al capital de cliente: modesto gonzalez lopez $67500 
Agregado; 2025-12-11 15:58:44; Préstamo: 616 Abono al capital de cliente: nelson maximiliano sosa guillermo $33000 
Agregado; 2025-12-11 15:59:04; PAGO IRREGULAR
Agregado; 2025-12-11 15:59:04; Préstamo: 676 Abono al capital de cliente: nelson villa espinal $5000 
Agregado; 2025-12-11 15:59:45; PAGO IRREGULAR
Agregado; 2025-12-11 15:59:45; Préstamo: 645 Abono al capital de cliente: nery vianney garcia rodriguez $55000 
Agregado; 2025-12-11 16:00:04; PAGO IRREGULAR
Agregado; 2025-12-11 16:00:04; Préstamo: 571 Abono al capital de cliente: nidia elsa ramona oller javier $26700 
Agregado; 2025-12-11 16:00:30; PAGO IRREGULAR
Agregado; 2025-12-11 16:00:30; Préstamo: 561 Abono al capital de cliente: orlando nuñez sanchez $40000 
Agregado; 2025-12-11 16:01:52; PAGO IRREGULAR
Agregado; 2025-12-11 16:01:52; Préstamo: 650 Abono al capital de cliente: pablo medina gonzalez $3600 
Agregado; 2025-12-11 16:02:15; Préstamo: 582 Abono al capital de cliente: pedro castillo peralta $91800 
Agregado; 2025-12-11 16:02:40; PAGO IRREGULAR
Agregado; 2025-12-11 16:02:41; Préstamo: 632 Abono al capital de cliente: pedro garcia reyes $38500 
Agregado; 2025-12-11 16:03:46; PAGO IRREGULAR
Agregado; 2025-12-11 16:03:46; Préstamo: 627 Abono al capital de cliente: pedro pablo valdez sanchez $49000 
Agregado; 2025-12-11 16:04:14; PAGO IRREGULAR
Agregado; 2025-12-11 16:04:14; Préstamo: 640 Abono al capital de cliente: rafael antonio reynoso lopez $11700 
Agregado; 2025-12-11 16:04:30; PAGO IRREGULAR
Agregado; 2025-12-11 16:04:30; Préstamo: 662 Abono al capital de cliente: rafael gil ureña $8000 
Agregado; 2025-12-11 16:04:44; PAGO IRREGULAR
Agregado; 2025-12-11 16:04:44; Préstamo: 592 Abono al capital de cliente: rafael guzman ragalado $20000 
Agregado; 2025-12-11 16:05:13; PAGO IRREGULAR
Agregado; 2025-12-11 16:05:13; Préstamo: 689 Abono al capital de cliente: ramon felix frias polanco $30000 
Agregado; 2025-12-11 16:05:52; PAGO IRREGULAR
Agregado; 2025-12-11 16:05:52; Préstamo: 562 Abono al capital de cliente: ramon garcia $37400 
Agregado; 2025-12-11 16:06:15; PAGO IRREGULAR
Agregado; 2025-12-11 16:06:15; Préstamo: 617 Abono al capital de cliente: ramon lopez fabian $4000 
Agregado; 2025-12-11 16:06:37; PAGO IRREGULAR
Agregado; 2025-12-11 16:06:37; Préstamo: 669 Abono al capital de cliente: ramon quiro melo $42500 
Agregado; 2025-12-11 16:07:04; PAGO IRREGULAR
Agregado; 2025-12-11 16:07:04; Préstamo: 526 Abono al capital de cliente: raquel mercedes marte ferreyra de rodriguez $57000 
Agregado; 2025-12-11 16:08:31; PAGO IRREGULAR
Agregado; 2025-12-11 16:08:31; Préstamo: 554 Abono al capital de cliente: raul caraballo liranzo $50500 
Agregado; 2025-12-11 16:09:15; PAGO IRREGULAR
Agregado; 2025-12-11 16:09:15; Préstamo: 665 Abono al capital de cliente: reyna compres diez $10000 
Agregado; 2025-12-11 16:10:06; PAGO IRREGULAR
Agregado; 2025-12-11 16:10:06; Préstamo: 647 Abono al capital de cliente: rhoneer guzman ozoria $41700 
Agregado; 2025-12-11 16:10:27; PAGO IRREGULAR
Agregado; 2025-12-11 16:10:27; Préstamo: 682 Abono al capital de cliente: ricardo paula polanco $10500 
Agregado; 2025-12-11 16:11:32; PAGO IRREGULAR
Agregado; 2025-12-11 16:11:32; Préstamo: 560 Abono al capital de cliente: roberto flores acosta $37000 
Agregado; 2025-12-11 16:13:49; PAGO IRREGULAR
Agregado; 2025-12-11 16:13:49; Préstamo: 668 Abono al capital de cliente: rolando franco guzman $10000 
Agregado; 2025-12-11 16:14:12; PAGO IRREGULAR
Agregado; 2025-12-11 16:14:12; Préstamo: 555 Abono al capital de cliente: ROSALY ULLOA $53700 
Agregado; 2025-12-11 16:14:45; PAGO IRREGULAR
Agregado; 2025-12-11 16:14:45; Préstamo: 542 Abono al capital de cliente: sara felipe kery $20700 
Agregado; 2025-12-11 16:15:09; Préstamo: 597 Abono al capital de cliente: sebastiana tirado melo $58200 
Agregado; 2025-12-11 16:15:46; PAGO IRREGULAR
Agregado; 2025-12-11 16:15:46; Préstamo: 638 Abono al capital de cliente: ulfralina gonzalez de la rosa $10000 
Agregado; 2025-12-11 16:16:09; PAGO IRREGULAR
Agregado; 2025-12-11 16:16:09; Préstamo: 608 Abono al capital de cliente: virking yanet sierra moya $8000 
Agregado; 2025-12-11 16:16:30; PAGO IRREGULAR
Agregado; 2025-12-11 16:16:30; Préstamo: 672 Abono al capital de cliente: welington valdez tavarez $10500 
Agregado; 2025-12-11 16:16:52; PAGO IRREGULAR
Agregado; 2025-12-11 16:16:52; Préstamo: 598 Abono al capital de cliente: yadixa garcia lopez $15000 
Agregado; 2025-12-11 16:17:12; PAGO IRREGULAR
Agregado; 2025-12-11 16:17:12; Préstamo: 553 Abono al capital de cliente: yesenia de los santos marte $30000 
Agregado; 2025-12-11 16:17:33; Préstamo: 618 Abono al capital de cliente: yngris mercedes brito $23500 
Agregado; 2025-12-11 16:17:50; PAGO IRREGULAR
Agregado; 2025-12-11 16:17:50; Préstamo: 620 Abono al capital de cliente: yordany ribota peña $8500 
Agregado; 2025-12-11 16:18:07; PAGO IRREGULAR
Agregado; 2025-12-11 16:18:07; Préstamo: 671 Abono al capital de cliente: ysaury de leon morel $11000 
Agregado; 2025-12-11 16:18:28; PAGO IRREGULAR
Agregado; 2025-12-11 16:18:28; Préstamo: 566 Abono al capital de cliente: yuderky ramona gama olivo $53500 
Agregado; 2025-12-11 16:18:54; PAGO IRREGULAR
Agregado; 2025-12-11 16:18:54; Préstamo: 667 Abono al capital de cliente: zenon osiris brito acosta $50000 
