Agregado; 2023-12-11 13:26:06; PAGO IRREGULAR
Agregado; 2023-12-11 13:26:06; Préstamo: 391 Abono al capital de cliente: altagracia de la rosa castillo $15000 
Agregado; 2023-12-11 13:26:54; PAGO IRREGULAR
Agregado; 2023-12-11 13:26:54; Préstamo: 361 Abono al capital de cliente: ambiorix almanzar castro $50000 
Agregado; 2023-12-11 13:27:17; PAGO IRREGULAR
Agregado; 2023-12-11 13:27:17; Préstamo: 281 Abono al capital de cliente: ana maria gonzalez peña $62500 
Agregado; 2023-12-11 13:27:54; PAGO IRREGULAR
Agregado; 2023-12-11 13:27:54; Préstamo: 295 Abono al capital de cliente: ana cristina maloon echavarria $32000 
Agregado; 2023-12-11 13:28:19; PAGO IRREGULAR
Agregado; 2023-12-11 13:28:19; Préstamo: 372 Abono al capital de cliente: carmen camilo batista de german $20000 
Agregado; 2023-12-11 13:30:18; PAGO IRREGULAR
Agregado; 2023-12-11 13:30:18; Préstamo: 280 Abono al capital de cliente: colombino mata juma $55000 
Agregado; 2023-12-11 13:30:57; PAGO IRREGULAR
Agregado; 2023-12-11 13:30:57; Préstamo: 342 Abono al capital de cliente: delva altagracia vanderhorst almeyda $50000 
Agregado; 2023-12-11 13:31:55; PAGO IRREGULAR
Agregado; 2023-12-11 13:31:55; Préstamo: 288 Abono al capital de cliente: dionisio castillo lora $20000 
Agregado; 2023-12-11 13:32:19; PAGO IRREGULAR
Agregado; 2023-12-11 13:32:19; Préstamo: 367 Abono al capital de cliente: edilcia encarnacion encarnacion $29000 
Agregado; 2023-12-11 13:32:49; PAGO IRREGULAR
Agregado; 2023-12-11 13:32:49; Préstamo: 306 Abono al capital de cliente: edward alexander polanco alvarado $57000 
Agregado; 2023-12-11 13:33:14; PAGO IRREGULAR
Agregado; 2023-12-11 13:33:14; Préstamo: 315 Abono al capital de cliente: elizabeth noemi vanderhorst almeyda $30000 
Agregado; 2023-12-11 13:33:50; PAGO IRREGULAR
Agregado; 2023-12-11 13:33:50; Préstamo: 370 Abono al capital de cliente: enrique perez peña $55500 
Agregado; 2023-12-11 13:34:35; PAGO IRREGULAR
Agregado; 2023-12-11 13:34:35; Préstamo: 297 Abono al capital de cliente: erika gonzalez ramirez $47500 
Agregado; 2023-12-11 13:34:55; PAGO IRREGULAR
Agregado; 2023-12-11 13:34:55; Préstamo: 319 Abono al capital de cliente: esperanza yanilca amparo castillo $53000 
Agregado; 2023-12-11 13:35:36; PAGO IRREGULAR
Agregado; 2023-12-11 13:35:36; Préstamo: 347 Abono al capital de cliente: francisco lopez cross $45000 
Agregado; 2023-12-11 13:35:59; PAGO IRREGULAR
Agregado; 2023-12-11 13:35:59; Préstamo: 303 Abono al capital de cliente: gloria tatiana fermin de la rosa $13000 
Agregado; 2023-12-11 13:37:18; PAGO IRREGULAR
Agregado; 2023-12-11 13:37:18; Préstamo: 350 Abono al capital de cliente: gricelida tavarez drullard $15000 
Agregado; 2023-12-11 13:44:55; PAGO IRREGULAR
Agregado; 2023-12-11 13:44:55; Préstamo: 302 Abono al capital de cliente: hector bienvenido maria liranzo $62050 
Agregado; 2023-12-11 13:45:50; Préstamo: 390 Abono al capital de cliente: hugo rodriguez $30000 
Agregado; 2023-12-11 13:46:33; PAGO IRREGULAR
Agregado; 2023-12-11 13:46:33; Préstamo: 296 Abono al capital de cliente: jack michael morillo $52300 
Agregado; 2023-12-11 13:47:09; PAGO IRREGULAR
Agregado; 2023-12-11 13:47:09; Préstamo: 368 Abono al capital de cliente: joan domingo acosta polanco $33000 
Agregado; 2023-12-11 13:48:32; PAGO IRREGULAR
Agregado; 2023-12-11 13:48:32; Préstamo: 275 Abono al capital de cliente: jorge luis cepeda martinez $44300 
Agregado; 2023-12-11 13:48:54; PAGO IRREGULAR
Agregado; 2023-12-11 13:48:54; Préstamo: 311 Abono al capital de cliente: jose francisco lopez fermin $27500 
Agregado; 2023-12-11 13:49:21; PAGO IRREGULAR
Agregado; 2023-12-11 13:49:21; Préstamo: 276 Abono al capital de cliente: jose hernandez $8000 
Agregado; 2023-12-11 13:50:00; PAGO IRREGULAR
Agregado; 2023-12-11 13:50:00; Préstamo: 354 Abono al capital de cliente: jose orlando vasquez payano $25000 
Agregado; 2023-12-11 13:50:39; PAGO IRREGULAR
Agregado; 2023-12-11 13:50:39; Préstamo: 301 Abono al capital de cliente: JUAN ALFONSO CONCEPCION VAZQUEZ $11200 
Actualizado; 2023-12-11 13:51:39; Préstamo cliente: juana  yesenia facenda hernandez monto prestado $10000.00 duración: 1 mes interes: 500.00
Agregado; 2023-12-11 13:51:50; PAGO IRREGULAR
Agregado; 2023-12-11 13:51:50; Préstamo: 381 Abono al capital de cliente: juana  yesenia facenda hernandez $10000 
Agregado; 2023-12-11 13:52:19; PAGO IRREGULAR
Agregado; 2023-12-11 13:52:19; Préstamo: 345 Abono al capital de cliente: julio rodriguez sanchez $13500 
Agregado; 2023-12-11 13:52:51; PAGO IRREGULAR
Agregado; 2023-12-11 13:52:51; Préstamo: 317 Abono al capital de cliente: leoncia de jesus adames $40000 
Agregado; 2023-12-11 13:53:14; PAGO IRREGULAR
Agregado; 2023-12-11 13:53:14; Préstamo: 338 Abono al capital de cliente: ligia maria dolores alvarado de pereyra $37900 
Agregado; 2023-12-11 13:53:35; PAGO IRREGULAR
Agregado; 2023-12-11 13:53:35; Préstamo: 328 Abono al capital de cliente: lorenza maria jose avelino $53000 
Agregado; 2023-12-11 13:53:56; PAGO IRREGULAR
Agregado; 2023-12-11 13:53:56; Préstamo: 332 Abono al capital de cliente: lucas de la rosa mercado $55000 
Agregado; 2023-12-11 13:54:21; PAGO IRREGULAR
Agregado; 2023-12-11 13:54:21; Préstamo: 308 Abono al capital de cliente: luisa yanelsi then molina $45100 
Agregado; 2023-12-11 13:54:43; PAGO IRREGULAR
Agregado; 2023-12-11 13:54:43; Préstamo: 310 Abono al capital de cliente: margarita disla gonzalez $50000 
Agregado; 2023-12-11 13:55:06; PAGO IRREGULAR
Agregado; 2023-12-11 13:55:06; Préstamo: 340 Abono al capital de cliente: maria hisabeth garcia lantigua $52000 
Agregado; 2023-12-11 13:55:30; PAGO IRREGULAR
Agregado; 2023-12-11 13:55:30; Préstamo: 322 Abono al capital de cliente: maribel maria gil $30500 
Eliminado; 2023-12-11 13:56:23; Préstamo: 335 Adicional del cliente: marcia martinez y adames de ferrera monto ADICIONAL $22000
Eliminado; 2023-12-11 13:56:23; adicional del présamo: 335 
Actualizado; 2023-12-11 13:56:23; Préstamo: 335 
Eliminado; 2023-12-11 13:56:23; Préstamo:  Adicional del cliente:  monto  $
Eliminado; 2023-12-11 13:56:23; adicional del présamo:  
Actualizado; 2023-12-11 13:56:23; Préstamo:  
Actualizado; 2023-12-11 13:56:36; Préstamo cliente: marcia martinez y adames de ferrera monto prestado $30000.00 duración: 6 meses interes: 6000.00
Agregado; 2023-12-11 13:57:16; PAGO IRREGULAR
Agregado; 2023-12-11 13:57:16; Préstamo: 283 Abono al capital de cliente: miguel hilario pichardo $30000 
Agregado; 2023-12-11 13:57:39; PAGO IRREGULAR
Agregado; 2023-12-11 13:57:39; Préstamo: 287 Abono al capital de cliente: mily cuevas sosa $43000 
Agregado; 2023-12-11 13:58:14; PAGO IRREGULAR
Agregado; 2023-12-11 13:58:14; Préstamo: 331 Abono al capital de cliente: modesta crecencia paredes pierrot $14000 
Agregado; 2023-12-11 13:58:43; PAGO IRREGULAR
Agregado; 2023-12-11 13:58:43; Préstamo: 307 Abono al capital de cliente: modesto gonzalez lopez $54300 
Agregado; 2023-12-11 13:59:10; PAGO IRREGULAR
Agregado; 2023-12-11 13:59:10; Préstamo: 336 Abono al capital de cliente: natividad maldonado de los santos $30000 
Agregado; 2023-12-11 13:59:58; PAGO IRREGULAR
Agregado; 2023-12-11 13:59:58; Préstamo: 379 Abono al capital de cliente: nicaurys fermin fermin $30000 
Agregado; 2023-12-11 14:00:25; PAGO IRREGULAR
Agregado; 2023-12-11 14:00:25; Préstamo: 382 Abono al capital de cliente: norkelys  faña santos de roman $15000 
Agregado; 2023-12-11 14:00:40; PAGO IRREGULAR
Agregado; 2023-12-11 14:00:40; Préstamo: 309 Abono al capital de cliente: orlando nuñez sanchez $20000 
Agregado; 2023-12-11 14:01:00; PAGO IRREGULAR
Agregado; 2023-12-11 14:01:00; Préstamo: 278 Abono al capital de cliente: pedro castillo peralta $63400 
Agregado; 2023-12-11 14:01:25; PAGO IRREGULAR
Agregado; 2023-12-11 14:01:25; Préstamo: 389 Abono al capital de cliente: pedro garcia reyes $10000 
Agregado; 2023-12-11 14:01:45; Préstamo: 274 Abono al capital de cliente: pedro pablo valdez sanchez $64000 
Agregado; 2023-12-11 14:02:07; PAGO IRREGULAR
Agregado; 2023-12-11 14:02:07; Préstamo: 362 Abono al capital de cliente: rafael regalado del orbe $15000 
Agregado; 2023-12-11 14:02:35; PAGO IRREGULAR
Agregado; 2023-12-11 14:02:35; Préstamo: 321 Abono al capital de cliente: ramon quiro melo $31000 
Agregado; 2023-12-11 14:03:01; PAGO IRREGULAR
Agregado; 2023-12-11 14:03:01; Préstamo: 289 Abono al capital de cliente: raquel mercedes marte ferreyra de rodriguez $55000 
Agregado; 2023-12-11 14:03:42; PAGO IRREGULAR
Agregado; 2023-12-11 14:03:42; Préstamo: 360 Abono al capital de cliente: rhoneer guzman ozoria $57500 
Agregado; 2023-12-11 14:04:12; PAGO IRREGULAR
Agregado; 2023-12-11 14:04:12; Préstamo: 325 Abono al capital de cliente: roberto hernandez sanchez $44400 
Agregado; 2023-12-11 14:04:34; PAGO IRREGULAR
Agregado; 2023-12-11 14:04:34; Préstamo: 359 Abono al capital de cliente: roberto rosa polonia $26500 
Agregado; 2023-12-11 14:04:49; PAGO IRREGULAR
Agregado; 2023-12-11 14:04:49; Préstamo: 348 Abono al capital de cliente: ruddy morales fernandez $4000 
Agregado; 2023-12-11 14:07:18; PAGO IRREGULAR
Agregado; 2023-12-11 14:07:18; Préstamo: 327 Abono al capital de cliente: sonia martinez $48000 
Agregado; 2023-12-11 14:11:36; PAGO IRREGULAR
Agregado; 2023-12-11 14:11:36; Préstamo: 326 Abono al capital de cliente: timmy daniel martinez vilorio $61800 
Agregado; 2023-12-11 14:11:57; PAGO IRREGULAR
Agregado; 2023-12-11 14:11:57; Préstamo: 351 Abono al capital de cliente: vianely trinidad paulino $25000 
Agregado; 2023-12-11 14:12:22; PAGO IRREGULAR
Agregado; 2023-12-11 14:12:22; Préstamo: 369 Abono al capital de cliente: yadixa garcia lopez $30000 
Agregado; 2023-12-11 14:23:28; PAGO IRREGULAR
Agregado; 2023-12-11 14:23:28; Préstamo: 300 Abono al capital de cliente: lisette zaiz ventura $44500 
Agregado; 2023-12-11 14:35:18; PAGO IRREGULAR
Agregado; 2023-12-11 14:35:18; Préstamo: 335 Abono al capital de cliente: marcia martinez y adames de ferrera $30000 
Agregado; 2023-12-11 14:36:28; PAGO IRREGULAR
Agregado; 2023-12-11 14:36:28; Préstamo: 293 Abono al capital de cliente: marino candelario compres $64000 
