Agregado; 2023-08-18 08:25:32; Nuevo préstamo cliente: maria hisabeth garcia lantigua monto prestado $23000 duración: 4 meses interes: 9000
Agregado; 2023-08-18 08:48:23; adicional al capital, cliente:  $9000
Eliminado; 2023-08-18 08:49:12; Adicional del cliente: lorenza maria jose avelino monto ADICIONAL $9000
Eliminado; 2023-08-18 08:49:12; adicional del présamo: 328 
Actualizado; 2023-08-18 08:49:12; Préstamo: 328 
Eliminado; 2023-08-18 08:49:13; Adicional del cliente:  monto  $
Eliminado; 2023-08-18 08:49:13; adicional del présamo:  
Actualizado; 2023-08-18 08:49:13; Préstamo:  
Agregado; 2023-08-18 08:49:37; adicional al capital, cliente:  $10000
Agregado; 2023-08-18 10:42:50; adicional al capital, cliente:  $2500
Agregado; 2023-08-18 10:57:04; Nuevo préstamo cliente: ambiorix almanzar castro monto prestado $13500 duración: 4 meses interes: 1500
Actualizado; 2023-08-18 13:20:11; Préstamo cliente: hector bienvenido maria liranzo  monto prestado $19250.00 duración: 5 meses interes: 3000.00
Actualizado; 2023-08-18 13:20:38; Préstamo cliente: lorenza maria jose avelino monto prestado $35000.00 duración: 4 meses interes: 15000.00
Agregado; 2023-08-18 13:52:59; Nuevo préstamo cliente: delva altagracia vanderhorst almeyda monto prestado $50000 duración: 4 meses interes: 22000
Agregado; 2023-08-18 13:54:22; Nuevo préstamo cliente: ana yasmin monto prestado $30000 duración: 4 meses interes: 00
Eliminado; 2023-08-18 13:54:46; Prestamo del cliente: ana yasmin monto $30000.00 duración: 4 meses interes: 0.00
Eliminado; 2023-08-18 13:54:46; Préstamo: 343 
Eliminado; 2023-08-18 13:54:46; transacciones del préstamo: 343 
Eliminado; 2023-08-18 13:54:46; amortización: 343 
Actualizado; 2023-08-18 13:57:54; Préstamo cliente: delva altagracia vanderhorst almeyda monto prestado $50000.00 duración: 4 meses interes: 22000.00
Agregado; 2023-08-18 14:41:35; adicional al capital, cliente:  $7500
