Agregado; 2023-11-10 12:56:32; PAGO IRREGULAR
Agregado; 2023-11-10 12:56:32; abono al capital de cliente: jose lucas de jesus rodriguez $15000 
Agregado; 2023-11-10 16:01:52; Nuevo préstamo cliente: norkelys  faña santos de roman monto prestado $15000 duración: 1 mes interes: 2000
Agregado; 2023-11-10 16:01:54; Nuevo préstamo cliente: norkelys  faña santos de roman monto prestado $15000 duración: 1 mes interes: 2000
Actualizado; 2023-11-10 16:02:43; Préstamo cliente: norkelys  faña santos de roman monto prestado $15000.00 duración: 1 mes interes: 2000.00
Eliminado; 2023-11-10 16:03:02; Prestamo del cliente: norkelys  faña santos de roman monto $15000.00 duración: 1 mes interes: 2000.00
Eliminado; 2023-11-10 16:03:02; Préstamo: 383 
Eliminado; 2023-11-10 16:03:02; transacciones del préstamo: 383 
Eliminado; 2023-11-10 16:03:02; amortización: 383 
Eliminado; 2023-11-10 16:03:07; Prestamo del cliente:  monto $ duración:  meses interes: 
Eliminado; 2023-11-10 16:03:07; Préstamo: 383 
Eliminado; 2023-11-10 16:03:07; transacciones del préstamo: 383 
Eliminado; 2023-11-10 16:03:07; amortización: 383 
Eliminado; 2023-11-10 16:03:12; Prestamo del cliente:  monto $ duración:  meses interes: 
Eliminado; 2023-11-10 16:03:12; Préstamo: 383 
Eliminado; 2023-11-10 16:03:12; transacciones del préstamo: 383 
Eliminado; 2023-11-10 16:03:12; amortización: 383 
Eliminado; 2023-11-10 16:03:15; Prestamo del cliente:  monto $ duración:  meses interes: 
Eliminado; 2023-11-10 16:03:15; Préstamo: 383 
Eliminado; 2023-11-10 16:03:15; transacciones del préstamo: 383 
Eliminado; 2023-11-10 16:03:15; amortización: 383 
