Agregado; 2025-07-18 14:26:40; Nuevo préstamo cliente: maribel guillen bonilla monto prestado $8000 duración: 5 meses interes: 4700
Agregado; 2025-07-18 14:33:07; Nuevo préstamo cliente: marilyn antonia jimenez de santana  monto prestado $25000 duración: 5 meses interes: 0
Actualizado; 2025-07-18 15:02:29; Préstamo cliente: virking yanet sierra moya monto prestado $10000.00 duración: 5 meses interes: 5000.00
Agregado; 2025-07-18 15:03:24; Nuevo préstamo cliente: virking yanet sierra moya monto prestado $8000 duración: 5 meses interes: 12700
Agregado; 2025-07-18 15:04:12; Nuevo préstamo cliente: virking yanet sierra moya monto prestado $8000 duración: 5 meses interes: 12700
Eliminado; 2025-07-18 15:05:05; Préstamo: 608 Cliente: virking yanet sierra moya monto $8000.00 duración: 5 meses interes: 12700.00
Eliminado; 2025-07-18 15:05:05; Préstamo: 608 
Eliminado; 2025-07-18 15:05:05; transacciones del préstamo: 608 
Eliminado; 2025-07-18 15:05:05; amortización: 608 
Eliminado; 2025-07-18 15:05:14; Préstamo: 607 Cliente: virking yanet sierra moya monto $8000.00 duración: 5 meses interes: 12700.00
Eliminado; 2025-07-18 15:05:14; Préstamo: 607 
Eliminado; 2025-07-18 15:05:14; transacciones del préstamo: 607 
Eliminado; 2025-07-18 15:05:14; amortización: 607 
Agregado; 2025-07-18 15:05:53; Nuevo préstamo cliente: virking yanet sierra moya monto prestado $8000 duración: 5 meses interes: 4700
Agregado; 2025-07-18 15:06:36; Nuevo préstamo cliente: virking yanet sierra moya monto prestado $8000 duración: 5 meses interes: 4700
Eliminado; 2025-07-18 15:06:50; Préstamo: 600 Cliente: virking yanet sierra moya monto $10000.00 duración: 5 meses interes: 5000.00
Eliminado; 2025-07-18 15:06:50; Préstamo: 600 
Eliminado; 2025-07-18 15:06:50; transacciones del préstamo: 600 
Eliminado; 2025-07-18 15:06:50; amortización: 600 
Agregado; 2025-07-18 15:09:01; Nuevo préstamo cliente: juana martinez frias  monto prestado $8000 duración: 5 meses interes: 4700
Agregado; 2025-07-18 15:09:49; Nuevo préstamo cliente: juana martinez frias  monto prestado $8000 duración: 5 meses interes: 4700
Eliminado; 2025-07-18 15:10:13; Préstamo: 590 Cliente: juana martinez frias  monto $16000.00 duración: 6 meses interes: 9400.00
Eliminado; 2025-07-18 15:10:13; Préstamo: 590 
Eliminado; 2025-07-18 15:10:13; transacciones del préstamo: 590 
Eliminado; 2025-07-18 15:10:13; amortización: 590 
Agregado; 2025-07-18 15:11:21; Nuevo préstamo cliente: miguelina alonzo paulino monto prestado $8000 duración: 5 meses interes: 12700
Agregado; 2025-07-18 15:11:56; Nuevo préstamo cliente: miguelina alonzo paulino monto prestado $8000 duración: 5 meses interes: 4700
Eliminado; 2025-07-18 15:12:17; Préstamo: 611 Cliente: miguelina alonzo paulino monto $8000.00 duración: 5 meses interes: 12700.00
Eliminado; 2025-07-18 15:12:17; Préstamo: 611 
Eliminado; 2025-07-18 15:12:17; transacciones del préstamo: 611 
Eliminado; 2025-07-18 15:12:17; amortización: 611 
Agregado; 2025-07-18 15:13:07; Nuevo préstamo cliente: miguelina alonzo paulino monto prestado $8000 duración: 5 meses interes: 4700
Eliminado; 2025-07-18 15:13:26; Préstamo: 575 Cliente: miguelina alonzo paulino monto $20000.00 duración: 6 meses interes: 8500.00
Eliminado; 2025-07-18 15:13:26; Préstamo: 575 
Eliminado; 2025-07-18 15:13:26; transacciones del préstamo: 575 
Eliminado; 2025-07-18 15:13:26; amortización: 575 
Eliminado; 2025-07-18 15:20:17; Préstamo: 606 Cliente: marilyn antonia jimenez de santana  monto $25000.00 duración: 5 meses interes: 0.00
Eliminado; 2025-07-18 15:20:17; Préstamo: 606 
Eliminado; 2025-07-18 15:20:17; transacciones del préstamo: 606 
Eliminado; 2025-07-18 15:20:17; amortización: 606 
Agregado; 2025-07-18 15:20:57; Nuevo préstamo cliente: marilyn antonia jimenez de santana  monto prestado $25000 duración: 5 meses interes: 8800
Agregado; 2025-07-18 15:22:44; Nuevo préstamo cliente: felix alberto campo monto prestado $50000 duración: 5 meses interes: 18000
Eliminado; 2025-07-18 15:46:16; Préstamo: 528 Cliente: justo rafael dipuglia rosario monto $29200.00 duración: 8 meses interes: 5600.00
Eliminado; 2025-07-18 15:46:16; Préstamo: 528 
Eliminado; 2025-07-18 15:46:16; transacciones del préstamo: 528 
Eliminado; 2025-07-18 15:46:16; amortización: 528 
Agregado; 2025-07-18 15:56:07; Nuevo préstamo cliente: nelson maximiliano sosa guillermo monto prestado $15000 duración: 5 meses interes: 7400
Actualizado; 2025-07-18 15:56:55; Préstamo cliente: nelson maximiliano sosa guillermo monto prestado $15000.00 duración: 5 meses interes: 7400.00
Eliminado; 2025-07-18 15:58:16; Préstamo: 569 Cliente: pedro castillo peralta monto $53200.00 duración: 6 meses interes: 11800.00
Eliminado; 2025-07-18 15:58:16; Préstamo: 569 
Eliminado; 2025-07-18 15:58:16; transacciones del préstamo: 569 
Eliminado; 2025-07-18 15:58:16; amortización: 569 
Eliminado; 2025-07-18 15:58:31; Préstamo: 410 Cliente: pedro pablo valdez sanchez monto $46500.00 duración: 6 meses interes: 6500.00
Eliminado; 2025-07-18 15:58:31; Préstamo: 410 
Eliminado; 2025-07-18 15:58:31; transacciones del préstamo: 410 
Eliminado; 2025-07-18 15:58:31; amortización: 410 
Agregado; 2025-07-18 19:30:34; Préstamo: 578 Adicional al capital, cliente:  $14500
Agregado; 2025-07-18 20:09:33; Préstamo: 555 Adicional al capital, cliente:  $28700
