Agregado; 2023-11-27 09:58:26; Nuevo préstamo cliente: pedro garcia reyes monto prestado $10000 duración: 1 mes interes: 1000
Agregado; 2023-11-27 10:47:52; adicional al capital, cliente:  $6000
Actualizado; 2023-11-27 10:50:20; Préstamo cliente: hector bienvenido maria liranzo  monto prestado $61050.00 duración: 5 meses interes: 3000.00
Actualizado; 2023-11-27 10:51:34; Préstamo cliente: hector bienvenido maria liranzo  monto prestado $61050.00 duración: 5 meses interes: 3000.00
Agregado; 2023-11-27 11:17:47; adicional al capital, cliente:  $6000
Actualizado; 2023-11-27 12:08:59; Préstamo cliente: albania polanco sanchez monto prestado $10700.00 duración: 4 meses interes: 2000.00
Agregado; 2023-11-27 14:13:35; Nuevo préstamo cliente: hugo rodriguez  monto prestado $30000 duración: 3 meses interes: 0
Agregado; 2023-11-27 14:18:30; adicional al capital, cliente:  $6000
Actualizado; 2023-11-27 15:47:13; Préstamo cliente: bienvenido amparo padilla monto prestado $8500.00 duración: 4 meses interes: 3400.00
Agregado; 2023-11-27 16:26:57; adicional al capital, cliente:  $22000
Eliminado; 2023-11-27 16:36:08; Adicional del cliente:  monto  $
Eliminado; 2023-11-27 16:36:08; adicional del présamo:  
Actualizado; 2023-11-27 16:36:08; Préstamo:  
Eliminado; 2023-11-27 16:36:08; Adicional del cliente: modesta crecencia paredes pierrot monto ADICIONAL $1000
Eliminado; 2023-11-27 16:36:08; adicional del présamo: 331 
Actualizado; 2023-11-27 16:36:08; Préstamo: 331 
Eliminado; 2023-11-27 16:36:17; Adicional del cliente:  monto  $
Eliminado; 2023-11-27 16:36:17; adicional del présamo:  
Actualizado; 2023-11-27 16:36:17; Préstamo:  
Eliminado; 2023-11-27 16:36:17; Adicional del cliente: modesta crecencia paredes pierrot monto ADICIONAL $1000
Eliminado; 2023-11-27 16:36:17; adicional del présamo: 331 
Actualizado; 2023-11-27 16:36:17; Préstamo: 331 
Agregado; 2023-11-27 16:36:40; adicional al capital, cliente:  $2000
Actualizado; 2023-11-27 16:37:28; Préstamo cliente: modesta crecencia paredes pierrot monto prestado $12000.00 duración: 4 meses interes: 3500.00
