Agregado; 2023-12-13 09:44:17; PAGO IRREGULAR
Agregado; 2023-12-13 09:44:17; Préstamo: 376 Abono al capital de cliente: adonis taveras garcia $10000 
Agregado; 2023-12-13 09:45:03; PAGO IRREGULAR
Agregado; 2023-12-13 09:45:03; Préstamo: 363 Abono al capital de cliente: miguelina alonzo paulino $10500 
Agregado; 2023-12-13 09:46:49; PAGO IRREGULAR
Agregado; 2023-12-13 09:46:49; Préstamo: 334 Abono al capital de cliente: yolanda mercedes calcaño miguel $9500 
Agregado; 2023-12-13 09:47:10; PAGO IRREGULAR
Agregado; 2023-12-13 09:47:10; Préstamo: 298 Abono al capital de cliente: nancy garcia $10000 
Agregado; 2023-12-13 09:47:29; PAGO IRREGULAR
Agregado; 2023-12-13 09:47:29; Préstamo: 355 Abono al capital de cliente: ulfralina gonzalez de la rosa $10000 
Agregado; 2023-12-13 09:49:33; PAGO IRREGULAR
Agregado; 2023-12-13 09:49:33; Préstamo: 386 Abono al capital de cliente: reyna compres diez $8000 
Agregado; 2023-12-13 09:59:55; PAGO IRREGULAR
Agregado; 2023-12-13 09:59:55; Préstamo: 337 Abono al capital de cliente: bienvenido amparo padilla $8500 
Agregado; 2023-12-13 10:00:16; PAGO IRREGULAR
Agregado; 2023-12-13 10:00:16; Préstamo: 371 Abono al capital de cliente: angel lorenzo breto castillo $5000 
Agregado; 2023-12-13 10:01:29; PAGO IRREGULAR
Agregado; 2023-12-13 10:01:29; Préstamo: 392 Abono al capital de cliente: yamerlin medina jimenez $6300 
Agregado; 2023-12-13 10:02:06; PAGO IRREGULAR
Agregado; 2023-12-13 10:02:06; Préstamo: 353 Abono al capital de cliente: luis alberto matias sanchez $5500 
Agregado; 2023-12-13 10:02:33; PAGO IRREGULAR
Agregado; 2023-12-13 10:02:33; Préstamo: 357 Abono al capital de cliente: nicolas morel toribio $9000 
Agregado; 2023-12-13 10:02:51; PAGO IRREGULAR
Agregado; 2023-12-13 10:02:51; Préstamo: 329 Abono al capital de cliente: ernesto moris geronimo $8000 
Agregado; 2023-12-13 10:04:42; PAGO IRREGULAR
Agregado; 2023-12-13 10:04:42; Préstamo: 365 Abono al capital de cliente: angel luis moris echavarria $10000 
Agregado; 2023-12-13 10:06:56; PAGO IRREGULAR
Agregado; 2023-12-13 10:06:56; Préstamo: 320 Abono al capital de cliente: emiterio medina acosta $10000 
Agregado; 2023-12-13 10:09:19; PAGO IRREGULAR
Agregado; 2023-12-13 10:09:19; Préstamo: 339 Abono al capital de cliente: virking yanet sierra moya $8500 
Agregado; 2023-12-13 11:14:33; PAGO IRREGULAR
Agregado; 2023-12-13 11:14:33; Préstamo: 333 Abono al capital de cliente: angel jimenez paniagua $8500 
Agregado; 2023-12-13 11:14:49; PAGO IRREGULAR
Agregado; 2023-12-13 11:14:49; Préstamo: 393 Abono al capital de cliente: nelson villa espinal $6000 
Agregado; 2023-12-13 11:15:34; PAGO IRREGULAR
Agregado; 2023-12-13 11:15:34; Préstamo: 388 Abono al capital de cliente: masiell alejandra lopez gil $12000 
Agregado; 2023-12-13 11:15:56; PAGO IRREGULAR
Agregado; 2023-12-13 11:15:56; Préstamo: 343 Abono al capital de cliente: marilyn antonia jimenez de santana $25000 
Agregado; 2023-12-13 11:18:08; PAGO IRREGULAR
Agregado; 2023-12-13 11:18:08; Préstamo: 352 Abono al capital de cliente: josefa rosario bonilla de ureña $9500 
Agregado; 2023-12-13 11:19:38; PAGO IRREGULAR
Agregado; 2023-12-13 11:19:38; Préstamo: 314 Abono al capital de cliente: dannessa deyanara rodriguez $50500 
Agregado; 2023-12-13 11:20:16; PAGO IRREGULAR
Agregado; 2023-12-13 11:20:16; Préstamo: 316 Abono al capital de cliente: maria lopez mejia $8000 
