Agregado; 2023-08-11 09:31:39; Nuevo préstamo cliente: yolanda mercedes calcaño miguel  monto prestado $9500 duración: 4 meses interes: 2400
Eliminado; 2023-08-11 09:44:40; Prestamo del cliente: juana  yesenia facenda hernandez monto $24000.00 duración: 5 meses interes: 7000.00
Eliminado; 2023-08-11 09:44:40; Préstamo: 312 
Eliminado; 2023-08-11 09:44:40; transacciones del préstamo: 312 
Eliminado; 2023-08-11 09:44:40; amortización: 312 
Actualizado; 2023-08-11 09:45:25; Préstamo cliente: modesto gonzalez lopez monto prestado $40300.00 duración: 5 meses interes: 7000.00
Actualizado; 2023-08-11 10:18:18; Préstamo cliente: colombino mata juma monto prestado $25500.00 duración: 7 meses interes: 4200.00
Actualizado; 2023-08-11 10:22:02; Préstamo cliente: pedro castillo peralta monto prestado $31400.00 duración: 7 meses interes: 4200.00
Actualizado; 2023-08-11 10:29:34; Préstamo cliente: amadito del rosario tejada monto prestado $9800.00 duración: 5 meses interes: 1500.00
Actualizado; 2023-08-11 10:40:43; Préstamo cliente: ana maria gonzalez peña monto prestado $29000.00 duración: 7 meses interes: 9000.00
Actualizado; 2023-08-11 10:42:02; Préstamo cliente: ana maria gonzalez peña monto prestado $29000.00 duración: 7 meses interes: 9000.00
Eliminado; 2023-08-11 10:46:56; Prestamo del cliente: dianelba gizeh mercedes de castillo monto $30000.00 duración: 4 meses interes: 9000.00
Eliminado; 2023-08-11 10:46:56; Préstamo: 194 
Eliminado; 2023-08-11 10:46:56; transacciones del préstamo: 194 
Eliminado; 2023-08-11 10:46:56; amortización: 194 
Actualizado; 2023-08-11 10:56:28; Préstamo cliente: marcia martinez y adames de ferrera monto prestado $14000.00 duración: 6 meses interes: 4800.00
Agregado; 2023-08-11 10:57:14; adicional al capital, cliente:  $22000
Eliminado; 2023-08-11 10:58:52; Prestamo del cliente: marcia martinez y adames de ferrera monto $36000.00 duración: 6 meses interes: 4800.00
Eliminado; 2023-08-11 10:58:52; Préstamo: 286 
Eliminado; 2023-08-11 10:58:52; transacciones del préstamo: 286 
Eliminado; 2023-08-11 10:58:52; amortización: 286 
Agregado; 2023-08-11 10:59:40; Nuevo préstamo cliente: marcia martinez y adames de ferrera monto prestado $30000 duración: 6 meses interes: 6000
Agregado; 2023-08-11 11:13:34; adicional al capital, cliente:  $7000
Agregado; 2023-08-11 11:14:24; adicional al capital, cliente:  $3000
Actualizado; 2023-08-11 11:14:43; Préstamo cliente: jack michael morillo  monto prestado $48000.00 duración: 6 meses interes: 9900.00
