Agregado; 2025-05-07 13:59:06; Nuevo préstamo cliente: juana martinez frias  monto prestado $308000 duración: 7 meses interes: 0
Eliminado; 2025-05-07 14:00:00; Préstamo: 538 Cliente: juana martinez frias  monto $308000.00 duración: 7 meses interes: 0.00
Eliminado; 2025-05-07 14:00:00; Préstamo: 538 
Eliminado; 2025-05-07 14:00:00; transacciones del préstamo: 538 
Eliminado; 2025-05-07 14:00:00; amortización: 538 
Agregado; 2025-05-07 14:08:14; Préstamo: 526 Adicional al capital, cliente:  $30000
Agregado; 2025-05-07 14:11:53; Nuevo préstamo cliente: eugenio ernesto marchena fermin monto prestado $10000 duración: 7 meses interes: 5000
Agregado; 2025-05-07 14:19:25; Nuevo préstamo cliente: miguel hilario pichardo monto prestado $35000 duración: 7 meses interes: 17200
Agregado; 2025-05-07 17:08:33; Nuevo préstamo cliente: santo benigno rosario monto prestado $73000 duración: 7 meses interes: 0
Eliminado; 2025-05-07 17:09:24; Préstamo: 530 Cliente: santo benigno rosario monto $20000.00 duración: 8 meses interes: 9800.00
Eliminado; 2025-05-07 17:09:24; Préstamo: 530 
Eliminado; 2025-05-07 17:09:24; transacciones del préstamo: 530 
Eliminado; 2025-05-07 17:09:24; amortización: 530 
Eliminado; 2025-05-07 17:21:35; Préstamo: 516 Cliente: miguelina alonzo paulino monto $5000.00 duración: 1 mes interes: 300.00
Eliminado; 2025-05-07 17:21:35; Préstamo: 516 
Eliminado; 2025-05-07 17:21:35; transacciones del préstamo: 516 
Eliminado; 2025-05-07 17:21:35; amortización: 516 
Eliminado; 2025-05-07 17:21:43; Préstamo: 435 Cliente: miguelina alonzo paulino monto $10000.00 duración: 5 meses interes: 4000.00
Eliminado; 2025-05-07 17:21:43; Préstamo: 435 
Eliminado; 2025-05-07 17:21:43; transacciones del préstamo: 435 
Eliminado; 2025-05-07 17:21:43; amortización: 435 
